[
  {
    "comparison": {
      "file_name": "BESMod.Examples.DesignOptimization.BES.mat",
      "funnel_dirs": [],
      "success_rate": 0,
      "t_err_max": [],
      "test_passed": [],
      "var_groups": [],
      "variables": [],
      "warnings": []
    },
    "model": "BESMod.Examples.DesignOptimization.BES",
    "simulation": {
      "elapsed_time": 1.67,
      "final_time": 172800,
      "jacobians": 3225,
      "start_time": 0,
      "state_events": 72,
      "success": true
    }
  },
  {
    "comparison": {
      "file_name": "BESMod.Examples.DesignOptimization.BESNoDHW.mat",
      "funnel_dirs": [],
      "success_rate": 0,
      "t_err_max": [],
      "test_passed": [],
      "var_groups": [],
      "variables": [],
      "warnings": []
    },
    "model": "BESMod.Examples.DesignOptimization.BESNoDHW",
    "simulation": {
      "elapsed_time": 3.36,
      "final_time": 172800,
      "jacobians": 6117,
      "start_time": 0,
      "state_events": 328,
      "success": true
    }
  }
]
