[
  {
    "comparison": {
      "file_name": "BESMod.Examples.Retrofit.Case1PartialRetrofit.mat",
      "funnel_dirs": [
        null,
        null,
        null,
        "funnel_comp/BESMod.Examples.Retrofit.Case1PartialRetrofit.mat_electricalGrid.PElecGen",
        null
      ],
      "success_rate": 0.2,
      "t_err_max": [
        null,
        null,
        null,
        0.0,
        null
      ],
      "test_passed": [
        0,
        0,
        0,
        1,
        0
      ],
      "var_groups": [
        0,
        1,
        2,
        3,
        3
      ],
      "variables": [
        "weaDat.weaBus.TDryBul",
        "hydraulic.generation.sigBusGen.TGenOutMea",
        "outputs.building.TZone[1]",
        "electricalGrid.PElecGen",
        "electricalGrid.PElecLoa"
      ],
      "warnings": [
        "While processing file BESMod.Examples.Retrofit.Case1PartialRetrofit.mat for variable weaDat.weaBus.TDryBul: Fewer data points than reference results.\nlen(yOld) = 101\nlen(yNew) = 70\nSkipping error checking for this variable.\n",
        "While processing file BESMod.Examples.Retrofit.Case1PartialRetrofit.mat for variable hydraulic.generation.sigBusGen.TGenOutMea: Fewer data points than reference results.\nlen(yOld) = 101\nlen(yNew) = 70\nSkipping error checking for this variable.\n",
        "While processing file BESMod.Examples.Retrofit.Case1PartialRetrofit.mat for variable outputs.building.TZone[1]: Fewer data points than reference results.\nlen(yOld) = 101\nlen(yNew) = 70\nSkipping error checking for this variable.\n",
        null,
        "While processing file BESMod.Examples.Retrofit.Case1PartialRetrofit.mat for variable electricalGrid.PElecLoa: Fewer data points than reference results.\nlen(yOld) = 101\nlen(yNew) = 70\nSkipping error checking for this variable.\n"
      ]
    },
    "model": "BESMod.Examples.Retrofit.Case1PartialRetrofit",
    "simulation": {
      "elapsed_time": 0,
      "final_time": 86400,
      "jacobians": 0,
      "start_time": 0,
      "state_events": 0,
      "success": false
    }
  },
  {
    "comparison": {
      "file_name": "BESMod.Examples.ModelicaConferencePaper.BuildingsLibraryRoom.mat",
      "funnel_dirs": [
        null,
        null,
        null,
        null,
        null,
        null,
        null,
        null
      ],
      "success_rate": 0.0,
      "t_err_max": [
        null,
        null,
        null,
        null,
        null,
        null,
        null,
        null
      ],
      "test_passed": [
        0,
        0,
        0,
        0,
        0,
        0,
        0,
        0
      ],
      "var_groups": [
        0,
        0,
        1,
        1,
        1,
        2,
        2,
        2
      ],
      "variables": [
        "electrical.distribution.batterySimple.PLoad",
        "electrical.distribution.batterySimple.PCharge",
        "hydraulic.distribution.sigBusDistr.TStoDHWTopMea",
        "hydraulic.distribution.sigBusDistr.TStoBufTopMea",
        "hydraulic.generation.sigBusGen.TGenOutMea",
        "ventilation.generation.TSup.T",
        "ventilation.generation.weaBus.TDryBul",
        "building.buiMeaBus.TZoneMea[1]"
      ],
      "warnings": [
        "While processing file BESMod.Examples.ModelicaConferencePaper.BuildingsLibraryRoom.mat for variable electrical.distribution.batterySimple.PLoad: Fewer data points than reference results.\nlen(yOld) = 101\nlen(yNew) = 81\nSkipping error checking for this variable.\n",
        "While processing file BESMod.Examples.ModelicaConferencePaper.BuildingsLibraryRoom.mat for variable electrical.distribution.batterySimple.PCharge: Fewer data points than reference results.\nlen(yOld) = 101\nlen(yNew) = 81\nSkipping error checking for this variable.\n",
        "While processing file BESMod.Examples.ModelicaConferencePaper.BuildingsLibraryRoom.mat for variable hydraulic.distribution.sigBusDistr.TStoDHWTopMea: Fewer data points than reference results.\nlen(yOld) = 101\nlen(yNew) = 81\nSkipping error checking for this variable.\n",
        "While processing file BESMod.Examples.ModelicaConferencePaper.BuildingsLibraryRoom.mat for variable hydraulic.distribution.sigBusDistr.TStoBufTopMea: Fewer data points than reference results.\nlen(yOld) = 101\nlen(yNew) = 81\nSkipping error checking for this variable.\n",
        "While processing file BESMod.Examples.ModelicaConferencePaper.BuildingsLibraryRoom.mat for variable hydraulic.generation.sigBusGen.TGenOutMea: Fewer data points than reference results.\nlen(yOld) = 101\nlen(yNew) = 81\nSkipping error checking for this variable.\n",
        "While processing file BESMod.Examples.ModelicaConferencePaper.BuildingsLibraryRoom.mat for variable ventilation.generation.TSup.T: Fewer data points than reference results.\nlen(yOld) = 101\nlen(yNew) = 81\nSkipping error checking for this variable.\n",
        "While processing file BESMod.Examples.ModelicaConferencePaper.BuildingsLibraryRoom.mat for variable ventilation.generation.weaBus.TDryBul: Fewer data points than reference results.\nlen(yOld) = 101\nlen(yNew) = 81\nSkipping error checking for this variable.\n",
        "While processing file BESMod.Examples.ModelicaConferencePaper.BuildingsLibraryRoom.mat for variable building.buiMeaBus.TZoneMea[1]: Fewer data points than reference results.\nlen(yOld) = 101\nlen(yNew) = 81\nSkipping error checking for this variable.\n"
      ]
    },
    "model": "BESMod.Examples.ModelicaConferencePaper.BuildingsLibraryRoom",
    "simulation": {
      "elapsed_time": 0,
      "final_time": 864000,
      "jacobians": 0,
      "start_time": 0,
      "state_events": 0,
      "success": false
    }
  },
  {
    "comparison": {
      "file_name": "BESMod.Examples.HeatPumpAndBoiler.Parallel.mat",
      "funnel_dirs": [
        "funnel_comp/BESMod.Examples.HeatPumpAndBoiler.Parallel.mat_weaDat.weaBus.TDryBul",
        "funnel_comp/BESMod.Examples.HeatPumpAndBoiler.Parallel.mat_hydraulic.generation.sigBusGen.TGenOutMea",
        "funnel_comp/BESMod.Examples.HeatPumpAndBoiler.Parallel.mat_outputs.building.TZone[1]",
        "funnel_comp/BESMod.Examples.HeatPumpAndBoiler.Parallel.mat_electricalGrid.PElecGen",
        "funnel_comp/BESMod.Examples.HeatPumpAndBoiler.Parallel.mat_electricalGrid.PElecLoa"
      ],
      "success_rate": 0.4,
      "t_err_max": [
        0.0,
        172800.0,
        172800.0,
        0.0,
        32832.0
      ],
      "test_passed": [
        1,
        0,
        0,
        1,
        0
      ],
      "var_groups": [
        0,
        1,
        2,
        3,
        3
      ],
      "variables": [
        "weaDat.weaBus.TDryBul",
        "hydraulic.generation.sigBusGen.TGenOutMea",
        "outputs.building.TZone[1]",
        "electricalGrid.PElecGen",
        "electricalGrid.PElecLoa"
      ],
      "warnings": [
        null,
        "Absolute error = 4.826e+01 at t = 172800.0 for hydraulic.generation.sigBusGen.TGenOutMea",
        "Absolute error = 1.231e+01 at t = 172800.0 for outputs.building.TZone[1]",
        null,
        "Absolute error = 5.428e+03 at t = 32832.0 for electricalGrid.PElecLoa"
      ]
    },
    "model": "BESMod.Examples.HeatPumpAndBoiler.Parallel",
    "simulation": {
      "elapsed_time": 2.74,
      "final_time": 172800,
      "jacobians": 4998,
      "start_time": 0,
      "state_events": 290,
      "success": true
    }
  },
  {
    "comparison": {
      "file_name": "BESMod.Examples.SolarThermalSystem.SolarThermalAixLib.mat",
      "funnel_dirs": [
        "funnel_comp/BESMod.Examples.SolarThermalSystem.SolarThermalAixLib.mat_weaDat.weaBus.TDryBul",
        "funnel_comp/BESMod.Examples.SolarThermalSystem.SolarThermalAixLib.mat_hydraulic.generation.sigBusGen.TGenOutMea",
        "funnel_comp/BESMod.Examples.SolarThermalSystem.SolarThermalAixLib.mat_outputs.building.TZone[1]",
        "funnel_comp/BESMod.Examples.SolarThermalSystem.SolarThermalAixLib.mat_electricalGrid.PElecGen",
        "funnel_comp/BESMod.Examples.SolarThermalSystem.SolarThermalAixLib.mat_electricalGrid.PElecLoa"
      ],
      "success_rate": 1.0,
      "t_err_max": [
        0.0,
        0.0,
        0.0,
        0.0,
        0.0
      ],
      "test_passed": [
        1,
        1,
        1,
        1,
        1
      ],
      "var_groups": [
        0,
        1,
        2,
        3,
        3
      ],
      "variables": [
        "weaDat.weaBus.TDryBul",
        "hydraulic.generation.sigBusGen.TGenOutMea",
        "outputs.building.TZone[1]",
        "electricalGrid.PElecGen",
        "electricalGrid.PElecLoa"
      ],
      "warnings": [
        null,
        null,
        null,
        null,
        null
      ]
    },
    "model": "BESMod.Examples.SolarThermalSystem.SolarThermalAixLib",
    "simulation": {
      "elapsed_time": 5.58,
      "final_time": 172800,
      "jacobians": 2056,
      "start_time": 0,
      "state_events": 38,
      "success": true
    }
  },
  {
    "comparison": {
      "file_name": "BESMod.Examples.GasBoilerBuildingOnly.mat",
      "funnel_dirs": [
        "funnel_comp/BESMod.Examples.GasBoilerBuildingOnly.mat_weaDat.weaBus.TDryBul",
        "funnel_comp/BESMod.Examples.GasBoilerBuildingOnly.mat_hydraulic.generation.sigBusGen.TBoiOut",
        "funnel_comp/BESMod.Examples.GasBoilerBuildingOnly.mat_outputs.building.TZone[1]",
        "funnel_comp/BESMod.Examples.GasBoilerBuildingOnly.mat_electricalGrid.PElecGen",
        "funnel_comp/BESMod.Examples.GasBoilerBuildingOnly.mat_electricalGrid.PElecLoa"
      ],
      "success_rate": 1.0,
      "t_err_max": [
        0.0,
        0.0,
        0.0,
        0.0,
        0.0
      ],
      "test_passed": [
        1,
        1,
        1,
        1,
        1
      ],
      "var_groups": [
        0,
        1,
        2,
        3,
        3
      ],
      "variables": [
        "weaDat.weaBus.TDryBul",
        "hydraulic.generation.sigBusGen.TBoiOut",
        "outputs.building.TZone[1]",
        "electricalGrid.PElecGen",
        "electricalGrid.PElecLoa"
      ],
      "warnings": [
        null,
        null,
        null,
        null,
        null
      ]
    },
    "model": "BESMod.Examples.GasBoilerBuildingOnly",
    "simulation": {
      "elapsed_time": 0.728,
      "final_time": 172800,
      "jacobians": 1715,
      "start_time": 0,
      "state_events": 16,
      "success": true
    }
  },
  {
    "comparison": {
      "file_name": "BESMod.Examples.HeatPumpAndBoiler.AfterBufferWithDHW.mat",
      "funnel_dirs": [
        "funnel_comp/BESMod.Examples.HeatPumpAndBoiler.AfterBufferWithDHW.mat_weaDat.weaBus.TDryBul",
        "funnel_comp/BESMod.Examples.HeatPumpAndBoiler.AfterBufferWithDHW.mat_hydraulic.generation.sigBusGen.TGenOutMea",
        "funnel_comp/BESMod.Examples.HeatPumpAndBoiler.AfterBufferWithDHW.mat_outputs.building.TZone[1]",
        "funnel_comp/BESMod.Examples.HeatPumpAndBoiler.AfterBufferWithDHW.mat_electricalGrid.PElecGen",
        "funnel_comp/BESMod.Examples.HeatPumpAndBoiler.AfterBufferWithDHW.mat_electricalGrid.PElecLoa"
      ],
      "success_rate": 0.4,
      "t_err_max": [
        0.0,
        5184.0,
        172800.0,
        0.0,
        32832.0
      ],
      "test_passed": [
        1,
        0,
        0,
        1,
        0
      ],
      "var_groups": [
        0,
        1,
        2,
        3,
        3
      ],
      "variables": [
        "weaDat.weaBus.TDryBul",
        "hydraulic.generation.sigBusGen.TGenOutMea",
        "outputs.building.TZone[1]",
        "electricalGrid.PElecGen",
        "electricalGrid.PElecLoa"
      ],
      "warnings": [
        null,
        "Absolute error = 1.686e+01 at t = 5184.0 for hydraulic.generation.sigBusGen.TGenOutMea",
        "Absolute error = 1.231e+01 at t = 172800.0 for outputs.building.TZone[1]",
        null,
        "Absolute error = 5.572e+03 at t = 32832.0 for electricalGrid.PElecLoa"
      ]
    },
    "model": "BESMod.Examples.HeatPumpAndBoiler.AfterBufferWithDHW",
    "simulation": {
      "elapsed_time": 4.34,
      "final_time": 172800,
      "jacobians": 4108,
      "start_time": 0,
      "state_events": 237,
      "success": true
    }
  },
  {
    "comparison": {
      "file_name": "BESMod.Examples.DesignOptimization.BES.mat",
      "funnel_dirs": [
        "funnel_comp/BESMod.Examples.DesignOptimization.BES.mat_weaDat.weaBus.TDryBul",
        "funnel_comp/BESMod.Examples.DesignOptimization.BES.mat_hydraulic.generation.sigBusGen.TGenOutMea",
        "funnel_comp/BESMod.Examples.DesignOptimization.BES.mat_outputs.building.TZone[1]",
        "funnel_comp/BESMod.Examples.DesignOptimization.BES.mat_electricalGrid.PElecGen",
        "funnel_comp/BESMod.Examples.DesignOptimization.BES.mat_electricalGrid.PElecLoa"
      ],
      "success_rate": 0.4,
      "t_err_max": [
        0.0,
        69120.0,
        172800.0,
        0.0,
        133056.0
      ],
      "test_passed": [
        1,
        0,
        0,
        1,
        0
      ],
      "var_groups": [
        0,
        1,
        2,
        3,
        3
      ],
      "variables": [
        "weaDat.weaBus.TDryBul",
        "hydraulic.generation.sigBusGen.TGenOutMea",
        "outputs.building.TZone[1]",
        "electricalGrid.PElecGen",
        "electricalGrid.PElecLoa"
      ],
      "warnings": [
        null,
        "Absolute error = 3.379e+01 at t = 69120.0 for hydraulic.generation.sigBusGen.TGenOutMea",
        "Absolute error = 1.258e+01 at t = 172800.0 for outputs.building.TZone[1]",
        null,
        "Absolute error = 5.652e+03 at t = 133056.0 for electricalGrid.PElecLoa"
      ]
    },
    "model": "BESMod.Examples.DesignOptimization.BES",
    "simulation": {
      "elapsed_time": 6.67,
      "final_time": 172800,
      "jacobians": 12663,
      "start_time": 0,
      "state_events": 815,
      "success": true
    }
  },
  {
    "comparison": {
      "file_name": "BESMod.Examples.HighOrderModel.BES_HOM.mat",
      "funnel_dirs": [
        null,
        null,
        null,
        null,
        "funnel_comp/BESMod.Examples.HighOrderModel.BES_HOM.mat_electricalGrid.PElecGen",
        null
      ],
      "success_rate": 0.16666666666666666,
      "t_err_max": [
        null,
        null,
        null,
        null,
        0.0,
        null
      ],
      "test_passed": [
        0,
        0,
        0,
        0,
        1,
        0
      ],
      "var_groups": [
        0,
        1,
        2,
        2,
        3,
        3
      ],
      "variables": [
        "weaDat.weaBus.TDryBul",
        "hydraulic.generation.sigBusGen.TGenOutMea",
        "hydraulic.control.buiMeaBus.TZoneMea[1]",
        "hydraulic.control.buiMeaBus.TZoneMea[10]",
        "electricalGrid.PElecGen",
        "electricalGrid.PElecLoa"
      ],
      "warnings": [
        "While processing file BESMod.Examples.HighOrderModel.BES_HOM.mat for variable weaDat.weaBus.TDryBul: Fewer data points than reference results.\nlen(yOld) = 101\nlen(yNew) = 89\nSkipping error checking for this variable.\n",
        "While processing file BESMod.Examples.HighOrderModel.BES_HOM.mat for variable hydraulic.generation.sigBusGen.TGenOutMea: Fewer data points than reference results.\nlen(yOld) = 101\nlen(yNew) = 89\nSkipping error checking for this variable.\n",
        "While processing file BESMod.Examples.HighOrderModel.BES_HOM.mat for variable hydraulic.control.buiMeaBus.TZoneMea[1]: Fewer data points than reference results.\nlen(yOld) = 101\nlen(yNew) = 89\nSkipping error checking for this variable.\n",
        "While processing file BESMod.Examples.HighOrderModel.BES_HOM.mat for variable hydraulic.control.buiMeaBus.TZoneMea[10]: Fewer data points than reference results.\nlen(yOld) = 101\nlen(yNew) = 89\nSkipping error checking for this variable.\n",
        null,
        "While processing file BESMod.Examples.HighOrderModel.BES_HOM.mat for variable electricalGrid.PElecLoa: Fewer data points than reference results.\nlen(yOld) = 101\nlen(yNew) = 89\nSkipping error checking for this variable.\n"
      ]
    },
    "model": "BESMod.Examples.HighOrderModel.BES_HOM",
    "simulation": {
      "elapsed_time": 0,
      "final_time": 172800,
      "jacobians": 0,
      "start_time": 0,
      "state_events": 0,
      "success": false
    }
  },
  {
    "comparison": {
      "file_name": "BESMod.Examples.SolarThermalSystem.SolarThermalBuildings.mat",
      "funnel_dirs": [
        "funnel_comp/BESMod.Examples.SolarThermalSystem.SolarThermalBuildings.mat_weaDat.weaBus.TDryBul",
        "funnel_comp/BESMod.Examples.SolarThermalSystem.SolarThermalBuildings.mat_hydraulic.generation.sigBusGen.TGenOutMea",
        "funnel_comp/BESMod.Examples.SolarThermalSystem.SolarThermalBuildings.mat_outputs.building.TZone[1]",
        "funnel_comp/BESMod.Examples.SolarThermalSystem.SolarThermalBuildings.mat_electricalGrid.PElecGen",
        "funnel_comp/BESMod.Examples.SolarThermalSystem.SolarThermalBuildings.mat_electricalGrid.PElecLoa"
      ],
      "success_rate": 1.0,
      "t_err_max": [
        0.0,
        0.0,
        0.0,
        0.0,
        0.0
      ],
      "test_passed": [
        1,
        1,
        1,
        1,
        1
      ],
      "var_groups": [
        0,
        1,
        2,
        3,
        3
      ],
      "variables": [
        "weaDat.weaBus.TDryBul",
        "hydraulic.generation.sigBusGen.TGenOutMea",
        "outputs.building.TZone[1]",
        "electricalGrid.PElecGen",
        "electricalGrid.PElecLoa"
      ],
      "warnings": [
        null,
        null,
        null,
        null,
        null
      ]
    },
    "model": "BESMod.Examples.SolarThermalSystem.SolarThermalBuildings",
    "simulation": {
      "elapsed_time": 7,
      "final_time": 172800,
      "jacobians": 2289,
      "start_time": 0,
      "state_events": 48,
      "success": true
    }
  },
  {
    "comparison": {
      "file_name": "BESMod.Examples.BAUSimStudy.Case1Standard.mat",
      "funnel_dirs": [
        null,
        null,
        null,
        "funnel_comp/BESMod.Examples.BAUSimStudy.Case1Standard.mat_electricalGrid.PElecGen",
        null
      ],
      "success_rate": 0.2,
      "t_err_max": [
        null,
        null,
        null,
        0.0,
        null
      ],
      "test_passed": [
        0,
        0,
        0,
        1,
        0
      ],
      "var_groups": [
        0,
        1,
        2,
        3,
        3
      ],
      "variables": [
        "weaDat.weaBus.TDryBul",
        "hydraulic.generation.sigBusGen.TGenOutMea",
        "outputs.building.TZone[1]",
        "electricalGrid.PElecGen",
        "electricalGrid.PElecLoa"
      ],
      "warnings": [
        "While processing file BESMod.Examples.BAUSimStudy.Case1Standard.mat for variable weaDat.weaBus.TDryBul: Fewer data points than reference results.\nlen(yOld) = 101\nlen(yNew) = 66\nSkipping error checking for this variable.\n",
        "While processing file BESMod.Examples.BAUSimStudy.Case1Standard.mat for variable hydraulic.generation.sigBusGen.TGenOutMea: Fewer data points than reference results.\nlen(yOld) = 101\nlen(yNew) = 66\nSkipping error checking for this variable.\n",
        "While processing file BESMod.Examples.BAUSimStudy.Case1Standard.mat for variable outputs.building.TZone[1]: Fewer data points than reference results.\nlen(yOld) = 101\nlen(yNew) = 66\nSkipping error checking for this variable.\n",
        null,
        "While processing file BESMod.Examples.BAUSimStudy.Case1Standard.mat for variable electricalGrid.PElecLoa: Fewer data points than reference results.\nlen(yOld) = 101\nlen(yNew) = 66\nSkipping error checking for this variable.\n"
      ]
    },
    "model": "BESMod.Examples.BAUSimStudy.Case1Standard",
    "simulation": {
      "elapsed_time": 0,
      "final_time": 172800,
      "jacobians": 0,
      "start_time": 0,
      "state_events": 0,
      "success": false
    }
  },
  {
    "comparison": {
      "file_name": "BESMod.Examples.DesignOptimization.BESNoDHW.mat",
      "funnel_dirs": [
        "funnel_comp/BESMod.Examples.DesignOptimization.BESNoDHW.mat_weaDat.weaBus.TDryBul",
        "funnel_comp/BESMod.Examples.DesignOptimization.BESNoDHW.mat_hydraulic.generation.sigBusGen.TGenOutMea",
        "funnel_comp/BESMod.Examples.DesignOptimization.BESNoDHW.mat_outputs.building.TZone[1]",
        "funnel_comp/BESMod.Examples.DesignOptimization.BESNoDHW.mat_electricalGrid.PElecGen",
        "funnel_comp/BESMod.Examples.DesignOptimization.BESNoDHW.mat_electricalGrid.PElecLoa"
      ],
      "success_rate": 1.0,
      "t_err_max": [
        0.0,
        0.0,
        0.0,
        0.0,
        0.0
      ],
      "test_passed": [
        1,
        1,
        1,
        1,
        1
      ],
      "var_groups": [
        0,
        1,
        2,
        3,
        3
      ],
      "variables": [
        "weaDat.weaBus.TDryBul",
        "hydraulic.generation.sigBusGen.TGenOutMea",
        "outputs.building.TZone[1]",
        "electricalGrid.PElecGen",
        "electricalGrid.PElecLoa"
      ],
      "warnings": [
        null,
        null,
        null,
        null,
        null
      ]
    },
    "model": "BESMod.Examples.DesignOptimization.BESNoDHW",
    "simulation": {
      "elapsed_time": 1.01,
      "final_time": 172800,
      "jacobians": 2624,
      "start_time": 0,
      "state_events": 42,
      "success": true
    }
  },
  {
    "comparison": {
      "file_name": "BESMod.Examples.Retrofit.Case1TotalRetrofit.mat",
      "funnel_dirs": [
        null,
        null,
        null,
        "funnel_comp/BESMod.Examples.Retrofit.Case1TotalRetrofit.mat_electricalGrid.PElecGen",
        "funnel_comp/BESMod.Examples.Retrofit.Case1TotalRetrofit.mat_electricalGrid.PElecLoa"
      ],
      "success_rate": 0.2,
      "t_err_max": [
        10036.6787109375,
        10036.6787109375,
        10036.6787109375,
        0.0,
        26784.0
      ],
      "test_passed": [
        0,
        0,
        0,
        1,
        0
      ],
      "var_groups": [
        0,
        1,
        2,
        3,
        3
      ],
      "variables": [
        "weaDat.weaBus.TDryBul",
        "hydraulic.generation.sigBusGen.TGenOutMea",
        "outputs.building.TZone[1]",
        "electricalGrid.PElecGen",
        "electricalGrid.PElecLoa"
      ],
      "warnings": [
        "While processing file BESMod.Examples.Retrofit.Case1TotalRetrofit.mat for variable weaDat.weaBus.TDryBul: Different end time between reference and test data.\n           tNew = [0.0, 10036.6787109375]\n           tOld = [0.0, 86400.0]",
        "While processing file BESMod.Examples.Retrofit.Case1TotalRetrofit.mat for variable hydraulic.generation.sigBusGen.TGenOutMea: Different end time between reference and test data.\n           tNew = [0.0, 10036.6787109375]\n           tOld = [0.0, 86400.0]",
        "While processing file BESMod.Examples.Retrofit.Case1TotalRetrofit.mat for variable outputs.building.TZone[1]: Different end time between reference and test data.\n           tNew = [0.0, 10036.6787109375]\n           tOld = [0.0, 86400.0]",
        null,
        "Absolute error = 5.981e+03 at t = 26784.0 for electricalGrid.PElecLoa"
      ]
    },
    "model": "BESMod.Examples.Retrofit.Case1TotalRetrofit",
    "simulation": {
      "elapsed_time": 0,
      "final_time": 86400,
      "jacobians": 0,
      "start_time": 0,
      "state_events": 0,
      "success": false
    }
  },
  {
    "comparison": {
      "file_name": "BESMod.Examples.HeatPumpAndBoiler.Serial.mat",
      "funnel_dirs": [
        "funnel_comp/BESMod.Examples.HeatPumpAndBoiler.Serial.mat_weaDat.weaBus.TDryBul",
        "funnel_comp/BESMod.Examples.HeatPumpAndBoiler.Serial.mat_hydraulic.generation.sigBusGen.TGenOutMea",
        "funnel_comp/BESMod.Examples.HeatPumpAndBoiler.Serial.mat_outputs.building.TZone[1]",
        "funnel_comp/BESMod.Examples.HeatPumpAndBoiler.Serial.mat_electricalGrid.PElecGen",
        "funnel_comp/BESMod.Examples.HeatPumpAndBoiler.Serial.mat_electricalGrid.PElecLoa"
      ],
      "success_rate": 0.4,
      "t_err_max": [
        0.0,
        172800.0,
        172800.0,
        0.0,
        5184.0
      ],
      "test_passed": [
        1,
        0,
        0,
        1,
        0
      ],
      "var_groups": [
        0,
        1,
        2,
        3,
        3
      ],
      "variables": [
        "weaDat.weaBus.TDryBul",
        "hydraulic.generation.sigBusGen.TGenOutMea",
        "outputs.building.TZone[1]",
        "electricalGrid.PElecGen",
        "electricalGrid.PElecLoa"
      ],
      "warnings": [
        null,
        "Absolute error = 5.475e+01 at t = 172800.0 for hydraulic.generation.sigBusGen.TGenOutMea",
        "Absolute error = 1.230e+01 at t = 172800.0 for outputs.building.TZone[1]",
        null,
        "Absolute error = 5.106e+03 at t = 5184.0 for electricalGrid.PElecLoa"
      ]
    },
    "model": "BESMod.Examples.HeatPumpAndBoiler.Serial",
    "simulation": {
      "elapsed_time": 2.36,
      "final_time": 172800,
      "jacobians": 4788,
      "start_time": 0,
      "state_events": 273,
      "success": true
    }
  },
  {
    "comparison": {
      "file_name": "BESMod.Examples.HeatPumpAndBoiler.AfterBufferWithoutDHW.mat",
      "funnel_dirs": [
        "funnel_comp/BESMod.Examples.HeatPumpAndBoiler.AfterBufferWithoutDHW.mat_weaDat.weaBus.TDryBul",
        "funnel_comp/BESMod.Examples.HeatPumpAndBoiler.AfterBufferWithoutDHW.mat_hydraulic.generation.sigBusGen.TGenOutMea",
        "funnel_comp/BESMod.Examples.HeatPumpAndBoiler.AfterBufferWithoutDHW.mat_outputs.building.TZone[1]",
        "funnel_comp/BESMod.Examples.HeatPumpAndBoiler.AfterBufferWithoutDHW.mat_electricalGrid.PElecGen",
        "funnel_comp/BESMod.Examples.HeatPumpAndBoiler.AfterBufferWithoutDHW.mat_electricalGrid.PElecLoa"
      ],
      "success_rate": 0.4,
      "t_err_max": [
        0.0,
        1728.0,
        160704.0,
        0.0,
        89856.0
      ],
      "test_passed": [
        1,
        0,
        0,
        1,
        0
      ],
      "var_groups": [
        0,
        1,
        2,
        3,
        3
      ],
      "variables": [
        "weaDat.weaBus.TDryBul",
        "hydraulic.generation.sigBusGen.TGenOutMea",
        "outputs.building.TZone[1]",
        "electricalGrid.PElecGen",
        "electricalGrid.PElecLoa"
      ],
      "warnings": [
        null,
        "Absolute error = 2.638e+01 at t = 1728.0 for hydraulic.generation.sigBusGen.TGenOutMea",
        "Absolute error = 1.150e+01 at t = 160704.0 for outputs.building.TZone[1]",
        null,
        "Absolute error = 5.178e+03 at t = 89856.0 for electricalGrid.PElecLoa"
      ]
    },
    "model": "BESMod.Examples.HeatPumpAndBoiler.AfterBufferWithoutDHW",
    "simulation": {
      "elapsed_time": 3.32,
      "final_time": 172800,
      "jacobians": 3829,
      "start_time": 0,
      "state_events": 146,
      "success": true
    }
  },
  {
    "comparison": {
      "file_name": "BESMod.Examples.ModelicaConferencePaper.TEASERBuilding.mat",
      "funnel_dirs": [
        null,
        null,
        null,
        null,
        null,
        null,
        null,
        null
      ],
      "success_rate": 0.0,
      "t_err_max": [
        null,
        null,
        null,
        null,
        null,
        null,
        null,
        null
      ],
      "test_passed": [
        0,
        0,
        0,
        0,
        0,
        0,
        0,
        0
      ],
      "var_groups": [
        0,
        0,
        1,
        1,
        1,
        2,
        2,
        2
      ],
      "variables": [
        "electrical.distribution.batterySimple.PLoad",
        "electrical.distribution.batterySimple.PCharge",
        "hydraulic.distribution.sigBusDistr.TStoDHWTopMea",
        "hydraulic.distribution.sigBusDistr.TStoBufTopMea",
        "hydraulic.generation.sigBusGen.TGenOutMea",
        "ventilation.generation.TSup.T",
        "ventilation.generation.weaBus.TDryBul",
        "building.buiMeaBus.TZoneMea[1]"
      ],
      "warnings": [
        "While processing file BESMod.Examples.ModelicaConferencePaper.TEASERBuilding.mat for variable electrical.distribution.batterySimple.PLoad: Fewer data points than reference results.\nlen(yOld) = 101\nlen(yNew) = 67\nSkipping error checking for this variable.\n",
        "While processing file BESMod.Examples.ModelicaConferencePaper.TEASERBuilding.mat for variable electrical.distribution.batterySimple.PCharge: Fewer data points than reference results.\nlen(yOld) = 101\nlen(yNew) = 67\nSkipping error checking for this variable.\n",
        "While processing file BESMod.Examples.ModelicaConferencePaper.TEASERBuilding.mat for variable hydraulic.distribution.sigBusDistr.TStoDHWTopMea: Fewer data points than reference results.\nlen(yOld) = 101\nlen(yNew) = 67\nSkipping error checking for this variable.\n",
        "While processing file BESMod.Examples.ModelicaConferencePaper.TEASERBuilding.mat for variable hydraulic.distribution.sigBusDistr.TStoBufTopMea: Fewer data points than reference results.\nlen(yOld) = 101\nlen(yNew) = 67\nSkipping error checking for this variable.\n",
        "While processing file BESMod.Examples.ModelicaConferencePaper.TEASERBuilding.mat for variable hydraulic.generation.sigBusGen.TGenOutMea: Fewer data points than reference results.\nlen(yOld) = 101\nlen(yNew) = 67\nSkipping error checking for this variable.\n",
        "While processing file BESMod.Examples.ModelicaConferencePaper.TEASERBuilding.mat for variable ventilation.generation.TSup.T: Fewer data points than reference results.\nlen(yOld) = 101\nlen(yNew) = 67\nSkipping error checking for this variable.\n",
        "While processing file BESMod.Examples.ModelicaConferencePaper.TEASERBuilding.mat for variable ventilation.generation.weaBus.TDryBul: Fewer data points than reference results.\nlen(yOld) = 101\nlen(yNew) = 67\nSkipping error checking for this variable.\n",
        "While processing file BESMod.Examples.ModelicaConferencePaper.TEASERBuilding.mat for variable building.buiMeaBus.TZoneMea[1]: Fewer data points than reference results.\nlen(yOld) = 101\nlen(yNew) = 67\nSkipping error checking for this variable.\n"
      ]
    },
    "model": "BESMod.Examples.ModelicaConferencePaper.TEASERBuilding",
    "simulation": {
      "elapsed_time": 0,
      "final_time": 864000,
      "jacobians": 0,
      "start_time": 0,
      "state_events": 0,
      "success": false
    }
  },
  {
    "comparison": {
      "file_name": "BESMod.Examples.TEASERHeatLoadCalculation.Example.mat",
      "funnel_dirs": [
        "funnel_comp/BESMod.Examples.TEASERHeatLoadCalculation.Example.mat_weaDat.weaBus.TDryBul",
        "funnel_comp/BESMod.Examples.TEASERHeatLoadCalculation.Example.mat_outputs.building.TZone[1]",
        "funnel_comp/BESMod.Examples.TEASERHeatLoadCalculation.Example.mat_electricalGrid.PElecGen",
        "funnel_comp/BESMod.Examples.TEASERHeatLoadCalculation.Example.mat_electricalGrid.PElecLoa"
      ],
      "success_rate": 1.0,
      "t_err_max": [
        0.0,
        0.0,
        0.0,
        0.0
      ],
      "test_passed": [
        1,
        1,
        1,
        1
      ],
      "var_groups": [
        0,
        1,
        2,
        2
      ],
      "variables": [
        "weaDat.weaBus.TDryBul",
        "outputs.building.TZone[1]",
        "electricalGrid.PElecGen",
        "electricalGrid.PElecLoa"
      ],
      "warnings": [
        null,
        null,
        null,
        null
      ]
    },
    "model": "BESMod.Examples.TEASERHeatLoadCalculation.Example",
    "simulation": {
      "elapsed_time": 0.161,
      "final_time": 172800,
      "jacobians": 908,
      "start_time": 0,
      "state_events": 18,
      "success": true
    }
  },
  {
    "comparison": {
      "file_name": "BESMod.Examples.Retrofit.Case1NoRetrofit.mat",
      "funnel_dirs": [
        null,
        null,
        null,
        "funnel_comp/BESMod.Examples.Retrofit.Case1NoRetrofit.mat_electricalGrid.PElecGen",
        null
      ],
      "success_rate": 0.2,
      "t_err_max": [
        null,
        null,
        null,
        0.0,
        null
      ],
      "test_passed": [
        0,
        0,
        0,
        1,
        0
      ],
      "var_groups": [
        0,
        1,
        2,
        3,
        3
      ],
      "variables": [
        "weaDat.weaBus.TDryBul",
        "hydraulic.generation.sigBusGen.TGenOutMea",
        "outputs.building.TZone[1]",
        "electricalGrid.PElecGen",
        "electricalGrid.PElecLoa"
      ],
      "warnings": [
        "While processing file BESMod.Examples.Retrofit.Case1NoRetrofit.mat for variable weaDat.weaBus.TDryBul: Fewer data points than reference results.\nlen(yOld) = 101\nlen(yNew) = 70\nSkipping error checking for this variable.\n",
        "While processing file BESMod.Examples.Retrofit.Case1NoRetrofit.mat for variable hydraulic.generation.sigBusGen.TGenOutMea: Fewer data points than reference results.\nlen(yOld) = 101\nlen(yNew) = 70\nSkipping error checking for this variable.\n",
        "While processing file BESMod.Examples.Retrofit.Case1NoRetrofit.mat for variable outputs.building.TZone[1]: Fewer data points than reference results.\nlen(yOld) = 101\nlen(yNew) = 70\nSkipping error checking for this variable.\n",
        null,
        "While processing file BESMod.Examples.Retrofit.Case1NoRetrofit.mat for variable electricalGrid.PElecLoa: Fewer data points than reference results.\nlen(yOld) = 101\nlen(yNew) = 70\nSkipping error checking for this variable.\n"
      ]
    },
    "model": "BESMod.Examples.Retrofit.Case1NoRetrofit",
    "simulation": {
      "elapsed_time": 0,
      "final_time": 86400,
      "jacobians": 0,
      "start_time": 0,
      "state_events": 0,
      "success": false
    }
  }
]
