[
  {
    "comparison": {
      "file_name": "BESMod.Examples.SolarThermalSystem.SolarThermalAixLib.mat",
      "funnel_dirs": [],
      "success_rate": 0,
      "t_err_max": [],
      "test_passed": [],
      "var_groups": [],
      "variables": [],
      "warnings": []
    },
    "model": "BESMod.Examples.SolarThermalSystem.SolarThermalAixLib",
    "simulation": {
      "elapsed_time": 0,
      "final_time": 172800,
      "jacobians": 0,
      "start_time": 0,
      "state_events": 0,
      "success": false
    }
  },
  {
    "comparison": {
      "file_name": "BESMod.Examples.SolarThermalSystem.SolarThermalBuildings.mat",
      "funnel_dirs": [],
      "success_rate": 0,
      "t_err_max": [],
      "test_passed": [],
      "var_groups": [],
      "variables": [],
      "warnings": []
    },
    "model": "BESMod.Examples.SolarThermalSystem.SolarThermalBuildings",
    "simulation": {
      "elapsed_time": 0,
      "final_time": 172800,
      "jacobians": 0,
      "start_time": 0,
      "state_events": 0,
      "success": false
    }
  }
]
