[
  {
    "comparison": {
      "file_name": "BESMod.Examples.ModelicaConferencePaper.TEASERBuilding.mat",
      "funnel_dirs": [],
      "success_rate": 0,
      "t_err_max": [],
      "test_passed": [],
      "var_groups": [],
      "variables": [],
      "warnings": []
    },
    "model": "BESMod.Examples.ModelicaConferencePaper.TEASERBuilding",
    "simulation": {
      "elapsed_time": 16.1,
      "final_time": 864000,
      "jacobians": 20617,
      "start_time": 0,
      "state_events": 1230,
      "success": true
    }
  },
  {
    "comparison": {
      "file_name": "BESMod.Examples.ModelicaConferencePaper.BuildingsLibraryRoom.mat",
      "funnel_dirs": [
        "funnel_comp/BESMod.Examples.ModelicaConferencePaper.BuildingsLibraryRoom.mat_electrical.distribution.batterySimple.PLoad",
        "funnel_comp/BESMod.Examples.ModelicaConferencePaper.BuildingsLibraryRoom.mat_electrical.distribution.batterySimple.PCharge",
        "funnel_comp/BESMod.Examples.ModelicaConferencePaper.BuildingsLibraryRoom.mat_hydraulic.distribution.sigBusDistr.TStoDHWTopMea",
        "funnel_comp/BESMod.Examples.ModelicaConferencePaper.BuildingsLibraryRoom.mat_hydraulic.distribution.sigBusDistr.TStoBufTopMea",
        "funnel_comp/BESMod.Examples.ModelicaConferencePaper.BuildingsLibraryRoom.mat_hydraulic.generation.sigBusGen.TGenOutMea",
        "funnel_comp/BESMod.Examples.ModelicaConferencePaper.BuildingsLibraryRoom.mat_ventilation.generation.TSup.T",
        "funnel_comp/BESMod.Examples.ModelicaConferencePaper.BuildingsLibraryRoom.mat_ventilation.generation.weaBus.TDryBul",
        "funnel_comp/BESMod.Examples.ModelicaConferencePaper.BuildingsLibraryRoom.mat_building.buiMeaBus.TZoneMea[1]"
      ],
      "success_rate": 1.0,
      "t_err_max": [
        0.0,
        0.0,
        0.0,
        0.0,
        0.0,
        0.0,
        0.0,
        0.0
      ],
      "test_passed": [
        1,
        1,
        1,
        1,
        1,
        1,
        1,
        1
      ],
      "var_groups": [
        0,
        0,
        1,
        1,
        1,
        2,
        2,
        2
      ],
      "variables": [
        "electrical.distribution.batterySimple.PLoad",
        "electrical.distribution.batterySimple.PCharge",
        "hydraulic.distribution.sigBusDistr.TStoDHWTopMea",
        "hydraulic.distribution.sigBusDistr.TStoBufTopMea",
        "hydraulic.generation.sigBusGen.TGenOutMea",
        "ventilation.generation.TSup.T",
        "ventilation.generation.weaBus.TDryBul",
        "building.buiMeaBus.TZoneMea[1]"
      ],
      "warnings": [
        null,
        null,
        null,
        null,
        null,
        null,
        null,
        null
      ]
    },
    "model": "BESMod.Examples.ModelicaConferencePaper.BuildingsLibraryRoom",
    "simulation": {
      "elapsed_time": 28,
      "final_time": 864000,
      "jacobians": 21139,
      "start_time": 0,
      "state_events": 1365,
      "success": true
    }
  }
]
