[
  {
    "comparison": {
      "file_name": "BESMod.Examples.Retrofit.Case1PartialRetrofit.mat",
      "funnel_dirs": [
        "funnel_comp/BESMod.Examples.Retrofit.Case1PartialRetrofit.mat_weaDat.weaBus.TDryBul",
        "funnel_comp/BESMod.Examples.Retrofit.Case1PartialRetrofit.mat_hydraulic.generation.sigBusGen.TGenOutMea",
        "funnel_comp/BESMod.Examples.Retrofit.Case1PartialRetrofit.mat_outputs.building.TZone[1]",
        "funnel_comp/BESMod.Examples.Retrofit.Case1PartialRetrofit.mat_electricalGrid.PElecGen",
        "funnel_comp/BESMod.Examples.Retrofit.Case1PartialRetrofit.mat_electricalGrid.PElecLoa"
      ],
      "success_rate": 1.0,
      "t_err_max": [
        0.0,
        0.0,
        0.0,
        0.0,
        0.0
      ],
      "test_passed": [
        1,
        1,
        1,
        1,
        1
      ],
      "var_groups": [
        0,
        1,
        2,
        3,
        3
      ],
      "variables": [
        "weaDat.weaBus.TDryBul",
        "hydraulic.generation.sigBusGen.TGenOutMea",
        "outputs.building.TZone[1]",
        "electricalGrid.PElecGen",
        "electricalGrid.PElecLoa"
      ],
      "warnings": [
        null,
        null,
        null,
        null,
        null
      ]
    },
    "model": "BESMod.Examples.Retrofit.Case1PartialRetrofit",
    "simulation": {
      "elapsed_time": 1.62,
      "final_time": 86400,
      "jacobians": 2235,
      "start_time": 0,
      "state_events": 95,
      "success": true
    }
  },
  {
    "comparison": {
      "file_name": "BESMod.Examples.ModelicaConferencePaper.BuildingsLibraryRoom.mat",
      "funnel_dirs": [
        "funnel_comp/BESMod.Examples.ModelicaConferencePaper.BuildingsLibraryRoom.mat_electrical.distribution.batterySimple.PLoad",
        "funnel_comp/BESMod.Examples.ModelicaConferencePaper.BuildingsLibraryRoom.mat_electrical.distribution.batterySimple.PCharge",
        "funnel_comp/BESMod.Examples.ModelicaConferencePaper.BuildingsLibraryRoom.mat_hydraulic.distribution.sigBusDistr.TStoDHWTopMea",
        "funnel_comp/BESMod.Examples.ModelicaConferencePaper.BuildingsLibraryRoom.mat_hydraulic.distribution.sigBusDistr.TStoBufTopMea",
        "funnel_comp/BESMod.Examples.ModelicaConferencePaper.BuildingsLibraryRoom.mat_hydraulic.generation.sigBusGen.TGenOutMea",
        "funnel_comp/BESMod.Examples.ModelicaConferencePaper.BuildingsLibraryRoom.mat_ventilation.generation.TSup.T",
        "funnel_comp/BESMod.Examples.ModelicaConferencePaper.BuildingsLibraryRoom.mat_ventilation.generation.weaBus.TDryBul",
        "funnel_comp/BESMod.Examples.ModelicaConferencePaper.BuildingsLibraryRoom.mat_building.buiMeaBus.TZoneMea[1]"
      ],
      "success_rate": 1.0,
      "t_err_max": [
        0.0,
        0.0,
        0.0,
        0.0,
        0.0,
        0.0,
        0.0,
        0.0
      ],
      "test_passed": [
        1,
        1,
        1,
        1,
        1,
        1,
        1,
        1
      ],
      "var_groups": [
        0,
        0,
        1,
        1,
        1,
        2,
        2,
        2
      ],
      "variables": [
        "electrical.distribution.batterySimple.PLoad",
        "electrical.distribution.batterySimple.PCharge",
        "hydraulic.distribution.sigBusDistr.TStoDHWTopMea",
        "hydraulic.distribution.sigBusDistr.TStoBufTopMea",
        "hydraulic.generation.sigBusGen.TGenOutMea",
        "ventilation.generation.TSup.T",
        "ventilation.generation.weaBus.TDryBul",
        "building.buiMeaBus.TZoneMea[1]"
      ],
      "warnings": [
        null,
        null,
        null,
        null,
        null,
        null,
        null,
        null
      ]
    },
    "model": "BESMod.Examples.ModelicaConferencePaper.BuildingsLibraryRoom",
    "simulation": {
      "elapsed_time": 27.4,
      "final_time": 864000,
      "jacobians": 21925,
      "start_time": 0,
      "state_events": 1417,
      "success": true
    }
  },
  {
    "comparison": {
      "file_name": "BESMod.Examples.HeatPumpAndBoiler.Parallel.mat",
      "funnel_dirs": [
        "funnel_comp/BESMod.Examples.HeatPumpAndBoiler.Parallel.mat_weaDat.weaBus.TDryBul",
        "funnel_comp/BESMod.Examples.HeatPumpAndBoiler.Parallel.mat_hydraulic.generation.sigBusGen.TGenOutMea",
        "funnel_comp/BESMod.Examples.HeatPumpAndBoiler.Parallel.mat_outputs.building.TZone[1]",
        "funnel_comp/BESMod.Examples.HeatPumpAndBoiler.Parallel.mat_electricalGrid.PElecGen",
        "funnel_comp/BESMod.Examples.HeatPumpAndBoiler.Parallel.mat_electricalGrid.PElecLoa"
      ],
      "success_rate": 1.0,
      "t_err_max": [
        0.0,
        0.0,
        0.0,
        0.0,
        0.0
      ],
      "test_passed": [
        1,
        1,
        1,
        1,
        1
      ],
      "var_groups": [
        0,
        1,
        2,
        3,
        3
      ],
      "variables": [
        "weaDat.weaBus.TDryBul",
        "hydraulic.generation.sigBusGen.TGenOutMea",
        "outputs.building.TZone[1]",
        "electricalGrid.PElecGen",
        "electricalGrid.PElecLoa"
      ],
      "warnings": [
        null,
        null,
        null,
        null,
        null
      ]
    },
    "model": "BESMod.Examples.HeatPumpAndBoiler.Parallel",
    "simulation": {
      "elapsed_time": 3.6,
      "final_time": 172800,
      "jacobians": 7535,
      "start_time": 0,
      "state_events": 536,
      "success": true
    }
  },
  {
    "comparison": {
      "file_name": "BESMod.Examples.SolarThermalSystem.SolarThermalAixLib.mat",
      "funnel_dirs": [
        "funnel_comp/BESMod.Examples.SolarThermalSystem.SolarThermalAixLib.mat_weaDat.weaBus.TDryBul",
        "funnel_comp/BESMod.Examples.SolarThermalSystem.SolarThermalAixLib.mat_hydraulic.generation.sigBusGen.TGenOutMea",
        "funnel_comp/BESMod.Examples.SolarThermalSystem.SolarThermalAixLib.mat_outputs.building.TZone[1]",
        "funnel_comp/BESMod.Examples.SolarThermalSystem.SolarThermalAixLib.mat_electricalGrid.PElecGen",
        "funnel_comp/BESMod.Examples.SolarThermalSystem.SolarThermalAixLib.mat_electricalGrid.PElecLoa"
      ],
      "success_rate": 1.0,
      "t_err_max": [
        0.0,
        0.0,
        0.0,
        0.0,
        0.0
      ],
      "test_passed": [
        1,
        1,
        1,
        1,
        1
      ],
      "var_groups": [
        0,
        1,
        2,
        3,
        3
      ],
      "variables": [
        "weaDat.weaBus.TDryBul",
        "hydraulic.generation.sigBusGen.TGenOutMea",
        "outputs.building.TZone[1]",
        "electricalGrid.PElecGen",
        "electricalGrid.PElecLoa"
      ],
      "warnings": [
        null,
        null,
        null,
        null,
        null
      ]
    },
    "model": "BESMod.Examples.SolarThermalSystem.SolarThermalAixLib",
    "simulation": {
      "elapsed_time": 9.55,
      "final_time": 172800,
      "jacobians": 3489,
      "start_time": 0,
      "state_events": 153,
      "success": true
    }
  },
  {
    "comparison": {
      "file_name": "BESMod.Examples.GasBoilerBuildingOnly.mat",
      "funnel_dirs": [
        "funnel_comp/BESMod.Examples.GasBoilerBuildingOnly.mat_weaDat.weaBus.TDryBul",
        "funnel_comp/BESMod.Examples.GasBoilerBuildingOnly.mat_hydraulic.generation.sigBusGen.TBoiOut",
        "funnel_comp/BESMod.Examples.GasBoilerBuildingOnly.mat_outputs.building.TZone[1]",
        "funnel_comp/BESMod.Examples.GasBoilerBuildingOnly.mat_electricalGrid.PElecGen",
        "funnel_comp/BESMod.Examples.GasBoilerBuildingOnly.mat_electricalGrid.PElecLoa"
      ],
      "success_rate": 1.0,
      "t_err_max": [
        0.0,
        0.0,
        0.0,
        0.0,
        0.0
      ],
      "test_passed": [
        1,
        1,
        1,
        1,
        1
      ],
      "var_groups": [
        0,
        1,
        2,
        3,
        3
      ],
      "variables": [
        "weaDat.weaBus.TDryBul",
        "hydraulic.generation.sigBusGen.TBoiOut",
        "outputs.building.TZone[1]",
        "electricalGrid.PElecGen",
        "electricalGrid.PElecLoa"
      ],
      "warnings": [
        null,
        null,
        null,
        null,
        null
      ]
    },
    "model": "BESMod.Examples.GasBoilerBuildingOnly",
    "simulation": {
      "elapsed_time": 0.675,
      "final_time": 172800,
      "jacobians": 1820,
      "start_time": 0,
      "state_events": 17,
      "success": true
    }
  },
  {
    "comparison": {
      "file_name": "BESMod.Examples.HeatPumpAndBoiler.AfterBufferWithDHW.mat",
      "funnel_dirs": [
        "funnel_comp/BESMod.Examples.HeatPumpAndBoiler.AfterBufferWithDHW.mat_weaDat.weaBus.TDryBul",
        "funnel_comp/BESMod.Examples.HeatPumpAndBoiler.AfterBufferWithDHW.mat_hydraulic.generation.sigBusGen.TGenOutMea",
        "funnel_comp/BESMod.Examples.HeatPumpAndBoiler.AfterBufferWithDHW.mat_outputs.building.TZone[1]",
        "funnel_comp/BESMod.Examples.HeatPumpAndBoiler.AfterBufferWithDHW.mat_electricalGrid.PElecGen",
        "funnel_comp/BESMod.Examples.HeatPumpAndBoiler.AfterBufferWithDHW.mat_electricalGrid.PElecLoa"
      ],
      "success_rate": 1.0,
      "t_err_max": [
        0.0,
        0.0,
        0.0,
        0.0,
        0.0
      ],
      "test_passed": [
        1,
        1,
        1,
        1,
        1
      ],
      "var_groups": [
        0,
        1,
        2,
        3,
        3
      ],
      "variables": [
        "weaDat.weaBus.TDryBul",
        "hydraulic.generation.sigBusGen.TGenOutMea",
        "outputs.building.TZone[1]",
        "electricalGrid.PElecGen",
        "electricalGrid.PElecLoa"
      ],
      "warnings": [
        null,
        null,
        null,
        null,
        null
      ]
    },
    "model": "BESMod.Examples.HeatPumpAndBoiler.AfterBufferWithDHW",
    "simulation": {
      "elapsed_time": 4.79,
      "final_time": 172800,
      "jacobians": 4661,
      "start_time": 0,
      "state_events": 274,
      "success": true
    }
  },
  {
    "comparison": {
      "file_name": "BESMod.Examples.DesignOptimization.BES.mat",
      "funnel_dirs": [
        "funnel_comp/BESMod.Examples.DesignOptimization.BES.mat_weaDat.weaBus.TDryBul",
        "funnel_comp/BESMod.Examples.DesignOptimization.BES.mat_hydraulic.generation.sigBusGen.TGenOutMea",
        "funnel_comp/BESMod.Examples.DesignOptimization.BES.mat_outputs.building.TZone[1]",
        "funnel_comp/BESMod.Examples.DesignOptimization.BES.mat_electricalGrid.PElecGen",
        "funnel_comp/BESMod.Examples.DesignOptimization.BES.mat_electricalGrid.PElecLoa"
      ],
      "success_rate": 1.0,
      "t_err_max": [
        0.0,
        0.0,
        0.0,
        0.0,
        0.0
      ],
      "test_passed": [
        1,
        1,
        1,
        1,
        1
      ],
      "var_groups": [
        0,
        1,
        2,
        3,
        3
      ],
      "variables": [
        "weaDat.weaBus.TDryBul",
        "hydraulic.generation.sigBusGen.TGenOutMea",
        "outputs.building.TZone[1]",
        "electricalGrid.PElecGen",
        "electricalGrid.PElecLoa"
      ],
      "warnings": [
        null,
        null,
        null,
        null,
        null
      ]
    },
    "model": "BESMod.Examples.DesignOptimization.BES",
    "simulation": {
      "elapsed_time": 1.69,
      "final_time": 172800,
      "jacobians": 3306,
      "start_time": 0,
      "state_events": 78,
      "success": true
    }
  },
  {
    "comparison": {
      "file_name": "BESMod.Examples.HighOrderModel.BES_HOM.mat",
      "funnel_dirs": [
        "funnel_comp/BESMod.Examples.HighOrderModel.BES_HOM.mat_weaDat.weaBus.TDryBul",
        "funnel_comp/BESMod.Examples.HighOrderModel.BES_HOM.mat_hydraulic.generation.sigBusGen.TGenOutMea",
        "funnel_comp/BESMod.Examples.HighOrderModel.BES_HOM.mat_hydraulic.control.buiMeaBus.TZoneMea[1]",
        "funnel_comp/BESMod.Examples.HighOrderModel.BES_HOM.mat_hydraulic.control.buiMeaBus.TZoneMea[10]",
        "funnel_comp/BESMod.Examples.HighOrderModel.BES_HOM.mat_electricalGrid.PElecGen",
        "funnel_comp/BESMod.Examples.HighOrderModel.BES_HOM.mat_electricalGrid.PElecLoa"
      ],
      "success_rate": 0.3333333333333333,
      "t_err_max": [
        0.0,
        172800.0,
        153792.0,
        157248.0,
        0.0,
        79488.0
      ],
      "test_passed": [
        1,
        0,
        0,
        0,
        1,
        0
      ],
      "var_groups": [
        0,
        1,
        2,
        2,
        3,
        3
      ],
      "variables": [
        "weaDat.weaBus.TDryBul",
        "hydraulic.generation.sigBusGen.TGenOutMea",
        "hydraulic.control.buiMeaBus.TZoneMea[1]",
        "hydraulic.control.buiMeaBus.TZoneMea[10]",
        "electricalGrid.PElecGen",
        "electricalGrid.PElecLoa"
      ],
      "warnings": [
        null,
        "Absolute error = 3.300e+01 at t = 172800.0 for hydraulic.generation.sigBusGen.TGenOutMea",
        "Absolute error = 1.858e+01 at t = 153792.0 for hydraulic.control.buiMeaBus.TZoneMea[1]",
        "Absolute error = 1.507e+01 at t = 157248.0 for hydraulic.control.buiMeaBus.TZoneMea[10]",
        null,
        "Absolute error = 2.639e+03 at t = 79488.0 for electricalGrid.PElecLoa"
      ]
    },
    "model": "BESMod.Examples.HighOrderModel.BES_HOM",
    "simulation": {
      "elapsed_time": 98.4,
      "final_time": 172800,
      "jacobians": 5673,
      "start_time": 0,
      "state_events": 296,
      "success": true
    }
  },
  {
    "comparison": {
      "file_name": "BESMod.Examples.SolarThermalSystem.SolarThermalBuildings.mat",
      "funnel_dirs": [
        "funnel_comp/BESMod.Examples.SolarThermalSystem.SolarThermalBuildings.mat_weaDat.weaBus.TDryBul",
        "funnel_comp/BESMod.Examples.SolarThermalSystem.SolarThermalBuildings.mat_hydraulic.generation.sigBusGen.TGenOutMea",
        "funnel_comp/BESMod.Examples.SolarThermalSystem.SolarThermalBuildings.mat_outputs.building.TZone[1]",
        "funnel_comp/BESMod.Examples.SolarThermalSystem.SolarThermalBuildings.mat_electricalGrid.PElecGen",
        "funnel_comp/BESMod.Examples.SolarThermalSystem.SolarThermalBuildings.mat_electricalGrid.PElecLoa"
      ],
      "success_rate": 1.0,
      "t_err_max": [
        0.0,
        0.0,
        0.0,
        0.0,
        0.0
      ],
      "test_passed": [
        1,
        1,
        1,
        1,
        1
      ],
      "var_groups": [
        0,
        1,
        2,
        3,
        3
      ],
      "variables": [
        "weaDat.weaBus.TDryBul",
        "hydraulic.generation.sigBusGen.TGenOutMea",
        "outputs.building.TZone[1]",
        "electricalGrid.PElecGen",
        "electricalGrid.PElecLoa"
      ],
      "warnings": [
        null,
        null,
        null,
        null,
        null
      ]
    },
    "model": "BESMod.Examples.SolarThermalSystem.SolarThermalBuildings",
    "simulation": {
      "elapsed_time": 10.8,
      "final_time": 172800,
      "jacobians": 3588,
      "start_time": 0,
      "state_events": 156,
      "success": true
    }
  },
  {
    "comparison": {
      "file_name": "BESMod.Examples.BAUSimStudy.Case1Standard.mat",
      "funnel_dirs": [
        "funnel_comp/BESMod.Examples.BAUSimStudy.Case1Standard.mat_weaDat.weaBus.TDryBul",
        "funnel_comp/BESMod.Examples.BAUSimStudy.Case1Standard.mat_hydraulic.generation.sigBusGen.TGenOutMea",
        "funnel_comp/BESMod.Examples.BAUSimStudy.Case1Standard.mat_outputs.building.TZone[1]",
        "funnel_comp/BESMod.Examples.BAUSimStudy.Case1Standard.mat_electricalGrid.PElecGen",
        "funnel_comp/BESMod.Examples.BAUSimStudy.Case1Standard.mat_electricalGrid.PElecLoa"
      ],
      "success_rate": 1.0,
      "t_err_max": [
        0.0,
        0.0,
        0.0,
        0.0,
        0.0
      ],
      "test_passed": [
        1,
        1,
        1,
        1,
        1
      ],
      "var_groups": [
        0,
        1,
        2,
        3,
        3
      ],
      "variables": [
        "weaDat.weaBus.TDryBul",
        "hydraulic.generation.sigBusGen.TGenOutMea",
        "outputs.building.TZone[1]",
        "electricalGrid.PElecGen",
        "electricalGrid.PElecLoa"
      ],
      "warnings": [
        null,
        null,
        null,
        null,
        null
      ]
    },
    "model": "BESMod.Examples.BAUSimStudy.Case1Standard",
    "simulation": {
      "elapsed_time": 3.01,
      "final_time": 172800,
      "jacobians": 4252,
      "start_time": 0,
      "state_events": 213,
      "success": true
    }
  },
  {
    "comparison": {
      "file_name": "BESMod.Examples.DesignOptimization.BESNoDHW.mat",
      "funnel_dirs": [
        "funnel_comp/BESMod.Examples.DesignOptimization.BESNoDHW.mat_weaDat.weaBus.TDryBul",
        "funnel_comp/BESMod.Examples.DesignOptimization.BESNoDHW.mat_hydraulic.generation.sigBusGen.TGenOutMea",
        "funnel_comp/BESMod.Examples.DesignOptimization.BESNoDHW.mat_outputs.building.TZone[1]",
        "funnel_comp/BESMod.Examples.DesignOptimization.BESNoDHW.mat_electricalGrid.PElecGen",
        "funnel_comp/BESMod.Examples.DesignOptimization.BESNoDHW.mat_electricalGrid.PElecLoa"
      ],
      "success_rate": 1.0,
      "t_err_max": [
        0.0,
        0.0,
        0.0,
        0.0,
        0.0
      ],
      "test_passed": [
        1,
        1,
        1,
        1,
        1
      ],
      "var_groups": [
        0,
        1,
        2,
        3,
        3
      ],
      "variables": [
        "weaDat.weaBus.TDryBul",
        "hydraulic.generation.sigBusGen.TGenOutMea",
        "outputs.building.TZone[1]",
        "electricalGrid.PElecGen",
        "electricalGrid.PElecLoa"
      ],
      "warnings": [
        null,
        null,
        null,
        null,
        null
      ]
    },
    "model": "BESMod.Examples.DesignOptimization.BESNoDHW",
    "simulation": {
      "elapsed_time": 1.01,
      "final_time": 172800,
      "jacobians": 2632,
      "start_time": 0,
      "state_events": 38,
      "success": true
    }
  },
  {
    "comparison": {
      "file_name": "BESMod.Examples.Retrofit.Case1TotalRetrofit.mat",
      "funnel_dirs": [
        "funnel_comp/BESMod.Examples.Retrofit.Case1TotalRetrofit.mat_weaDat.weaBus.TDryBul",
        "funnel_comp/BESMod.Examples.Retrofit.Case1TotalRetrofit.mat_hydraulic.generation.sigBusGen.TGenOutMea",
        "funnel_comp/BESMod.Examples.Retrofit.Case1TotalRetrofit.mat_outputs.building.TZone[1]",
        "funnel_comp/BESMod.Examples.Retrofit.Case1TotalRetrofit.mat_electricalGrid.PElecGen",
        "funnel_comp/BESMod.Examples.Retrofit.Case1TotalRetrofit.mat_electricalGrid.PElecLoa"
      ],
      "success_rate": 1.0,
      "t_err_max": [
        0.0,
        0.0,
        0.0,
        0.0,
        0.0
      ],
      "test_passed": [
        1,
        1,
        1,
        1,
        1
      ],
      "var_groups": [
        0,
        1,
        2,
        3,
        3
      ],
      "variables": [
        "weaDat.weaBus.TDryBul",
        "hydraulic.generation.sigBusGen.TGenOutMea",
        "outputs.building.TZone[1]",
        "electricalGrid.PElecGen",
        "electricalGrid.PElecLoa"
      ],
      "warnings": [
        null,
        null,
        null,
        null,
        null
      ]
    },
    "model": "BESMod.Examples.Retrofit.Case1TotalRetrofit",
    "simulation": {
      "elapsed_time": 1.57,
      "final_time": 86400,
      "jacobians": 2100,
      "start_time": 0,
      "state_events": 89,
      "success": true
    }
  },
  {
    "comparison": {
      "file_name": "BESMod.Examples.HeatPumpAndBoiler.Serial.mat",
      "funnel_dirs": [
        "funnel_comp/BESMod.Examples.HeatPumpAndBoiler.Serial.mat_weaDat.weaBus.TDryBul",
        "funnel_comp/BESMod.Examples.HeatPumpAndBoiler.Serial.mat_hydraulic.generation.sigBusGen.TGenOutMea",
        "funnel_comp/BESMod.Examples.HeatPumpAndBoiler.Serial.mat_outputs.building.TZone[1]",
        "funnel_comp/BESMod.Examples.HeatPumpAndBoiler.Serial.mat_electricalGrid.PElecGen",
        "funnel_comp/BESMod.Examples.HeatPumpAndBoiler.Serial.mat_electricalGrid.PElecLoa"
      ],
      "success_rate": 1.0,
      "t_err_max": [
        0.0,
        0.0,
        0.0,
        0.0,
        0.0
      ],
      "test_passed": [
        1,
        1,
        1,
        1,
        1
      ],
      "var_groups": [
        0,
        1,
        2,
        3,
        3
      ],
      "variables": [
        "weaDat.weaBus.TDryBul",
        "hydraulic.generation.sigBusGen.TGenOutMea",
        "outputs.building.TZone[1]",
        "electricalGrid.PElecGen",
        "electricalGrid.PElecLoa"
      ],
      "warnings": [
        null,
        null,
        null,
        null,
        null
      ]
    },
    "model": "BESMod.Examples.HeatPumpAndBoiler.Serial",
    "simulation": {
      "elapsed_time": 2.54,
      "final_time": 172800,
      "jacobians": 5014,
      "start_time": 0,
      "state_events": 320,
      "success": true
    }
  },
  {
    "comparison": {
      "file_name": "BESMod.Examples.HeatPumpAndBoiler.AfterBufferWithoutDHW.mat",
      "funnel_dirs": [
        "funnel_comp/BESMod.Examples.HeatPumpAndBoiler.AfterBufferWithoutDHW.mat_weaDat.weaBus.TDryBul",
        "funnel_comp/BESMod.Examples.HeatPumpAndBoiler.AfterBufferWithoutDHW.mat_hydraulic.generation.sigBusGen.TGenOutMea",
        "funnel_comp/BESMod.Examples.HeatPumpAndBoiler.AfterBufferWithoutDHW.mat_outputs.building.TZone[1]",
        "funnel_comp/BESMod.Examples.HeatPumpAndBoiler.AfterBufferWithoutDHW.mat_electricalGrid.PElecGen",
        "funnel_comp/BESMod.Examples.HeatPumpAndBoiler.AfterBufferWithoutDHW.mat_electricalGrid.PElecLoa"
      ],
      "success_rate": 1.0,
      "t_err_max": [
        0.0,
        0.0,
        0.0,
        0.0,
        0.0
      ],
      "test_passed": [
        1,
        1,
        1,
        1,
        1
      ],
      "var_groups": [
        0,
        1,
        2,
        3,
        3
      ],
      "variables": [
        "weaDat.weaBus.TDryBul",
        "hydraulic.generation.sigBusGen.TGenOutMea",
        "outputs.building.TZone[1]",
        "electricalGrid.PElecGen",
        "electricalGrid.PElecLoa"
      ],
      "warnings": [
        null,
        null,
        null,
        null,
        null
      ]
    },
    "model": "BESMod.Examples.HeatPumpAndBoiler.AfterBufferWithoutDHW",
    "simulation": {
      "elapsed_time": 3.1,
      "final_time": 172800,
      "jacobians": 4493,
      "start_time": 0,
      "state_events": 241,
      "success": true
    }
  },
  {
    "comparison": {
      "file_name": "BESMod.Examples.ModelicaConferencePaper.TEASERBuilding.mat",
      "funnel_dirs": [
        "funnel_comp/BESMod.Examples.ModelicaConferencePaper.TEASERBuilding.mat_electrical.distribution.batterySimple.PLoad",
        "funnel_comp/BESMod.Examples.ModelicaConferencePaper.TEASERBuilding.mat_electrical.distribution.batterySimple.PCharge",
        "funnel_comp/BESMod.Examples.ModelicaConferencePaper.TEASERBuilding.mat_hydraulic.distribution.sigBusDistr.TStoDHWTopMea",
        "funnel_comp/BESMod.Examples.ModelicaConferencePaper.TEASERBuilding.mat_hydraulic.distribution.sigBusDistr.TStoBufTopMea",
        "funnel_comp/BESMod.Examples.ModelicaConferencePaper.TEASERBuilding.mat_hydraulic.generation.sigBusGen.TGenOutMea",
        "funnel_comp/BESMod.Examples.ModelicaConferencePaper.TEASERBuilding.mat_ventilation.generation.TSup.T",
        "funnel_comp/BESMod.Examples.ModelicaConferencePaper.TEASERBuilding.mat_ventilation.generation.weaBus.TDryBul",
        "funnel_comp/BESMod.Examples.ModelicaConferencePaper.TEASERBuilding.mat_building.buiMeaBus.TZoneMea[1]"
      ],
      "success_rate": 1.0,
      "t_err_max": [
        0.0,
        0.0,
        0.0,
        0.0,
        0.0,
        0.0,
        0.0,
        0.0
      ],
      "test_passed": [
        1,
        1,
        1,
        1,
        1,
        1,
        1,
        1
      ],
      "var_groups": [
        0,
        0,
        1,
        1,
        1,
        2,
        2,
        2
      ],
      "variables": [
        "electrical.distribution.batterySimple.PLoad",
        "electrical.distribution.batterySimple.PCharge",
        "hydraulic.distribution.sigBusDistr.TStoDHWTopMea",
        "hydraulic.distribution.sigBusDistr.TStoBufTopMea",
        "hydraulic.generation.sigBusGen.TGenOutMea",
        "ventilation.generation.TSup.T",
        "ventilation.generation.weaBus.TDryBul",
        "building.buiMeaBus.TZoneMea[1]"
      ],
      "warnings": [
        null,
        null,
        null,
        null,
        null,
        null,
        null,
        null
      ]
    },
    "model": "BESMod.Examples.ModelicaConferencePaper.TEASERBuilding",
    "simulation": {
      "elapsed_time": 15.9,
      "final_time": 864000,
      "jacobians": 20078,
      "start_time": 0,
      "state_events": 1155,
      "success": true
    }
  },
  {
    "comparison": {
      "file_name": "BESMod.Examples.TEASERHeatLoadCalculation.Example.mat",
      "funnel_dirs": [
        "funnel_comp/BESMod.Examples.TEASERHeatLoadCalculation.Example.mat_weaDat.weaBus.TDryBul",
        "funnel_comp/BESMod.Examples.TEASERHeatLoadCalculation.Example.mat_outputs.building.TZone[1]",
        "funnel_comp/BESMod.Examples.TEASERHeatLoadCalculation.Example.mat_electricalGrid.PElecGen",
        "funnel_comp/BESMod.Examples.TEASERHeatLoadCalculation.Example.mat_electricalGrid.PElecLoa"
      ],
      "success_rate": 1.0,
      "t_err_max": [
        0.0,
        0.0,
        0.0,
        0.0
      ],
      "test_passed": [
        1,
        1,
        1,
        1
      ],
      "var_groups": [
        0,
        1,
        2,
        2
      ],
      "variables": [
        "weaDat.weaBus.TDryBul",
        "outputs.building.TZone[1]",
        "electricalGrid.PElecGen",
        "electricalGrid.PElecLoa"
      ],
      "warnings": [
        null,
        null,
        null,
        null
      ]
    },
    "model": "BESMod.Examples.TEASERHeatLoadCalculation.Example",
    "simulation": {
      "elapsed_time": 0.204,
      "final_time": 172800,
      "jacobians": 1012,
      "start_time": 0,
      "state_events": 19,
      "success": true
    }
  },
  {
    "comparison": {
      "file_name": "BESMod.Examples.Retrofit.Case1NoRetrofit.mat",
      "funnel_dirs": [
        "funnel_comp/BESMod.Examples.Retrofit.Case1NoRetrofit.mat_weaDat.weaBus.TDryBul",
        "funnel_comp/BESMod.Examples.Retrofit.Case1NoRetrofit.mat_hydraulic.generation.sigBusGen.TGenOutMea",
        "funnel_comp/BESMod.Examples.Retrofit.Case1NoRetrofit.mat_outputs.building.TZone[1]",
        "funnel_comp/BESMod.Examples.Retrofit.Case1NoRetrofit.mat_electricalGrid.PElecGen",
        "funnel_comp/BESMod.Examples.Retrofit.Case1NoRetrofit.mat_electricalGrid.PElecLoa"
      ],
      "success_rate": 1.0,
      "t_err_max": [
        0.0,
        0.0,
        0.0,
        0.0,
        0.0
      ],
      "test_passed": [
        1,
        1,
        1,
        1,
        1
      ],
      "var_groups": [
        0,
        1,
        2,
        3,
        3
      ],
      "variables": [
        "weaDat.weaBus.TDryBul",
        "hydraulic.generation.sigBusGen.TGenOutMea",
        "outputs.building.TZone[1]",
        "electricalGrid.PElecGen",
        "electricalGrid.PElecLoa"
      ],
      "warnings": [
        null,
        null,
        null,
        null,
        null
      ]
    },
    "model": "BESMod.Examples.Retrofit.Case1NoRetrofit",
    "simulation": {
      "elapsed_time": 1.69,
      "final_time": 86400,
      "jacobians": 2258,
      "start_time": 0,
      "state_events": 102,
      "success": true
    }
  }
]
