 = true


rCheck = checkModel("BESMod.Examples.HeatPumpAndBoiler.Parallel");
Check of BESMod.Examples.HeatPumpAndBoiler.Parallel:
Warning: Non-literal value.
In nominal attribute for hydraulic.generation.heatPump.con.preDro.m_flow.
Ignoring nominal attribute.
In class Modelica.Units.SI.
  Near file: /opt/dymola-2022-x86_64/Modelica/Library/Modelica 4.0.0/Units.mo, line 237
Used in base-class hydraulic.generation.heatPump.con.preDro.PartialTwoPortInterface.
  Near file: /builds/EBC/EBC_all/github_ci/BESMod/installed_dependencies/AixLib/AixLib/Fluid/BaseClasses/PartialResistance.mo, line 3
Warning: Non-literal value.
In nominal attribute for hydraulic.generation.heatPump.eva.preDro.m_flow.
Ignoring nominal attribute.
In class Modelica.Units.SI.
  Near file: /opt/dymola-2022-x86_64/Modelica/Library/Modelica 4.0.0/Units.mo, line 237
Used in base-class hydraulic.generation.heatPump.eva.preDro.PartialTwoPortInterface.
  Near file: /builds/EBC/EBC_all/github_ci/BESMod/installed_dependencies/AixLib/AixLib/Fluid/BaseClasses/PartialResistance.mo, line 3
Warning: Non-literal value.
In nominal attribute for hydraulic.generation.boi.pressureDrop.dp.
Ignoring nominal attribute.
In class Modelica.Units.SI.
  Near file: /opt/dymola-2022-x86_64/Modelica/Library/Modelica 4.0.0/Units.mo, line 237
Used in base-class hydraulic.generation.boi.pressureDrop.PartialTwoPortInterface.
  Near file: /builds/EBC/EBC_all/github_ci/BESMod/installed_dependencies/AixLib/AixLib/Fluid/BaseClasses/PartialResistance.mo, line 3
Warning: The variable hydraulic.generation.heatPump.innerCycle.PerformanceDataHPCooling.sigBus.nSet is part of an expandable connector, and was only used outside of connect. That is not legal since we cannot determine its causality.
Warning: The variable hydraulic.generation.heatPump.innerCycle.PerformanceDataHPCooling.sigBus.TConInMea is part of an expandable connector, and was only used outside of connect. That is not legal since we cannot determine its causality.
Warning: The variable hydraulic.generation.heatPump.innerCycle.PerformanceDataHPCooling.sigBus.TEvaOutMea is part of an expandable connector, and was only used outside of connect. That is not legal since we cannot determine its causality.
Warning: The variable hydraulic.generation.heatPump.innerCycle.PerformanceDataHPCooling.sigBus.m_flowEvaMea is part of an expandable connector, and was only used outside of connect. That is not legal since we cannot determine its causality.
Warning: The variable hydraulic.generation.heatPump.innerCycle.PerformanceDataHPCooling.sigBus.m_flowConMea is part of an expandable connector, and was only used outside of connect. That is not legal since we cannot determine its causality.
The model has the same number of unknowns and equations: 6396
The model has the same number of unknowns and equations
for the given numerical settings of parameters: 6396
Check of BESMod.Examples.HeatPumpAndBoiler.Parallel successful.
Warning: WARNINGS have been issued.
Declaring variable: Boolean rCheck ;

Modelica.Utilities.Streams.print("    { \"file\" :  \"BESMod/Resources/Scripts/Dymola/Examples/HeatPumpAndBoiler/Parallel.mos\",", "BESMod.Examples.HeatPumpAndBoiler.Parallel.statistics.log");
Modelica.Utilities.Streams.print("      \"model\" : \"BESMod.Examples.HeatPumpAndBoiler.Parallel\",", "BESMod.Examples.HeatPumpAndBoiler.Parallel.statistics.log");
Modelica.Utilities.Streams.print("      \"check\" : {", "BESMod.Examples.HeatPumpAndBoiler.Parallel.statistics.log");
Modelica.Utilities.Streams.print("        \"command\" : \"checkModel(\\\"BESMod.Examples.HeatPumpAndBoiler.Parallel\\\");\",", "BESMod.Examples.HeatPumpAndBoiler.Parallel.statistics.log");
Modelica.Utilities.Streams.print("        \"result\"  : " + String(rCheck), "BESMod.Examples.HeatPumpAndBoiler.Parallel.statistics.log");
Modelica.Utilities.Streams.print("      },", "BESMod.Examples.HeatPumpAndBoiler.Parallel.statistics.log");


rScript=RunScript("modelica://BESMod/Resources/Scripts/Dymola/Examples/HeatPumpAndBoiler/Parallel.mos");

simulateModel("BESMod.Examples.HeatPumpAndBoiler.Parallel", stopTime=172800, method="dassl", tolerance=1e-06, resultFile="BESMod.Examples.HeatPumpAndBoiler.Parallel");
Translation of BESMod.Examples.HeatPumpAndBoiler.Parallel:
Warning: Non-literal value.
In nominal attribute for hydraulic.generation.heatPump.con.preDro.m_flow.
Ignoring nominal attribute.
In class Modelica.Units.SI.
  Near file: /opt/dymola-2022-x86_64/Modelica/Library/Modelica 4.0.0/Units.mo, line 237
Used in base-class hydraulic.generation.heatPump.con.preDro.PartialTwoPortInterface.
  Near file: /builds/EBC/EBC_all/github_ci/BESMod/installed_dependencies/AixLib/AixLib/Fluid/BaseClasses/PartialResistance.mo, line 3
Warning: Non-literal value.
In nominal attribute for hydraulic.generation.heatPump.eva.preDro.m_flow.
Ignoring nominal attribute.
In class Modelica.Units.SI.
  Near file: /opt/dymola-2022-x86_64/Modelica/Library/Modelica 4.0.0/Units.mo, line 237
Used in base-class hydraulic.generation.heatPump.eva.preDro.PartialTwoPortInterface.
  Near file: /builds/EBC/EBC_all/github_ci/BESMod/installed_dependencies/AixLib/AixLib/Fluid/BaseClasses/PartialResistance.mo, line 3
Warning: Non-literal value.
In nominal attribute for hydraulic.generation.boi.pressureDrop.dp.
Ignoring nominal attribute.
In class Modelica.Units.SI.
  Near file: /opt/dymola-2022-x86_64/Modelica/Library/Modelica 4.0.0/Units.mo, line 237
Used in base-class hydraulic.generation.boi.pressureDrop.PartialTwoPortInterface.
  Near file: /builds/EBC/EBC_all/github_ci/BESMod/installed_dependencies/AixLib/AixLib/Fluid/BaseClasses/PartialResistance.mo, line 3
Warning: The variable hydraulic.generation.heatPump.innerCycle.PerformanceDataHPCooling.sigBus.nSet is part of an expandable connector, and was only used outside of connect. That is not legal since we cannot determine its causality.
Warning: The variable hydraulic.generation.heatPump.innerCycle.PerformanceDataHPCooling.sigBus.TConInMea is part of an expandable connector, and was only used outside of connect. That is not legal since we cannot determine its causality.
Warning: The variable hydraulic.generation.heatPump.innerCycle.PerformanceDataHPCooling.sigBus.TEvaOutMea is part of an expandable connector, and was only used outside of connect. That is not legal since we cannot determine its causality.
Warning: The variable hydraulic.generation.heatPump.innerCycle.PerformanceDataHPCooling.sigBus.m_flowEvaMea is part of an expandable connector, and was only used outside of connect. That is not legal since we cannot determine its causality.
Warning: The variable hydraulic.generation.heatPump.innerCycle.PerformanceDataHPCooling.sigBus.m_flowConMea is part of an expandable connector, and was only used outside of connect. That is not legal since we cannot determine its causality.
The DAE has 6396 scalar unknowns and 6396 scalar equations.
Warning: The initial conditions are not fully specified.
Dymola has selected default initial conditions.
Warning: Assuming fixed start value for the continuous states:
    DHW.pump.vol.dynBal.U(start = 4165531.824*(DHW.pump.vol.dynBal.fluidVolume*(      DHW.pump.vol.dynBal.T_start-273.15)))
    hydraulic.distribution.stoBuf.layer[1].dynBal.U(start = 83310636.48*      hydraulic.distribution.stoBuf.layer[1].dynBal.fluidVolume)
    hydraulic.distribution.stoBuf.layer[2].dynBal.U(start = 83310636.48*      hydraulic.distribution.stoBuf.layer[2].dynBal.fluidVolume)
    hydraulic.distribution.stoBuf.layer[3].dynBal.U(start = 83310636.48*      hydraulic.distribution.stoBuf.layer[3].dynBal.fluidVolume)
    hydraulic.distribution.stoBuf.layer[4].dynBal.U(start = 83310636.48*      hydraulic.distribution.stoBuf.layer[4].dynBal.fluidVolume)
    hydraulic.distribution.stoBuf.layer_HE[1].dynBal.U(start = 83310636.48*      hydraulic.distribution.stoBuf.layer_HE[1].dynBal.fluidVolume)
    hydraulic.distribution.stoBuf.layer_HE[2].dynBal.U(start = 83310636.48*      hydraulic.distribution.stoBuf.layer_HE[2].dynBal.fluidVolume)
    hydraulic.distribution.stoBuf.layer_HE[3].dynBal.U(start = 83310636.48*      hydraulic.distribution.stoBuf.layer_HE[3].dynBal.fluidVolume)
    hydraulic.distribution.stoBuf.layer_HE[4].dynBal.U(start = 83310636.48*      hydraulic.distribution.stoBuf.layer_HE[4].dynBal.fluidVolume)
    hydraulic.distribution.stoDHW.layer[1].dynBal.U(start = 208276591.2*      hydraulic.distribution.stoDHW.layer[1].dynBal.fluidVolume)
    hydraulic.distribution.stoDHW.layer[2].dynBal.U(start = 208276591.2*      hydraulic.distribution.stoDHW.layer[2].dynBal.fluidVolume)
    hydraulic.distribution.stoDHW.layer[3].dynBal.U(start = 208276591.2*      hydraulic.distribution.stoDHW.layer[3].dynBal.fluidVolume)
    hydraulic.distribution.stoDHW.layer[4].dynBal.U(start = 208276591.2*      hydraulic.distribution.stoDHW.layer[4].dynBal.fluidVolume)
    hydraulic.distribution.stoDHW.layer_HE[1].dynBal.U(start = 208276591.2*      hydraulic.distribution.stoDHW.layer_HE[1].dynBal.fluidVolume)
    hydraulic.distribution.stoDHW.layer_HE[2].dynBal.U(start = 208276591.2*      hydraulic.distribution.stoDHW.layer_HE[2].dynBal.fluidVolume)
    hydraulic.distribution.stoDHW.layer_HE[3].dynBal.U(start = 208276591.2*      hydraulic.distribution.stoDHW.layer_HE[3].dynBal.fluidVolume)
    hydraulic.distribution.stoDHW.layer_HE[4].dynBal.U(start = 208276591.2*      hydraulic.distribution.stoDHW.layer_HE[4].dynBal.fluidVolume)
    hydraulic.distribution.threeWayValveWithFlowReturn.threWayValFlow.vol.dynBal.U      (start = 83310636.48*hydraulic.distribution.threeWayValveWithFlowReturn.threWayValFlow.vol.dynBal.fluidVolume)
    hydraulic.generation.heatPump.con.vol.dynBal.U(start = 83310636.48*      hydraulic.generation.heatPump.con.vol.dynBal.fluidVolume)
    hydraulic.generation.heatPump.eva.vol.dynBal.mXi[](each start = 1.2*(      hydraulic.generation.heatPump.eva.vol.dynBal.fluidVolume*hydraulic.generation.heatPump.eva.vol.dynBal.X_start[1]))
    hydraulic.generation.heatPump.eva.vol.dynBal.U(start = (-80808.92039999993)*      hydraulic.generation.heatPump.eva.vol.dynBal.fluidVolume)
    hydraulic.generation.pump.vol.dynBal.U(start = 83310636.48*hydraulic.generation.pump.vol.dynBal.fluidVolume)
    hydraulic.generation.thrWayVal.threWayValFlow.vol.dynBal.U(start =       83310636.48*hydraulic.generation.thrWayVal.threWayValFlow.vol.dynBal.fluidVolume)
    hydraulic.transfer.pumFixMFlo[1].vol.dynBal.U(start = 83310636.48*      hydraulic.transfer.pumFixMFlo[1].vol.dynBal.fluidVolume)
    hydraulic.transfer.rad[1].vol[1].dynBal.U(start = 1586785.2032094253)
    hydraulic.transfer.rad[1].vol[2].dynBal.U(start = 1586785.2032094253)
    hydraulic.transfer.rad[1].vol[3].dynBal.U(start = 1586785.2032094253)
    hydraulic.transfer.rad[1].vol[4].dynBal.U(start = 1586785.2032094253)
    hydraulic.transfer.rad[1].vol[5].dynBal.U(start = 1586785.2032094253)
 
Warning: A call of loadResource with a non-literal string hydraulic.generation.heatPump.innerCycle.PerformanceDataHPHeating.Table_QCon.filename remains in the generated code.
This could be caused by incorrectly calling loadResource on the result of loadResource, but apart from that it will not work for an URI.
Warning: A call of loadResource with a non-literal string hydraulic.generation.heatPump.innerCycle.PerformanceDataHPHeating.Table_COP.filename remains in the generated code.
This could be caused by incorrectly calling loadResource on the result of loadResource, but apart from that it will not work for an URI.
Warning: The conditions of the following assert statements are always false:
Warning:   assert(hydraulic.generation.heatPump.con.preDro.homotopyInitialization,     "In Parallel.hydraulic.generation.heatPump.con.preDro: The constant homotopyInitialization has been modified from its default value. This constant will be removed in future releases.",     AssertionLevel.warning);
    The variable hydraulic.generation.heatPump.con.preDro.homotopyInitialization = false, was declared in class AixLib.Fluid.BaseClasses.PartialResistance, /builds/EBC/EBC_all/github_ci/BESMod/installed_dependencies/AixLib/AixLib/Fluid/BaseClasses/PartialResistance.mo at line 12, and used in component hydraulic.generation.heatPump.con.preDro.PartialResistance.
Warning:   assert(hydraulic.generation.heatPump.eva.preDro.homotopyInitialization,     "In Parallel.hydraulic.generation.heatPump.eva.preDro: The constant homotopyInitialization has been modified from its default value. This constant will be removed in future releases.",     AssertionLevel.warning);
    The variable hydraulic.generation.heatPump.eva.preDro.homotopyInitialization = false, was declared in class AixLib.Fluid.BaseClasses.PartialResistance, /builds/EBC/EBC_all/github_ci/BESMod/installed_dependencies/AixLib/AixLib/Fluid/BaseClasses/PartialResistance.mo at line 12, and used in component hydraulic.generation.heatPump.eva.preDro.PartialResistance.
Warning: The variable building.ARoo=0 is not in range [0.1,1e+100].
Ignoring range
Warning: The variable ventilation.generation.m_flow_nominal[1]=0 is not in range [1e-15,1e+100].
Ignoring range
 
Statistics
 
Original Model
  Number of components: 1281
  Variables: 11980
  Constants: 233 (234 scalars)
  Parameters: 5339 (7057 scalars)
  Unknowns: 6408 (6556 scalars)
  Differentiated variables: 108 scalars
  Equations: 5309
  Nontrivial: 4415
Translated Model
  Constants: 4837 scalars
  Free parameters: 1169 scalars
  Parameter depending: 2340 scalars
  Outputs: 46 scalars
  Continuous time states: 78 scalars
  Time-varying variables: 1536 scalars
  Alias variables: 3965 scalars
  Assumed default initial conditions: 29
  Number of mixed real/discrete systems of equations: 0
  Sizes of linear systems of equations: {2, 2, 2, 2, 2, 2, 4, 4, 4}
  Sizes after manipulation of the linear systems: {0, 0, 0, 0, 0, 0, 0, 0, 0}
  Sizes of nonlinear systems of equations: {16, 59, 3, 1, 1, 1, 1, 1, 1, 1, 1}
  Sizes after manipulation of the nonlinear systems: {3, 6, 1, 0, 1, 0, 1, 0, 1, 1, 1}
  Number of numerical Jacobians: 0
  Initialization problem
    Sizes of linear systems of equations: {2, 2, 2, 2, 2, 2}
    Sizes after manipulation of the linear systems: {0, 0, 0, 0, 0, 0}
    Sizes of nonlinear systems of equations: {2, 1, 11, 70, 16, 1, 1}
    Sizes after manipulation of the nonlinear systems: {0, 0, 5, 7, 4, 1, 1}
    Number of numerical Jacobians: 0
 
Selected continuous time states
Statically selected continuous time states
  building.comCalCooOpe[1].intDisCom.y
  building.comCalHeaOpe[1].intDisCom.y
  building.comfortCalculatorCool[1].intDisCom.y
  building.comfortCalculatorHea[1].intDisCom.y
  building.intKPICal[1].integrator2.y
  building.intKPICalTraGain2[1].integrator2.y
  building.intKPICalTraGain[1].integrator2.y
  building.intKPICalTraLoss2[1].integrator2.y
  building.intKPICalTraLoss[1].integrator2.y
  building.intKPICalVentGain[1].integrator2.y
  building.intKPICalVentLoss[1].integrator2.y
  building.thermalZone[1].ROM.extWallRC.thermCapExt[1].T
  building.thermalZone[1].ROM.floorRC.thermCapExt[1].T
  building.thermalZone[1].ROM.intWallRC.thermCapInt[1].T
  building.thermalZone[1].ROM.roofRC.thermCapExt[1].T
  building.thermalZone[1].ROM.volAir.dynBal.m
  building.thermalZone[1].ROM.volAir.dynBal.mXi[1]
  building.thermalZone[1].ROM.volAir.dynBal.U
  building.thermalZone[1].ventCont.dEMA.ExpAVG.x[1]
  building.thermalZone[1].ventCont.dEMA.ExpAVG1.x[1]
  DHW.integralKPICalculator.integrator2.y
  DHW.pump.vol.dynBal.U
  electrical.distribution.eneKPIGen.integrator2.y
  electrical.distribution.eneKPILoa.integrator2.y
  hydraulic.control.boiPIDCtrl.intAbs.y
  hydraulic.control.boiPIDCtrl.intSqu.y
  hydraulic.control.boiPIDCtrl.PID.D.x
  hydraulic.control.boiPIDCtrl.PID.I.y
  hydraulic.control.priGenPIDCtrl.intAbs.y
  hydraulic.control.priGenPIDCtrl.intSqu.y
  hydraulic.control.priGenPIDCtrl.PID.D.x
  hydraulic.control.priGenPIDCtrl.PID.I.y
  hydraulic.control.valCtrl.PI[1].I.y
  hydraulic.distribution.eneKPICalBuf.integrator2.y
  hydraulic.distribution.eneKPICalDHW.integrator2.y
  hydraulic.distribution.stoBuf.layer[1].dynBal.U
  hydraulic.distribution.stoBuf.layer[2].dynBal.U
  hydraulic.distribution.stoBuf.layer[3].dynBal.U
  hydraulic.distribution.stoBuf.layer[4].dynBal.U
  hydraulic.distribution.stoBuf.layer_HE[1].dynBal.U
  hydraulic.distribution.stoBuf.layer_HE[2].dynBal.U
  hydraulic.distribution.stoBuf.layer_HE[3].dynBal.U
  hydraulic.distribution.stoBuf.layer_HE[4].dynBal.U
  hydraulic.distribution.stoDHW.layer[1].dynBal.U
  hydraulic.distribution.stoDHW.layer[2].dynBal.U
  hydraulic.distribution.stoDHW.layer[3].dynBal.U
  hydraulic.distribution.stoDHW.layer[4].dynBal.U
  hydraulic.distribution.stoDHW.layer_HE[1].dynBal.U
  hydraulic.distribution.stoDHW.layer_HE[2].dynBal.U
  hydraulic.distribution.stoDHW.layer_HE[3].dynBal.U
  hydraulic.distribution.stoDHW.layer_HE[4].dynBal.U
  hydraulic.distribution.threeWayValveWithFlowReturn.threWayValFlow.vol.dynBal.U
  hydraulic.generation.boi.senTCold.T
  hydraulic.generation.boi.senTHot.T
  hydraulic.generation.boi.vol.dynBal.U
  hydraulic.generation.heatPump.con.vol.dynBal.U
  hydraulic.generation.heatPump.eva.vol.dynBal.mXi[1]
  hydraulic.generation.heatPump.eva.vol.dynBal.U
  hydraulic.generation.heatPump.senT_a1.T
  hydraulic.generation.heatPump.senT_a2.T
  hydraulic.generation.heatPump.senT_b1.T
  hydraulic.generation.heatPump.senT_b2.T
  hydraulic.generation.KPIBoi.integrator2.y
  hydraulic.generation.KPIBoiFue.integrator2.y
  hydraulic.generation.KPIHeaPum.integrator1.y
  hydraulic.generation.KPIHeaPum.integrator3.y
  hydraulic.generation.KPIQHP.integrator2.y
  hydraulic.generation.KPIWel.integrator2.y
  hydraulic.generation.pump.vol.dynBal.U
  hydraulic.generation.senTGenOut.T
  hydraulic.generation.thrWayVal.threWayValFlow.vol.dynBal.U
  hydraulic.transfer.intKPICalHeaFlo.integrator2.y
  hydraulic.transfer.pumFixMFlo[1].vol.dynBal.U
  hydraulic.transfer.rad[1].vol[1].dynBal.U
  hydraulic.transfer.rad[1].vol[2].dynBal.U
  hydraulic.transfer.rad[1].vol[3].dynBal.U
  hydraulic.transfer.rad[1].vol[4].dynBal.U
  hydraulic.transfer.rad[1].vol[5].dynBal.U
 
Warning: WARNINGS have been issued.
Finished
 = true

    
Declaring variable: Boolean rScript ;

savelog("BESMod.Examples.HeatPumpAndBoiler.Parallel.translation.log"); = true


rCheck = checkModel("BESMod.Examples.HeatPumpAndBoiler.AfterBufferWithoutDHW");
Check of BESMod.Examples.HeatPumpAndBoiler.AfterBufferWithoutDHW:
Warning: Non-literal value.
In nominal attribute for hydraulic.generation.heatPump.con.preDro.m_flow.
Ignoring nominal attribute.
In class Modelica.Units.SI.
  Near file: /opt/dymola-2022-x86_64/Modelica/Library/Modelica 4.0.0/Units.mo, line 237
Used in base-class hydraulic.generation.heatPump.con.preDro.PartialTwoPortInterface.
  Near file: /builds/EBC/EBC_all/github_ci/BESMod/installed_dependencies/AixLib/AixLib/Fluid/BaseClasses/PartialResistance.mo, line 3
Warning: Non-literal value.
In nominal attribute for hydraulic.generation.heatPump.eva.preDro.m_flow.
Ignoring nominal attribute.
In class Modelica.Units.SI.
  Near file: /opt/dymola-2022-x86_64/Modelica/Library/Modelica 4.0.0/Units.mo, line 237
Used in base-class hydraulic.generation.heatPump.eva.preDro.PartialTwoPortInterface.
  Near file: /builds/EBC/EBC_all/github_ci/BESMod/installed_dependencies/AixLib/AixLib/Fluid/BaseClasses/PartialResistance.mo, line 3
Warning: Non-literal value.
In nominal attribute for hydraulic.distribution.stoDHW.heatingCoil1.pipe[1].res.dp.
Ignoring nominal attribute.
In class Modelica.Units.SI.
  Near file: /opt/dymola-2022-x86_64/Modelica/Library/Modelica 4.0.0/Units.mo, line 237
Used in base-class hydraulic.distribution.stoDHW.heatingCoil1.pipe.res.PartialTwoPortInterface.
  Near file: /builds/EBC/EBC_all/github_ci/BESMod/installed_dependencies/AixLib/AixLib/Fluid/BaseClasses/PartialResistance.mo, line 3
Warning: Non-literal value.
In nominal attribute for hydraulic.distribution.stoDHW.heatingCoil1.pipe[2].res.dp.
Ignoring nominal attribute.
In class Modelica.Units.SI.
  Near file: /opt/dymola-2022-x86_64/Modelica/Library/Modelica 4.0.0/Units.mo, line 237
Used in base-class hydraulic.distribution.stoDHW.heatingCoil1.pipe.res.PartialTwoPortInterface.
  Near file: /builds/EBC/EBC_all/github_ci/BESMod/installed_dependencies/AixLib/AixLib/Fluid/BaseClasses/PartialResistance.mo, line 3
Warning: Non-literal value.
In nominal attribute for hydraulic.distribution.stoDHW.heatingCoil1.pipe[3].res.dp.
Ignoring nominal attribute.
In class Modelica.Units.SI.
  Near file: /opt/dymola-2022-x86_64/Modelica/Library/Modelica 4.0.0/Units.mo, line 237
Used in base-class hydraulic.distribution.stoDHW.heatingCoil1.pipe.res.PartialTwoPortInterface.
  Near file: /builds/EBC/EBC_all/github_ci/BESMod/installed_dependencies/AixLib/AixLib/Fluid/BaseClasses/PartialResistance.mo, line 3
Warning: Non-literal value.
In nominal attribute for hydraulic.distribution.stoDHW.heatingCoil1.pipe[4].res.dp.
Ignoring nominal attribute.
In class Modelica.Units.SI.
  Near file: /opt/dymola-2022-x86_64/Modelica/Library/Modelica 4.0.0/Units.mo, line 237
Used in base-class hydraulic.distribution.stoDHW.heatingCoil1.pipe.res.PartialTwoPortInterface.
  Near file: /builds/EBC/EBC_all/github_ci/BESMod/installed_dependencies/AixLib/AixLib/Fluid/BaseClasses/PartialResistance.mo, line 3
Warning: Non-literal value.
In nominal attribute for hydraulic.distribution.boi.pressureDrop.dp.
Ignoring nominal attribute.
In class Modelica.Units.SI.
  Near file: /opt/dymola-2022-x86_64/Modelica/Library/Modelica 4.0.0/Units.mo, line 237
Used in base-class hydraulic.distribution.boi.pressureDrop.PartialTwoPortInterface.
  Near file: /builds/EBC/EBC_all/github_ci/BESMod/installed_dependencies/AixLib/AixLib/Fluid/BaseClasses/PartialResistance.mo, line 3
Warning: The variable hydraulic.generation.heatPump.innerCycle.PerformanceDataHPCooling.sigBus.nSet is part of an expandable connector, and was only used outside of connect. That is not legal since we cannot determine its causality.
Warning: The variable hydraulic.generation.heatPump.innerCycle.PerformanceDataHPCooling.sigBus.TConInMea is part of an expandable connector, and was only used outside of connect. That is not legal since we cannot determine its causality.
Warning: The variable hydraulic.generation.heatPump.innerCycle.PerformanceDataHPCooling.sigBus.TEvaOutMea is part of an expandable connector, and was only used outside of connect. That is not legal since we cannot determine its causality.
Warning: The variable hydraulic.generation.heatPump.innerCycle.PerformanceDataHPCooling.sigBus.m_flowEvaMea is part of an expandable connector, and was only used outside of connect. That is not legal since we cannot determine its causality.
Warning: The variable hydraulic.generation.heatPump.innerCycle.PerformanceDataHPCooling.sigBus.m_flowConMea is part of an expandable connector, and was only used outside of connect. That is not legal since we cannot determine its causality.
The model has the same number of unknowns and equations: 7112
Check of BESMod.Examples.HeatPumpAndBoiler.AfterBufferWithoutDHW successful.
Warning: WARNINGS have been issued.
Declaring variable: Boolean rCheck ;

Modelica.Utilities.Streams.print("    { \"file\" :  \"BESMod/Resources/Scripts/Dymola/Examples/HeatPumpAndBoiler/AfterBufferWithoutDHW.mos\",", "BESMod.Examples.HeatPumpAndBoiler.AfterBufferWithoutDHW.statistics.log");
Modelica.Utilities.Streams.print("      \"model\" : \"BESMod.Examples.HeatPumpAndBoiler.AfterBufferWithoutDHW\",", "BESMod.Examples.HeatPumpAndBoiler.AfterBufferWithoutDHW.statistics.log");
Modelica.Utilities.Streams.print("      \"check\" : {", "BESMod.Examples.HeatPumpAndBoiler.AfterBufferWithoutDHW.statistics.log");
Modelica.Utilities.Streams.print("        \"command\" : \"checkModel(\\\"BESMod.Examples.HeatPumpAndBoiler.AfterBufferWithoutDHW\\\");\",", "BESMod.Examples.HeatPumpAndBoiler.AfterBufferWithoutDHW.statistics.log");
Modelica.Utilities.Streams.print("        \"result\"  : " + String(rCheck), "BESMod.Examples.HeatPumpAndBoiler.AfterBufferWithoutDHW.statistics.log");
Modelica.Utilities.Streams.print("      },", "BESMod.Examples.HeatPumpAndBoiler.AfterBufferWithoutDHW.statistics.log");


rScript=RunScript("modelica://BESMod/Resources/Scripts/Dymola/Examples/HeatPumpAndBoiler/AfterBufferWithoutDHW.mos");

simulateModel("BESMod.Examples.HeatPumpAndBoiler.AfterBufferWithoutDHW", stopTime=172800, method="dassl", tolerance=1e-06, resultFile="BESMod.Examples.HeatPumpAndBoiler.AfterBufferWithoutDHW");
Translation of BESMod.Examples.HeatPumpAndBoiler.AfterBufferWithoutDHW:
Warning: Non-literal value.
In nominal attribute for hydraulic.generation.heatPump.con.preDro.m_flow.
Ignoring nominal attribute.
In class Modelica.Units.SI.
  Near file: /opt/dymola-2022-x86_64/Modelica/Library/Modelica 4.0.0/Units.mo, line 237
Used in base-class hydraulic.generation.heatPump.con.preDro.PartialTwoPortInterface.
  Near file: /builds/EBC/EBC_all/github_ci/BESMod/installed_dependencies/AixLib/AixLib/Fluid/BaseClasses/PartialResistance.mo, line 3
Warning: Non-literal value.
In nominal attribute for hydraulic.generation.heatPump.eva.preDro.m_flow.
Ignoring nominal attribute.
In class Modelica.Units.SI.
  Near file: /opt/dymola-2022-x86_64/Modelica/Library/Modelica 4.0.0/Units.mo, line 237
Used in base-class hydraulic.generation.heatPump.eva.preDro.PartialTwoPortInterface.
  Near file: /builds/EBC/EBC_all/github_ci/BESMod/installed_dependencies/AixLib/AixLib/Fluid/BaseClasses/PartialResistance.mo, line 3
Warning: Non-literal value.
In nominal attribute for hydraulic.distribution.stoDHW.heatingCoil1.pipe[1].res.dp.
Ignoring nominal attribute.
In class Modelica.Units.SI.
  Near file: /opt/dymola-2022-x86_64/Modelica/Library/Modelica 4.0.0/Units.mo, line 237
Used in base-class hydraulic.distribution.stoDHW.heatingCoil1.pipe.res.PartialTwoPortInterface.
  Near file: /builds/EBC/EBC_all/github_ci/BESMod/installed_dependencies/AixLib/AixLib/Fluid/BaseClasses/PartialResistance.mo, line 3
Warning: Non-literal value.
In nominal attribute for hydraulic.distribution.stoDHW.heatingCoil1.pipe[2].res.dp.
Ignoring nominal attribute.
In class Modelica.Units.SI.
  Near file: /opt/dymola-2022-x86_64/Modelica/Library/Modelica 4.0.0/Units.mo, line 237
Used in base-class hydraulic.distribution.stoDHW.heatingCoil1.pipe.res.PartialTwoPortInterface.
  Near file: /builds/EBC/EBC_all/github_ci/BESMod/installed_dependencies/AixLib/AixLib/Fluid/BaseClasses/PartialResistance.mo, line 3
Warning: Non-literal value.
In nominal attribute for hydraulic.distribution.stoDHW.heatingCoil1.pipe[3].res.dp.
Ignoring nominal attribute.
In class Modelica.Units.SI.
  Near file: /opt/dymola-2022-x86_64/Modelica/Library/Modelica 4.0.0/Units.mo, line 237
Used in base-class hydraulic.distribution.stoDHW.heatingCoil1.pipe.res.PartialTwoPortInterface.
  Near file: /builds/EBC/EBC_all/github_ci/BESMod/installed_dependencies/AixLib/AixLib/Fluid/BaseClasses/PartialResistance.mo, line 3
Warning: Non-literal value.
In nominal attribute for hydraulic.distribution.stoDHW.heatingCoil1.pipe[4].res.dp.
Ignoring nominal attribute.
In class Modelica.Units.SI.
  Near file: /opt/dymola-2022-x86_64/Modelica/Library/Modelica 4.0.0/Units.mo, line 237
Used in base-class hydraulic.distribution.stoDHW.heatingCoil1.pipe.res.PartialTwoPortInterface.
  Near file: /builds/EBC/EBC_all/github_ci/BESMod/installed_dependencies/AixLib/AixLib/Fluid/BaseClasses/PartialResistance.mo, line 3
Warning: Non-literal value.
In nominal attribute for hydraulic.distribution.boi.pressureDrop.dp.
Ignoring nominal attribute.
In class Modelica.Units.SI.
  Near file: /opt/dymola-2022-x86_64/Modelica/Library/Modelica 4.0.0/Units.mo, line 237
Used in base-class hydraulic.distribution.boi.pressureDrop.PartialTwoPortInterface.
  Near file: /builds/EBC/EBC_all/github_ci/BESMod/installed_dependencies/AixLib/AixLib/Fluid/BaseClasses/PartialResistance.mo, line 3
Warning: The variable hydraulic.generation.heatPump.innerCycle.PerformanceDataHPCooling.sigBus.nSet is part of an expandable connector, and was only used outside of connect. That is not legal since we cannot determine its causality.
Warning: The variable hydraulic.generation.heatPump.innerCycle.PerformanceDataHPCooling.sigBus.TConInMea is part of an expandable connector, and was only used outside of connect. That is not legal since we cannot determine its causality.
Warning: The variable hydraulic.generation.heatPump.innerCycle.PerformanceDataHPCooling.sigBus.TEvaOutMea is part of an expandable connector, and was only used outside of connect. That is not legal since we cannot determine its causality.
Warning: The variable hydraulic.generation.heatPump.innerCycle.PerformanceDataHPCooling.sigBus.m_flowEvaMea is part of an expandable connector, and was only used outside of connect. That is not legal since we cannot determine its causality.
Warning: The variable hydraulic.generation.heatPump.innerCycle.PerformanceDataHPCooling.sigBus.m_flowConMea is part of an expandable connector, and was only used outside of connect. That is not legal since we cannot determine its causality.
The DAE has 7112 scalar unknowns and 7112 scalar equations.
Warning: The initial conditions are not fully specified.
Dymola has selected default initial conditions.
Warning: Assuming fixed start value for the continuous states:
    DHW.pump.vol.dynBal.U(start = 4165531.824*(DHW.pump.vol.dynBal.fluidVolume*(      DHW.pump.vol.dynBal.T_start-273.15)))
    hydraulic.distribution.boi.senTCold.T(start = 293.15)
    hydraulic.distribution.boi.senTHot.T(start = 293.15)
    hydraulic.distribution.stoBuf.bottomCover.loadIns.T(start = 293.15)
    hydraulic.distribution.stoBuf.bottomCover.loadWall.T(start = 293.15)
    hydraulic.distribution.stoBuf.layer[1].dynBal.U(start = 83310636.48*      hydraulic.distribution.stoBuf.layer[1].dynBal.fluidVolume)
    hydraulic.distribution.stoBuf.layer[2].dynBal.U(start = 83310636.48*      hydraulic.distribution.stoBuf.layer[2].dynBal.fluidVolume)
    hydraulic.distribution.stoBuf.layer[3].dynBal.U(start = 83310636.48*      hydraulic.distribution.stoBuf.layer[3].dynBal.fluidVolume)
    hydraulic.distribution.stoBuf.layer[4].dynBal.U(start = 83310636.48*      hydraulic.distribution.stoBuf.layer[4].dynBal.fluidVolume)
    hydraulic.distribution.stoBuf.storageMantle[1].Insulation.CylindricLoad1.heatCapacitor.T      (start = 293.15)
    hydraulic.distribution.stoBuf.storageMantle[1].Wall.CylindricLoad1.heatCapacitor.T      (start = 293.15)
    hydraulic.distribution.stoBuf.storageMantle[2].Insulation.CylindricLoad1.heatCapacitor.T      (start = 293.15)
    hydraulic.distribution.stoBuf.storageMantle[2].Wall.CylindricLoad1.heatCapacitor.T      (start = 293.15)
    hydraulic.distribution.stoBuf.storageMantle[3].Insulation.CylindricLoad1.heatCapacitor.T      (start = 293.15)
    hydraulic.distribution.stoBuf.storageMantle[3].Wall.CylindricLoad1.heatCapacitor.T      (start = 293.15)
    hydraulic.distribution.stoBuf.storageMantle[4].Insulation.CylindricLoad1.heatCapacitor.T      (start = 293.15)
    hydraulic.distribution.stoBuf.storageMantle[4].Wall.CylindricLoad1.heatCapacitor.T      (start = 293.15)
    hydraulic.distribution.stoBuf.topCover.loadIns.T(start = 293.15)
    hydraulic.distribution.stoBuf.topCover.loadWall.T(start = 293.15)
    hydraulic.distribution.stoDHW.bottomCover.loadIns.T(start = 293.15)
    hydraulic.distribution.stoDHW.bottomCover.loadWall.T(start = 293.15)
    hydraulic.distribution.stoDHW.layer[1].dynBal.U(start = 2570487.2056130404)
    hydraulic.distribution.stoDHW.layer[2].dynBal.U(start = 2570487.2056130404)
    hydraulic.distribution.stoDHW.layer[3].dynBal.U(start = 2570487.2056130404)
    hydraulic.distribution.stoDHW.layer[4].dynBal.U(start = 2570487.2056130404)
    hydraulic.distribution.stoDHW.storageMantle[1].Insulation.CylindricLoad1.heatCapacitor.T      (start = 293.15)
    hydraulic.distribution.stoDHW.storageMantle[1].Wall.CylindricLoad1.heatCapacitor.T      (start = 293.15)
    hydraulic.distribution.stoDHW.storageMantle[2].Insulation.CylindricLoad1.heatCapacitor.T      (start = 293.15)
    hydraulic.distribution.stoDHW.storageMantle[2].Wall.CylindricLoad1.heatCapacitor.T      (start = 293.15)
    hydraulic.distribution.stoDHW.storageMantle[3].Insulation.CylindricLoad1.heatCapacitor.T      (start = 293.15)
    hydraulic.distribution.stoDHW.storageMantle[3].Wall.CylindricLoad1.heatCapacitor.T      (start = 293.15)
    hydraulic.distribution.stoDHW.storageMantle[4].Insulation.CylindricLoad1.heatCapacitor.T      (start = 293.15)
    hydraulic.distribution.stoDHW.storageMantle[4].Wall.CylindricLoad1.heatCapacitor.T      (start = 293.15)
    hydraulic.distribution.stoDHW.topCover.loadIns.T(start = 293.15)
    hydraulic.distribution.stoDHW.topCover.loadWall.T(start = 293.15)
    hydraulic.distribution.threeWayValveWithFlowReturn.threWayValFlow.vol.dynBal.U      (start = 83310636.48*hydraulic.distribution.threeWayValveWithFlowReturn.threWayValFlow.vol.dynBal.fluidVolume)
    hydraulic.generation.heatPump.con.vol.dynBal.U(start = 83310636.48*      hydraulic.generation.heatPump.con.vol.dynBal.fluidVolume)
    hydraulic.generation.heatPump.eva.vol.dynBal.mXi[](each start = 1.2*(      hydraulic.generation.heatPump.eva.vol.dynBal.fluidVolume*hydraulic.generation.heatPump.eva.vol.dynBal.X_start[1]))
    hydraulic.generation.heatPump.eva.vol.dynBal.U(start = (-80808.92039999993)*      hydraulic.generation.heatPump.eva.vol.dynBal.fluidVolume)
    hydraulic.generation.pump.vol.dynBal.U(start = 83310636.48*hydraulic.generation.pump.vol.dynBal.fluidVolume)
    hydraulic.transfer.pumFixMFlo[1].vol.dynBal.U(start = 83310636.48*      hydraulic.transfer.pumFixMFlo[1].vol.dynBal.fluidVolume)
    hydraulic.transfer.rad[1].vol[1].dynBal.U(start = 1586785.2032094253)
    hydraulic.transfer.rad[1].vol[2].dynBal.U(start = 1586785.2032094253)
    hydraulic.transfer.rad[1].vol[3].dynBal.U(start = 1586785.2032094253)
    hydraulic.transfer.rad[1].vol[4].dynBal.U(start = 1586785.2032094253)
    hydraulic.transfer.rad[1].vol[5].dynBal.U(start = 1586785.2032094253)
 
Sparse solver handling possible: false.
Due to flag Advanced.SparseActivate=false.
Model sparse and large enough: true.
Sparse solvers are available for dassl, lsodar, cvode, radau, esdirk*, sdirk* (using OpenMP, set number of cores with Advanced.NumberOfCores).
Warning: A call of loadResource with a non-literal string hydraulic.generation.heatPump.innerCycle.PerformanceDataHPHeating.Table_QCon.filename remains in the generated code.
This could be caused by incorrectly calling loadResource on the result of loadResource, but apart from that it will not work for an URI.
Warning: A call of loadResource with a non-literal string hydraulic.generation.heatPump.innerCycle.PerformanceDataHPHeating.Table_COP.filename remains in the generated code.
This could be caused by incorrectly calling loadResource on the result of loadResource, but apart from that it will not work for an URI.
Warning: The conditions of the following assert statements are always false:
Warning:   assert(hydraulic.generation.heatPump.con.preDro.homotopyInitialization,     "In AfterBufferWithoutDHW.hydraulic.generation.heatPump.con.preDro: The constant homotopyInitialization has been modified from its default value. This constant will be removed in future releases.",     AssertionLevel.warning);
    The variable hydraulic.generation.heatPump.con.preDro.homotopyInitialization = false, was declared in class AixLib.Fluid.BaseClasses.PartialResistance, /builds/EBC/EBC_all/github_ci/BESMod/installed_dependencies/AixLib/AixLib/Fluid/BaseClasses/PartialResistance.mo at line 12, and used in component hydraulic.generation.heatPump.con.preDro.PartialResistance.
Warning:   assert(hydraulic.generation.heatPump.eva.preDro.homotopyInitialization,     "In AfterBufferWithoutDHW.hydraulic.generation.heatPump.eva.preDro: The constant homotopyInitialization has been modified from its default value. This constant will be removed in future releases.",     AssertionLevel.warning);
    The variable hydraulic.generation.heatPump.eva.preDro.homotopyInitialization = false, was declared in class AixLib.Fluid.BaseClasses.PartialResistance, /builds/EBC/EBC_all/github_ci/BESMod/installed_dependencies/AixLib/AixLib/Fluid/BaseClasses/PartialResistance.mo at line 12, and used in component hydraulic.generation.heatPump.eva.preDro.PartialResistance.
Warning: The variable building.ARoo=0 is not in range [0.1,1e+100].
Ignoring range
Warning: The variable ventilation.generation.m_flow_nominal[1]=0 is not in range [1e-15,1e+100].
Ignoring range
 
Statistics
 
Original Model
  Number of components: 1446
  Variables: 13905
  Constants: 227 (228 scalars)
  Parameters: 6499 (8226 scalars)
  Unknowns: 7179 (7278 scalars)
  Differentiated variables: 139 scalars
  Equations: 5922
  Nontrivial: 4949
Translated Model
  Constants: 5322 scalars
  Free parameters: 1240 scalars
  Parameter depending: 2943 scalars
  Outputs: 46 scalars
  Continuous time states: 110 scalars
  Time-varying variables: 1746 scalars
  Alias variables: 4481 scalars
  Assumed default initial conditions: 46
  Number of mixed real/discrete systems of equations: 0
  Sizes of linear systems of equations: {2, 2, 2, 2, 2, 2, 3, 2, 2, 2, 2, 3, 3, 2, 2, 2, 2, 3, 4, 2, 2, 4, 3, 2, 2, 4, 3,   2, 2, 2, 2, 2, 2, 2, 2, 4, 3, 4, 3, 2, 2, 2, 2, 4, 4}
  Sizes after manipulation of the linear systems: {0, 0, 0, 0, 0, 0, 0, 0, 0, 0, 0, 0, 0, 0, 0, 0, 0, 0, 0, 0, 0, 0, 0, 0, 0, 0, 0,   0, 0, 0, 0, 0, 0, 0, 0, 0, 0, 0, 0, 0, 0, 0, 0, 0, 0}
  Sizes of nonlinear systems of equations: {13, 59, 6, 6, 6, 6, 3, 1, 1, 1, 1, 1, 1, 1, 1}
  Sizes after manipulation of the nonlinear systems: {1, 6, 1, 1, 1, 1, 1, 0, 1, 0, 1, 0, 1, 1, 1}
  Number of numerical Jacobians: 0
  Initialization problem
    Sizes of linear systems of equations: {2, 2, 2, 2, 2, 2}
    Sizes after manipulation of the linear systems: {0, 0, 0, 0, 0, 0}
    Sizes of nonlinear systems of equations: {2, 1, 11, 70, 13, 1, 1}
    Sizes after manipulation of the nonlinear systems: {0, 0, 5, 7, 2, 1, 1}
    Number of numerical Jacobians: 0
 
Selected continuous time states
Statically selected continuous time states
  building.comCalCooOpe[1].intDisCom.y
  building.comCalHeaOpe[1].intDisCom.y
  building.comfortCalculatorCool[1].intDisCom.y
  building.comfortCalculatorHea[1].intDisCom.y
  building.intKPICal[1].integrator2.y
  building.intKPICalTraGain2[1].integrator2.y
  building.intKPICalTraGain[1].integrator2.y
  building.intKPICalTraLoss2[1].integrator2.y
  building.intKPICalTraLoss[1].integrator2.y
  building.intKPICalVentGain[1].integrator2.y
  building.intKPICalVentLoss[1].integrator2.y
  building.thermalZone[1].ROM.extWallRC.thermCapExt[1].T
  building.thermalZone[1].ROM.floorRC.thermCapExt[1].T
  building.thermalZone[1].ROM.intWallRC.thermCapInt[1].T
  building.thermalZone[1].ROM.roofRC.thermCapExt[1].T
  building.thermalZone[1].ROM.volAir.dynBal.m
  building.thermalZone[1].ROM.volAir.dynBal.mXi[1]
  building.thermalZone[1].ROM.volAir.dynBal.U
  building.thermalZone[1].ventCont.dEMA.ExpAVG.x[1]
  building.thermalZone[1].ventCont.dEMA.ExpAVG1.x[1]
  DHW.integralKPICalculator.integrator2.y
  DHW.pump.vol.dynBal.U
  electrical.distribution.eneKPIGen.integrator2.y
  electrical.distribution.eneKPILoa.integrator2.y
  hydraulic.control.boiPIDCtrl.intAbs.y
  hydraulic.control.boiPIDCtrl.intSqu.y
  hydraulic.control.boiPIDCtrl.PID.D.x
  hydraulic.control.boiPIDCtrl.PID.I.y
  hydraulic.control.priGenPIDCtrl.intAbs.y
  hydraulic.control.priGenPIDCtrl.intSqu.y
  hydraulic.control.priGenPIDCtrl.PID.D.x
  hydraulic.control.priGenPIDCtrl.PID.I.y
  hydraulic.control.valCtrl.PI[1].I.y
  hydraulic.distribution.boi.senTCold.T
  hydraulic.distribution.boi.senTHot.T
  hydraulic.distribution.boi.vol.dynBal.U
  hydraulic.distribution.eneKPICalAftBufBoi.integrator2.y
  hydraulic.distribution.eneKPICalBuf.integrator2.y
  hydraulic.distribution.eneKPICalDHW.integrator2.y
  hydraulic.distribution.KPIBoi.integrator2.y
  hydraulic.distribution.senTBuiSup.T
  hydraulic.distribution.stoBuf.bottomCover.loadIns.T
  hydraulic.distribution.stoBuf.bottomCover.loadWall.T
  hydraulic.distribution.stoBuf.layer[1].dynBal.U
  hydraulic.distribution.stoBuf.layer[2].dynBal.U
  hydraulic.distribution.stoBuf.layer[3].dynBal.U
  hydraulic.distribution.stoBuf.layer[4].dynBal.U
  hydraulic.distribution.stoBuf.storageMantle[1].Insulation.CylindricLoad1.heatCapacitor.T
  hydraulic.distribution.stoBuf.storageMantle[1].Wall.CylindricLoad1.heatCapacitor.T
  hydraulic.distribution.stoBuf.storageMantle[2].Insulation.CylindricLoad1.heatCapacitor.T
  hydraulic.distribution.stoBuf.storageMantle[2].Wall.CylindricLoad1.heatCapacitor.T
  hydraulic.distribution.stoBuf.storageMantle[3].Insulation.CylindricLoad1.heatCapacitor.T
  hydraulic.distribution.stoBuf.storageMantle[3].Wall.CylindricLoad1.heatCapacitor.T
  hydraulic.distribution.stoBuf.storageMantle[4].Insulation.CylindricLoad1.heatCapacitor.T
  hydraulic.distribution.stoBuf.storageMantle[4].Wall.CylindricLoad1.heatCapacitor.T
  hydraulic.distribution.stoBuf.topCover.loadIns.T
  hydraulic.distribution.stoBuf.topCover.loadWall.T
  hydraulic.distribution.stoDHW.bottomCover.loadIns.T
  hydraulic.distribution.stoDHW.bottomCover.loadWall.T
  hydraulic.distribution.stoDHW.heatingCoil1.pipe[1].del.x
  hydraulic.distribution.stoDHW.heatingCoil1.pipe[1].timDel.x
  hydraulic.distribution.stoDHW.heatingCoil1.pipe[1].vol_a.dynBal.U
  hydraulic.distribution.stoDHW.heatingCoil1.pipe[1].vol_b.dynBal.U
  hydraulic.distribution.stoDHW.heatingCoil1.pipe[2].del.x
  hydraulic.distribution.stoDHW.heatingCoil1.pipe[2].timDel.x
  hydraulic.distribution.stoDHW.heatingCoil1.pipe[2].vol_a.dynBal.U
  hydraulic.distribution.stoDHW.heatingCoil1.pipe[2].vol_b.dynBal.U
  hydraulic.distribution.stoDHW.heatingCoil1.pipe[3].del.x
  hydraulic.distribution.stoDHW.heatingCoil1.pipe[3].timDel.x
  hydraulic.distribution.stoDHW.heatingCoil1.pipe[3].vol_a.dynBal.U
  hydraulic.distribution.stoDHW.heatingCoil1.pipe[3].vol_b.dynBal.U
  hydraulic.distribution.stoDHW.heatingCoil1.pipe[4].del.x
  hydraulic.distribution.stoDHW.heatingCoil1.pipe[4].timDel.x
  hydraulic.distribution.stoDHW.heatingCoil1.pipe[4].vol_a.dynBal.U
  hydraulic.distribution.stoDHW.heatingCoil1.pipe[4].vol_b.dynBal.U
  hydraulic.distribution.stoDHW.layer[1].dynBal.U
  hydraulic.distribution.stoDHW.layer[2].dynBal.U
  hydraulic.distribution.stoDHW.layer[3].dynBal.U
  hydraulic.distribution.stoDHW.layer[4].dynBal.U
  hydraulic.distribution.stoDHW.storageMantle[1].Insulation.CylindricLoad1.heatCapacitor.T
  hydraulic.distribution.stoDHW.storageMantle[1].Wall.CylindricLoad1.heatCapacitor.T
  hydraulic.distribution.stoDHW.storageMantle[2].Insulation.CylindricLoad1.heatCapacitor.T
  hydraulic.distribution.stoDHW.storageMantle[2].Wall.CylindricLoad1.heatCapacitor.T
  hydraulic.distribution.stoDHW.storageMantle[3].Insulation.CylindricLoad1.heatCapacitor.T
  hydraulic.distribution.stoDHW.storageMantle[3].Wall.CylindricLoad1.heatCapacitor.T
  hydraulic.distribution.stoDHW.storageMantle[4].Insulation.CylindricLoad1.heatCapacitor.T
  hydraulic.distribution.stoDHW.storageMantle[4].Wall.CylindricLoad1.heatCapacitor.T
  hydraulic.distribution.stoDHW.topCover.loadIns.T
  hydraulic.distribution.stoDHW.topCover.loadWall.T
  hydraulic.distribution.threeWayValveWithFlowReturn.threWayValFlow.vol.dynBal.U
  hydraulic.generation.heatPump.con.vol.dynBal.U
  hydraulic.generation.heatPump.eva.vol.dynBal.mXi[1]
  hydraulic.generation.heatPump.eva.vol.dynBal.U
  hydraulic.generation.heatPump.senT_a1.T
  hydraulic.generation.heatPump.senT_a2.T
  hydraulic.generation.heatPump.senT_b1.T
  hydraulic.generation.heatPump.senT_b2.T
  hydraulic.generation.KPIHeaPum.integrator1.y
  hydraulic.generation.KPIHeaPum.integrator3.y
  hydraulic.generation.KPIQHP.integrator2.y
  hydraulic.generation.KPIWel.integrator2.y
  hydraulic.generation.pump.vol.dynBal.U
  hydraulic.generation.senTGenOut.T
  hydraulic.transfer.intKPICalHeaFlo.integrator2.y
  hydraulic.transfer.pumFixMFlo[1].vol.dynBal.U
  hydraulic.transfer.rad[1].vol[1].dynBal.U
  hydraulic.transfer.rad[1].vol[2].dynBal.U
  hydraulic.transfer.rad[1].vol[3].dynBal.U
  hydraulic.transfer.rad[1].vol[4].dynBal.U
  hydraulic.transfer.rad[1].vol[5].dynBal.U
 
Warning: WARNINGS have been issued.
Finished
 = true

    
Declaring variable: Boolean rScript ;

savelog("BESMod.Examples.HeatPumpAndBoiler.AfterBufferWithoutDHW.translation.log"); = true


rCheck = checkModel("BESMod.Examples.HeatPumpAndBoiler.Serial");
Check of BESMod.Examples.HeatPumpAndBoiler.Serial:
Warning: Non-literal value.
In nominal attribute for hydraulic.generation.heatPump.con.preDro.m_flow.
Ignoring nominal attribute.
In class Modelica.Units.SI.
  Near file: /opt/dymola-2022-x86_64/Modelica/Library/Modelica 4.0.0/Units.mo, line 237
Used in base-class hydraulic.generation.heatPump.con.preDro.PartialTwoPortInterface.
  Near file: /builds/EBC/EBC_all/github_ci/BESMod/installed_dependencies/AixLib/AixLib/Fluid/BaseClasses/PartialResistance.mo, line 3
Warning: Non-literal value.
In nominal attribute for hydraulic.generation.heatPump.eva.preDro.m_flow.
Ignoring nominal attribute.
In class Modelica.Units.SI.
  Near file: /opt/dymola-2022-x86_64/Modelica/Library/Modelica 4.0.0/Units.mo, line 237
Used in base-class hydraulic.generation.heatPump.eva.preDro.PartialTwoPortInterface.
  Near file: /builds/EBC/EBC_all/github_ci/BESMod/installed_dependencies/AixLib/AixLib/Fluid/BaseClasses/PartialResistance.mo, line 3
Warning: Non-literal value.
In nominal attribute for hydraulic.generation.boi.pressureDrop.dp.
Ignoring nominal attribute.
In class Modelica.Units.SI.
  Near file: /opt/dymola-2022-x86_64/Modelica/Library/Modelica 4.0.0/Units.mo, line 237
Used in base-class hydraulic.generation.boi.pressureDrop.PartialTwoPortInterface.
  Near file: /builds/EBC/EBC_all/github_ci/BESMod/installed_dependencies/AixLib/AixLib/Fluid/BaseClasses/PartialResistance.mo, line 3
Warning: The variable hydraulic.generation.heatPump.innerCycle.PerformanceDataHPCooling.sigBus.nSet is part of an expandable connector, and was only used outside of connect. That is not legal since we cannot determine its causality.
Warning: The variable hydraulic.generation.heatPump.innerCycle.PerformanceDataHPCooling.sigBus.TConInMea is part of an expandable connector, and was only used outside of connect. That is not legal since we cannot determine its causality.
Warning: The variable hydraulic.generation.heatPump.innerCycle.PerformanceDataHPCooling.sigBus.TEvaOutMea is part of an expandable connector, and was only used outside of connect. That is not legal since we cannot determine its causality.
Warning: The variable hydraulic.generation.heatPump.innerCycle.PerformanceDataHPCooling.sigBus.m_flowEvaMea is part of an expandable connector, and was only used outside of connect. That is not legal since we cannot determine its causality.
Warning: The variable hydraulic.generation.heatPump.innerCycle.PerformanceDataHPCooling.sigBus.m_flowConMea is part of an expandable connector, and was only used outside of connect. That is not legal since we cannot determine its causality.
The model has the same number of unknowns and equations: 6267
The model has the same number of unknowns and equations
for the given numerical settings of parameters: 6267
Check of BESMod.Examples.HeatPumpAndBoiler.Serial successful.
Warning: WARNINGS have been issued.
Declaring variable: Boolean rCheck ;

Modelica.Utilities.Streams.print("    { \"file\" :  \"BESMod/Resources/Scripts/Dymola/Examples/HeatPumpAndBoiler/Serial.mos\",", "BESMod.Examples.HeatPumpAndBoiler.Serial.statistics.log");
Modelica.Utilities.Streams.print("      \"model\" : \"BESMod.Examples.HeatPumpAndBoiler.Serial\",", "BESMod.Examples.HeatPumpAndBoiler.Serial.statistics.log");
Modelica.Utilities.Streams.print("      \"check\" : {", "BESMod.Examples.HeatPumpAndBoiler.Serial.statistics.log");
Modelica.Utilities.Streams.print("        \"command\" : \"checkModel(\\\"BESMod.Examples.HeatPumpAndBoiler.Serial\\\");\",", "BESMod.Examples.HeatPumpAndBoiler.Serial.statistics.log");
Modelica.Utilities.Streams.print("        \"result\"  : " + String(rCheck), "BESMod.Examples.HeatPumpAndBoiler.Serial.statistics.log");
Modelica.Utilities.Streams.print("      },", "BESMod.Examples.HeatPumpAndBoiler.Serial.statistics.log");


rScript=RunScript("modelica://BESMod/Resources/Scripts/Dymola/Examples/HeatPumpAndBoiler/Serial.mos");

simulateModel("BESMod.Examples.HeatPumpAndBoiler.Serial", stopTime=172800, method="dassl", tolerance=1e-06, resultFile="BESMod.Examples.HeatPumpAndBoiler.Serial");
Translation of BESMod.Examples.HeatPumpAndBoiler.Serial:
Warning: Non-literal value.
In nominal attribute for hydraulic.generation.heatPump.con.preDro.m_flow.
Ignoring nominal attribute.
In class Modelica.Units.SI.
  Near file: /opt/dymola-2022-x86_64/Modelica/Library/Modelica 4.0.0/Units.mo, line 237
Used in base-class hydraulic.generation.heatPump.con.preDro.PartialTwoPortInterface.
  Near file: /builds/EBC/EBC_all/github_ci/BESMod/installed_dependencies/AixLib/AixLib/Fluid/BaseClasses/PartialResistance.mo, line 3
Warning: Non-literal value.
In nominal attribute for hydraulic.generation.heatPump.eva.preDro.m_flow.
Ignoring nominal attribute.
In class Modelica.Units.SI.
  Near file: /opt/dymola-2022-x86_64/Modelica/Library/Modelica 4.0.0/Units.mo, line 237
Used in base-class hydraulic.generation.heatPump.eva.preDro.PartialTwoPortInterface.
  Near file: /builds/EBC/EBC_all/github_ci/BESMod/installed_dependencies/AixLib/AixLib/Fluid/BaseClasses/PartialResistance.mo, line 3
Warning: Non-literal value.
In nominal attribute for hydraulic.generation.boi.pressureDrop.dp.
Ignoring nominal attribute.
In class Modelica.Units.SI.
  Near file: /opt/dymola-2022-x86_64/Modelica/Library/Modelica 4.0.0/Units.mo, line 237
Used in base-class hydraulic.generation.boi.pressureDrop.PartialTwoPortInterface.
  Near file: /builds/EBC/EBC_all/github_ci/BESMod/installed_dependencies/AixLib/AixLib/Fluid/BaseClasses/PartialResistance.mo, line 3
Warning: The variable hydraulic.generation.heatPump.innerCycle.PerformanceDataHPCooling.sigBus.nSet is part of an expandable connector, and was only used outside of connect. That is not legal since we cannot determine its causality.
Warning: The variable hydraulic.generation.heatPump.innerCycle.PerformanceDataHPCooling.sigBus.TConInMea is part of an expandable connector, and was only used outside of connect. That is not legal since we cannot determine its causality.
Warning: The variable hydraulic.generation.heatPump.innerCycle.PerformanceDataHPCooling.sigBus.TEvaOutMea is part of an expandable connector, and was only used outside of connect. That is not legal since we cannot determine its causality.
Warning: The variable hydraulic.generation.heatPump.innerCycle.PerformanceDataHPCooling.sigBus.m_flowEvaMea is part of an expandable connector, and was only used outside of connect. That is not legal since we cannot determine its causality.
Warning: The variable hydraulic.generation.heatPump.innerCycle.PerformanceDataHPCooling.sigBus.m_flowConMea is part of an expandable connector, and was only used outside of connect. That is not legal since we cannot determine its causality.
The DAE has 6267 scalar unknowns and 6267 scalar equations.
Warning: The initial conditions are not fully specified.
Dymola has selected default initial conditions.
Warning: Assuming fixed start value for the continuous states:
    DHW.pump.vol.dynBal.U(start = 4165531.824*(DHW.pump.vol.dynBal.fluidVolume*(      DHW.pump.vol.dynBal.T_start-273.15)))
    hydraulic.distribution.stoBuf.layer[1].dynBal.U(start = 83310636.48*      hydraulic.distribution.stoBuf.layer[1].dynBal.fluidVolume)
    hydraulic.distribution.stoBuf.layer[2].dynBal.U(start = 83310636.48*      hydraulic.distribution.stoBuf.layer[2].dynBal.fluidVolume)
    hydraulic.distribution.stoBuf.layer[3].dynBal.U(start = 83310636.48*      hydraulic.distribution.stoBuf.layer[3].dynBal.fluidVolume)
    hydraulic.distribution.stoBuf.layer[4].dynBal.U(start = 83310636.48*      hydraulic.distribution.stoBuf.layer[4].dynBal.fluidVolume)
    hydraulic.distribution.stoBuf.layer_HE[1].dynBal.U(start = 83310636.48*      hydraulic.distribution.stoBuf.layer_HE[1].dynBal.fluidVolume)
    hydraulic.distribution.stoBuf.layer_HE[2].dynBal.U(start = 83310636.48*      hydraulic.distribution.stoBuf.layer_HE[2].dynBal.fluidVolume)
    hydraulic.distribution.stoBuf.layer_HE[3].dynBal.U(start = 83310636.48*      hydraulic.distribution.stoBuf.layer_HE[3].dynBal.fluidVolume)
    hydraulic.distribution.stoBuf.layer_HE[4].dynBal.U(start = 83310636.48*      hydraulic.distribution.stoBuf.layer_HE[4].dynBal.fluidVolume)
    hydraulic.distribution.stoDHW.layer[1].dynBal.U(start = 208276591.2*      hydraulic.distribution.stoDHW.layer[1].dynBal.fluidVolume)
    hydraulic.distribution.stoDHW.layer[2].dynBal.U(start = 208276591.2*      hydraulic.distribution.stoDHW.layer[2].dynBal.fluidVolume)
    hydraulic.distribution.stoDHW.layer[3].dynBal.U(start = 208276591.2*      hydraulic.distribution.stoDHW.layer[3].dynBal.fluidVolume)
    hydraulic.distribution.stoDHW.layer[4].dynBal.U(start = 208276591.2*      hydraulic.distribution.stoDHW.layer[4].dynBal.fluidVolume)
    hydraulic.distribution.stoDHW.layer_HE[1].dynBal.U(start = 208276591.2*      hydraulic.distribution.stoDHW.layer_HE[1].dynBal.fluidVolume)
    hydraulic.distribution.stoDHW.layer_HE[2].dynBal.U(start = 208276591.2*      hydraulic.distribution.stoDHW.layer_HE[2].dynBal.fluidVolume)
    hydraulic.distribution.stoDHW.layer_HE[3].dynBal.U(start = 208276591.2*      hydraulic.distribution.stoDHW.layer_HE[3].dynBal.fluidVolume)
    hydraulic.distribution.stoDHW.layer_HE[4].dynBal.U(start = 208276591.2*      hydraulic.distribution.stoDHW.layer_HE[4].dynBal.fluidVolume)
    hydraulic.distribution.threeWayValveWithFlowReturn.threWayValFlow.vol.dynBal.U      (start = 83310636.48*hydraulic.distribution.threeWayValveWithFlowReturn.threWayValFlow.vol.dynBal.fluidVolume)
    hydraulic.generation.heatPump.con.vol.dynBal.U(start = 83310636.48*      hydraulic.generation.heatPump.con.vol.dynBal.fluidVolume)
    hydraulic.generation.heatPump.eva.vol.dynBal.mXi[](each start = 1.2*(      hydraulic.generation.heatPump.eva.vol.dynBal.fluidVolume*hydraulic.generation.heatPump.eva.vol.dynBal.X_start[1]))
    hydraulic.generation.heatPump.eva.vol.dynBal.U(start = (-80808.92039999993)*      hydraulic.generation.heatPump.eva.vol.dynBal.fluidVolume)
    hydraulic.generation.pump.vol.dynBal.U(start = 83310636.48*hydraulic.generation.pump.vol.dynBal.fluidVolume)
    hydraulic.transfer.pumFixMFlo[1].vol.dynBal.U(start = 83310636.48*      hydraulic.transfer.pumFixMFlo[1].vol.dynBal.fluidVolume)
    hydraulic.transfer.rad[1].vol[1].dynBal.U(start = 1586785.2032094253)
    hydraulic.transfer.rad[1].vol[2].dynBal.U(start = 1586785.2032094253)
    hydraulic.transfer.rad[1].vol[3].dynBal.U(start = 1586785.2032094253)
    hydraulic.transfer.rad[1].vol[4].dynBal.U(start = 1586785.2032094253)
    hydraulic.transfer.rad[1].vol[5].dynBal.U(start = 1586785.2032094253)
 
Warning: A call of loadResource with a non-literal string hydraulic.generation.heatPump.innerCycle.PerformanceDataHPHeating.Table_QCon.filename remains in the generated code.
This could be caused by incorrectly calling loadResource on the result of loadResource, but apart from that it will not work for an URI.
Warning: A call of loadResource with a non-literal string hydraulic.generation.heatPump.innerCycle.PerformanceDataHPHeating.Table_COP.filename remains in the generated code.
This could be caused by incorrectly calling loadResource on the result of loadResource, but apart from that it will not work for an URI.
Warning: The conditions of the following assert statements are always false:
Warning:   assert(hydraulic.generation.heatPump.con.preDro.homotopyInitialization,     "In Serial.hydraulic.generation.heatPump.con.preDro: The constant homotopyInitialization has been modified from its default value. This constant will be removed in future releases.",     AssertionLevel.warning);
    The variable hydraulic.generation.heatPump.con.preDro.homotopyInitialization = false, was declared in class AixLib.Fluid.BaseClasses.PartialResistance, /builds/EBC/EBC_all/github_ci/BESMod/installed_dependencies/AixLib/AixLib/Fluid/BaseClasses/PartialResistance.mo at line 12, and used in component hydraulic.generation.heatPump.con.preDro.PartialResistance.
Warning:   assert(hydraulic.generation.heatPump.eva.preDro.homotopyInitialization,     "In Serial.hydraulic.generation.heatPump.eva.preDro: The constant homotopyInitialization has been modified from its default value. This constant will be removed in future releases.",     AssertionLevel.warning);
    The variable hydraulic.generation.heatPump.eva.preDro.homotopyInitialization = false, was declared in class AixLib.Fluid.BaseClasses.PartialResistance, /builds/EBC/EBC_all/github_ci/BESMod/installed_dependencies/AixLib/AixLib/Fluid/BaseClasses/PartialResistance.mo at line 12, and used in component hydraulic.generation.heatPump.eva.preDro.PartialResistance.
Warning: The variable building.ARoo=0 is not in range [0.1,1e+100].
Ignoring range
Warning: The variable ventilation.generation.m_flow_nominal[1]=0 is not in range [1e-15,1e+100].
Ignoring range
 
Statistics
 
Original Model
  Number of components: 1260
  Variables: 11568
  Constants: 223 (224 scalars)
  Parameters: 5125 (6843 scalars)
  Unknowns: 6220 (6418 scalars)
  Differentiated variables: 106 scalars
  Equations: 5187
  Nontrivial: 4317
Translated Model
  Constants: 4697 scalars
  Free parameters: 1145 scalars
  Parameter depending: 2264 scalars
  Outputs: 46 scalars
  Continuous time states: 77 scalars
  Time-varying variables: 1503 scalars
  Alias variables: 3876 scalars
  Assumed default initial conditions: 28
  Number of mixed real/discrete systems of equations: 0
  Sizes of linear systems of equations: {2, 2, 2, 2, 2, 2, 4, 4, 4}
  Sizes after manipulation of the linear systems: {0, 0, 0, 0, 0, 0, 0, 0, 0}
  Sizes of nonlinear systems of equations: {10, 59, 3, 1, 1, 1, 1, 1, 1, 1, 1}
  Sizes after manipulation of the nonlinear systems: {2, 6, 1, 0, 1, 0, 1, 0, 1, 1, 1}
  Number of numerical Jacobians: 0
  Initialization problem
    Sizes of linear systems of equations: {2, 2, 2, 2, 2, 2}
    Sizes after manipulation of the linear systems: {0, 0, 0, 0, 0, 0}
    Sizes of nonlinear systems of equations: {2, 1, 11, 70, 10, 1, 1, 1, 1}
    Sizes after manipulation of the nonlinear systems: {0, 0, 5, 7, 2, 0, 0, 1, 1}
    Number of numerical Jacobians: 0
 
Selected continuous time states
Statically selected continuous time states
  building.comCalCooOpe[1].intDisCom.y
  building.comCalHeaOpe[1].intDisCom.y
  building.comfortCalculatorCool[1].intDisCom.y
  building.comfortCalculatorHea[1].intDisCom.y
  building.intKPICal[1].integrator2.y
  building.intKPICalTraGain2[1].integrator2.y
  building.intKPICalTraGain[1].integrator2.y
  building.intKPICalTraLoss2[1].integrator2.y
  building.intKPICalTraLoss[1].integrator2.y
  building.intKPICalVentGain[1].integrator2.y
  building.intKPICalVentLoss[1].integrator2.y
  building.thermalZone[1].ROM.extWallRC.thermCapExt[1].T
  building.thermalZone[1].ROM.floorRC.thermCapExt[1].T
  building.thermalZone[1].ROM.intWallRC.thermCapInt[1].T
  building.thermalZone[1].ROM.roofRC.thermCapExt[1].T
  building.thermalZone[1].ROM.volAir.dynBal.m
  building.thermalZone[1].ROM.volAir.dynBal.mXi[1]
  building.thermalZone[1].ROM.volAir.dynBal.U
  building.thermalZone[1].ventCont.dEMA.ExpAVG.x[1]
  building.thermalZone[1].ventCont.dEMA.ExpAVG1.x[1]
  DHW.integralKPICalculator.integrator2.y
  DHW.pump.vol.dynBal.U
  electrical.distribution.eneKPIGen.integrator2.y
  electrical.distribution.eneKPILoa.integrator2.y
  hydraulic.control.boiPIDCtrl.intAbs.y
  hydraulic.control.boiPIDCtrl.intSqu.y
  hydraulic.control.boiPIDCtrl.PID.D.x
  hydraulic.control.boiPIDCtrl.PID.I.y
  hydraulic.control.priGenPIDCtrl.intAbs.y
  hydraulic.control.priGenPIDCtrl.intSqu.y
  hydraulic.control.priGenPIDCtrl.PID.D.x
  hydraulic.control.priGenPIDCtrl.PID.I.y
  hydraulic.control.valCtrl.PI[1].I.y
  hydraulic.distribution.eneKPICalBuf.integrator2.y
  hydraulic.distribution.eneKPICalDHW.integrator2.y
  hydraulic.distribution.stoBuf.layer[1].dynBal.U
  hydraulic.distribution.stoBuf.layer[2].dynBal.U
  hydraulic.distribution.stoBuf.layer[3].dynBal.U
  hydraulic.distribution.stoBuf.layer[4].dynBal.U
  hydraulic.distribution.stoBuf.layer_HE[1].dynBal.U
  hydraulic.distribution.stoBuf.layer_HE[2].dynBal.U
  hydraulic.distribution.stoBuf.layer_HE[3].dynBal.U
  hydraulic.distribution.stoBuf.layer_HE[4].dynBal.U
  hydraulic.distribution.stoDHW.layer[1].dynBal.U
  hydraulic.distribution.stoDHW.layer[2].dynBal.U
  hydraulic.distribution.stoDHW.layer[3].dynBal.U
  hydraulic.distribution.stoDHW.layer[4].dynBal.U
  hydraulic.distribution.stoDHW.layer_HE[1].dynBal.U
  hydraulic.distribution.stoDHW.layer_HE[2].dynBal.U
  hydraulic.distribution.stoDHW.layer_HE[3].dynBal.U
  hydraulic.distribution.stoDHW.layer_HE[4].dynBal.U
  hydraulic.distribution.threeWayValveWithFlowReturn.threWayValFlow.vol.dynBal.U
  hydraulic.generation.boi.senTCold.T
  hydraulic.generation.boi.senTHot.T
  hydraulic.generation.boi.vol.dynBal.U
  hydraulic.generation.heatPump.con.vol.dynBal.U
  hydraulic.generation.heatPump.eva.vol.dynBal.mXi[1]
  hydraulic.generation.heatPump.eva.vol.dynBal.U
  hydraulic.generation.heatPump.senT_a1.T
  hydraulic.generation.heatPump.senT_a2.T
  hydraulic.generation.heatPump.senT_b1.T
  hydraulic.generation.heatPump.senT_b2.T
  hydraulic.generation.KPIBoi.integrator2.y
  hydraulic.generation.KPIBoiFue.integrator2.y
  hydraulic.generation.KPIHeaPum.integrator1.y
  hydraulic.generation.KPIHeaPum.integrator3.y
  hydraulic.generation.KPIQHP.integrator2.y
  hydraulic.generation.KPIWel.integrator2.y
  hydraulic.generation.pump.vol.dynBal.U
  hydraulic.generation.senTGenOut.T
  hydraulic.transfer.intKPICalHeaFlo.integrator2.y
  hydraulic.transfer.pumFixMFlo[1].vol.dynBal.U
  hydraulic.transfer.rad[1].vol[1].dynBal.U
  hydraulic.transfer.rad[1].vol[2].dynBal.U
  hydraulic.transfer.rad[1].vol[3].dynBal.U
  hydraulic.transfer.rad[1].vol[4].dynBal.U
  hydraulic.transfer.rad[1].vol[5].dynBal.U
 
Warning: WARNINGS have been issued.
Finished
 = true

    
Declaring variable: Boolean rScript ;

savelog("BESMod.Examples.HeatPumpAndBoiler.Serial.translation.log"); = true


rCheck = checkModel("BESMod.Examples.HeatPumpAndBoiler.AfterBufferWithDHW");
Check of BESMod.Examples.HeatPumpAndBoiler.AfterBufferWithDHW:
Warning: Non-literal value.
In nominal attribute for hydraulic.generation.heatPump.con.preDro.m_flow.
Ignoring nominal attribute.
In class Modelica.Units.SI.
  Near file: /opt/dymola-2022-x86_64/Modelica/Library/Modelica 4.0.0/Units.mo, line 237
Used in base-class hydraulic.generation.heatPump.con.preDro.PartialTwoPortInterface.
  Near file: /builds/EBC/EBC_all/github_ci/BESMod/installed_dependencies/AixLib/AixLib/Fluid/BaseClasses/PartialResistance.mo, line 3
Warning: Non-literal value.
In nominal attribute for hydraulic.generation.heatPump.eva.preDro.m_flow.
Ignoring nominal attribute.
In class Modelica.Units.SI.
  Near file: /opt/dymola-2022-x86_64/Modelica/Library/Modelica 4.0.0/Units.mo, line 237
Used in base-class hydraulic.generation.heatPump.eva.preDro.PartialTwoPortInterface.
  Near file: /builds/EBC/EBC_all/github_ci/BESMod/installed_dependencies/AixLib/AixLib/Fluid/BaseClasses/PartialResistance.mo, line 3
Warning: Non-literal value.
In nominal attribute for hydraulic.distribution.stoDHW.heatingCoil1.pipe[1].res.dp.
Ignoring nominal attribute.
In class Modelica.Units.SI.
  Near file: /opt/dymola-2022-x86_64/Modelica/Library/Modelica 4.0.0/Units.mo, line 237
Used in base-class hydraulic.distribution.stoDHW.heatingCoil1.pipe.res.PartialTwoPortInterface.
  Near file: /builds/EBC/EBC_all/github_ci/BESMod/installed_dependencies/AixLib/AixLib/Fluid/BaseClasses/PartialResistance.mo, line 3
Warning: Non-literal value.
In nominal attribute for hydraulic.distribution.stoDHW.heatingCoil1.pipe[2].res.dp.
Ignoring nominal attribute.
In class Modelica.Units.SI.
  Near file: /opt/dymola-2022-x86_64/Modelica/Library/Modelica 4.0.0/Units.mo, line 237
Used in base-class hydraulic.distribution.stoDHW.heatingCoil1.pipe.res.PartialTwoPortInterface.
  Near file: /builds/EBC/EBC_all/github_ci/BESMod/installed_dependencies/AixLib/AixLib/Fluid/BaseClasses/PartialResistance.mo, line 3
Warning: Non-literal value.
In nominal attribute for hydraulic.distribution.stoDHW.heatingCoil1.pipe[3].res.dp.
Ignoring nominal attribute.
In class Modelica.Units.SI.
  Near file: /opt/dymola-2022-x86_64/Modelica/Library/Modelica 4.0.0/Units.mo, line 237
Used in base-class hydraulic.distribution.stoDHW.heatingCoil1.pipe.res.PartialTwoPortInterface.
  Near file: /builds/EBC/EBC_all/github_ci/BESMod/installed_dependencies/AixLib/AixLib/Fluid/BaseClasses/PartialResistance.mo, line 3
Warning: Non-literal value.
In nominal attribute for hydraulic.distribution.stoDHW.heatingCoil1.pipe[4].res.dp.
Ignoring nominal attribute.
In class Modelica.Units.SI.
  Near file: /opt/dymola-2022-x86_64/Modelica/Library/Modelica 4.0.0/Units.mo, line 237
Used in base-class hydraulic.distribution.stoDHW.heatingCoil1.pipe.res.PartialTwoPortInterface.
  Near file: /builds/EBC/EBC_all/github_ci/BESMod/installed_dependencies/AixLib/AixLib/Fluid/BaseClasses/PartialResistance.mo, line 3
Warning: Non-literal value.
In nominal attribute for hydraulic.distribution.boi.pressureDrop.dp.
Ignoring nominal attribute.
In class Modelica.Units.SI.
  Near file: /opt/dymola-2022-x86_64/Modelica/Library/Modelica 4.0.0/Units.mo, line 237
Used in base-class hydraulic.distribution.boi.pressureDrop.PartialTwoPortInterface.
  Near file: /builds/EBC/EBC_all/github_ci/BESMod/installed_dependencies/AixLib/AixLib/Fluid/BaseClasses/PartialResistance.mo, line 3
Warning: Non-literal value.
In nominal attribute for hydraulic.distribution.stoDHW.heatingCoil2.pipe[1].res.dp.
Ignoring nominal attribute.
In class Modelica.Units.SI.
  Near file: /opt/dymola-2022-x86_64/Modelica/Library/Modelica 4.0.0/Units.mo, line 237
Used in base-class hydraulic.distribution.stoDHW.heatingCoil2.pipe.res.PartialTwoPortInterface.
  Near file: /builds/EBC/EBC_all/github_ci/BESMod/installed_dependencies/AixLib/AixLib/Fluid/BaseClasses/PartialResistance.mo, line 3
Warning: Non-literal value.
In nominal attribute for hydraulic.distribution.stoDHW.heatingCoil2.pipe[2].res.dp.
Ignoring nominal attribute.
In class Modelica.Units.SI.
  Near file: /opt/dymola-2022-x86_64/Modelica/Library/Modelica 4.0.0/Units.mo, line 237
Used in base-class hydraulic.distribution.stoDHW.heatingCoil2.pipe.res.PartialTwoPortInterface.
  Near file: /builds/EBC/EBC_all/github_ci/BESMod/installed_dependencies/AixLib/AixLib/Fluid/BaseClasses/PartialResistance.mo, line 3
Warning: Non-literal value.
In nominal attribute for hydraulic.distribution.stoDHW.heatingCoil2.pipe[3].res.dp.
Ignoring nominal attribute.
In class Modelica.Units.SI.
  Near file: /opt/dymola-2022-x86_64/Modelica/Library/Modelica 4.0.0/Units.mo, line 237
Used in base-class hydraulic.distribution.stoDHW.heatingCoil2.pipe.res.PartialTwoPortInterface.
  Near file: /builds/EBC/EBC_all/github_ci/BESMod/installed_dependencies/AixLib/AixLib/Fluid/BaseClasses/PartialResistance.mo, line 3
Warning: Non-literal value.
In nominal attribute for hydraulic.distribution.stoDHW.heatingCoil2.pipe[4].res.dp.
Ignoring nominal attribute.
In class Modelica.Units.SI.
  Near file: /opt/dymola-2022-x86_64/Modelica/Library/Modelica 4.0.0/Units.mo, line 237
Used in base-class hydraulic.distribution.stoDHW.heatingCoil2.pipe.res.PartialTwoPortInterface.
  Near file: /builds/EBC/EBC_all/github_ci/BESMod/installed_dependencies/AixLib/AixLib/Fluid/BaseClasses/PartialResistance.mo, line 3
Warning: The variable hydraulic.generation.heatPump.innerCycle.PerformanceDataHPCooling.sigBus.nSet is part of an expandable connector, and was only used outside of connect. That is not legal since we cannot determine its causality.
Warning: The variable hydraulic.generation.heatPump.innerCycle.PerformanceDataHPCooling.sigBus.TConInMea is part of an expandable connector, and was only used outside of connect. That is not legal since we cannot determine its causality.
Warning: The variable hydraulic.generation.heatPump.innerCycle.PerformanceDataHPCooling.sigBus.TEvaOutMea is part of an expandable connector, and was only used outside of connect. That is not legal since we cannot determine its causality.
Warning: The variable hydraulic.generation.heatPump.innerCycle.PerformanceDataHPCooling.sigBus.m_flowEvaMea is part of an expandable connector, and was only used outside of connect. That is not legal since we cannot determine its causality.
Warning: The variable hydraulic.generation.heatPump.innerCycle.PerformanceDataHPCooling.sigBus.m_flowConMea is part of an expandable connector, and was only used outside of connect. That is not legal since we cannot determine its causality.
The model has the same number of unknowns and equations: 8660
Check of BESMod.Examples.HeatPumpAndBoiler.AfterBufferWithDHW successful.
Warning: WARNINGS have been issued.
Declaring variable: Boolean rCheck ;

Modelica.Utilities.Streams.print("    { \"file\" :  \"BESMod/Resources/Scripts/Dymola/Examples/HeatPumpAndBoiler/AfterBufferWithDHW.mos\",", "BESMod.Examples.HeatPumpAndBoiler.AfterBufferWithDHW.statistics.log");
Modelica.Utilities.Streams.print("      \"model\" : \"BESMod.Examples.HeatPumpAndBoiler.AfterBufferWithDHW\",", "BESMod.Examples.HeatPumpAndBoiler.AfterBufferWithDHW.statistics.log");
Modelica.Utilities.Streams.print("      \"check\" : {", "BESMod.Examples.HeatPumpAndBoiler.AfterBufferWithDHW.statistics.log");
Modelica.Utilities.Streams.print("        \"command\" : \"checkModel(\\\"BESMod.Examples.HeatPumpAndBoiler.AfterBufferWithDHW\\\");\",", "BESMod.Examples.HeatPumpAndBoiler.AfterBufferWithDHW.statistics.log");
Modelica.Utilities.Streams.print("        \"result\"  : " + String(rCheck), "BESMod.Examples.HeatPumpAndBoiler.AfterBufferWithDHW.statistics.log");
Modelica.Utilities.Streams.print("      },", "BESMod.Examples.HeatPumpAndBoiler.AfterBufferWithDHW.statistics.log");


rScript=RunScript("modelica://BESMod/Resources/Scripts/Dymola/Examples/HeatPumpAndBoiler/AfterBufferWithDHW.mos");

simulateModel("BESMod.Examples.HeatPumpAndBoiler.AfterBufferWithDHW", stopTime=172800, method="dassl", tolerance=1e-06, resultFile="BESMod.Examples.HeatPumpAndBoiler.AfterBufferWithDHW");
Translation of BESMod.Examples.HeatPumpAndBoiler.AfterBufferWithDHW:
Warning: Non-literal value.
In nominal attribute for hydraulic.generation.heatPump.con.preDro.m_flow.
Ignoring nominal attribute.
In class Modelica.Units.SI.
  Near file: /opt/dymola-2022-x86_64/Modelica/Library/Modelica 4.0.0/Units.mo, line 237
Used in base-class hydraulic.generation.heatPump.con.preDro.PartialTwoPortInterface.
  Near file: /builds/EBC/EBC_all/github_ci/BESMod/installed_dependencies/AixLib/AixLib/Fluid/BaseClasses/PartialResistance.mo, line 3
Warning: Non-literal value.
In nominal attribute for hydraulic.generation.heatPump.eva.preDro.m_flow.
Ignoring nominal attribute.
In class Modelica.Units.SI.
  Near file: /opt/dymola-2022-x86_64/Modelica/Library/Modelica 4.0.0/Units.mo, line 237
Used in base-class hydraulic.generation.heatPump.eva.preDro.PartialTwoPortInterface.
  Near file: /builds/EBC/EBC_all/github_ci/BESMod/installed_dependencies/AixLib/AixLib/Fluid/BaseClasses/PartialResistance.mo, line 3
Warning: Non-literal value.
In nominal attribute for hydraulic.distribution.stoDHW.heatingCoil1.pipe[1].res.dp.
Ignoring nominal attribute.
In class Modelica.Units.SI.
  Near file: /opt/dymola-2022-x86_64/Modelica/Library/Modelica 4.0.0/Units.mo, line 237
Used in base-class hydraulic.distribution.stoDHW.heatingCoil1.pipe.res.PartialTwoPortInterface.
  Near file: /builds/EBC/EBC_all/github_ci/BESMod/installed_dependencies/AixLib/AixLib/Fluid/BaseClasses/PartialResistance.mo, line 3
Warning: Non-literal value.
In nominal attribute for hydraulic.distribution.stoDHW.heatingCoil1.pipe[2].res.dp.
Ignoring nominal attribute.
In class Modelica.Units.SI.
  Near file: /opt/dymola-2022-x86_64/Modelica/Library/Modelica 4.0.0/Units.mo, line 237
Used in base-class hydraulic.distribution.stoDHW.heatingCoil1.pipe.res.PartialTwoPortInterface.
  Near file: /builds/EBC/EBC_all/github_ci/BESMod/installed_dependencies/AixLib/AixLib/Fluid/BaseClasses/PartialResistance.mo, line 3
Warning: Non-literal value.
In nominal attribute for hydraulic.distribution.stoDHW.heatingCoil1.pipe[3].res.dp.
Ignoring nominal attribute.
In class Modelica.Units.SI.
  Near file: /opt/dymola-2022-x86_64/Modelica/Library/Modelica 4.0.0/Units.mo, line 237
Used in base-class hydraulic.distribution.stoDHW.heatingCoil1.pipe.res.PartialTwoPortInterface.
  Near file: /builds/EBC/EBC_all/github_ci/BESMod/installed_dependencies/AixLib/AixLib/Fluid/BaseClasses/PartialResistance.mo, line 3
Warning: Non-literal value.
In nominal attribute for hydraulic.distribution.stoDHW.heatingCoil1.pipe[4].res.dp.
Ignoring nominal attribute.
In class Modelica.Units.SI.
  Near file: /opt/dymola-2022-x86_64/Modelica/Library/Modelica 4.0.0/Units.mo, line 237
Used in base-class hydraulic.distribution.stoDHW.heatingCoil1.pipe.res.PartialTwoPortInterface.
  Near file: /builds/EBC/EBC_all/github_ci/BESMod/installed_dependencies/AixLib/AixLib/Fluid/BaseClasses/PartialResistance.mo, line 3
Warning: Non-literal value.
In nominal attribute for hydraulic.distribution.boi.pressureDrop.dp.
Ignoring nominal attribute.
In class Modelica.Units.SI.
  Near file: /opt/dymola-2022-x86_64/Modelica/Library/Modelica 4.0.0/Units.mo, line 237
Used in base-class hydraulic.distribution.boi.pressureDrop.PartialTwoPortInterface.
  Near file: /builds/EBC/EBC_all/github_ci/BESMod/installed_dependencies/AixLib/AixLib/Fluid/BaseClasses/PartialResistance.mo, line 3
Warning: Non-literal value.
In nominal attribute for hydraulic.distribution.stoDHW.heatingCoil2.pipe[1].res.dp.
Ignoring nominal attribute.
In class Modelica.Units.SI.
  Near file: /opt/dymola-2022-x86_64/Modelica/Library/Modelica 4.0.0/Units.mo, line 237
Used in base-class hydraulic.distribution.stoDHW.heatingCoil2.pipe.res.PartialTwoPortInterface.
  Near file: /builds/EBC/EBC_all/github_ci/BESMod/installed_dependencies/AixLib/AixLib/Fluid/BaseClasses/PartialResistance.mo, line 3
Warning: Non-literal value.
In nominal attribute for hydraulic.distribution.stoDHW.heatingCoil2.pipe[2].res.dp.
Ignoring nominal attribute.
In class Modelica.Units.SI.
  Near file: /opt/dymola-2022-x86_64/Modelica/Library/Modelica 4.0.0/Units.mo, line 237
Used in base-class hydraulic.distribution.stoDHW.heatingCoil2.pipe.res.PartialTwoPortInterface.
  Near file: /builds/EBC/EBC_all/github_ci/BESMod/installed_dependencies/AixLib/AixLib/Fluid/BaseClasses/PartialResistance.mo, line 3
Warning: Non-literal value.
In nominal attribute for hydraulic.distribution.stoDHW.heatingCoil2.pipe[3].res.dp.
Ignoring nominal attribute.
In class Modelica.Units.SI.
  Near file: /opt/dymola-2022-x86_64/Modelica/Library/Modelica 4.0.0/Units.mo, line 237
Used in base-class hydraulic.distribution.stoDHW.heatingCoil2.pipe.res.PartialTwoPortInterface.
  Near file: /builds/EBC/EBC_all/github_ci/BESMod/installed_dependencies/AixLib/AixLib/Fluid/BaseClasses/PartialResistance.mo, line 3
Warning: Non-literal value.
In nominal attribute for hydraulic.distribution.stoDHW.heatingCoil2.pipe[4].res.dp.
Ignoring nominal attribute.
In class Modelica.Units.SI.
  Near file: /opt/dymola-2022-x86_64/Modelica/Library/Modelica 4.0.0/Units.mo, line 237
Used in base-class hydraulic.distribution.stoDHW.heatingCoil2.pipe.res.PartialTwoPortInterface.
  Near file: /builds/EBC/EBC_all/github_ci/BESMod/installed_dependencies/AixLib/AixLib/Fluid/BaseClasses/PartialResistance.mo, line 3
Warning: The variable hydraulic.generation.heatPump.innerCycle.PerformanceDataHPCooling.sigBus.nSet is part of an expandable connector, and was only used outside of connect. That is not legal since we cannot determine its causality.
Warning: The variable hydraulic.generation.heatPump.innerCycle.PerformanceDataHPCooling.sigBus.TConInMea is part of an expandable connector, and was only used outside of connect. That is not legal since we cannot determine its causality.
Warning: The variable hydraulic.generation.heatPump.innerCycle.PerformanceDataHPCooling.sigBus.TEvaOutMea is part of an expandable connector, and was only used outside of connect. That is not legal since we cannot determine its causality.
Warning: The variable hydraulic.generation.heatPump.innerCycle.PerformanceDataHPCooling.sigBus.m_flowEvaMea is part of an expandable connector, and was only used outside of connect. That is not legal since we cannot determine its causality.
Warning: The variable hydraulic.generation.heatPump.innerCycle.PerformanceDataHPCooling.sigBus.m_flowConMea is part of an expandable connector, and was only used outside of connect. That is not legal since we cannot determine its causality.
The DAE has 8660 scalar unknowns and 8660 scalar equations.
Warning: The initial conditions are not fully specified.
Dymola has selected default initial conditions.
Warning: Assuming fixed start value for the continuous states:
    DHW.pump.vol.dynBal.U(start = 4165531.824*(DHW.pump.vol.dynBal.fluidVolume*(      DHW.pump.vol.dynBal.T_start-273.15)))
    hydraulic.distribution.boi.senTCold.T(start = 293.15)
    hydraulic.distribution.boi.senTHot.T(start = 293.15)
    hydraulic.distribution.hydSep.bottomCover.loadIns.T(start = 293.15)
    hydraulic.distribution.hydSep.bottomCover.loadWall.T(start = 293.15)
    hydraulic.distribution.hydSep.layer[1].dynBal.U(start = 5204035.380269297)
    hydraulic.distribution.hydSep.layer[2].dynBal.U(start = 5204035.380269297)
    hydraulic.distribution.hydSep.layer[3].dynBal.U(start = 5204035.380269297)
    hydraulic.distribution.hydSep.layer[4].dynBal.U(start = 5204035.380269297)
    hydraulic.distribution.hydSep.storageMantle[1].Insulation.CylindricLoad1.heatCapacitor.T      (start = 293.15)
    hydraulic.distribution.hydSep.storageMantle[1].Wall.CylindricLoad1.heatCapacitor.T      (start = 293.15)
    hydraulic.distribution.hydSep.storageMantle[2].Insulation.CylindricLoad1.heatCapacitor.T      (start = 293.15)
    hydraulic.distribution.hydSep.storageMantle[2].Wall.CylindricLoad1.heatCapacitor.T      (start = 293.15)
    hydraulic.distribution.hydSep.storageMantle[3].Insulation.CylindricLoad1.heatCapacitor.T      (start = 293.15)
    hydraulic.distribution.hydSep.storageMantle[3].Wall.CylindricLoad1.heatCapacitor.T      (start = 293.15)
    hydraulic.distribution.hydSep.storageMantle[4].Insulation.CylindricLoad1.heatCapacitor.T      (start = 293.15)
    hydraulic.distribution.hydSep.storageMantle[4].Wall.CylindricLoad1.heatCapacitor.T      (start = 293.15)
    hydraulic.distribution.hydSep.topCover.loadIns.T(start = 293.15)
    hydraulic.distribution.hydSep.topCover.loadWall.T(start = 293.15)
    hydraulic.distribution.pumpBoiler.vol.dynBal.U(start = 83310636.48*      hydraulic.distribution.pumpBoiler.vol.dynBal.fluidVolume)
    hydraulic.distribution.stoBuf.bottomCover.loadIns.T(start = 293.15)
    hydraulic.distribution.stoBuf.bottomCover.loadWall.T(start = 293.15)
    hydraulic.distribution.stoBuf.layer[1].dynBal.U(start = 83310636.48*      hydraulic.distribution.stoBuf.layer[1].dynBal.fluidVolume)
    hydraulic.distribution.stoBuf.layer[2].dynBal.U(start = 83310636.48*      hydraulic.distribution.stoBuf.layer[2].dynBal.fluidVolume)
    hydraulic.distribution.stoBuf.layer[3].dynBal.U(start = 83310636.48*      hydraulic.distribution.stoBuf.layer[3].dynBal.fluidVolume)
    hydraulic.distribution.stoBuf.layer[4].dynBal.U(start = 83310636.48*      hydraulic.distribution.stoBuf.layer[4].dynBal.fluidVolume)
    hydraulic.distribution.stoBuf.storageMantle[1].Insulation.CylindricLoad1.heatCapacitor.T      (start = 293.15)
    hydraulic.distribution.stoBuf.storageMantle[1].Wall.CylindricLoad1.heatCapacitor.T      (start = 293.15)
    hydraulic.distribution.stoBuf.storageMantle[2].Insulation.CylindricLoad1.heatCapacitor.T      (start = 293.15)
    hydraulic.distribution.stoBuf.storageMantle[2].Wall.CylindricLoad1.heatCapacitor.T      (start = 293.15)
    hydraulic.distribution.stoBuf.storageMantle[3].Insulation.CylindricLoad1.heatCapacitor.T      (start = 293.15)
    hydraulic.distribution.stoBuf.storageMantle[3].Wall.CylindricLoad1.heatCapacitor.T      (start = 293.15)
    hydraulic.distribution.stoBuf.storageMantle[4].Insulation.CylindricLoad1.heatCapacitor.T      (start = 293.15)
    hydraulic.distribution.stoBuf.storageMantle[4].Wall.CylindricLoad1.heatCapacitor.T      (start = 293.15)
    hydraulic.distribution.stoBuf.topCover.loadIns.T(start = 293.15)
    hydraulic.distribution.stoBuf.topCover.loadWall.T(start = 293.15)
    hydraulic.distribution.stoDHW.bottomCover.loadIns.T(start = 293.15)
    hydraulic.distribution.stoDHW.bottomCover.loadWall.T(start = 293.15)
    hydraulic.distribution.stoDHW.layer[1].dynBal.U(start = 2570487.2056130404)
    hydraulic.distribution.stoDHW.layer[2].dynBal.U(start = 2570487.2056130404)
    hydraulic.distribution.stoDHW.layer[3].dynBal.U(start = 2570487.2056130404)
    hydraulic.distribution.stoDHW.layer[4].dynBal.U(start = 2570487.2056130404)
    hydraulic.distribution.stoDHW.storageMantle[1].Insulation.CylindricLoad1.heatCapacitor.T      (start = 293.15)
    hydraulic.distribution.stoDHW.storageMantle[1].Wall.CylindricLoad1.heatCapacitor.T      (start = 293.15)
    hydraulic.distribution.stoDHW.storageMantle[2].Insulation.CylindricLoad1.heatCapacitor.T      (start = 293.15)
    hydraulic.distribution.stoDHW.storageMantle[2].Wall.CylindricLoad1.heatCapacitor.T      (start = 293.15)
    hydraulic.distribution.stoDHW.storageMantle[3].Insulation.CylindricLoad1.heatCapacitor.T      (start = 293.15)
    hydraulic.distribution.stoDHW.storageMantle[3].Wall.CylindricLoad1.heatCapacitor.T      (start = 293.15)
    hydraulic.distribution.stoDHW.storageMantle[4].Insulation.CylindricLoad1.heatCapacitor.T      (start = 293.15)
    hydraulic.distribution.stoDHW.storageMantle[4].Wall.CylindricLoad1.heatCapacitor.T      (start = 293.15)
    hydraulic.distribution.stoDHW.topCover.loadIns.T(start = 293.15)
    hydraulic.distribution.stoDHW.topCover.loadWall.T(start = 293.15)
    hydraulic.distribution.threeWayValveWithFlowReturn.threWayValFlow.vol.dynBal.U      (start = 83310636.48*hydraulic.distribution.threeWayValveWithFlowReturn.threWayValFlow.vol.dynBal.fluidVolume)
    hydraulic.distribution.thrWayValBoiDHW.threWayValFlow.vol.dynBal.U(start =       83310636.48*hydraulic.distribution.thrWayValBoiDHW.threWayValFlow.vol.dynBal.fluidVolume)
    hydraulic.generation.heatPump.con.vol.dynBal.U(start = 83310636.48*      hydraulic.generation.heatPump.con.vol.dynBal.fluidVolume)
    hydraulic.generation.heatPump.eva.vol.dynBal.mXi[](each start = 1.2*(      hydraulic.generation.heatPump.eva.vol.dynBal.fluidVolume*hydraulic.generation.heatPump.eva.vol.dynBal.X_start[1]))
    hydraulic.generation.heatPump.eva.vol.dynBal.U(start = (-80808.92039999993)*      hydraulic.generation.heatPump.eva.vol.dynBal.fluidVolume)
    hydraulic.generation.pump.vol.dynBal.U(start = 83310636.48*hydraulic.generation.pump.vol.dynBal.fluidVolume)
    hydraulic.transfer.pumFixMFlo[1].vol.dynBal.U(start = 83310636.48*      hydraulic.transfer.pumFixMFlo[1].vol.dynBal.fluidVolume)
    hydraulic.transfer.rad[1].vol[1].dynBal.U(start = 1586785.2032094253)
    hydraulic.transfer.rad[1].vol[2].dynBal.U(start = 1586785.2032094253)
    hydraulic.transfer.rad[1].vol[3].dynBal.U(start = 1586785.2032094253)
    hydraulic.transfer.rad[1].vol[4].dynBal.U(start = 1586785.2032094253)
    hydraulic.transfer.rad[1].vol[5].dynBal.U(start = 1586785.2032094253)
 
Sparse solver handling possible: false.
Due to flag Advanced.SparseActivate=false.
Model sparse and large enough: true.
Sparse solvers are available for dassl, lsodar, cvode, radau, esdirk*, sdirk* (using OpenMP, set number of cores with Advanced.NumberOfCores).
Warning: A call of loadResource with a non-literal string hydraulic.generation.heatPump.innerCycle.PerformanceDataHPHeating.Table_QCon.filename remains in the generated code.
This could be caused by incorrectly calling loadResource on the result of loadResource, but apart from that it will not work for an URI.
Warning: A call of loadResource with a non-literal string hydraulic.generation.heatPump.innerCycle.PerformanceDataHPHeating.Table_COP.filename remains in the generated code.
This could be caused by incorrectly calling loadResource on the result of loadResource, but apart from that it will not work for an URI.
Warning: The conditions of the following assert statements are always false:
Warning:   assert(hydraulic.generation.heatPump.con.preDro.homotopyInitialization,     "In AfterBufferWithDHW.hydraulic.generation.heatPump.con.preDro: The constant homotopyInitialization has been modified from its default value. This constant will be removed in future releases.",     AssertionLevel.warning);
    The variable hydraulic.generation.heatPump.con.preDro.homotopyInitialization = false, was declared in class AixLib.Fluid.BaseClasses.PartialResistance, /builds/EBC/EBC_all/github_ci/BESMod/installed_dependencies/AixLib/AixLib/Fluid/BaseClasses/PartialResistance.mo at line 12, and used in component hydraulic.generation.heatPump.con.preDro.PartialResistance.
Warning:   assert(hydraulic.generation.heatPump.eva.preDro.homotopyInitialization,     "In AfterBufferWithDHW.hydraulic.generation.heatPump.eva.preDro: The constant homotopyInitialization has been modified from its default value. This constant will be removed in future releases.",     AssertionLevel.warning);
    The variable hydraulic.generation.heatPump.eva.preDro.homotopyInitialization = false, was declared in class AixLib.Fluid.BaseClasses.PartialResistance, /builds/EBC/EBC_all/github_ci/BESMod/installed_dependencies/AixLib/AixLib/Fluid/BaseClasses/PartialResistance.mo at line 12, and used in component hydraulic.generation.heatPump.eva.preDro.PartialResistance.
Warning: The variable building.ARoo=0 is not in range [0.1,1e+100].
Ignoring range
Warning: The variable ventilation.generation.m_flow_nominal[1]=0 is not in range [1e-15,1e+100].
Ignoring range
 
Statistics
 
Original Model
  Number of components: 1767
  Variables: 18142
  Constants: 298 (299 scalars)
  Parameters: 8580 (10379 scalars)
  Unknowns: 9264 (8885 scalars)
  Differentiated variables: 187 scalars
  Equations: 7496
  Nontrivial: 6148
Translated Model
  Constants: 6890 scalars
  Free parameters: 1388 scalars
  Parameter depending: 3712 scalars
  Outputs: 46 scalars
  Continuous time states: 144 scalars
  Time-varying variables: 2141 scalars
  Alias variables: 5432 scalars
  Assumed default initial conditions: 64
  Number of mixed real/discrete systems of equations: 0
  Sizes of linear systems of equations: {2, 2, 2, 2, 2, 2, 3, 2, 2, 2, 2, 3, 3, 2, 2, 2, 2, 3, 4, 3, 2, 2, 2, 2, 4, 3, 2,   2, 2, 2, 2, 2, 2, 2, 4, 3, 4, 3, 2, 2, 2, 2, 4, 2, 2, 15, 4, 3, 2, 2, 2, 2, 4,   3, 2, 2, 4, 4}
  Sizes after manipulation of the linear systems: {0, 0, 0, 0, 0, 0, 0, 0, 0, 0, 0, 0, 0, 0, 0, 0, 0, 0, 0, 0, 0, 0, 0, 0, 0, 0, 0,   0, 0, 0, 0, 0, 0, 0, 0, 0, 0, 0, 0, 0, 0, 0, 0, 0, 0, 7, 0, 0, 0, 0, 0, 0, 0,   0, 0, 0, 0, 0}
  Sizes of nonlinear systems of equations: {13, 59, 17, 6, 6, 6, 6, 6, 6, 6, 6, 3, 1, 1, 1, 1, 1, 1, 1, 1}
  Sizes after manipulation of the nonlinear systems: {1, 6, 2, 1, 1, 1, 1, 1, 1, 1, 1, 1, 0, 1, 0, 1, 0, 1, 1, 1}
  Number of numerical Jacobians: 0
  Initialization problem
    Sizes of linear systems of equations: {2, 2, 2, 2, 2, 2}
    Sizes after manipulation of the linear systems: {0, 0, 0, 0, 0, 0}
    Sizes of nonlinear systems of equations: {2, 1, 11, 70, 13, 17, 1, 1}
    Sizes after manipulation of the nonlinear systems: {0, 0, 5, 7, 2, 2, 1, 1}
    Number of numerical Jacobians: 0
 
Selected continuous time states
Statically selected continuous time states
  building.comCalCooOpe[1].intDisCom.y
  building.comCalHeaOpe[1].intDisCom.y
  building.comfortCalculatorCool[1].intDisCom.y
  building.comfortCalculatorHea[1].intDisCom.y
  building.intKPICal[1].integrator2.y
  building.intKPICalTraGain2[1].integrator2.y
  building.intKPICalTraGain[1].integrator2.y
  building.intKPICalTraLoss2[1].integrator2.y
  building.intKPICalTraLoss[1].integrator2.y
  building.intKPICalVentGain[1].integrator2.y
  building.intKPICalVentLoss[1].integrator2.y
  building.thermalZone[1].ROM.extWallRC.thermCapExt[1].T
  building.thermalZone[1].ROM.floorRC.thermCapExt[1].T
  building.thermalZone[1].ROM.intWallRC.thermCapInt[1].T
  building.thermalZone[1].ROM.roofRC.thermCapExt[1].T
  building.thermalZone[1].ROM.volAir.dynBal.m
  building.thermalZone[1].ROM.volAir.dynBal.mXi[1]
  building.thermalZone[1].ROM.volAir.dynBal.U
  building.thermalZone[1].ventCont.dEMA.ExpAVG.x[1]
  building.thermalZone[1].ventCont.dEMA.ExpAVG1.x[1]
  DHW.integralKPICalculator.integrator2.y
  DHW.pump.vol.dynBal.U
  electrical.distribution.eneKPIGen.integrator2.y
  electrical.distribution.eneKPILoa.integrator2.y
  hydraulic.control.boiPIDCtrl.intAbs.y
  hydraulic.control.boiPIDCtrl.intSqu.y
  hydraulic.control.boiPIDCtrl.PID.D.x
  hydraulic.control.boiPIDCtrl.PID.I.y
  hydraulic.control.priGenPIDCtrl.intAbs.y
  hydraulic.control.priGenPIDCtrl.intSqu.y
  hydraulic.control.priGenPIDCtrl.PID.D.x
  hydraulic.control.priGenPIDCtrl.PID.I.y
  hydraulic.control.valCtrl.PI[1].I.y
  hydraulic.distribution.boi.senTCold.T
  hydraulic.distribution.boi.senTHot.T
  hydraulic.distribution.boi.vol.dynBal.U
  hydraulic.distribution.eneKPICalAftBufBoi.integrator2.y
  hydraulic.distribution.eneKPICalBuf.integrator2.y
  hydraulic.distribution.eneKPICalDHW.integrator2.y
  hydraulic.distribution.hydSep.bottomCover.loadIns.T
  hydraulic.distribution.hydSep.bottomCover.loadWall.T
  hydraulic.distribution.hydSep.layer[1].dynBal.U
  hydraulic.distribution.hydSep.layer[2].dynBal.U
  hydraulic.distribution.hydSep.layer[3].dynBal.U
  hydraulic.distribution.hydSep.layer[4].dynBal.U
  hydraulic.distribution.hydSep.storageMantle[1].Insulation.CylindricLoad1.heatCapacitor.T
  hydraulic.distribution.hydSep.storageMantle[1].Wall.CylindricLoad1.heatCapacitor.T
  hydraulic.distribution.hydSep.storageMantle[2].Insulation.CylindricLoad1.heatCapacitor.T
  hydraulic.distribution.hydSep.storageMantle[2].Wall.CylindricLoad1.heatCapacitor.T
  hydraulic.distribution.hydSep.storageMantle[3].Insulation.CylindricLoad1.heatCapacitor.T
  hydraulic.distribution.hydSep.storageMantle[3].Wall.CylindricLoad1.heatCapacitor.T
  hydraulic.distribution.hydSep.storageMantle[4].Insulation.CylindricLoad1.heatCapacitor.T
  hydraulic.distribution.hydSep.storageMantle[4].Wall.CylindricLoad1.heatCapacitor.T
  hydraulic.distribution.hydSep.topCover.loadIns.T
  hydraulic.distribution.hydSep.topCover.loadWall.T
  hydraulic.distribution.KPIBoi1.integrator2.y
  hydraulic.distribution.pumpBoiler.vol.dynBal.U
  hydraulic.distribution.senTBuiSup.T
  hydraulic.distribution.stoBuf.bottomCover.loadIns.T
  hydraulic.distribution.stoBuf.bottomCover.loadWall.T
  hydraulic.distribution.stoBuf.layer[1].dynBal.U
  hydraulic.distribution.stoBuf.layer[2].dynBal.U
  hydraulic.distribution.stoBuf.layer[3].dynBal.U
  hydraulic.distribution.stoBuf.layer[4].dynBal.U
  hydraulic.distribution.stoBuf.storageMantle[1].Insulation.CylindricLoad1.heatCapacitor.T
  hydraulic.distribution.stoBuf.storageMantle[1].Wall.CylindricLoad1.heatCapacitor.T
  hydraulic.distribution.stoBuf.storageMantle[2].Insulation.CylindricLoad1.heatCapacitor.T
  hydraulic.distribution.stoBuf.storageMantle[2].Wall.CylindricLoad1.heatCapacitor.T
  hydraulic.distribution.stoBuf.storageMantle[3].Insulation.CylindricLoad1.heatCapacitor.T
  hydraulic.distribution.stoBuf.storageMantle[3].Wall.CylindricLoad1.heatCapacitor.T
  hydraulic.distribution.stoBuf.storageMantle[4].Insulation.CylindricLoad1.heatCapacitor.T
  hydraulic.distribution.stoBuf.storageMantle[4].Wall.CylindricLoad1.heatCapacitor.T
  hydraulic.distribution.stoBuf.topCover.loadIns.T
  hydraulic.distribution.stoBuf.topCover.loadWall.T
  hydraulic.distribution.stoDHW.bottomCover.loadIns.T
  hydraulic.distribution.stoDHW.bottomCover.loadWall.T
  hydraulic.distribution.stoDHW.heatingCoil1.pipe[1].del.x
  hydraulic.distribution.stoDHW.heatingCoil1.pipe[1].timDel.x
  hydraulic.distribution.stoDHW.heatingCoil1.pipe[1].vol_a.dynBal.U
  hydraulic.distribution.stoDHW.heatingCoil1.pipe[1].vol_b.dynBal.U
  hydraulic.distribution.stoDHW.heatingCoil1.pipe[2].del.x
  hydraulic.distribution.stoDHW.heatingCoil1.pipe[2].timDel.x
  hydraulic.distribution.stoDHW.heatingCoil1.pipe[2].vol_a.dynBal.U
  hydraulic.distribution.stoDHW.heatingCoil1.pipe[2].vol_b.dynBal.U
  hydraulic.distribution.stoDHW.heatingCoil1.pipe[3].del.x
  hydraulic.distribution.stoDHW.heatingCoil1.pipe[3].timDel.x
  hydraulic.distribution.stoDHW.heatingCoil1.pipe[3].vol_a.dynBal.U
  hydraulic.distribution.stoDHW.heatingCoil1.pipe[3].vol_b.dynBal.U
  hydraulic.distribution.stoDHW.heatingCoil1.pipe[4].del.x
  hydraulic.distribution.stoDHW.heatingCoil1.pipe[4].timDel.x
  hydraulic.distribution.stoDHW.heatingCoil1.pipe[4].vol_a.dynBal.U
  hydraulic.distribution.stoDHW.heatingCoil1.pipe[4].vol_b.dynBal.U
  hydraulic.distribution.stoDHW.heatingCoil2.pipe[1].del.x
  hydraulic.distribution.stoDHW.heatingCoil2.pipe[1].timDel.x
  hydraulic.distribution.stoDHW.heatingCoil2.pipe[1].vol_a.dynBal.U
  hydraulic.distribution.stoDHW.heatingCoil2.pipe[1].vol_b.dynBal.U
  hydraulic.distribution.stoDHW.heatingCoil2.pipe[2].del.x
  hydraulic.distribution.stoDHW.heatingCoil2.pipe[2].timDel.x
  hydraulic.distribution.stoDHW.heatingCoil2.pipe[2].vol_a.dynBal.U
  hydraulic.distribution.stoDHW.heatingCoil2.pipe[2].vol_b.dynBal.U
  hydraulic.distribution.stoDHW.heatingCoil2.pipe[3].del.x
  hydraulic.distribution.stoDHW.heatingCoil2.pipe[3].timDel.x
  hydraulic.distribution.stoDHW.heatingCoil2.pipe[3].vol_a.dynBal.U
  hydraulic.distribution.stoDHW.heatingCoil2.pipe[3].vol_b.dynBal.U
  hydraulic.distribution.stoDHW.heatingCoil2.pipe[4].del.x
  hydraulic.distribution.stoDHW.heatingCoil2.pipe[4].timDel.x
  hydraulic.distribution.stoDHW.heatingCoil2.pipe[4].vol_a.dynBal.U
  hydraulic.distribution.stoDHW.heatingCoil2.pipe[4].vol_b.dynBal.U
  hydraulic.distribution.stoDHW.layer[1].dynBal.U
  hydraulic.distribution.stoDHW.layer[2].dynBal.U
  hydraulic.distribution.stoDHW.layer[3].dynBal.U
  hydraulic.distribution.stoDHW.layer[4].dynBal.U
  hydraulic.distribution.stoDHW.storageMantle[1].Insulation.CylindricLoad1.heatCapacitor.T
  hydraulic.distribution.stoDHW.storageMantle[1].Wall.CylindricLoad1.heatCapacitor.T
  hydraulic.distribution.stoDHW.storageMantle[2].Insulation.CylindricLoad1.heatCapacitor.T
  hydraulic.distribution.stoDHW.storageMantle[2].Wall.CylindricLoad1.heatCapacitor.T
  hydraulic.distribution.stoDHW.storageMantle[3].Insulation.CylindricLoad1.heatCapacitor.T
  hydraulic.distribution.stoDHW.storageMantle[3].Wall.CylindricLoad1.heatCapacitor.T
  hydraulic.distribution.stoDHW.storageMantle[4].Insulation.CylindricLoad1.heatCapacitor.T
  hydraulic.distribution.stoDHW.storageMantle[4].Wall.CylindricLoad1.heatCapacitor.T
  hydraulic.distribution.stoDHW.topCover.loadIns.T
  hydraulic.distribution.stoDHW.topCover.loadWall.T
  hydraulic.distribution.threeWayValveWithFlowReturn.threWayValFlow.vol.dynBal.U
  hydraulic.distribution.thrWayValBoiDHW.threWayValFlow.vol.dynBal.U
  hydraulic.generation.heatPump.con.vol.dynBal.U
  hydraulic.generation.heatPump.eva.vol.dynBal.mXi[1]
  hydraulic.generation.heatPump.eva.vol.dynBal.U
  hydraulic.generation.heatPump.senT_a1.T
  hydraulic.generation.heatPump.senT_a2.T
  hydraulic.generation.heatPump.senT_b1.T
  hydraulic.generation.heatPump.senT_b2.T
  hydraulic.generation.KPIHeaPum.integrator1.y
  hydraulic.generation.KPIHeaPum.integrator3.y
  hydraulic.generation.KPIQHP.integrator2.y
  hydraulic.generation.KPIWel.integrator2.y
  hydraulic.generation.pump.vol.dynBal.U
  hydraulic.generation.senTGenOut.T
  hydraulic.transfer.intKPICalHeaFlo.integrator2.y
  hydraulic.transfer.pumFixMFlo[1].vol.dynBal.U
  hydraulic.transfer.rad[1].vol[1].dynBal.U
  hydraulic.transfer.rad[1].vol[2].dynBal.U
  hydraulic.transfer.rad[1].vol[3].dynBal.U
  hydraulic.transfer.rad[1].vol[4].dynBal.U
  hydraulic.transfer.rad[1].vol[5].dynBal.U
 
Warning: WARNINGS have been issued.
Finished
 = true

    
Declaring variable: Boolean rScript ;

savelog("BESMod.Examples.HeatPumpAndBoiler.AfterBufferWithDHW.translation.log");