 = true


rCheck = checkModel("BESMod.Examples.BAUSimStudy.Case1Standard");
Check of BESMod.Examples.BAUSimStudy.Case1Standard:
Warning: Record has a value, and attempt to modify specific elements.
The element modification of e.g. heaLoadFacGrd will be ignored.
  Near file: /tmp/tmp-BESMod-0-czy3x7se/BESMod/Systems/Demand/Building/TEASERThermalZone.mo, line 13
Attempted overriding found at:
  File: /tmp/tmp-BESMod-0-czy3x7se/BESMod/Systems/Demand/Building/TEASERThermalZone.mo, line 14
Warning: Component type specifier VapourCompressionMachineControlBus specified an obsolete type: Obsolete model - This model is obsolete and not maintained anymore.
  File: /tmp/tmp-BESMod-0-czy3x7se/BESMod/Systems/Hydraulical/Components/Frosting/BaseClasses/PartialFrosting.mo, line 10
 Component context: hydraulic.generation.frost.genConBus
  Component declared as VapourCompressionMachineControlBus genConBus in AixLib.Obsolete.Year2024.Controls.Interfaces
Warning: Component type specifier HeatPump specified an obsolete type: Obsolete model - This model is obsolete and not maintained anymore.
  File: /tmp/tmp-BESMod-0-czy3x7se/BESMod/Systems/Hydraulical/Generation/BaseClasses/PartialHeatPump.mo, line 77
 Component context: hydraulic.generation.heatPump
  Component declared as HeatPump heatPump in AixLib.Obsolete.Year2024.Fluid.HeatPumps
Warning: Component type specifier SafetyControl specified an obsolete type: Obsolete model - This model is obsolete and not maintained anymore.
  File: /tmp/tmp-BESMod-0-czy3x7se/BESMod/Systems/Hydraulical/Control/BaseClasses/PartialHeatPumpSystemController.mo, line 115
 Component context: hydraulic.control.safCtr
  Component declared as SafetyControl safCtr in AixLib.Obsolete.Year2024.Controls.HeatPump.SafetyControls
Warning: Component type specifier VapourCompressionMachineControlBus specified an obsolete type: Obsolete model - This model is obsolete and not maintained anymore.
  File: /tmp/tmp-BESMod-0-czy3x7se/BESMod/Systems/Hydraulical/Control/Components/BaseClasses/HeatPumpBusPassThrough.mo, line 6
 Component context: hydraulic.control.heaPumSigBusPasThr.vapourCompressionMachineControlBus
  Component declared as VapourCompressionMachineControlBus vapourCompressionMachineControlBus in AixLib.Obsolete.Year2024.Controls.Interfaces
Warning: Component type specifier Vitocal200AWO201 specified an obsolete type: Obsolete model - This model is obsolete and not maintained anymore.
  Near file: /builds/EBC/EBC_all/github_ci/BESMod/installed_dependencies/AixLib/AixLib/Obsolete/Year2024/DataBase/HeatPump/EN14511/Vitocal200AWO201.mo, line 2
 Component context: _out
  Component declared as Vitocal200AWO201 _out in AixLib.Obsolete.Year2024.DataBase.HeatPump.EN14511
Warning: Non-literal value.
In nominal attribute for hydraulic.generation.heatPump.con.preDro.m_flow.
Ignoring nominal attribute.
In class Modelica.Units.SI.
  Near file: /opt/dymola-2022-x86_64/Modelica/Library/Modelica 4.0.0/Units.mo, line 237
Used in base-class hydraulic.generation.heatPump.con.preDro.PartialTwoPortInterface.
  Near file: /builds/EBC/EBC_all/github_ci/BESMod/installed_dependencies/AixLib/AixLib/Fluid/BaseClasses/PartialResistance.mo, line 3
Warning: Non-literal value.
In nominal attribute for hydraulic.generation.heatPump.eva.preDro.m_flow.
Ignoring nominal attribute.
In class Modelica.Units.SI.
  Near file: /opt/dymola-2022-x86_64/Modelica/Library/Modelica 4.0.0/Units.mo, line 237
Used in base-class hydraulic.generation.heatPump.eva.preDro.PartialTwoPortInterface.
  Near file: /builds/EBC/EBC_all/github_ci/BESMod/installed_dependencies/AixLib/AixLib/Fluid/BaseClasses/PartialResistance.mo, line 3
Warning: Non-literal value.
In nominal attribute for hydraulic.generation.eleHea.preDro.m_flow.
Ignoring nominal attribute.
In class Modelica.Units.SI.
  Near file: /opt/dymola-2022-x86_64/Modelica/Library/Modelica 4.0.0/Units.mo, line 237
Used in base-class hydraulic.generation.eleHea.preDro.PartialTwoPortInterface.
  Near file: /builds/EBC/EBC_all/github_ci/BESMod/installed_dependencies/AixLib/AixLib/Fluid/BaseClasses/PartialResistance.mo, line 3
Warning: Non-literal value.
In nominal attribute for hydraulic.distribution.stoDHW.heatingCoil1.pipe[1].res.m_flow.
Ignoring nominal attribute.
In class Modelica.Units.SI.
  Near file: /opt/dymola-2022-x86_64/Modelica/Library/Modelica 4.0.0/Units.mo, line 237
Used in base-class hydraulic.distribution.stoDHW.heatingCoil1.pipe.res.PartialTwoPortInterface.
  Near file: /builds/EBC/EBC_all/github_ci/BESMod/installed_dependencies/AixLib/AixLib/Fluid/BaseClasses/PartialResistance.mo, line 3
Warning: Non-literal value.
In nominal attribute for hydraulic.distribution.stoDHW.heatingCoil1.pipe[1].res.dp.
Ignoring nominal attribute.
In class Modelica.Units.SI.
  Near file: /opt/dymola-2022-x86_64/Modelica/Library/Modelica 4.0.0/Units.mo, line 237
Used in base-class hydraulic.distribution.stoDHW.heatingCoil1.pipe.res.PartialTwoPortInterface.
  Near file: /builds/EBC/EBC_all/github_ci/BESMod/installed_dependencies/AixLib/AixLib/Fluid/BaseClasses/PartialResistance.mo, line 3
Warning: Non-literal value.
In nominal attribute for hydraulic.distribution.stoDHW.heatingCoil1.pipe[2].res.m_flow.
Ignoring nominal attribute.
In class Modelica.Units.SI.
  Near file: /opt/dymola-2022-x86_64/Modelica/Library/Modelica 4.0.0/Units.mo, line 237
Used in base-class hydraulic.distribution.stoDHW.heatingCoil1.pipe.res.PartialTwoPortInterface.
  Near file: /builds/EBC/EBC_all/github_ci/BESMod/installed_dependencies/AixLib/AixLib/Fluid/BaseClasses/PartialResistance.mo, line 3
Warning: Non-literal value.
In nominal attribute for hydraulic.distribution.stoDHW.heatingCoil1.pipe[2].res.dp.
Ignoring nominal attribute.
In class Modelica.Units.SI.
  Near file: /opt/dymola-2022-x86_64/Modelica/Library/Modelica 4.0.0/Units.mo, line 237
Used in base-class hydraulic.distribution.stoDHW.heatingCoil1.pipe.res.PartialTwoPortInterface.
  Near file: /builds/EBC/EBC_all/github_ci/BESMod/installed_dependencies/AixLib/AixLib/Fluid/BaseClasses/PartialResistance.mo, line 3
Warning: Non-literal value.
In nominal attribute for hydraulic.distribution.stoDHW.heatingCoil1.pipe[3].res.m_flow.
Ignoring nominal attribute.
In class Modelica.Units.SI.
  Near file: /opt/dymola-2022-x86_64/Modelica/Library/Modelica 4.0.0/Units.mo, line 237
Used in base-class hydraulic.distribution.stoDHW.heatingCoil1.pipe.res.PartialTwoPortInterface.
  Near file: /builds/EBC/EBC_all/github_ci/BESMod/installed_dependencies/AixLib/AixLib/Fluid/BaseClasses/PartialResistance.mo, line 3
Warning: Non-literal value.
In nominal attribute for hydraulic.distribution.stoDHW.heatingCoil1.pipe[3].res.dp.
Ignoring nominal attribute.
In class Modelica.Units.SI.
  Near file: /opt/dymola-2022-x86_64/Modelica/Library/Modelica 4.0.0/Units.mo, line 237
Used in base-class hydraulic.distribution.stoDHW.heatingCoil1.pipe.res.PartialTwoPortInterface.
  Near file: /builds/EBC/EBC_all/github_ci/BESMod/installed_dependencies/AixLib/AixLib/Fluid/BaseClasses/PartialResistance.mo, line 3
Warning: Non-literal value.
In nominal attribute for hydraulic.distribution.stoDHW.heatingCoil1.pipe[4].res.m_flow.
Ignoring nominal attribute.
In class Modelica.Units.SI.
  Near file: /opt/dymola-2022-x86_64/Modelica/Library/Modelica 4.0.0/Units.mo, line 237
Used in base-class hydraulic.distribution.stoDHW.heatingCoil1.pipe.res.PartialTwoPortInterface.
  Near file: /builds/EBC/EBC_all/github_ci/BESMod/installed_dependencies/AixLib/AixLib/Fluid/BaseClasses/PartialResistance.mo, line 3
Warning: Non-literal value.
In nominal attribute for hydraulic.distribution.stoDHW.heatingCoil1.pipe[4].res.dp.
Ignoring nominal attribute.
In class Modelica.Units.SI.
  Near file: /opt/dymola-2022-x86_64/Modelica/Library/Modelica 4.0.0/Units.mo, line 237
Used in base-class hydraulic.distribution.stoDHW.heatingCoil1.pipe.res.PartialTwoPortInterface.
  Near file: /builds/EBC/EBC_all/github_ci/BESMod/installed_dependencies/AixLib/AixLib/Fluid/BaseClasses/PartialResistance.mo, line 3
Warning: Non-literal value.
In nominal attribute for hydraulic.distribution.threeWayValveWithFlowReturn.threWayValFlow.res1.m_flow.
Ignoring nominal attribute.
In class Modelica.Units.SI.
  Near file: /opt/dymola-2022-x86_64/Modelica/Library/Modelica 4.0.0/Units.mo, line 237
Used in base-class hydraulic.distribution.threeWayValveWithFlowReturn.threWayValFlow.res1.PartialTwoPortInterface.
  Near file: /builds/EBC/EBC_all/github_ci/BESMod/installed_dependencies/IBPSA/IBPSA/Fluid/BaseClasses/PartialResistance.mo, line 3
Warning: Non-literal value.
In nominal attribute for hydraulic.distribution.threeWayValveWithFlowReturn.threWayValFlow.res3.m_flow.
Ignoring nominal attribute.
In class Modelica.Units.SI.
  Near file: /opt/dymola-2022-x86_64/Modelica/Library/Modelica 4.0.0/Units.mo, line 237
Used in base-class hydraulic.distribution.threeWayValveWithFlowReturn.threWayValFlow.res3.PartialTwoPortInterface.
  Near file: /builds/EBC/EBC_all/github_ci/BESMod/installed_dependencies/IBPSA/IBPSA/Fluid/BaseClasses/PartialResistance.mo, line 3
Warning: Non-literal value.
In nominal attribute for hydraulic.transfer.rad[1].res.m_flow.
Ignoring nominal attribute.
In class Modelica.Units.SI.
  Near file: /opt/dymola-2022-x86_64/Modelica/Library/Modelica 4.0.0/Units.mo, line 237
Used in base-class hydraulic.transfer.rad.res.PartialTwoPortInterface.
  Near file: /builds/EBC/EBC_all/github_ci/BESMod/installed_dependencies/IBPSA/IBPSA/Fluid/BaseClasses/PartialResistance.mo, line 3
Warning: Non-literal value.
In nominal attribute for hydraulic.transfer.res[1].m_flow.
Ignoring nominal attribute.
In class Modelica.Units.SI.
  Near file: /opt/dymola-2022-x86_64/Modelica/Library/Modelica 4.0.0/Units.mo, line 237
Used in base-class hydraulic.transfer.res.PartialTwoPortInterface.
  Near file: /builds/EBC/EBC_all/github_ci/BESMod/installed_dependencies/IBPSA/IBPSA/Fluid/BaseClasses/PartialResistance.mo, line 3
Warning: Non-literal value.
In nominal attribute for hydraulic.transfer.val[1].m_flow.
Ignoring nominal attribute.
In class Modelica.Units.SI.
  Near file: /opt/dymola-2022-x86_64/Modelica/Library/Modelica 4.0.0/Units.mo, line 237
Used in base-class hydraulic.transfer.val.PartialTwoPortInterface.
  Near file: /builds/EBC/EBC_all/github_ci/BESMod/installed_dependencies/IBPSA/IBPSA/Fluid/BaseClasses/PartialResistance.mo, line 3
Warning: The variable hydraulic.generation.heatPump.innerCycle.PerformanceDataHPCooling.sigBus.nSet is part of an expandable connector, and was only used outside of connect. That is not legal since we cannot determine its causality.
Warning: The variable hydraulic.generation.heatPump.innerCycle.PerformanceDataHPCooling.sigBus.TConInMea is part of an expandable connector, and was only used outside of connect. That is not legal since we cannot determine its causality.
Warning: The variable hydraulic.generation.heatPump.innerCycle.PerformanceDataHPCooling.sigBus.TEvaOutMea is part of an expandable connector, and was only used outside of connect. That is not legal since we cannot determine its causality.
Warning: The variable hydraulic.generation.heatPump.innerCycle.PerformanceDataHPCooling.sigBus.m_flowEvaMea is part of an expandable connector, and was only used outside of connect. That is not legal since we cannot determine its causality.
Warning: The variable hydraulic.generation.heatPump.innerCycle.PerformanceDataHPCooling.sigBus.m_flowConMea is part of an expandable connector, and was only used outside of connect. That is not legal since we cannot determine its causality.
The model has the same number of unknowns and equations: 6859
Check of BESMod.Examples.BAUSimStudy.Case1Standard successful.
Warning: WARNINGS have been issued.
Declaring variable: Boolean rCheck ;

Modelica.Utilities.Streams.print("    { \"file\" :  \"BESMod/Resources/Scripts/Dymola/Examples/BAUSimStudy/Case1Standard.mos\",", "BESMod.Examples.BAUSimStudy.Case1Standard.statistics.log");
Modelica.Utilities.Streams.print("      \"model\" : \"BESMod.Examples.BAUSimStudy.Case1Standard\",", "BESMod.Examples.BAUSimStudy.Case1Standard.statistics.log");
Modelica.Utilities.Streams.print("      \"check\" : {", "BESMod.Examples.BAUSimStudy.Case1Standard.statistics.log");
Modelica.Utilities.Streams.print("        \"command\" : \"checkModel(\\\"BESMod.Examples.BAUSimStudy.Case1Standard\\\");\",", "BESMod.Examples.BAUSimStudy.Case1Standard.statistics.log");
Modelica.Utilities.Streams.print("        \"result\"  : " + String(rCheck), "BESMod.Examples.BAUSimStudy.Case1Standard.statistics.log");
Modelica.Utilities.Streams.print("      },", "BESMod.Examples.BAUSimStudy.Case1Standard.statistics.log");


rScript=RunScript("modelica://BESMod/Resources/Scripts/Dymola/Examples/BAUSimStudy/Case1Standard.mos");

simulateModel("BESMod.Examples.BAUSimStudy.Case1Standard", stopTime=172800, method="dassl", tolerance=1e-06, resultFile="BESMod.Examples.BAUSimStudy.Case1Standard");
Translation of BESMod.Examples.BAUSimStudy.Case1Standard:
Warning: Record has a value, and attempt to modify specific elements.
The element modification of e.g. heaLoadFacGrd will be ignored.
  Near file: /tmp/tmp-BESMod-0-czy3x7se/BESMod/Systems/Demand/Building/TEASERThermalZone.mo, line 13
Attempted overriding found at:
  File: /tmp/tmp-BESMod-0-czy3x7se/BESMod/Systems/Demand/Building/TEASERThermalZone.mo, line 14
Warning: Component type specifier VapourCompressionMachineControlBus specified an obsolete type: Obsolete model - This model is obsolete and not maintained anymore.
  File: /tmp/tmp-BESMod-0-czy3x7se/BESMod/Systems/Hydraulical/Components/Frosting/BaseClasses/PartialFrosting.mo, line 10
 Component context: hydraulic.generation.frost.genConBus
  Component declared as VapourCompressionMachineControlBus genConBus in AixLib.Obsolete.Year2024.Controls.Interfaces
Warning: Component type specifier HeatPump specified an obsolete type: Obsolete model - This model is obsolete and not maintained anymore.
  File: /tmp/tmp-BESMod-0-czy3x7se/BESMod/Systems/Hydraulical/Generation/BaseClasses/PartialHeatPump.mo, line 77
 Component context: hydraulic.generation.heatPump
  Component declared as HeatPump heatPump in AixLib.Obsolete.Year2024.Fluid.HeatPumps
Warning: Component type specifier SafetyControl specified an obsolete type: Obsolete model - This model is obsolete and not maintained anymore.
  File: /tmp/tmp-BESMod-0-czy3x7se/BESMod/Systems/Hydraulical/Control/BaseClasses/PartialHeatPumpSystemController.mo, line 115
 Component context: hydraulic.control.safCtr
  Component declared as SafetyControl safCtr in AixLib.Obsolete.Year2024.Controls.HeatPump.SafetyControls
Warning: Component type specifier VapourCompressionMachineControlBus specified an obsolete type: Obsolete model - This model is obsolete and not maintained anymore.
  File: /tmp/tmp-BESMod-0-czy3x7se/BESMod/Systems/Hydraulical/Control/Components/BaseClasses/HeatPumpBusPassThrough.mo, line 6
 Component context: hydraulic.control.heaPumSigBusPasThr.vapourCompressionMachineControlBus
  Component declared as VapourCompressionMachineControlBus vapourCompressionMachineControlBus in AixLib.Obsolete.Year2024.Controls.Interfaces
Warning: Component type specifier Vitocal200AWO201 specified an obsolete type: Obsolete model - This model is obsolete and not maintained anymore.
  Near file: /builds/EBC/EBC_all/github_ci/BESMod/installed_dependencies/AixLib/AixLib/Obsolete/Year2024/DataBase/HeatPump/EN14511/Vitocal200AWO201.mo, line 2
 Component context: _out
  Component declared as Vitocal200AWO201 _out in AixLib.Obsolete.Year2024.DataBase.HeatPump.EN14511
Warning: Non-literal value.
In nominal attribute for hydraulic.generation.heatPump.con.preDro.m_flow.
Ignoring nominal attribute.
In class Modelica.Units.SI.
  Near file: /opt/dymola-2022-x86_64/Modelica/Library/Modelica 4.0.0/Units.mo, line 237
Used in base-class hydraulic.generation.heatPump.con.preDro.PartialTwoPortInterface.
  Near file: /builds/EBC/EBC_all/github_ci/BESMod/installed_dependencies/AixLib/AixLib/Fluid/BaseClasses/PartialResistance.mo, line 3
Warning: Non-literal value.
In nominal attribute for hydraulic.generation.heatPump.eva.preDro.m_flow.
Ignoring nominal attribute.
In class Modelica.Units.SI.
  Near file: /opt/dymola-2022-x86_64/Modelica/Library/Modelica 4.0.0/Units.mo, line 237
Used in base-class hydraulic.generation.heatPump.eva.preDro.PartialTwoPortInterface.
  Near file: /builds/EBC/EBC_all/github_ci/BESMod/installed_dependencies/AixLib/AixLib/Fluid/BaseClasses/PartialResistance.mo, line 3
Warning: Non-literal value.
In nominal attribute for hydraulic.generation.eleHea.preDro.m_flow.
Ignoring nominal attribute.
In class Modelica.Units.SI.
  Near file: /opt/dymola-2022-x86_64/Modelica/Library/Modelica 4.0.0/Units.mo, line 237
Used in base-class hydraulic.generation.eleHea.preDro.PartialTwoPortInterface.
  Near file: /builds/EBC/EBC_all/github_ci/BESMod/installed_dependencies/AixLib/AixLib/Fluid/BaseClasses/PartialResistance.mo, line 3
Warning: Non-literal value.
In nominal attribute for hydraulic.distribution.stoDHW.heatingCoil1.pipe[1].res.m_flow.
Ignoring nominal attribute.
In class Modelica.Units.SI.
  Near file: /opt/dymola-2022-x86_64/Modelica/Library/Modelica 4.0.0/Units.mo, line 237
Used in base-class hydraulic.distribution.stoDHW.heatingCoil1.pipe.res.PartialTwoPortInterface.
  Near file: /builds/EBC/EBC_all/github_ci/BESMod/installed_dependencies/AixLib/AixLib/Fluid/BaseClasses/PartialResistance.mo, line 3
Warning: Non-literal value.
In nominal attribute for hydraulic.distribution.stoDHW.heatingCoil1.pipe[1].res.dp.
Ignoring nominal attribute.
In class Modelica.Units.SI.
  Near file: /opt/dymola-2022-x86_64/Modelica/Library/Modelica 4.0.0/Units.mo, line 237
Used in base-class hydraulic.distribution.stoDHW.heatingCoil1.pipe.res.PartialTwoPortInterface.
  Near file: /builds/EBC/EBC_all/github_ci/BESMod/installed_dependencies/AixLib/AixLib/Fluid/BaseClasses/PartialResistance.mo, line 3
Warning: Non-literal value.
In nominal attribute for hydraulic.distribution.stoDHW.heatingCoil1.pipe[2].res.m_flow.
Ignoring nominal attribute.
In class Modelica.Units.SI.
  Near file: /opt/dymola-2022-x86_64/Modelica/Library/Modelica 4.0.0/Units.mo, line 237
Used in base-class hydraulic.distribution.stoDHW.heatingCoil1.pipe.res.PartialTwoPortInterface.
  Near file: /builds/EBC/EBC_all/github_ci/BESMod/installed_dependencies/AixLib/AixLib/Fluid/BaseClasses/PartialResistance.mo, line 3
Warning: Non-literal value.
In nominal attribute for hydraulic.distribution.stoDHW.heatingCoil1.pipe[2].res.dp.
Ignoring nominal attribute.
In class Modelica.Units.SI.
  Near file: /opt/dymola-2022-x86_64/Modelica/Library/Modelica 4.0.0/Units.mo, line 237
Used in base-class hydraulic.distribution.stoDHW.heatingCoil1.pipe.res.PartialTwoPortInterface.
  Near file: /builds/EBC/EBC_all/github_ci/BESMod/installed_dependencies/AixLib/AixLib/Fluid/BaseClasses/PartialResistance.mo, line 3
Warning: Non-literal value.
In nominal attribute for hydraulic.distribution.stoDHW.heatingCoil1.pipe[3].res.m_flow.
Ignoring nominal attribute.
In class Modelica.Units.SI.
  Near file: /opt/dymola-2022-x86_64/Modelica/Library/Modelica 4.0.0/Units.mo, line 237
Used in base-class hydraulic.distribution.stoDHW.heatingCoil1.pipe.res.PartialTwoPortInterface.
  Near file: /builds/EBC/EBC_all/github_ci/BESMod/installed_dependencies/AixLib/AixLib/Fluid/BaseClasses/PartialResistance.mo, line 3
Warning: Non-literal value.
In nominal attribute for hydraulic.distribution.stoDHW.heatingCoil1.pipe[3].res.dp.
Ignoring nominal attribute.
In class Modelica.Units.SI.
  Near file: /opt/dymola-2022-x86_64/Modelica/Library/Modelica 4.0.0/Units.mo, line 237
Used in base-class hydraulic.distribution.stoDHW.heatingCoil1.pipe.res.PartialTwoPortInterface.
  Near file: /builds/EBC/EBC_all/github_ci/BESMod/installed_dependencies/AixLib/AixLib/Fluid/BaseClasses/PartialResistance.mo, line 3
Warning: Non-literal value.
In nominal attribute for hydraulic.distribution.stoDHW.heatingCoil1.pipe[4].res.m_flow.
Ignoring nominal attribute.
In class Modelica.Units.SI.
  Near file: /opt/dymola-2022-x86_64/Modelica/Library/Modelica 4.0.0/Units.mo, line 237
Used in base-class hydraulic.distribution.stoDHW.heatingCoil1.pipe.res.PartialTwoPortInterface.
  Near file: /builds/EBC/EBC_all/github_ci/BESMod/installed_dependencies/AixLib/AixLib/Fluid/BaseClasses/PartialResistance.mo, line 3
Warning: Non-literal value.
In nominal attribute for hydraulic.distribution.stoDHW.heatingCoil1.pipe[4].res.dp.
Ignoring nominal attribute.
In class Modelica.Units.SI.
  Near file: /opt/dymola-2022-x86_64/Modelica/Library/Modelica 4.0.0/Units.mo, line 237
Used in base-class hydraulic.distribution.stoDHW.heatingCoil1.pipe.res.PartialTwoPortInterface.
  Near file: /builds/EBC/EBC_all/github_ci/BESMod/installed_dependencies/AixLib/AixLib/Fluid/BaseClasses/PartialResistance.mo, line 3
Warning: Non-literal value.
In nominal attribute for hydraulic.distribution.threeWayValveWithFlowReturn.threWayValFlow.res1.m_flow.
Ignoring nominal attribute.
In class Modelica.Units.SI.
  Near file: /opt/dymola-2022-x86_64/Modelica/Library/Modelica 4.0.0/Units.mo, line 237
Used in base-class hydraulic.distribution.threeWayValveWithFlowReturn.threWayValFlow.res1.PartialTwoPortInterface.
  Near file: /builds/EBC/EBC_all/github_ci/BESMod/installed_dependencies/IBPSA/IBPSA/Fluid/BaseClasses/PartialResistance.mo, line 3
Warning: Non-literal value.
In nominal attribute for hydraulic.distribution.threeWayValveWithFlowReturn.threWayValFlow.res3.m_flow.
Ignoring nominal attribute.
In class Modelica.Units.SI.
  Near file: /opt/dymola-2022-x86_64/Modelica/Library/Modelica 4.0.0/Units.mo, line 237
Used in base-class hydraulic.distribution.threeWayValveWithFlowReturn.threWayValFlow.res3.PartialTwoPortInterface.
  Near file: /builds/EBC/EBC_all/github_ci/BESMod/installed_dependencies/IBPSA/IBPSA/Fluid/BaseClasses/PartialResistance.mo, line 3
Warning: Non-literal value.
In nominal attribute for hydraulic.transfer.rad[1].res.m_flow.
Ignoring nominal attribute.
In class Modelica.Units.SI.
  Near file: /opt/dymola-2022-x86_64/Modelica/Library/Modelica 4.0.0/Units.mo, line 237
Used in base-class hydraulic.transfer.rad.res.PartialTwoPortInterface.
  Near file: /builds/EBC/EBC_all/github_ci/BESMod/installed_dependencies/IBPSA/IBPSA/Fluid/BaseClasses/PartialResistance.mo, line 3
Warning: Non-literal value.
In nominal attribute for hydraulic.transfer.res[1].m_flow.
Ignoring nominal attribute.
In class Modelica.Units.SI.
  Near file: /opt/dymola-2022-x86_64/Modelica/Library/Modelica 4.0.0/Units.mo, line 237
Used in base-class hydraulic.transfer.res.PartialTwoPortInterface.
  Near file: /builds/EBC/EBC_all/github_ci/BESMod/installed_dependencies/IBPSA/IBPSA/Fluid/BaseClasses/PartialResistance.mo, line 3
Warning: Non-literal value.
In nominal attribute for hydraulic.transfer.val[1].m_flow.
Ignoring nominal attribute.
In class Modelica.Units.SI.
  Near file: /opt/dymola-2022-x86_64/Modelica/Library/Modelica 4.0.0/Units.mo, line 237
Used in base-class hydraulic.transfer.val.PartialTwoPortInterface.
  Near file: /builds/EBC/EBC_all/github_ci/BESMod/installed_dependencies/IBPSA/IBPSA/Fluid/BaseClasses/PartialResistance.mo, line 3
Warning: The variable hydraulic.generation.heatPump.innerCycle.PerformanceDataHPCooling.sigBus.nSet is part of an expandable connector, and was only used outside of connect. That is not legal since we cannot determine its causality.
Warning: The variable hydraulic.generation.heatPump.innerCycle.PerformanceDataHPCooling.sigBus.TConInMea is part of an expandable connector, and was only used outside of connect. That is not legal since we cannot determine its causality.
Warning: The variable hydraulic.generation.heatPump.innerCycle.PerformanceDataHPCooling.sigBus.TEvaOutMea is part of an expandable connector, and was only used outside of connect. That is not legal since we cannot determine its causality.
Warning: The variable hydraulic.generation.heatPump.innerCycle.PerformanceDataHPCooling.sigBus.m_flowEvaMea is part of an expandable connector, and was only used outside of connect. That is not legal since we cannot determine its causality.
Warning: The variable hydraulic.generation.heatPump.innerCycle.PerformanceDataHPCooling.sigBus.m_flowConMea is part of an expandable connector, and was only used outside of connect. That is not legal since we cannot determine its causality.
The DAE has 6859 scalar unknowns and 6859 scalar equations.
Redundant consistent initial conditions.
Removed the following equations which are redundant and consistent: 
  if (hydraulic.generation.heatPump.eva.vol.dynBal.massDynamics ==     Modelica.Fluid.Types.Dynamics.FixedInitial) then 
    if (hydraulic.generation.heatPump.eva.vol.dynBal.initialize_p) then 
      hydraulic.generation.heatPump.eva.vol.dynBal.medium.p = hydraulic.generation.heatPump.eva.vol.dynBal.p_start;
    end if;
  else
    if (hydraulic.generation.heatPump.eva.vol.dynBal.massDynamics ==       Modelica.Fluid.Types.Dynamics.SteadyStateInitial) then 
      if (hydraulic.generation.heatPump.eva.vol.dynBal.initialize_p) then 
        der(hydraulic.generation.heatPump.eva.vol.dynBal.medium.p) = 0;
      end if;
    end if;
  end if;
 
This required evaluation of 
the interactive parameters 
    hydraulic.generation.bou_sinkAir.p(start = 101325)
 
The redundancies involve
initial equations: 
  hydraulic.generation.bou_sinkAir.p = 101325.0;
 
Sparse solver handling possible: false.
Due to flag Advanced.SparseActivate=false.
Model sparse and large enough: true.
Sparse solvers are available for dassl, lsodar, cvode, radau, esdirk*, sdirk* (using OpenMP, set number of cores with Advanced.NumberOfCores).
Warning: A call of loadResource with a non-literal string hydraulic.generation.heatPump.innerCycle.PerformanceDataHPHeating.Table_QCon.filename remains in the generated code.
This could be caused by incorrectly calling loadResource on the result of loadResource, but apart from that it will not work for an URI.
Warning: A call of loadResource with a non-literal string hydraulic.generation.heatPump.innerCycle.PerformanceDataHPHeating.Table_COP.filename remains in the generated code.
This could be caused by incorrectly calling loadResource on the result of loadResource, but apart from that it will not work for an URI.
Warning: The conditions of the following assert statements are always false:
Warning:   assert(hydraulic.generation.heatPump.con.preDro.homotopyInitialization,     "In Case1Standard.hydraulic.generation.heatPump.con.preDro: The constant homotopyInitialization has been modified from its default value. This constant will be removed in future releases.",     AssertionLevel.warning);
    The variable hydraulic.generation.heatPump.con.preDro.homotopyInitialization = false, was declared in class AixLib.Fluid.BaseClasses.PartialResistance, /builds/EBC/EBC_all/github_ci/BESMod/installed_dependencies/AixLib/AixLib/Fluid/BaseClasses/PartialResistance.mo at line 12, and used in component hydraulic.generation.heatPump.con.preDro.PartialResistance.
Warning:   assert(hydraulic.generation.heatPump.eva.preDro.homotopyInitialization,     "In Case1Standard.hydraulic.generation.heatPump.eva.preDro: The constant homotopyInitialization has been modified from its default value. This constant will be removed in future releases.",     AssertionLevel.warning);
    The variable hydraulic.generation.heatPump.eva.preDro.homotopyInitialization = false, was declared in class AixLib.Fluid.BaseClasses.PartialResistance, /builds/EBC/EBC_all/github_ci/BESMod/installed_dependencies/AixLib/AixLib/Fluid/BaseClasses/PartialResistance.mo at line 12, and used in component hydraulic.generation.heatPump.eva.preDro.PartialResistance.
 
Statistics
 
Original Model
  Number of components: 1404
  Variables: 14171
  Constants: 231 (231 scalars)
  Parameters: 6362 (8049 scalars)
  Unknowns: 7578 (6999 scalars)
  Differentiated variables: 133 scalars
  Equations: 5845
  Nontrivial: 4846
Translated Model
  Constants: 5356 scalars
  Free parameters: 1197 scalars
  Parameter depending: 2817 scalars
  Outputs: 43 scalars
  Continuous time states: 104 scalars
  Time-varying variables: 1692 scalars
  Alias variables: 4217 scalars
  Number of mixed real/discrete systems of equations: 0
  Sizes of linear systems of equations: {2, 2, 2, 2, 2, 2, 3, 2, 2, 2, 2, 3, 3, 2, 2, 2, 2, 3, 2, 2, 4, 3, 2, 2, 2, 2, 4,   2, 2, 4, 3, 2, 2, 4, 3, 2, 2, 2, 2, 2, 2, 4, 3, 4}
  Sizes after manipulation of the linear systems: {0, 0, 0, 0, 0, 0, 0, 0, 0, 0, 0, 0, 0, 0, 0, 0, 0, 0, 0, 0, 0, 0, 0, 0, 0, 0, 0,   0, 0, 0, 0, 0, 0, 0, 0, 0, 0, 0, 0, 0, 0, 0, 0, 0}
  Sizes of nonlinear systems of equations: {5, 15, 59, 6, 6, 6, 6, 3, 1, 1, 1, 1, 1, 1, 1}
  Sizes after manipulation of the nonlinear systems: {1, 1, 6, 1, 1, 1, 1, 1, 0, 1, 0, 1, 0, 1, 1}
  Number of numerical Jacobians: 0
  Initialization problem
    Sizes of linear systems of equations: {2}
    Sizes after manipulation of the linear systems: {0}
    Sizes of nonlinear systems of equations: {11, 70, 5, 15, 1}
    Sizes after manipulation of the nonlinear systems: {5, 7, 1, 2, 1}
    Number of numerical Jacobians: 0
 
Selected continuous time states
Statically selected continuous time states
  building.comCalCooOpe[1].intDisCom.y
  building.comCalHeaOpe[1].intDisCom.y
  building.comfortCalculatorCool[1].intDisCom.y
  building.comfortCalculatorHea[1].intDisCom.y
  building.intKPICal[1].integrator2.y
  building.intKPICalTraGain2[1].integrator2.y
  building.intKPICalTraGain[1].integrator2.y
  building.intKPICalTraLoss2[1].integrator2.y
  building.intKPICalTraLoss[1].integrator2.y
  building.thermalZone[1].ROM.extWallRC.thermCapExt[1].T
  building.thermalZone[1].ROM.floorRC.thermCapExt[1].T
  building.thermalZone[1].ROM.intWallRC.thermCapInt[1].T
  building.thermalZone[1].ROM.roofRC.thermCapExt[1].T
  building.thermalZone[1].ROM.volAir.dynBal.m
  building.thermalZone[1].ROM.volAir.dynBal.medium.Xi[1]
  building.thermalZone[1].ROM.volAir.dynBal.U
  building.thermalZone[1].ventCont.dEMA.ExpAVG.x[1]
  building.thermalZone[1].ventCont.dEMA.ExpAVG1.x[1]
  DHW.integralKPICalculator.integrator2.y
  DHW.pump.vol.dynBal.U
  electrical.distribution.eneKPIGen.integrator2.y
  electrical.distribution.eneKPILoa.integrator2.y
  hydraulic.control.priGenPIDCtrl.intAbs.y
  hydraulic.control.priGenPIDCtrl.intSqu.y
  hydraulic.control.priGenPIDCtrl.PID.D.x
  hydraulic.control.priGenPIDCtrl.PID.I.y
  hydraulic.control.valCtrl.PI[1].I.y
  hydraulic.distribution.eneKPICalBuf.integrator2.y
  hydraulic.distribution.eneKPICalDHW.integrator2.y
  hydraulic.distribution.senTBuiSup.T
  hydraulic.distribution.stoBuf.bottomCover.loadIns.T
  hydraulic.distribution.stoBuf.bottomCover.loadWall.T
  hydraulic.distribution.stoBuf.layer[1].dynBal.U
  hydraulic.distribution.stoBuf.layer[2].dynBal.U
  hydraulic.distribution.stoBuf.layer[3].dynBal.U
  hydraulic.distribution.stoBuf.layer[4].dynBal.U
  hydraulic.distribution.stoBuf.storageMantle[1].Insulation.CylindricLoad1.heatCapacitor.T
  hydraulic.distribution.stoBuf.storageMantle[1].Wall.CylindricLoad1.heatCapacitor.T
  hydraulic.distribution.stoBuf.storageMantle[2].Insulation.CylindricLoad1.heatCapacitor.T
  hydraulic.distribution.stoBuf.storageMantle[2].Wall.CylindricLoad1.heatCapacitor.T
  hydraulic.distribution.stoBuf.storageMantle[3].Insulation.CylindricLoad1.heatCapacitor.T
  hydraulic.distribution.stoBuf.storageMantle[3].Wall.CylindricLoad1.heatCapacitor.T
  hydraulic.distribution.stoBuf.storageMantle[4].Insulation.CylindricLoad1.heatCapacitor.T
  hydraulic.distribution.stoBuf.storageMantle[4].Wall.CylindricLoad1.heatCapacitor.T
  hydraulic.distribution.stoBuf.topCover.loadIns.T
  hydraulic.distribution.stoBuf.topCover.loadWall.T
  hydraulic.distribution.stoDHW.bottomCover.loadIns.T
  hydraulic.distribution.stoDHW.bottomCover.loadWall.T
  hydraulic.distribution.stoDHW.heatingCoil1.pipe[1].del.x
  hydraulic.distribution.stoDHW.heatingCoil1.pipe[1].timDel.x
  hydraulic.distribution.stoDHW.heatingCoil1.pipe[1].vol_a.dynBal.U
  hydraulic.distribution.stoDHW.heatingCoil1.pipe[1].vol_b.dynBal.U
  hydraulic.distribution.stoDHW.heatingCoil1.pipe[2].del.x
  hydraulic.distribution.stoDHW.heatingCoil1.pipe[2].timDel.x
  hydraulic.distribution.stoDHW.heatingCoil1.pipe[2].vol_a.dynBal.U
  hydraulic.distribution.stoDHW.heatingCoil1.pipe[2].vol_b.dynBal.U
  hydraulic.distribution.stoDHW.heatingCoil1.pipe[3].del.x
  hydraulic.distribution.stoDHW.heatingCoil1.pipe[3].timDel.x
  hydraulic.distribution.stoDHW.heatingCoil1.pipe[3].vol_a.dynBal.U
  hydraulic.distribution.stoDHW.heatingCoil1.pipe[3].vol_b.dynBal.U
  hydraulic.distribution.stoDHW.heatingCoil1.pipe[4].del.x
  hydraulic.distribution.stoDHW.heatingCoil1.pipe[4].timDel.x
  hydraulic.distribution.stoDHW.heatingCoil1.pipe[4].vol_a.dynBal.U
  hydraulic.distribution.stoDHW.heatingCoil1.pipe[4].vol_b.dynBal.U
  hydraulic.distribution.stoDHW.layer[1].dynBal.U
  hydraulic.distribution.stoDHW.layer[2].dynBal.U
  hydraulic.distribution.stoDHW.layer[3].dynBal.U
  hydraulic.distribution.stoDHW.layer[4].dynBal.U
  hydraulic.distribution.stoDHW.storageMantle[1].Insulation.CylindricLoad1.heatCapacitor.T
  hydraulic.distribution.stoDHW.storageMantle[1].Wall.CylindricLoad1.heatCapacitor.T
  hydraulic.distribution.stoDHW.storageMantle[2].Insulation.CylindricLoad1.heatCapacitor.T
  hydraulic.distribution.stoDHW.storageMantle[2].Wall.CylindricLoad1.heatCapacitor.T
  hydraulic.distribution.stoDHW.storageMantle[3].Insulation.CylindricLoad1.heatCapacitor.T
  hydraulic.distribution.stoDHW.storageMantle[3].Wall.CylindricLoad1.heatCapacitor.T
  hydraulic.distribution.stoDHW.storageMantle[4].Insulation.CylindricLoad1.heatCapacitor.T
  hydraulic.distribution.stoDHW.storageMantle[4].Wall.CylindricLoad1.heatCapacitor.T
  hydraulic.distribution.stoDHW.topCover.loadIns.T
  hydraulic.distribution.stoDHW.topCover.loadWall.T
  hydraulic.distribution.threeWayValveWithFlowReturn.threWayValFlow.vol.dynBal.U
  hydraulic.generation.eleHea.vol.dynBal.U
  hydraulic.generation.heatPump.con.vol.dynBal.U
  hydraulic.generation.heatPump.eva.vol.dynBal.medium.Xi[1]
  hydraulic.generation.heatPump.eva.vol.dynBal.U
  hydraulic.generation.heatPump.senT_a1.T
  hydraulic.generation.heatPump.senT_a2.T
  hydraulic.generation.heatPump.senT_b1.T
  hydraulic.generation.heatPump.senT_b2.T
  hydraulic.generation.KPIEleHea.integrator1.y
  hydraulic.generation.KPIEleHea.integrator3.y
  hydraulic.generation.KPIHeaPum.integrator1.y
  hydraulic.generation.KPIHeaPum.integrator3.y
  hydraulic.generation.KPIPEleEleHea.integrator2.y
  hydraulic.generation.KPIQEleHea_flow.integrator2.y
  hydraulic.generation.KPIQHP.integrator2.y
  hydraulic.generation.KPIWel.integrator2.y
  hydraulic.generation.pump.vol.dynBal.U
  hydraulic.generation.senTGenOut.T
  hydraulic.transfer.pump.vol.dynBal.U
  hydraulic.transfer.rad[1].vol[1].dynBal.U
  hydraulic.transfer.rad[1].vol[2].dynBal.U
  hydraulic.transfer.rad[1].vol[3].dynBal.U
  hydraulic.transfer.rad[1].vol[4].dynBal.U
  hydraulic.transfer.rad[1].vol[5].dynBal.U
  hydraulic.transfer.vol.dynBal.U
 
Warning: Conflicting start values
The iteration variable building.weaBus.TWetBul has been selected to have the guess value 291.15.
However, the start value has been selected from a set of alias variables having conflicting start values of the same precedence.
291.15, the start value of weaDat.tWetBul_TDryBulXi.TWetBul given as 291.15.
293.15, the start value of electrical.weaBus.TWetBul given as 293.15.
Warning: WARNINGS have been issued.
Finished
 = true

    
Declaring variable: Boolean rScript ;

savelog("BESMod.Examples.BAUSimStudy.Case1Standard.translation.log");