 = true


rCheck = checkModel("BESMod.Examples.SolarThermalSystem.SolarThermalAixLib");
Check of BESMod.Examples.SolarThermalSystem.SolarThermalAixLib:
Warning: Non-literal value.
In nominal attribute for hydraulic.generation.solThe.pressureDrop.m_flow.
Ignoring nominal attribute.
In class Modelica.Units.SI.
  Near file: /opt/dymola-2022-x86_64/Modelica/Library/Modelica 4.0.0/Units.mo, line 237
Used in base-class hydraulic.generation.solThe.pressureDrop.PartialTwoPortInterface.
  Near file: /builds/EBC/EBC_all/github_ci/BESMod/installed_dependencies/AixLib/AixLib/Fluid/BaseClasses/PartialResistance.mo, line 3
Warning: Non-literal value.
In nominal attribute for hydraulic.generation.solThe.pressureDrop.dp.
Ignoring nominal attribute.
In class Modelica.Units.SI.
  Near file: /opt/dymola-2022-x86_64/Modelica/Library/Modelica 4.0.0/Units.mo, line 237
Used in base-class hydraulic.generation.solThe.pressureDrop.PartialTwoPortInterface.
  Near file: /builds/EBC/EBC_all/github_ci/BESMod/installed_dependencies/AixLib/AixLib/Fluid/BaseClasses/PartialResistance.mo, line 3
Warning: Non-literal value.
In nominal attribute for hydraulic.distribution.bufSto.heatingCoil2.pipe[1].res.m_flow.
Ignoring nominal attribute.
In class Modelica.Units.SI.
  Near file: /opt/dymola-2022-x86_64/Modelica/Library/Modelica 4.0.0/Units.mo, line 237
Used in base-class hydraulic.distribution.bufSto.heatingCoil2.pipe.res.PartialTwoPortInterface.
  Near file: /builds/EBC/EBC_all/github_ci/BESMod/installed_dependencies/AixLib/AixLib/Fluid/BaseClasses/PartialResistance.mo, line 3
Warning: Non-literal value.
In nominal attribute for hydraulic.distribution.bufSto.heatingCoil2.pipe[2].res.m_flow.
Ignoring nominal attribute.
In class Modelica.Units.SI.
  Near file: /opt/dymola-2022-x86_64/Modelica/Library/Modelica 4.0.0/Units.mo, line 237
Used in base-class hydraulic.distribution.bufSto.heatingCoil2.pipe.res.PartialTwoPortInterface.
  Near file: /builds/EBC/EBC_all/github_ci/BESMod/installed_dependencies/AixLib/AixLib/Fluid/BaseClasses/PartialResistance.mo, line 3
Warning: Non-literal value.
In nominal attribute for hydraulic.distribution.bufSto.heatingCoil2.pipe[3].res.m_flow.
Ignoring nominal attribute.
In class Modelica.Units.SI.
  Near file: /opt/dymola-2022-x86_64/Modelica/Library/Modelica 4.0.0/Units.mo, line 237
Used in base-class hydraulic.distribution.bufSto.heatingCoil2.pipe.res.PartialTwoPortInterface.
  Near file: /builds/EBC/EBC_all/github_ci/BESMod/installed_dependencies/AixLib/AixLib/Fluid/BaseClasses/PartialResistance.mo, line 3
Warning: Non-literal value.
In nominal attribute for hydraulic.distribution.bufSto.heatingCoil2.pipe[4].res.m_flow.
Ignoring nominal attribute.
In class Modelica.Units.SI.
  Near file: /opt/dymola-2022-x86_64/Modelica/Library/Modelica 4.0.0/Units.mo, line 237
Used in base-class hydraulic.distribution.bufSto.heatingCoil2.pipe.res.PartialTwoPortInterface.
  Near file: /builds/EBC/EBC_all/github_ci/BESMod/installed_dependencies/AixLib/AixLib/Fluid/BaseClasses/PartialResistance.mo, line 3
Warning: Non-literal value.
In nominal attribute for hydraulic.distribution.bufSto.heatingCoil2.pipe[5].res.m_flow.
Ignoring nominal attribute.
In class Modelica.Units.SI.
  Near file: /opt/dymola-2022-x86_64/Modelica/Library/Modelica 4.0.0/Units.mo, line 237
Used in base-class hydraulic.distribution.bufSto.heatingCoil2.pipe.res.PartialTwoPortInterface.
  Near file: /builds/EBC/EBC_all/github_ci/BESMod/installed_dependencies/AixLib/AixLib/Fluid/BaseClasses/PartialResistance.mo, line 3
Warning: Non-literal value.
In nominal attribute for hydraulic.distribution.bufSto.heatingCoil2.pipe[6].res.m_flow.
Ignoring nominal attribute.
In class Modelica.Units.SI.
  Near file: /opt/dymola-2022-x86_64/Modelica/Library/Modelica 4.0.0/Units.mo, line 237
Used in base-class hydraulic.distribution.bufSto.heatingCoil2.pipe.res.PartialTwoPortInterface.
  Near file: /builds/EBC/EBC_all/github_ci/BESMod/installed_dependencies/AixLib/AixLib/Fluid/BaseClasses/PartialResistance.mo, line 3
Warning: Non-literal value.
In nominal attribute for hydraulic.distribution.bufSto.heatingCoil2.pipe[7].res.m_flow.
Ignoring nominal attribute.
In class Modelica.Units.SI.
  Near file: /opt/dymola-2022-x86_64/Modelica/Library/Modelica 4.0.0/Units.mo, line 237
Used in base-class hydraulic.distribution.bufSto.heatingCoil2.pipe.res.PartialTwoPortInterface.
  Near file: /builds/EBC/EBC_all/github_ci/BESMod/installed_dependencies/AixLib/AixLib/Fluid/BaseClasses/PartialResistance.mo, line 3
Warning: Non-literal value.
In nominal attribute for hydraulic.distribution.bufSto.heatingCoil2.pipe[8].res.m_flow.
Ignoring nominal attribute.
In class Modelica.Units.SI.
  Near file: /opt/dymola-2022-x86_64/Modelica/Library/Modelica 4.0.0/Units.mo, line 237
Used in base-class hydraulic.distribution.bufSto.heatingCoil2.pipe.res.PartialTwoPortInterface.
  Near file: /builds/EBC/EBC_all/github_ci/BESMod/installed_dependencies/AixLib/AixLib/Fluid/BaseClasses/PartialResistance.mo, line 3
Warning: Non-literal value.
In nominal attribute for hydraulic.distribution.bufSto.heatingCoil2.pipe[9].res.m_flow.
Ignoring nominal attribute.
In class Modelica.Units.SI.
  Near file: /opt/dymola-2022-x86_64/Modelica/Library/Modelica 4.0.0/Units.mo, line 237
Used in base-class hydraulic.distribution.bufSto.heatingCoil2.pipe.res.PartialTwoPortInterface.
  Near file: /builds/EBC/EBC_all/github_ci/BESMod/installed_dependencies/AixLib/AixLib/Fluid/BaseClasses/PartialResistance.mo, line 3
Warning: Non-literal value.
In nominal attribute for hydraulic.distribution.bufSto.heatingCoil2.pipe[10].res.m_flow.
Ignoring nominal attribute.
In class Modelica.Units.SI.
  Near file: /opt/dymola-2022-x86_64/Modelica/Library/Modelica 4.0.0/Units.mo, line 237
Used in base-class hydraulic.distribution.bufSto.heatingCoil2.pipe.res.PartialTwoPortInterface.
  Near file: /builds/EBC/EBC_all/github_ci/BESMod/installed_dependencies/AixLib/AixLib/Fluid/BaseClasses/PartialResistance.mo, line 3
The model has the same number of unknowns and equations: 12810
Check of BESMod.Examples.SolarThermalSystem.SolarThermalAixLib successful.
Warning: WARNINGS have been issued.
Declaring variable: Boolean rCheck ;

Modelica.Utilities.Streams.print("    { \"file\" :  \"BESMod/Resources/Scripts/Dymola/Examples/SolarThermalSystem/SolarThermalAixLib.mos\",", "BESMod.Examples.SolarThermalSystem.SolarThermalAixLib.statistics.log");
Modelica.Utilities.Streams.print("      \"model\" : \"BESMod.Examples.SolarThermalSystem.SolarThermalAixLib\",", "BESMod.Examples.SolarThermalSystem.SolarThermalAixLib.statistics.log");
Modelica.Utilities.Streams.print("      \"check\" : {", "BESMod.Examples.SolarThermalSystem.SolarThermalAixLib.statistics.log");
Modelica.Utilities.Streams.print("        \"command\" : \"checkModel(\\\"BESMod.Examples.SolarThermalSystem.SolarThermalAixLib\\\");\",", "BESMod.Examples.SolarThermalSystem.SolarThermalAixLib.statistics.log");
Modelica.Utilities.Streams.print("        \"result\"  : " + String(rCheck), "BESMod.Examples.SolarThermalSystem.SolarThermalAixLib.statistics.log");
Modelica.Utilities.Streams.print("      },", "BESMod.Examples.SolarThermalSystem.SolarThermalAixLib.statistics.log");


rScript=RunScript("modelica://BESMod/Resources/Scripts/Dymola/Examples/SolarThermalSystem/SolarThermalAixLib.mos");

simulateModel("BESMod.Examples.SolarThermalSystem.SolarThermalAixLib", stopTime=172800, method="dassl", tolerance=1e-06, resultFile="BESMod.Examples.SolarThermalSystem.SolarThermalAixLib");
Translation of BESMod.Examples.SolarThermalSystem.SolarThermalAixLib:
Warning: Non-literal value.
In nominal attribute for hydraulic.generation.solThe.pressureDrop.m_flow.
Ignoring nominal attribute.
In class Modelica.Units.SI.
  Near file: /opt/dymola-2022-x86_64/Modelica/Library/Modelica 4.0.0/Units.mo, line 237
Used in base-class hydraulic.generation.solThe.pressureDrop.PartialTwoPortInterface.
  Near file: /builds/EBC/EBC_all/github_ci/BESMod/installed_dependencies/AixLib/AixLib/Fluid/BaseClasses/PartialResistance.mo, line 3
Warning: Non-literal value.
In nominal attribute for hydraulic.generation.solThe.pressureDrop.dp.
Ignoring nominal attribute.
In class Modelica.Units.SI.
  Near file: /opt/dymola-2022-x86_64/Modelica/Library/Modelica 4.0.0/Units.mo, line 237
Used in base-class hydraulic.generation.solThe.pressureDrop.PartialTwoPortInterface.
  Near file: /builds/EBC/EBC_all/github_ci/BESMod/installed_dependencies/AixLib/AixLib/Fluid/BaseClasses/PartialResistance.mo, line 3
Warning: Non-literal value.
In nominal attribute for hydraulic.distribution.bufSto.heatingCoil2.pipe[1].res.m_flow.
Ignoring nominal attribute.
In class Modelica.Units.SI.
  Near file: /opt/dymola-2022-x86_64/Modelica/Library/Modelica 4.0.0/Units.mo, line 237
Used in base-class hydraulic.distribution.bufSto.heatingCoil2.pipe.res.PartialTwoPortInterface.
  Near file: /builds/EBC/EBC_all/github_ci/BESMod/installed_dependencies/AixLib/AixLib/Fluid/BaseClasses/PartialResistance.mo, line 3
Warning: Non-literal value.
In nominal attribute for hydraulic.distribution.bufSto.heatingCoil2.pipe[2].res.m_flow.
Ignoring nominal attribute.
In class Modelica.Units.SI.
  Near file: /opt/dymola-2022-x86_64/Modelica/Library/Modelica 4.0.0/Units.mo, line 237
Used in base-class hydraulic.distribution.bufSto.heatingCoil2.pipe.res.PartialTwoPortInterface.
  Near file: /builds/EBC/EBC_all/github_ci/BESMod/installed_dependencies/AixLib/AixLib/Fluid/BaseClasses/PartialResistance.mo, line 3
Warning: Non-literal value.
In nominal attribute for hydraulic.distribution.bufSto.heatingCoil2.pipe[3].res.m_flow.
Ignoring nominal attribute.
In class Modelica.Units.SI.
  Near file: /opt/dymola-2022-x86_64/Modelica/Library/Modelica 4.0.0/Units.mo, line 237
Used in base-class hydraulic.distribution.bufSto.heatingCoil2.pipe.res.PartialTwoPortInterface.
  Near file: /builds/EBC/EBC_all/github_ci/BESMod/installed_dependencies/AixLib/AixLib/Fluid/BaseClasses/PartialResistance.mo, line 3
Warning: Non-literal value.
In nominal attribute for hydraulic.distribution.bufSto.heatingCoil2.pipe[4].res.m_flow.
Ignoring nominal attribute.
In class Modelica.Units.SI.
  Near file: /opt/dymola-2022-x86_64/Modelica/Library/Modelica 4.0.0/Units.mo, line 237
Used in base-class hydraulic.distribution.bufSto.heatingCoil2.pipe.res.PartialTwoPortInterface.
  Near file: /builds/EBC/EBC_all/github_ci/BESMod/installed_dependencies/AixLib/AixLib/Fluid/BaseClasses/PartialResistance.mo, line 3
Warning: Non-literal value.
In nominal attribute for hydraulic.distribution.bufSto.heatingCoil2.pipe[5].res.m_flow.
Ignoring nominal attribute.
In class Modelica.Units.SI.
  Near file: /opt/dymola-2022-x86_64/Modelica/Library/Modelica 4.0.0/Units.mo, line 237
Used in base-class hydraulic.distribution.bufSto.heatingCoil2.pipe.res.PartialTwoPortInterface.
  Near file: /builds/EBC/EBC_all/github_ci/BESMod/installed_dependencies/AixLib/AixLib/Fluid/BaseClasses/PartialResistance.mo, line 3
Warning: Non-literal value.
In nominal attribute for hydraulic.distribution.bufSto.heatingCoil2.pipe[6].res.m_flow.
Ignoring nominal attribute.
In class Modelica.Units.SI.
  Near file: /opt/dymola-2022-x86_64/Modelica/Library/Modelica 4.0.0/Units.mo, line 237
Used in base-class hydraulic.distribution.bufSto.heatingCoil2.pipe.res.PartialTwoPortInterface.
  Near file: /builds/EBC/EBC_all/github_ci/BESMod/installed_dependencies/AixLib/AixLib/Fluid/BaseClasses/PartialResistance.mo, line 3
Warning: Non-literal value.
In nominal attribute for hydraulic.distribution.bufSto.heatingCoil2.pipe[7].res.m_flow.
Ignoring nominal attribute.
In class Modelica.Units.SI.
  Near file: /opt/dymola-2022-x86_64/Modelica/Library/Modelica 4.0.0/Units.mo, line 237
Used in base-class hydraulic.distribution.bufSto.heatingCoil2.pipe.res.PartialTwoPortInterface.
  Near file: /builds/EBC/EBC_all/github_ci/BESMod/installed_dependencies/AixLib/AixLib/Fluid/BaseClasses/PartialResistance.mo, line 3
Warning: Non-literal value.
In nominal attribute for hydraulic.distribution.bufSto.heatingCoil2.pipe[8].res.m_flow.
Ignoring nominal attribute.
In class Modelica.Units.SI.
  Near file: /opt/dymola-2022-x86_64/Modelica/Library/Modelica 4.0.0/Units.mo, line 237
Used in base-class hydraulic.distribution.bufSto.heatingCoil2.pipe.res.PartialTwoPortInterface.
  Near file: /builds/EBC/EBC_all/github_ci/BESMod/installed_dependencies/AixLib/AixLib/Fluid/BaseClasses/PartialResistance.mo, line 3
Warning: Non-literal value.
In nominal attribute for hydraulic.distribution.bufSto.heatingCoil2.pipe[9].res.m_flow.
Ignoring nominal attribute.
In class Modelica.Units.SI.
  Near file: /opt/dymola-2022-x86_64/Modelica/Library/Modelica 4.0.0/Units.mo, line 237
Used in base-class hydraulic.distribution.bufSto.heatingCoil2.pipe.res.PartialTwoPortInterface.
  Near file: /builds/EBC/EBC_all/github_ci/BESMod/installed_dependencies/AixLib/AixLib/Fluid/BaseClasses/PartialResistance.mo, line 3
Warning: Non-literal value.
In nominal attribute for hydraulic.distribution.bufSto.heatingCoil2.pipe[10].res.m_flow.
Ignoring nominal attribute.
In class Modelica.Units.SI.
  Near file: /opt/dymola-2022-x86_64/Modelica/Library/Modelica 4.0.0/Units.mo, line 237
Used in base-class hydraulic.distribution.bufSto.heatingCoil2.pipe.res.PartialTwoPortInterface.
  Near file: /builds/EBC/EBC_all/github_ci/BESMod/installed_dependencies/AixLib/AixLib/Fluid/BaseClasses/PartialResistance.mo, line 3
The DAE has 12810 scalar unknowns and 12810 scalar equations.
Redundant consistent initial conditions.
Removed the following equations which are redundant and consistent: 
  if (hydraulic.generation.heatPump.eva.vol.dynBal.massDynamics ==     Modelica.Fluid.Types.Dynamics.FixedInitial) then 
    if (hydraulic.generation.heatPump.eva.vol.dynBal.initialize_p) then 
      hydraulic.generation.heatPump.eva.vol.dynBal.medium.p = hydraulic.generation.heatPump.eva.vol.dynBal.p_start;
    end if;
  else
    if (hydraulic.generation.heatPump.eva.vol.dynBal.massDynamics ==       Modelica.Fluid.Types.Dynamics.SteadyStateInitial) then 
      if (hydraulic.generation.heatPump.eva.vol.dynBal.initialize_p) then 
        der(hydraulic.generation.heatPump.eva.vol.dynBal.medium.p) = 0;
      end if;
    end if;
  end if;
 
This required evaluation of 
the interactive parameters 
    hydraulic.generation.bou_sinkAir.p(start = 101325)
 
The redundancies involve
initial equations: 
  hydraulic.generation.bou_sinkAir.p = 101325.0;
 
Sparse solver handling possible: false.
Due to flag Advanced.SparseActivate=false.
Model sparse and large enough: true.
Sparse solvers are available for dassl, lsodar, cvode, radau, esdirk*, sdirk* (using OpenMP, set number of cores with Advanced.NumberOfCores).
 
Statistics
 
Original Model
  Number of components: 2549
  Variables: 29708
  Constants: 534 (534 scalars)
  Parameters: 13526 (14936 scalars)
  Unknowns: 15648 (13132 scalars)
  Differentiated variables: 326 scalars
  Equations: 12232
  Nontrivial: 9618
Translated Model
  Constants: 10390 scalars
  Free parameters: 1577 scalars
  Parameter depending: 5313 scalars
  Outputs: 59 scalars
  Continuous time states: 233 scalars
  Time-varying variables: 3118 scalars
  Alias variables: 8204 scalars
  Number of mixed real/discrete systems of equations: 0
  Sizes of linear systems of equations: {2, 2, 2, 2, 2, 3, 2, 2, 2, 2, 2, 2, 2, 2, 2, 2, 2, 2, 2, 2, 2, 2, 2, 2, 2, 2, 3,   2, 2, 2, 2, 2, 2, 2, 2, 2, 2, 2, 2, 2, 2, 2, 2, 4, 3, 2, 2, 2, 2, 2, 2, 2, 2,   2, 2, 2, 2, 2, 2, 2, 2, 2, 2, 2, 2, 2, 2, 2, 2, 4, 3, 4, 4}
  Sizes after manipulation of the linear systems: {0, 0, 0, 0, 0, 0, 0, 0, 0, 0, 0, 0, 0, 0, 0, 0, 0, 0, 0, 0, 0, 0, 0, 0, 0, 0, 0,   0, 0, 0, 0, 0, 0, 0, 0, 0, 0, 0, 0, 0, 0, 0, 0, 0, 0, 0, 0, 0, 0, 0, 0, 0, 0,   0, 0, 0, 0, 0, 0, 0, 0, 0, 0, 0, 0, 0, 0, 0, 0, 0, 0, 0, 0}
  Sizes of nonlinear systems of equations: {6, 5, 59, 6, 6, 6, 6, 6, 6, 6, 6, 6, 6, 6, 6, 6, 6, 6, 6, 6, 6, 6, 6, 6, 6, 6, 6,   6, 6, 6, 6, 6, 6, 3, 1, 1, 1, 1, 1, 1, 1}
  Sizes after manipulation of the nonlinear systems: {1, 1, 6, 1, 1, 1, 1, 1, 1, 1, 1, 1, 1, 1, 1, 1, 1, 1, 1, 1, 1, 1, 1, 1, 1, 1, 1,   1, 1, 1, 1, 1, 1, 1, 0, 1, 0, 1, 0, 1, 1}
  Number of numerical Jacobians: 0
  Initialization problem
    Sizes of nonlinear systems of equations: {11, 25, 70, 6, 5, 1}
    Sizes after manipulation of the nonlinear systems: {5, 2, 7, 1, 1, 1}
    Number of numerical Jacobians: 0
 
Selected continuous time states
Statically selected continuous time states
  building.comCalCooOpe[1].intDisCom.y
  building.comCalHeaOpe[1].intDisCom.y
  building.comfortCalculatorCool[1].intDisCom.y
  building.comfortCalculatorHea[1].intDisCom.y
  building.intKPICal[1].integrator2.y
  building.intKPICalTraGain2[1].integrator2.y
  building.intKPICalTraGain[1].integrator2.y
  building.intKPICalTraLoss2[1].integrator2.y
  building.intKPICalTraLoss[1].integrator2.y
  building.thermalZone[1].ROM.extWallRC.thermCapExt[1].T
  building.thermalZone[1].ROM.floorRC.thermCapExt[1].T
  building.thermalZone[1].ROM.intWallRC.thermCapInt[1].T
  building.thermalZone[1].ROM.roofRC.thermCapExt[1].T
  building.thermalZone[1].ROM.volAir.dynBal.m
  building.thermalZone[1].ROM.volAir.dynBal.medium.Xi[1]
  building.thermalZone[1].ROM.volAir.dynBal.U
  building.thermalZone[1].ventCont.dEMA.ExpAVG.x[1]
  building.thermalZone[1].ventCont.dEMA.ExpAVG1.x[1]
  DHW.integralKPICalculator.integrator2.y
  DHW.pump.vol.dynBal.U
  electrical.distribution.eneKPIGen.integrator2.y
  electrical.distribution.eneKPILoa.integrator2.y
  hydraulic.control.priGenPIDCtrl.intAbs.y
  hydraulic.control.priGenPIDCtrl.intSqu.y
  hydraulic.control.priGenPIDCtrl.PID.D.x
  hydraulic.control.priGenPIDCtrl.PID.I.y
  hydraulic.control.valCtrl.PI[1].I.y
  hydraulic.distribution.bufSto.bottomCover.loadIns.T
  hydraulic.distribution.bufSto.bottomCover.loadWall.T
  hydraulic.distribution.bufSto.heatingCoil1.pipe[1].del.x
  hydraulic.distribution.bufSto.heatingCoil1.pipe[1].timDel.x
  hydraulic.distribution.bufSto.heatingCoil1.pipe[1].vol_a.dynBal.U
  hydraulic.distribution.bufSto.heatingCoil1.pipe[1].vol_b.dynBal.U
  hydraulic.distribution.bufSto.heatingCoil1.pipe[2].del.x
  hydraulic.distribution.bufSto.heatingCoil1.pipe[2].timDel.x
  hydraulic.distribution.bufSto.heatingCoil1.pipe[2].vol_a.dynBal.U
  hydraulic.distribution.bufSto.heatingCoil1.pipe[2].vol_b.dynBal.U
  hydraulic.distribution.bufSto.heatingCoil1.pipe[3].del.x
  hydraulic.distribution.bufSto.heatingCoil1.pipe[3].timDel.x
  hydraulic.distribution.bufSto.heatingCoil1.pipe[3].vol_a.dynBal.U
  hydraulic.distribution.bufSto.heatingCoil1.pipe[3].vol_b.dynBal.U
  hydraulic.distribution.bufSto.heatingCoil1.pipe[4].del.x
  hydraulic.distribution.bufSto.heatingCoil1.pipe[4].timDel.x
  hydraulic.distribution.bufSto.heatingCoil1.pipe[4].vol_a.dynBal.U
  hydraulic.distribution.bufSto.heatingCoil1.pipe[4].vol_b.dynBal.U
  hydraulic.distribution.bufSto.heatingCoil1.pipe[5].del.x
  hydraulic.distribution.bufSto.heatingCoil1.pipe[5].timDel.x
  hydraulic.distribution.bufSto.heatingCoil1.pipe[5].vol_a.dynBal.U
  hydraulic.distribution.bufSto.heatingCoil1.pipe[5].vol_b.dynBal.U
  hydraulic.distribution.bufSto.heatingCoil1.pipe[6].del.x
  hydraulic.distribution.bufSto.heatingCoil1.pipe[6].timDel.x
  hydraulic.distribution.bufSto.heatingCoil1.pipe[6].vol_a.dynBal.U
  hydraulic.distribution.bufSto.heatingCoil1.pipe[6].vol_b.dynBal.U
  hydraulic.distribution.bufSto.heatingCoil1.pipe[7].del.x
  hydraulic.distribution.bufSto.heatingCoil1.pipe[7].timDel.x
  hydraulic.distribution.bufSto.heatingCoil1.pipe[7].vol_a.dynBal.U
  hydraulic.distribution.bufSto.heatingCoil1.pipe[7].vol_b.dynBal.U
  hydraulic.distribution.bufSto.heatingCoil1.pipe[8].del.x
  hydraulic.distribution.bufSto.heatingCoil1.pipe[8].timDel.x
  hydraulic.distribution.bufSto.heatingCoil1.pipe[8].vol_a.dynBal.U
  hydraulic.distribution.bufSto.heatingCoil1.pipe[8].vol_b.dynBal.U
  hydraulic.distribution.bufSto.heatingCoil1.pipe[9].del.x
  hydraulic.distribution.bufSto.heatingCoil1.pipe[9].timDel.x
  hydraulic.distribution.bufSto.heatingCoil1.pipe[9].vol_a.dynBal.U
  hydraulic.distribution.bufSto.heatingCoil1.pipe[9].vol_b.dynBal.U
  hydraulic.distribution.bufSto.heatingCoil1.pipe[10].del.x
  hydraulic.distribution.bufSto.heatingCoil1.pipe[10].timDel.x
  hydraulic.distribution.bufSto.heatingCoil1.pipe[10].vol_a.dynBal.U
  hydraulic.distribution.bufSto.heatingCoil1.pipe[10].vol_b.dynBal.U
  hydraulic.distribution.bufSto.heatingCoil1.pipe[11].del.x
  hydraulic.distribution.bufSto.heatingCoil1.pipe[11].timDel.x
  hydraulic.distribution.bufSto.heatingCoil1.pipe[11].vol_a.dynBal.U
  hydraulic.distribution.bufSto.heatingCoil1.pipe[11].vol_b.dynBal.U
  hydraulic.distribution.bufSto.heatingCoil1.pipe[12].del.x
  hydraulic.distribution.bufSto.heatingCoil1.pipe[12].timDel.x
  hydraulic.distribution.bufSto.heatingCoil1.pipe[12].vol_a.dynBal.U
  hydraulic.distribution.bufSto.heatingCoil1.pipe[12].vol_b.dynBal.U
  hydraulic.distribution.bufSto.heatingCoil1.pipe[13].del.x
  hydraulic.distribution.bufSto.heatingCoil1.pipe[13].timDel.x
  hydraulic.distribution.bufSto.heatingCoil1.pipe[13].vol_a.dynBal.U
  hydraulic.distribution.bufSto.heatingCoil1.pipe[13].vol_b.dynBal.U
  hydraulic.distribution.bufSto.heatingCoil1.pipe[14].del.x
  hydraulic.distribution.bufSto.heatingCoil1.pipe[14].timDel.x
  hydraulic.distribution.bufSto.heatingCoil1.pipe[14].vol_a.dynBal.U
  hydraulic.distribution.bufSto.heatingCoil1.pipe[14].vol_b.dynBal.U
  hydraulic.distribution.bufSto.heatingCoil1.pipe[15].del.x
  hydraulic.distribution.bufSto.heatingCoil1.pipe[15].timDel.x
  hydraulic.distribution.bufSto.heatingCoil1.pipe[15].vol_a.dynBal.U
  hydraulic.distribution.bufSto.heatingCoil1.pipe[15].vol_b.dynBal.U
  hydraulic.distribution.bufSto.heatingCoil1.pipe[16].del.x
  hydraulic.distribution.bufSto.heatingCoil1.pipe[16].timDel.x
  hydraulic.distribution.bufSto.heatingCoil1.pipe[16].vol_a.dynBal.U
  hydraulic.distribution.bufSto.heatingCoil1.pipe[16].vol_b.dynBal.U
  hydraulic.distribution.bufSto.heatingCoil1.pipe[17].del.x
  hydraulic.distribution.bufSto.heatingCoil1.pipe[17].timDel.x
  hydraulic.distribution.bufSto.heatingCoil1.pipe[17].vol_a.dynBal.U
  hydraulic.distribution.bufSto.heatingCoil1.pipe[17].vol_b.dynBal.U
  hydraulic.distribution.bufSto.heatingCoil1.pipe[18].del.x
  hydraulic.distribution.bufSto.heatingCoil1.pipe[18].timDel.x
  hydraulic.distribution.bufSto.heatingCoil1.pipe[18].vol_a.dynBal.U
  hydraulic.distribution.bufSto.heatingCoil1.pipe[18].vol_b.dynBal.U
  hydraulic.distribution.bufSto.heatingCoil1.pipe[19].del.x
  hydraulic.distribution.bufSto.heatingCoil1.pipe[19].timDel.x
  hydraulic.distribution.bufSto.heatingCoil1.pipe[19].vol_a.dynBal.U
  hydraulic.distribution.bufSto.heatingCoil1.pipe[19].vol_b.dynBal.U
  hydraulic.distribution.bufSto.heatingCoil1.pipe[20].del.x
  hydraulic.distribution.bufSto.heatingCoil1.pipe[20].timDel.x
  hydraulic.distribution.bufSto.heatingCoil1.pipe[20].vol_a.dynBal.U
  hydraulic.distribution.bufSto.heatingCoil1.pipe[20].vol_b.dynBal.U
  hydraulic.distribution.bufSto.heatingCoil2.pipe[1].del.x
  hydraulic.distribution.bufSto.heatingCoil2.pipe[1].timDel.x
  hydraulic.distribution.bufSto.heatingCoil2.pipe[1].vol_a.dynBal.U
  hydraulic.distribution.bufSto.heatingCoil2.pipe[1].vol_b.dynBal.U
  hydraulic.distribution.bufSto.heatingCoil2.pipe[2].del.x
  hydraulic.distribution.bufSto.heatingCoil2.pipe[2].timDel.x
  hydraulic.distribution.bufSto.heatingCoil2.pipe[2].vol_a.dynBal.U
  hydraulic.distribution.bufSto.heatingCoil2.pipe[2].vol_b.dynBal.U
  hydraulic.distribution.bufSto.heatingCoil2.pipe[3].del.x
  hydraulic.distribution.bufSto.heatingCoil2.pipe[3].timDel.x
  hydraulic.distribution.bufSto.heatingCoil2.pipe[3].vol_a.dynBal.U
  hydraulic.distribution.bufSto.heatingCoil2.pipe[3].vol_b.dynBal.U
  hydraulic.distribution.bufSto.heatingCoil2.pipe[4].del.x
  hydraulic.distribution.bufSto.heatingCoil2.pipe[4].timDel.x
  hydraulic.distribution.bufSto.heatingCoil2.pipe[4].vol_a.dynBal.U
  hydraulic.distribution.bufSto.heatingCoil2.pipe[4].vol_b.dynBal.U
  hydraulic.distribution.bufSto.heatingCoil2.pipe[5].del.x
  hydraulic.distribution.bufSto.heatingCoil2.pipe[5].timDel.x
  hydraulic.distribution.bufSto.heatingCoil2.pipe[5].vol_a.dynBal.U
  hydraulic.distribution.bufSto.heatingCoil2.pipe[5].vol_b.dynBal.U
  hydraulic.distribution.bufSto.heatingCoil2.pipe[6].del.x
  hydraulic.distribution.bufSto.heatingCoil2.pipe[6].timDel.x
  hydraulic.distribution.bufSto.heatingCoil2.pipe[6].vol_a.dynBal.U
  hydraulic.distribution.bufSto.heatingCoil2.pipe[6].vol_b.dynBal.U
  hydraulic.distribution.bufSto.heatingCoil2.pipe[7].del.x
  hydraulic.distribution.bufSto.heatingCoil2.pipe[7].timDel.x
  hydraulic.distribution.bufSto.heatingCoil2.pipe[7].vol_a.dynBal.U
  hydraulic.distribution.bufSto.heatingCoil2.pipe[7].vol_b.dynBal.U
  hydraulic.distribution.bufSto.heatingCoil2.pipe[8].del.x
  hydraulic.distribution.bufSto.heatingCoil2.pipe[8].timDel.x
  hydraulic.distribution.bufSto.heatingCoil2.pipe[8].vol_a.dynBal.U
  hydraulic.distribution.bufSto.heatingCoil2.pipe[8].vol_b.dynBal.U
  hydraulic.distribution.bufSto.heatingCoil2.pipe[9].del.x
  hydraulic.distribution.bufSto.heatingCoil2.pipe[9].timDel.x
  hydraulic.distribution.bufSto.heatingCoil2.pipe[9].vol_a.dynBal.U
  hydraulic.distribution.bufSto.heatingCoil2.pipe[9].vol_b.dynBal.U
  hydraulic.distribution.bufSto.heatingCoil2.pipe[10].del.x
  hydraulic.distribution.bufSto.heatingCoil2.pipe[10].timDel.x
  hydraulic.distribution.bufSto.heatingCoil2.pipe[10].vol_a.dynBal.U
  hydraulic.distribution.bufSto.heatingCoil2.pipe[10].vol_b.dynBal.U
  hydraulic.distribution.bufSto.layer[1].dynBal.U
  hydraulic.distribution.bufSto.layer[2].dynBal.U
  hydraulic.distribution.bufSto.layer[3].dynBal.U
  hydraulic.distribution.bufSto.layer[4].dynBal.U
  hydraulic.distribution.bufSto.layer[5].dynBal.U
  hydraulic.distribution.bufSto.layer[6].dynBal.U
  hydraulic.distribution.bufSto.layer[7].dynBal.U
  hydraulic.distribution.bufSto.layer[8].dynBal.U
  hydraulic.distribution.bufSto.layer[9].dynBal.U
  hydraulic.distribution.bufSto.layer[10].dynBal.U
  hydraulic.distribution.bufSto.layer[11].dynBal.U
  hydraulic.distribution.bufSto.layer[12].dynBal.U
  hydraulic.distribution.bufSto.layer[13].dynBal.U
  hydraulic.distribution.bufSto.layer[14].dynBal.U
  hydraulic.distribution.bufSto.layer[15].dynBal.U
  hydraulic.distribution.bufSto.layer[16].dynBal.U
  hydraulic.distribution.bufSto.layer[17].dynBal.U
  hydraulic.distribution.bufSto.layer[18].dynBal.U
  hydraulic.distribution.bufSto.layer[19].dynBal.U
  hydraulic.distribution.bufSto.layer[20].dynBal.U
  hydraulic.distribution.bufSto.storageMantle[1].Insulation.CylindricLoad1.heatCapacitor.T
  hydraulic.distribution.bufSto.storageMantle[1].Wall.CylindricLoad1.heatCapacitor.T
  hydraulic.distribution.bufSto.storageMantle[2].Insulation.CylindricLoad1.heatCapacitor.T
  hydraulic.distribution.bufSto.storageMantle[2].Wall.CylindricLoad1.heatCapacitor.T
  hydraulic.distribution.bufSto.storageMantle[3].Insulation.CylindricLoad1.heatCapacitor.T
  hydraulic.distribution.bufSto.storageMantle[3].Wall.CylindricLoad1.heatCapacitor.T
  hydraulic.distribution.bufSto.storageMantle[4].Insulation.CylindricLoad1.heatCapacitor.T
  hydraulic.distribution.bufSto.storageMantle[4].Wall.CylindricLoad1.heatCapacitor.T
  hydraulic.distribution.bufSto.storageMantle[5].Insulation.CylindricLoad1.heatCapacitor.T
  hydraulic.distribution.bufSto.storageMantle[5].Wall.CylindricLoad1.heatCapacitor.T
  hydraulic.distribution.bufSto.storageMantle[6].Insulation.CylindricLoad1.heatCapacitor.T
  hydraulic.distribution.bufSto.storageMantle[6].Wall.CylindricLoad1.heatCapacitor.T
  hydraulic.distribution.bufSto.storageMantle[7].Insulation.CylindricLoad1.heatCapacitor.T
  hydraulic.distribution.bufSto.storageMantle[7].Wall.CylindricLoad1.heatCapacitor.T
  hydraulic.distribution.bufSto.storageMantle[8].Insulation.CylindricLoad1.heatCapacitor.T
  hydraulic.distribution.bufSto.storageMantle[8].Wall.CylindricLoad1.heatCapacitor.T
  hydraulic.distribution.bufSto.storageMantle[9].Insulation.CylindricLoad1.heatCapacitor.T
  hydraulic.distribution.bufSto.storageMantle[9].Wall.CylindricLoad1.heatCapacitor.T
  hydraulic.distribution.bufSto.storageMantle[10].Insulation.CylindricLoad1.heatCapacitor.T
  hydraulic.distribution.bufSto.storageMantle[10].Wall.CylindricLoad1.heatCapacitor.T
  hydraulic.distribution.bufSto.storageMantle[11].Insulation.CylindricLoad1.heatCapacitor.T
  hydraulic.distribution.bufSto.storageMantle[11].Wall.CylindricLoad1.heatCapacitor.T
  hydraulic.distribution.bufSto.storageMantle[12].Insulation.CylindricLoad1.heatCapacitor.T
  hydraulic.distribution.bufSto.storageMantle[12].Wall.CylindricLoad1.heatCapacitor.T
  hydraulic.distribution.bufSto.storageMantle[13].Insulation.CylindricLoad1.heatCapacitor.T
  hydraulic.distribution.bufSto.storageMantle[13].Wall.CylindricLoad1.heatCapacitor.T
  hydraulic.distribution.bufSto.storageMantle[14].Insulation.CylindricLoad1.heatCapacitor.T
  hydraulic.distribution.bufSto.storageMantle[14].Wall.CylindricLoad1.heatCapacitor.T
  hydraulic.distribution.bufSto.storageMantle[15].Insulation.CylindricLoad1.heatCapacitor.T
  hydraulic.distribution.bufSto.storageMantle[15].Wall.CylindricLoad1.heatCapacitor.T
  hydraulic.distribution.bufSto.storageMantle[16].Insulation.CylindricLoad1.heatCapacitor.T
  hydraulic.distribution.bufSto.storageMantle[16].Wall.CylindricLoad1.heatCapacitor.T
  hydraulic.distribution.bufSto.storageMantle[17].Insulation.CylindricLoad1.heatCapacitor.T
  hydraulic.distribution.bufSto.storageMantle[17].Wall.CylindricLoad1.heatCapacitor.T
  hydraulic.distribution.bufSto.storageMantle[18].Insulation.CylindricLoad1.heatCapacitor.T
  hydraulic.distribution.bufSto.storageMantle[18].Wall.CylindricLoad1.heatCapacitor.T
  hydraulic.distribution.bufSto.storageMantle[19].Insulation.CylindricLoad1.heatCapacitor.T
  hydraulic.distribution.bufSto.storageMantle[19].Wall.CylindricLoad1.heatCapacitor.T
  hydraulic.distribution.bufSto.storageMantle[20].Insulation.CylindricLoad1.heatCapacitor.T
  hydraulic.distribution.bufSto.storageMantle[20].Wall.CylindricLoad1.heatCapacitor.T
  hydraulic.distribution.bufSto.topCover.loadIns.T
  hydraulic.distribution.bufSto.topCover.loadWall.T
  hydraulic.distribution.eneKPICal.integrator2.y
  hydraulic.generation.heatPump.con.vol.dynBal.U
  hydraulic.generation.heatPump.eva.vol.dynBal.medium.Xi[1]
  hydraulic.generation.heatPump.eva.vol.dynBal.U
  hydraulic.generation.KPIHeaPum.integrator1.y
  hydraulic.generation.KPIHeaPum.integrator3.y
  hydraulic.generation.KPIQHP.integrator2.y
  hydraulic.generation.KPIWel.integrator2.y
  hydraulic.generation.KPIWel1.integrator2.y
  hydraulic.generation.pump.vol.dynBal.U
  hydraulic.generation.pumpSolThe.vol.dynBal.U
  hydraulic.generation.senTGenOut.T
  hydraulic.generation.solThe.senTCold.T
  hydraulic.generation.solThe.senTHot.T
  hydraulic.generation.solThe.vol.dynBal.U
  hydraulic.transfer.pump.vol.dynBal.U
  hydraulic.transfer.rad[1].vol[1].dynBal.U
  hydraulic.transfer.rad[1].vol[2].dynBal.U
  hydraulic.transfer.rad[1].vol[3].dynBal.U
  hydraulic.transfer.rad[1].vol[4].dynBal.U
  hydraulic.transfer.rad[1].vol[5].dynBal.U
  hydraulic.transfer.vol.dynBal.U
 
Warning: Conflicting start values
The iteration variable building.weaBus.TWetBul has been selected to have the guess value 291.15.
However, the start value has been selected from a set of alias variables having conflicting start values of the same precedence.
291.15, the start value of weaDat.tWetBul_TDryBulXi.TWetBul given as 291.15.
293.15, the start value of electrical.weaBus.TWetBul given as 293.15.
Warning: WARNINGS have been issued.
Finished
 = true

    
Declaring variable: Boolean rScript ;

savelog("BESMod.Examples.SolarThermalSystem.SolarThermalAixLib.translation.log"); = true


rCheck = checkModel("BESMod.Examples.SolarThermalSystem.SolarThermalBuildings");
Check of BESMod.Examples.SolarThermalSystem.SolarThermalBuildings:
Warning: Non-literal value.
In nominal attribute for hydraulic.generation.solCol.res.m_flow.
Ignoring nominal attribute.
In class Modelica.Units.SI.
  Near file: /opt/dymola-2022-x86_64/Modelica/Library/Modelica 4.0.0/Units.mo, line 237
Used in base-class hydraulic.generation.solCol.res.PartialTwoPortInterface.
  Near file: /builds/EBC/EBC_all/github_ci/BESMod/installed_dependencies/Buildings/Buildings/Fluid/BaseClasses/PartialResistance.mo, line 3
Warning: Non-literal value.
In nominal attribute for hydraulic.distribution.bufSto.heatingCoil2.pipe[1].res.m_flow.
Ignoring nominal attribute.
In class Modelica.Units.SI.
  Near file: /opt/dymola-2022-x86_64/Modelica/Library/Modelica 4.0.0/Units.mo, line 237
Used in base-class hydraulic.distribution.bufSto.heatingCoil2.pipe.res.PartialTwoPortInterface.
  Near file: /builds/EBC/EBC_all/github_ci/BESMod/installed_dependencies/AixLib/AixLib/Fluid/BaseClasses/PartialResistance.mo, line 3
Warning: Non-literal value.
In nominal attribute for hydraulic.distribution.bufSto.heatingCoil2.pipe[2].res.m_flow.
Ignoring nominal attribute.
In class Modelica.Units.SI.
  Near file: /opt/dymola-2022-x86_64/Modelica/Library/Modelica 4.0.0/Units.mo, line 237
Used in base-class hydraulic.distribution.bufSto.heatingCoil2.pipe.res.PartialTwoPortInterface.
  Near file: /builds/EBC/EBC_all/github_ci/BESMod/installed_dependencies/AixLib/AixLib/Fluid/BaseClasses/PartialResistance.mo, line 3
Warning: Non-literal value.
In nominal attribute for hydraulic.distribution.bufSto.heatingCoil2.pipe[3].res.m_flow.
Ignoring nominal attribute.
In class Modelica.Units.SI.
  Near file: /opt/dymola-2022-x86_64/Modelica/Library/Modelica 4.0.0/Units.mo, line 237
Used in base-class hydraulic.distribution.bufSto.heatingCoil2.pipe.res.PartialTwoPortInterface.
  Near file: /builds/EBC/EBC_all/github_ci/BESMod/installed_dependencies/AixLib/AixLib/Fluid/BaseClasses/PartialResistance.mo, line 3
Warning: Non-literal value.
In nominal attribute for hydraulic.distribution.bufSto.heatingCoil2.pipe[4].res.m_flow.
Ignoring nominal attribute.
In class Modelica.Units.SI.
  Near file: /opt/dymola-2022-x86_64/Modelica/Library/Modelica 4.0.0/Units.mo, line 237
Used in base-class hydraulic.distribution.bufSto.heatingCoil2.pipe.res.PartialTwoPortInterface.
  Near file: /builds/EBC/EBC_all/github_ci/BESMod/installed_dependencies/AixLib/AixLib/Fluid/BaseClasses/PartialResistance.mo, line 3
Warning: Non-literal value.
In nominal attribute for hydraulic.distribution.bufSto.heatingCoil2.pipe[5].res.m_flow.
Ignoring nominal attribute.
In class Modelica.Units.SI.
  Near file: /opt/dymola-2022-x86_64/Modelica/Library/Modelica 4.0.0/Units.mo, line 237
Used in base-class hydraulic.distribution.bufSto.heatingCoil2.pipe.res.PartialTwoPortInterface.
  Near file: /builds/EBC/EBC_all/github_ci/BESMod/installed_dependencies/AixLib/AixLib/Fluid/BaseClasses/PartialResistance.mo, line 3
Warning: Non-literal value.
In nominal attribute for hydraulic.distribution.bufSto.heatingCoil2.pipe[6].res.m_flow.
Ignoring nominal attribute.
In class Modelica.Units.SI.
  Near file: /opt/dymola-2022-x86_64/Modelica/Library/Modelica 4.0.0/Units.mo, line 237
Used in base-class hydraulic.distribution.bufSto.heatingCoil2.pipe.res.PartialTwoPortInterface.
  Near file: /builds/EBC/EBC_all/github_ci/BESMod/installed_dependencies/AixLib/AixLib/Fluid/BaseClasses/PartialResistance.mo, line 3
Warning: Non-literal value.
In nominal attribute for hydraulic.distribution.bufSto.heatingCoil2.pipe[7].res.m_flow.
Ignoring nominal attribute.
In class Modelica.Units.SI.
  Near file: /opt/dymola-2022-x86_64/Modelica/Library/Modelica 4.0.0/Units.mo, line 237
Used in base-class hydraulic.distribution.bufSto.heatingCoil2.pipe.res.PartialTwoPortInterface.
  Near file: /builds/EBC/EBC_all/github_ci/BESMod/installed_dependencies/AixLib/AixLib/Fluid/BaseClasses/PartialResistance.mo, line 3
Warning: Non-literal value.
In nominal attribute for hydraulic.distribution.bufSto.heatingCoil2.pipe[8].res.m_flow.
Ignoring nominal attribute.
In class Modelica.Units.SI.
  Near file: /opt/dymola-2022-x86_64/Modelica/Library/Modelica 4.0.0/Units.mo, line 237
Used in base-class hydraulic.distribution.bufSto.heatingCoil2.pipe.res.PartialTwoPortInterface.
  Near file: /builds/EBC/EBC_all/github_ci/BESMod/installed_dependencies/AixLib/AixLib/Fluid/BaseClasses/PartialResistance.mo, line 3
Warning: Non-literal value.
In nominal attribute for hydraulic.distribution.bufSto.heatingCoil2.pipe[9].res.m_flow.
Ignoring nominal attribute.
In class Modelica.Units.SI.
  Near file: /opt/dymola-2022-x86_64/Modelica/Library/Modelica 4.0.0/Units.mo, line 237
Used in base-class hydraulic.distribution.bufSto.heatingCoil2.pipe.res.PartialTwoPortInterface.
  Near file: /builds/EBC/EBC_all/github_ci/BESMod/installed_dependencies/AixLib/AixLib/Fluid/BaseClasses/PartialResistance.mo, line 3
Warning: Non-literal value.
In nominal attribute for hydraulic.distribution.bufSto.heatingCoil2.pipe[10].res.m_flow.
Ignoring nominal attribute.
In class Modelica.Units.SI.
  Near file: /opt/dymola-2022-x86_64/Modelica/Library/Modelica 4.0.0/Units.mo, line 237
Used in base-class hydraulic.distribution.bufSto.heatingCoil2.pipe.res.PartialTwoPortInterface.
  Near file: /builds/EBC/EBC_all/github_ci/BESMod/installed_dependencies/AixLib/AixLib/Fluid/BaseClasses/PartialResistance.mo, line 3
The model has the same number of unknowns and equations: 13276
Check of BESMod.Examples.SolarThermalSystem.SolarThermalBuildings successful.
Warning: WARNINGS have been issued.
Declaring variable: Boolean rCheck ;

Modelica.Utilities.Streams.print("    { \"file\" :  \"BESMod/Resources/Scripts/Dymola/Examples/SolarThermalSystem/SolarThermalBuildings.mos\",", "BESMod.Examples.SolarThermalSystem.SolarThermalBuildings.statistics.log");
Modelica.Utilities.Streams.print("      \"model\" : \"BESMod.Examples.SolarThermalSystem.SolarThermalBuildings\",", "BESMod.Examples.SolarThermalSystem.SolarThermalBuildings.statistics.log");
Modelica.Utilities.Streams.print("      \"check\" : {", "BESMod.Examples.SolarThermalSystem.SolarThermalBuildings.statistics.log");
Modelica.Utilities.Streams.print("        \"command\" : \"checkModel(\\\"BESMod.Examples.SolarThermalSystem.SolarThermalBuildings\\\");\",", "BESMod.Examples.SolarThermalSystem.SolarThermalBuildings.statistics.log");
Modelica.Utilities.Streams.print("        \"result\"  : " + String(rCheck), "BESMod.Examples.SolarThermalSystem.SolarThermalBuildings.statistics.log");
Modelica.Utilities.Streams.print("      },", "BESMod.Examples.SolarThermalSystem.SolarThermalBuildings.statistics.log");


rScript=RunScript("modelica://BESMod/Resources/Scripts/Dymola/Examples/SolarThermalSystem/SolarThermalBuildings.mos");

simulateModel("BESMod.Examples.SolarThermalSystem.SolarThermalBuildings", stopTime=172800, method="dassl", tolerance=1e-06, resultFile="BESMod.Examples.SolarThermalSystem.SolarThermalBuildings");
Translation of BESMod.Examples.SolarThermalSystem.SolarThermalBuildings:
Warning: Non-literal value.
In nominal attribute for hydraulic.generation.solCol.res.m_flow.
Ignoring nominal attribute.
In class Modelica.Units.SI.
  Near file: /opt/dymola-2022-x86_64/Modelica/Library/Modelica 4.0.0/Units.mo, line 237
Used in base-class hydraulic.generation.solCol.res.PartialTwoPortInterface.
  Near file: /builds/EBC/EBC_all/github_ci/BESMod/installed_dependencies/Buildings/Buildings/Fluid/BaseClasses/PartialResistance.mo, line 3
Warning: Non-literal value.
In nominal attribute for hydraulic.distribution.bufSto.heatingCoil2.pipe[1].res.m_flow.
Ignoring nominal attribute.
In class Modelica.Units.SI.
  Near file: /opt/dymola-2022-x86_64/Modelica/Library/Modelica 4.0.0/Units.mo, line 237
Used in base-class hydraulic.distribution.bufSto.heatingCoil2.pipe.res.PartialTwoPortInterface.
  Near file: /builds/EBC/EBC_all/github_ci/BESMod/installed_dependencies/AixLib/AixLib/Fluid/BaseClasses/PartialResistance.mo, line 3
Warning: Non-literal value.
In nominal attribute for hydraulic.distribution.bufSto.heatingCoil2.pipe[2].res.m_flow.
Ignoring nominal attribute.
In class Modelica.Units.SI.
  Near file: /opt/dymola-2022-x86_64/Modelica/Library/Modelica 4.0.0/Units.mo, line 237
Used in base-class hydraulic.distribution.bufSto.heatingCoil2.pipe.res.PartialTwoPortInterface.
  Near file: /builds/EBC/EBC_all/github_ci/BESMod/installed_dependencies/AixLib/AixLib/Fluid/BaseClasses/PartialResistance.mo, line 3
Warning: Non-literal value.
In nominal attribute for hydraulic.distribution.bufSto.heatingCoil2.pipe[3].res.m_flow.
Ignoring nominal attribute.
In class Modelica.Units.SI.
  Near file: /opt/dymola-2022-x86_64/Modelica/Library/Modelica 4.0.0/Units.mo, line 237
Used in base-class hydraulic.distribution.bufSto.heatingCoil2.pipe.res.PartialTwoPortInterface.
  Near file: /builds/EBC/EBC_all/github_ci/BESMod/installed_dependencies/AixLib/AixLib/Fluid/BaseClasses/PartialResistance.mo, line 3
Warning: Non-literal value.
In nominal attribute for hydraulic.distribution.bufSto.heatingCoil2.pipe[4].res.m_flow.
Ignoring nominal attribute.
In class Modelica.Units.SI.
  Near file: /opt/dymola-2022-x86_64/Modelica/Library/Modelica 4.0.0/Units.mo, line 237
Used in base-class hydraulic.distribution.bufSto.heatingCoil2.pipe.res.PartialTwoPortInterface.
  Near file: /builds/EBC/EBC_all/github_ci/BESMod/installed_dependencies/AixLib/AixLib/Fluid/BaseClasses/PartialResistance.mo, line 3
Warning: Non-literal value.
In nominal attribute for hydraulic.distribution.bufSto.heatingCoil2.pipe[5].res.m_flow.
Ignoring nominal attribute.
In class Modelica.Units.SI.
  Near file: /opt/dymola-2022-x86_64/Modelica/Library/Modelica 4.0.0/Units.mo, line 237
Used in base-class hydraulic.distribution.bufSto.heatingCoil2.pipe.res.PartialTwoPortInterface.
  Near file: /builds/EBC/EBC_all/github_ci/BESMod/installed_dependencies/AixLib/AixLib/Fluid/BaseClasses/PartialResistance.mo, line 3
Warning: Non-literal value.
In nominal attribute for hydraulic.distribution.bufSto.heatingCoil2.pipe[6].res.m_flow.
Ignoring nominal attribute.
In class Modelica.Units.SI.
  Near file: /opt/dymola-2022-x86_64/Modelica/Library/Modelica 4.0.0/Units.mo, line 237
Used in base-class hydraulic.distribution.bufSto.heatingCoil2.pipe.res.PartialTwoPortInterface.
  Near file: /builds/EBC/EBC_all/github_ci/BESMod/installed_dependencies/AixLib/AixLib/Fluid/BaseClasses/PartialResistance.mo, line 3
Warning: Non-literal value.
In nominal attribute for hydraulic.distribution.bufSto.heatingCoil2.pipe[7].res.m_flow.
Ignoring nominal attribute.
In class Modelica.Units.SI.
  Near file: /opt/dymola-2022-x86_64/Modelica/Library/Modelica 4.0.0/Units.mo, line 237
Used in base-class hydraulic.distribution.bufSto.heatingCoil2.pipe.res.PartialTwoPortInterface.
  Near file: /builds/EBC/EBC_all/github_ci/BESMod/installed_dependencies/AixLib/AixLib/Fluid/BaseClasses/PartialResistance.mo, line 3
Warning: Non-literal value.
In nominal attribute for hydraulic.distribution.bufSto.heatingCoil2.pipe[8].res.m_flow.
Ignoring nominal attribute.
In class Modelica.Units.SI.
  Near file: /opt/dymola-2022-x86_64/Modelica/Library/Modelica 4.0.0/Units.mo, line 237
Used in base-class hydraulic.distribution.bufSto.heatingCoil2.pipe.res.PartialTwoPortInterface.
  Near file: /builds/EBC/EBC_all/github_ci/BESMod/installed_dependencies/AixLib/AixLib/Fluid/BaseClasses/PartialResistance.mo, line 3
Warning: Non-literal value.
In nominal attribute for hydraulic.distribution.bufSto.heatingCoil2.pipe[9].res.m_flow.
Ignoring nominal attribute.
In class Modelica.Units.SI.
  Near file: /opt/dymola-2022-x86_64/Modelica/Library/Modelica 4.0.0/Units.mo, line 237
Used in base-class hydraulic.distribution.bufSto.heatingCoil2.pipe.res.PartialTwoPortInterface.
  Near file: /builds/EBC/EBC_all/github_ci/BESMod/installed_dependencies/AixLib/AixLib/Fluid/BaseClasses/PartialResistance.mo, line 3
Warning: Non-literal value.
In nominal attribute for hydraulic.distribution.bufSto.heatingCoil2.pipe[10].res.m_flow.
Ignoring nominal attribute.
In class Modelica.Units.SI.
  Near file: /opt/dymola-2022-x86_64/Modelica/Library/Modelica 4.0.0/Units.mo, line 237
Used in base-class hydraulic.distribution.bufSto.heatingCoil2.pipe.res.PartialTwoPortInterface.
  Near file: /builds/EBC/EBC_all/github_ci/BESMod/installed_dependencies/AixLib/AixLib/Fluid/BaseClasses/PartialResistance.mo, line 3
The DAE has 13276 scalar unknowns and 13276 scalar equations.
Redundant consistent initial conditions.
Removed the following equations which are redundant and consistent: 
  if (hydraulic.generation.heatPump.eva.vol.dynBal.massDynamics ==     Modelica.Fluid.Types.Dynamics.FixedInitial) then 
    if (hydraulic.generation.heatPump.eva.vol.dynBal.initialize_p) then 
      hydraulic.generation.heatPump.eva.vol.dynBal.medium.p = hydraulic.generation.heatPump.eva.vol.dynBal.p_start;
    end if;
  else
    if (hydraulic.generation.heatPump.eva.vol.dynBal.massDynamics ==       Modelica.Fluid.Types.Dynamics.SteadyStateInitial) then 
      if (hydraulic.generation.heatPump.eva.vol.dynBal.initialize_p) then 
        der(hydraulic.generation.heatPump.eva.vol.dynBal.medium.p) = 0;
      end if;
    end if;
  end if;
 
This required evaluation of 
the interactive parameters 
    hydraulic.generation.bou_sinkAir.p(start = 101325)
 
The redundancies involve
initial equations: 
  hydraulic.generation.bou_sinkAir.p = 101325.0;
 
Sparse solver handling possible: false.
Due to flag Advanced.SparseActivate=false.
Model sparse and large enough: true.
Sparse solvers are available for dassl, lsodar, cvode, radau, esdirk*, sdirk* (using OpenMP, set number of cores with Advanced.NumberOfCores).
 
Statistics
 
Original Model
  Number of components: 2619
  Variables: 30549
  Constants: 561 (561 scalars)
  Parameters: 13796 (15184 scalars)
  Unknowns: 16192 (13606 scalars)
  Differentiated variables: 332 scalars
  Equations: 12574
  Nontrivial: 9872
Translated Model
  Constants: 10678 scalars
  Free parameters: 1587 scalars
  Parameter depending: 5264 scalars
  Outputs: 57 scalars
  Continuous time states: 235 scalars
  Time-varying variables: 3317 scalars
  Alias variables: 8505 scalars
  Number of mixed real/discrete systems of equations: 0
  Sizes of linear systems of equations: {2, 2, 2, 2, 2, 3, 2, 2, 2, 2, 2, 2, 2, 2, 2, 2, 2, 2, 2, 2, 2, 2, 2, 2, 2, 2, 3,   2, 2, 2, 2, 2, 2, 2, 2, 2, 2, 2, 2, 2, 2, 2, 2, 4, 3, 2, 2, 2, 2, 2, 2, 2, 2,   2, 2, 2, 2, 2, 2, 2, 2, 2, 2, 2, 2, 2, 2, 2, 2, 4, 3, 4, 4}
  Sizes after manipulation of the linear systems: {0, 0, 0, 0, 0, 0, 0, 0, 0, 0, 0, 0, 0, 0, 0, 0, 0, 0, 0, 0, 0, 0, 0, 0, 0, 0, 0,   0, 0, 0, 0, 0, 0, 0, 0, 0, 0, 0, 0, 0, 0, 0, 0, 0, 0, 0, 0, 0, 0, 0, 0, 0, 0,   0, 0, 0, 0, 0, 0, 0, 0, 0, 0, 0, 0, 0, 0, 0, 0, 0, 0, 0, 0}
  Sizes of nonlinear systems of equations: {6, 5, 59, 25, 6, 6, 6, 6, 6, 6, 6, 6, 6, 6, 6, 6, 6, 6, 6, 6, 6, 6, 6, 6, 6, 6,   6, 6, 6, 6, 6, 6, 6, 6, 3, 1, 1, 1, 1, 1, 1, 1}
  Sizes after manipulation of the nonlinear systems: {1, 1, 6, 1, 1, 1, 1, 1, 1, 1, 1, 1, 1, 1, 1, 1, 1, 1, 1, 1, 1, 1, 1, 1, 1, 1, 1,   1, 1, 1, 1, 1, 1, 1, 1, 0, 1, 0, 1, 0, 1, 1}
  Number of numerical Jacobians: 0
  Initialization problem
    Sizes of nonlinear systems of equations: {11, 70, 6, 5, 25, 1}
    Sizes after manipulation of the nonlinear systems: {5, 7, 1, 1, 2, 1}
    Number of numerical Jacobians: 0
 
Selected continuous time states
Statically selected continuous time states
  building.comCalCooOpe[1].intDisCom.y
  building.comCalHeaOpe[1].intDisCom.y
  building.comfortCalculatorCool[1].intDisCom.y
  building.comfortCalculatorHea[1].intDisCom.y
  building.intKPICal[1].integrator2.y
  building.intKPICalTraGain2[1].integrator2.y
  building.intKPICalTraGain[1].integrator2.y
  building.intKPICalTraLoss2[1].integrator2.y
  building.intKPICalTraLoss[1].integrator2.y
  building.thermalZone[1].ROM.extWallRC.thermCapExt[1].T
  building.thermalZone[1].ROM.floorRC.thermCapExt[1].T
  building.thermalZone[1].ROM.intWallRC.thermCapInt[1].T
  building.thermalZone[1].ROM.roofRC.thermCapExt[1].T
  building.thermalZone[1].ROM.volAir.dynBal.m
  building.thermalZone[1].ROM.volAir.dynBal.medium.Xi[1]
  building.thermalZone[1].ROM.volAir.dynBal.U
  building.thermalZone[1].ventCont.dEMA.ExpAVG.x[1]
  building.thermalZone[1].ventCont.dEMA.ExpAVG1.x[1]
  DHW.integralKPICalculator.integrator2.y
  DHW.pump.vol.dynBal.U
  electrical.distribution.eneKPIGen.integrator2.y
  electrical.distribution.eneKPILoa.integrator2.y
  hydraulic.control.priGenPIDCtrl.intAbs.y
  hydraulic.control.priGenPIDCtrl.intSqu.y
  hydraulic.control.priGenPIDCtrl.PID.D.x
  hydraulic.control.priGenPIDCtrl.PID.I.y
  hydraulic.control.valCtrl.PI[1].I.y
  hydraulic.distribution.bufSto.bottomCover.loadIns.T
  hydraulic.distribution.bufSto.bottomCover.loadWall.T
  hydraulic.distribution.bufSto.heatingCoil1.pipe[1].del.x
  hydraulic.distribution.bufSto.heatingCoil1.pipe[1].timDel.x
  hydraulic.distribution.bufSto.heatingCoil1.pipe[1].vol_a.dynBal.U
  hydraulic.distribution.bufSto.heatingCoil1.pipe[1].vol_b.dynBal.U
  hydraulic.distribution.bufSto.heatingCoil1.pipe[2].del.x
  hydraulic.distribution.bufSto.heatingCoil1.pipe[2].timDel.x
  hydraulic.distribution.bufSto.heatingCoil1.pipe[2].vol_a.dynBal.U
  hydraulic.distribution.bufSto.heatingCoil1.pipe[2].vol_b.dynBal.U
  hydraulic.distribution.bufSto.heatingCoil1.pipe[3].del.x
  hydraulic.distribution.bufSto.heatingCoil1.pipe[3].timDel.x
  hydraulic.distribution.bufSto.heatingCoil1.pipe[3].vol_a.dynBal.U
  hydraulic.distribution.bufSto.heatingCoil1.pipe[3].vol_b.dynBal.U
  hydraulic.distribution.bufSto.heatingCoil1.pipe[4].del.x
  hydraulic.distribution.bufSto.heatingCoil1.pipe[4].timDel.x
  hydraulic.distribution.bufSto.heatingCoil1.pipe[4].vol_a.dynBal.U
  hydraulic.distribution.bufSto.heatingCoil1.pipe[4].vol_b.dynBal.U
  hydraulic.distribution.bufSto.heatingCoil1.pipe[5].del.x
  hydraulic.distribution.bufSto.heatingCoil1.pipe[5].timDel.x
  hydraulic.distribution.bufSto.heatingCoil1.pipe[5].vol_a.dynBal.U
  hydraulic.distribution.bufSto.heatingCoil1.pipe[5].vol_b.dynBal.U
  hydraulic.distribution.bufSto.heatingCoil1.pipe[6].del.x
  hydraulic.distribution.bufSto.heatingCoil1.pipe[6].timDel.x
  hydraulic.distribution.bufSto.heatingCoil1.pipe[6].vol_a.dynBal.U
  hydraulic.distribution.bufSto.heatingCoil1.pipe[6].vol_b.dynBal.U
  hydraulic.distribution.bufSto.heatingCoil1.pipe[7].del.x
  hydraulic.distribution.bufSto.heatingCoil1.pipe[7].timDel.x
  hydraulic.distribution.bufSto.heatingCoil1.pipe[7].vol_a.dynBal.U
  hydraulic.distribution.bufSto.heatingCoil1.pipe[7].vol_b.dynBal.U
  hydraulic.distribution.bufSto.heatingCoil1.pipe[8].del.x
  hydraulic.distribution.bufSto.heatingCoil1.pipe[8].timDel.x
  hydraulic.distribution.bufSto.heatingCoil1.pipe[8].vol_a.dynBal.U
  hydraulic.distribution.bufSto.heatingCoil1.pipe[8].vol_b.dynBal.U
  hydraulic.distribution.bufSto.heatingCoil1.pipe[9].del.x
  hydraulic.distribution.bufSto.heatingCoil1.pipe[9].timDel.x
  hydraulic.distribution.bufSto.heatingCoil1.pipe[9].vol_a.dynBal.U
  hydraulic.distribution.bufSto.heatingCoil1.pipe[9].vol_b.dynBal.U
  hydraulic.distribution.bufSto.heatingCoil1.pipe[10].del.x
  hydraulic.distribution.bufSto.heatingCoil1.pipe[10].timDel.x
  hydraulic.distribution.bufSto.heatingCoil1.pipe[10].vol_a.dynBal.U
  hydraulic.distribution.bufSto.heatingCoil1.pipe[10].vol_b.dynBal.U
  hydraulic.distribution.bufSto.heatingCoil1.pipe[11].del.x
  hydraulic.distribution.bufSto.heatingCoil1.pipe[11].timDel.x
  hydraulic.distribution.bufSto.heatingCoil1.pipe[11].vol_a.dynBal.U
  hydraulic.distribution.bufSto.heatingCoil1.pipe[11].vol_b.dynBal.U
  hydraulic.distribution.bufSto.heatingCoil1.pipe[12].del.x
  hydraulic.distribution.bufSto.heatingCoil1.pipe[12].timDel.x
  hydraulic.distribution.bufSto.heatingCoil1.pipe[12].vol_a.dynBal.U
  hydraulic.distribution.bufSto.heatingCoil1.pipe[12].vol_b.dynBal.U
  hydraulic.distribution.bufSto.heatingCoil1.pipe[13].del.x
  hydraulic.distribution.bufSto.heatingCoil1.pipe[13].timDel.x
  hydraulic.distribution.bufSto.heatingCoil1.pipe[13].vol_a.dynBal.U
  hydraulic.distribution.bufSto.heatingCoil1.pipe[13].vol_b.dynBal.U
  hydraulic.distribution.bufSto.heatingCoil1.pipe[14].del.x
  hydraulic.distribution.bufSto.heatingCoil1.pipe[14].timDel.x
  hydraulic.distribution.bufSto.heatingCoil1.pipe[14].vol_a.dynBal.U
  hydraulic.distribution.bufSto.heatingCoil1.pipe[14].vol_b.dynBal.U
  hydraulic.distribution.bufSto.heatingCoil1.pipe[15].del.x
  hydraulic.distribution.bufSto.heatingCoil1.pipe[15].timDel.x
  hydraulic.distribution.bufSto.heatingCoil1.pipe[15].vol_a.dynBal.U
  hydraulic.distribution.bufSto.heatingCoil1.pipe[15].vol_b.dynBal.U
  hydraulic.distribution.bufSto.heatingCoil1.pipe[16].del.x
  hydraulic.distribution.bufSto.heatingCoil1.pipe[16].timDel.x
  hydraulic.distribution.bufSto.heatingCoil1.pipe[16].vol_a.dynBal.U
  hydraulic.distribution.bufSto.heatingCoil1.pipe[16].vol_b.dynBal.U
  hydraulic.distribution.bufSto.heatingCoil1.pipe[17].del.x
  hydraulic.distribution.bufSto.heatingCoil1.pipe[17].timDel.x
  hydraulic.distribution.bufSto.heatingCoil1.pipe[17].vol_a.dynBal.U
  hydraulic.distribution.bufSto.heatingCoil1.pipe[17].vol_b.dynBal.U
  hydraulic.distribution.bufSto.heatingCoil1.pipe[18].del.x
  hydraulic.distribution.bufSto.heatingCoil1.pipe[18].timDel.x
  hydraulic.distribution.bufSto.heatingCoil1.pipe[18].vol_a.dynBal.U
  hydraulic.distribution.bufSto.heatingCoil1.pipe[18].vol_b.dynBal.U
  hydraulic.distribution.bufSto.heatingCoil1.pipe[19].del.x
  hydraulic.distribution.bufSto.heatingCoil1.pipe[19].timDel.x
  hydraulic.distribution.bufSto.heatingCoil1.pipe[19].vol_a.dynBal.U
  hydraulic.distribution.bufSto.heatingCoil1.pipe[19].vol_b.dynBal.U
  hydraulic.distribution.bufSto.heatingCoil1.pipe[20].del.x
  hydraulic.distribution.bufSto.heatingCoil1.pipe[20].timDel.x
  hydraulic.distribution.bufSto.heatingCoil1.pipe[20].vol_a.dynBal.U
  hydraulic.distribution.bufSto.heatingCoil1.pipe[20].vol_b.dynBal.U
  hydraulic.distribution.bufSto.heatingCoil2.pipe[1].del.x
  hydraulic.distribution.bufSto.heatingCoil2.pipe[1].timDel.x
  hydraulic.distribution.bufSto.heatingCoil2.pipe[1].vol_a.dynBal.U
  hydraulic.distribution.bufSto.heatingCoil2.pipe[1].vol_b.dynBal.U
  hydraulic.distribution.bufSto.heatingCoil2.pipe[2].del.x
  hydraulic.distribution.bufSto.heatingCoil2.pipe[2].timDel.x
  hydraulic.distribution.bufSto.heatingCoil2.pipe[2].vol_a.dynBal.U
  hydraulic.distribution.bufSto.heatingCoil2.pipe[2].vol_b.dynBal.U
  hydraulic.distribution.bufSto.heatingCoil2.pipe[3].del.x
  hydraulic.distribution.bufSto.heatingCoil2.pipe[3].timDel.x
  hydraulic.distribution.bufSto.heatingCoil2.pipe[3].vol_a.dynBal.U
  hydraulic.distribution.bufSto.heatingCoil2.pipe[3].vol_b.dynBal.U
  hydraulic.distribution.bufSto.heatingCoil2.pipe[4].del.x
  hydraulic.distribution.bufSto.heatingCoil2.pipe[4].timDel.x
  hydraulic.distribution.bufSto.heatingCoil2.pipe[4].vol_a.dynBal.U
  hydraulic.distribution.bufSto.heatingCoil2.pipe[4].vol_b.dynBal.U
  hydraulic.distribution.bufSto.heatingCoil2.pipe[5].del.x
  hydraulic.distribution.bufSto.heatingCoil2.pipe[5].timDel.x
  hydraulic.distribution.bufSto.heatingCoil2.pipe[5].vol_a.dynBal.U
  hydraulic.distribution.bufSto.heatingCoil2.pipe[5].vol_b.dynBal.U
  hydraulic.distribution.bufSto.heatingCoil2.pipe[6].del.x
  hydraulic.distribution.bufSto.heatingCoil2.pipe[6].timDel.x
  hydraulic.distribution.bufSto.heatingCoil2.pipe[6].vol_a.dynBal.U
  hydraulic.distribution.bufSto.heatingCoil2.pipe[6].vol_b.dynBal.U
  hydraulic.distribution.bufSto.heatingCoil2.pipe[7].del.x
  hydraulic.distribution.bufSto.heatingCoil2.pipe[7].timDel.x
  hydraulic.distribution.bufSto.heatingCoil2.pipe[7].vol_a.dynBal.U
  hydraulic.distribution.bufSto.heatingCoil2.pipe[7].vol_b.dynBal.U
  hydraulic.distribution.bufSto.heatingCoil2.pipe[8].del.x
  hydraulic.distribution.bufSto.heatingCoil2.pipe[8].timDel.x
  hydraulic.distribution.bufSto.heatingCoil2.pipe[8].vol_a.dynBal.U
  hydraulic.distribution.bufSto.heatingCoil2.pipe[8].vol_b.dynBal.U
  hydraulic.distribution.bufSto.heatingCoil2.pipe[9].del.x
  hydraulic.distribution.bufSto.heatingCoil2.pipe[9].timDel.x
  hydraulic.distribution.bufSto.heatingCoil2.pipe[9].vol_a.dynBal.U
  hydraulic.distribution.bufSto.heatingCoil2.pipe[9].vol_b.dynBal.U
  hydraulic.distribution.bufSto.heatingCoil2.pipe[10].del.x
  hydraulic.distribution.bufSto.heatingCoil2.pipe[10].timDel.x
  hydraulic.distribution.bufSto.heatingCoil2.pipe[10].vol_a.dynBal.U
  hydraulic.distribution.bufSto.heatingCoil2.pipe[10].vol_b.dynBal.U
  hydraulic.distribution.bufSto.layer[1].dynBal.U
  hydraulic.distribution.bufSto.layer[2].dynBal.U
  hydraulic.distribution.bufSto.layer[3].dynBal.U
  hydraulic.distribution.bufSto.layer[4].dynBal.U
  hydraulic.distribution.bufSto.layer[5].dynBal.U
  hydraulic.distribution.bufSto.layer[6].dynBal.U
  hydraulic.distribution.bufSto.layer[7].dynBal.U
  hydraulic.distribution.bufSto.layer[8].dynBal.U
  hydraulic.distribution.bufSto.layer[9].dynBal.U
  hydraulic.distribution.bufSto.layer[10].dynBal.U
  hydraulic.distribution.bufSto.layer[11].dynBal.U
  hydraulic.distribution.bufSto.layer[12].dynBal.U
  hydraulic.distribution.bufSto.layer[13].dynBal.U
  hydraulic.distribution.bufSto.layer[14].dynBal.U
  hydraulic.distribution.bufSto.layer[15].dynBal.U
  hydraulic.distribution.bufSto.layer[16].dynBal.U
  hydraulic.distribution.bufSto.layer[17].dynBal.U
  hydraulic.distribution.bufSto.layer[18].dynBal.U
  hydraulic.distribution.bufSto.layer[19].dynBal.U
  hydraulic.distribution.bufSto.layer[20].dynBal.U
  hydraulic.distribution.bufSto.storageMantle[1].Insulation.CylindricLoad1.heatCapacitor.T
  hydraulic.distribution.bufSto.storageMantle[1].Wall.CylindricLoad1.heatCapacitor.T
  hydraulic.distribution.bufSto.storageMantle[2].Insulation.CylindricLoad1.heatCapacitor.T
  hydraulic.distribution.bufSto.storageMantle[2].Wall.CylindricLoad1.heatCapacitor.T
  hydraulic.distribution.bufSto.storageMantle[3].Insulation.CylindricLoad1.heatCapacitor.T
  hydraulic.distribution.bufSto.storageMantle[3].Wall.CylindricLoad1.heatCapacitor.T
  hydraulic.distribution.bufSto.storageMantle[4].Insulation.CylindricLoad1.heatCapacitor.T
  hydraulic.distribution.bufSto.storageMantle[4].Wall.CylindricLoad1.heatCapacitor.T
  hydraulic.distribution.bufSto.storageMantle[5].Insulation.CylindricLoad1.heatCapacitor.T
  hydraulic.distribution.bufSto.storageMantle[5].Wall.CylindricLoad1.heatCapacitor.T
  hydraulic.distribution.bufSto.storageMantle[6].Insulation.CylindricLoad1.heatCapacitor.T
  hydraulic.distribution.bufSto.storageMantle[6].Wall.CylindricLoad1.heatCapacitor.T
  hydraulic.distribution.bufSto.storageMantle[7].Insulation.CylindricLoad1.heatCapacitor.T
  hydraulic.distribution.bufSto.storageMantle[7].Wall.CylindricLoad1.heatCapacitor.T
  hydraulic.distribution.bufSto.storageMantle[8].Insulation.CylindricLoad1.heatCapacitor.T
  hydraulic.distribution.bufSto.storageMantle[8].Wall.CylindricLoad1.heatCapacitor.T
  hydraulic.distribution.bufSto.storageMantle[9].Insulation.CylindricLoad1.heatCapacitor.T
  hydraulic.distribution.bufSto.storageMantle[9].Wall.CylindricLoad1.heatCapacitor.T
  hydraulic.distribution.bufSto.storageMantle[10].Insulation.CylindricLoad1.heatCapacitor.T
  hydraulic.distribution.bufSto.storageMantle[10].Wall.CylindricLoad1.heatCapacitor.T
  hydraulic.distribution.bufSto.storageMantle[11].Insulation.CylindricLoad1.heatCapacitor.T
  hydraulic.distribution.bufSto.storageMantle[11].Wall.CylindricLoad1.heatCapacitor.T
  hydraulic.distribution.bufSto.storageMantle[12].Insulation.CylindricLoad1.heatCapacitor.T
  hydraulic.distribution.bufSto.storageMantle[12].Wall.CylindricLoad1.heatCapacitor.T
  hydraulic.distribution.bufSto.storageMantle[13].Insulation.CylindricLoad1.heatCapacitor.T
  hydraulic.distribution.bufSto.storageMantle[13].Wall.CylindricLoad1.heatCapacitor.T
  hydraulic.distribution.bufSto.storageMantle[14].Insulation.CylindricLoad1.heatCapacitor.T
  hydraulic.distribution.bufSto.storageMantle[14].Wall.CylindricLoad1.heatCapacitor.T
  hydraulic.distribution.bufSto.storageMantle[15].Insulation.CylindricLoad1.heatCapacitor.T
  hydraulic.distribution.bufSto.storageMantle[15].Wall.CylindricLoad1.heatCapacitor.T
  hydraulic.distribution.bufSto.storageMantle[16].Insulation.CylindricLoad1.heatCapacitor.T
  hydraulic.distribution.bufSto.storageMantle[16].Wall.CylindricLoad1.heatCapacitor.T
  hydraulic.distribution.bufSto.storageMantle[17].Insulation.CylindricLoad1.heatCapacitor.T
  hydraulic.distribution.bufSto.storageMantle[17].Wall.CylindricLoad1.heatCapacitor.T
  hydraulic.distribution.bufSto.storageMantle[18].Insulation.CylindricLoad1.heatCapacitor.T
  hydraulic.distribution.bufSto.storageMantle[18].Wall.CylindricLoad1.heatCapacitor.T
  hydraulic.distribution.bufSto.storageMantle[19].Insulation.CylindricLoad1.heatCapacitor.T
  hydraulic.distribution.bufSto.storageMantle[19].Wall.CylindricLoad1.heatCapacitor.T
  hydraulic.distribution.bufSto.storageMantle[20].Insulation.CylindricLoad1.heatCapacitor.T
  hydraulic.distribution.bufSto.storageMantle[20].Wall.CylindricLoad1.heatCapacitor.T
  hydraulic.distribution.bufSto.topCover.loadIns.T
  hydraulic.distribution.bufSto.topCover.loadWall.T
  hydraulic.distribution.eneKPICal.integrator2.y
  hydraulic.generation.heatPump.con.vol.dynBal.U
  hydraulic.generation.heatPump.eva.vol.dynBal.medium.Xi[1]
  hydraulic.generation.heatPump.eva.vol.dynBal.U
  hydraulic.generation.KPIHeaPum.integrator1.y
  hydraulic.generation.KPIHeaPum.integrator3.y
  hydraulic.generation.KPIQHP.integrator2.y
  hydraulic.generation.KPIQSol.integrator2.y
  hydraulic.generation.KPIWel.integrator2.y
  hydraulic.generation.pump.vol.dynBal.U
  hydraulic.generation.pumpSolThe.vol.dynBal.U
  hydraulic.generation.senTGenOut.T
  hydraulic.generation.solCol.vol[1].dynBal.U
  hydraulic.generation.solCol.vol[2].dynBal.U
  hydraulic.generation.solCol.vol[3].dynBal.U
  hydraulic.generation.solCol.vol[4].dynBal.U
  hydraulic.generation.solCol.vol[5].dynBal.U
  hydraulic.transfer.pump.vol.dynBal.U
  hydraulic.transfer.rad[1].vol[1].dynBal.U
  hydraulic.transfer.rad[1].vol[2].dynBal.U
  hydraulic.transfer.rad[1].vol[3].dynBal.U
  hydraulic.transfer.rad[1].vol[4].dynBal.U
  hydraulic.transfer.rad[1].vol[5].dynBal.U
  hydraulic.transfer.vol.dynBal.U
 
Warning: Conflicting start values
The iteration variable building.weaBus.TWetBul has been selected to have the guess value 291.15.
However, the start value has been selected from a set of alias variables having conflicting start values of the same precedence.
291.15, the start value of weaDat.tWetBul_TDryBulXi.TWetBul given as 291.15.
293.15, the start value of electrical.weaBus.TWetBul given as 293.15.
Warning: WARNINGS have been issued.
Finished
 = true

    
Declaring variable: Boolean rScript ;

savelog("BESMod.Examples.SolarThermalSystem.SolarThermalBuildings.translation.log");