[
  {
    "comparison": {
      "file_name": "BESMod.Examples.TEASERHeatLoadCalculation.Example.mat",
      "funnel_dirs": [],
      "success_rate": 0,
      "t_err_max": [],
      "test_passed": [],
      "var_groups": [],
      "variables": [],
      "warnings": []
    },
    "model": "BESMod.Examples.TEASERHeatLoadCalculation.Example",
    "simulation": {
      "elapsed_time": 0.161,
      "final_time": 172800,
      "jacobians": 874,
      "start_time": 0,
      "state_events": 15,
      "success": true
    }
  }
]
