[
  {
    "comparison": {
      "file_name": "BESMod.Examples.DesignOptimization.BES.mat",
      "funnel_dirs": [
        "funnel_comp/BESMod.Examples.DesignOptimization.BES.mat_weaDat.weaBus.TDryBul",
        "funnel_comp/BESMod.Examples.DesignOptimization.BES.mat_hydraulic.generation.sigBusGen.TGenOutMea",
        "funnel_comp/BESMod.Examples.DesignOptimization.BES.mat_outputs.building.TZone[1]",
        "funnel_comp/BESMod.Examples.DesignOptimization.BES.mat_electricalGrid.PElecGen",
        "funnel_comp/BESMod.Examples.DesignOptimization.BES.mat_electricalGrid.PElecLoa"
      ],
      "success_rate": 1.0,
      "t_err_max": [
        0.0,
        0.0,
        0.0,
        0.0,
        0.0
      ],
      "test_passed": [
        1,
        1,
        1,
        1,
        1
      ],
      "var_groups": [
        0,
        1,
        2,
        3,
        3
      ],
      "variables": [
        "weaDat.weaBus.TDryBul",
        "hydraulic.generation.sigBusGen.TGenOutMea",
        "outputs.building.TZone[1]",
        "electricalGrid.PElecGen",
        "electricalGrid.PElecLoa"
      ],
      "warnings": [
        null,
        null,
        null,
        null,
        null
      ]
    },
    "model": "BESMod.Examples.DesignOptimization.BES",
    "simulation": {
      "elapsed_time": 1.65,
      "final_time": 172800,
      "jacobians": 3222,
      "start_time": 0,
      "state_events": 74,
      "success": true
    }
  },
  {
    "comparison": {
      "file_name": "BESMod.Examples.DesignOptimization.BESNoDHW.mat",
      "funnel_dirs": [
        "funnel_comp/BESMod.Examples.DesignOptimization.BESNoDHW.mat_weaDat.weaBus.TDryBul",
        "funnel_comp/BESMod.Examples.DesignOptimization.BESNoDHW.mat_hydraulic.generation.sigBusGen.TGenOutMea",
        "funnel_comp/BESMod.Examples.DesignOptimization.BESNoDHW.mat_outputs.building.TZone[1]",
        "funnel_comp/BESMod.Examples.DesignOptimization.BESNoDHW.mat_electricalGrid.PElecGen",
        "funnel_comp/BESMod.Examples.DesignOptimization.BESNoDHW.mat_electricalGrid.PElecLoa"
      ],
      "success_rate": 1.0,
      "t_err_max": [
        0.0,
        0.0,
        0.0,
        0.0,
        0.0
      ],
      "test_passed": [
        1,
        1,
        1,
        1,
        1
      ],
      "var_groups": [
        0,
        1,
        2,
        3,
        3
      ],
      "variables": [
        "weaDat.weaBus.TDryBul",
        "hydraulic.generation.sigBusGen.TGenOutMea",
        "outputs.building.TZone[1]",
        "electricalGrid.PElecGen",
        "electricalGrid.PElecLoa"
      ],
      "warnings": [
        null,
        null,
        null,
        null,
        null
      ]
    },
    "model": "BESMod.Examples.DesignOptimization.BESNoDHW",
    "simulation": {
      "elapsed_time": 1.05,
      "final_time": 172800,
      "jacobians": 2624,
      "start_time": 0,
      "state_events": 42,
      "success": true
    }
  }
]
