[
  {
    "comparison": {
      "file_name": "BESMod.Examples.HeatPumpAndBoiler.AfterBufferWithoutDHW.mat",
      "funnel_dirs": [
        null,
        null,
        null,
        null,
        null
      ],
      "success_rate": 0.0,
      "t_err_max": [
        0,
        0,
        0,
        0,
        0
      ],
      "test_passed": [
        0,
        0,
        0,
        0,
        0
      ],
      "var_groups": [
        0,
        1,
        2,
        3,
        3
      ],
      "variables": [
        "weaDat.weaBus.TDryBul",
        "hydraulic.generation.sigBusGen.TGenOutMea",
        "outputs.building.TZone[1]",
        "electricalGrid.PElecGen",
        "electricalGrid.PElecLoa"
      ],
      "warnings": [
        "Translation, simulation or extracting simulation results failed. Examples/HeatPumpAndBoiler/AfterBufferWithoutDHW.mos uses outputs.building.TZone[1] which does not exist in BESMod.Examples.HeatPumpAndBoiler.AfterBufferWithoutDHW.mat.\n",
        "",
        "",
        "",
        ""
      ]
    },
    "model": "BESMod.Examples.HeatPumpAndBoiler.AfterBufferWithoutDHW",
    "simulation": {
      "elapsed_time": 3.43,
      "final_time": 172800,
      "jacobians": 4354,
      "start_time": 0,
      "state_events": 237,
      "success": true
    }
  },
  {
    "comparison": {
      "file_name": "BESMod.Examples.ModelicaConferencePaper.BuildingsLibraryRoom.mat",
      "funnel_dirs": [
        "funnel_comp/BESMod.Examples.ModelicaConferencePaper.BuildingsLibraryRoom.mat_electrical.distribution.batterySimple.PLoad",
        "funnel_comp/BESMod.Examples.ModelicaConferencePaper.BuildingsLibraryRoom.mat_electrical.distribution.batterySimple.PCharge",
        "funnel_comp/BESMod.Examples.ModelicaConferencePaper.BuildingsLibraryRoom.mat_hydraulic.distribution.sigBusDistr.TStoDHWTopMea",
        "funnel_comp/BESMod.Examples.ModelicaConferencePaper.BuildingsLibraryRoom.mat_hydraulic.distribution.sigBusDistr.TStoBufTopMea",
        "funnel_comp/BESMod.Examples.ModelicaConferencePaper.BuildingsLibraryRoom.mat_hydraulic.generation.sigBusGen.TGenOutMea",
        "funnel_comp/BESMod.Examples.ModelicaConferencePaper.BuildingsLibraryRoom.mat_ventilation.generation.TSup.T",
        "funnel_comp/BESMod.Examples.ModelicaConferencePaper.BuildingsLibraryRoom.mat_ventilation.generation.weaBus.TDryBul",
        "funnel_comp/BESMod.Examples.ModelicaConferencePaper.BuildingsLibraryRoom.mat_building.buiMeaBus.TZoneMea[1]"
      ],
      "success_rate": 1.0,
      "t_err_max": [
        0.0,
        0.0,
        0.0,
        0.0,
        0.0,
        0.0,
        0.0,
        0.0
      ],
      "test_passed": [
        1,
        1,
        1,
        1,
        1,
        1,
        1,
        1
      ],
      "var_groups": [
        0,
        0,
        1,
        1,
        1,
        2,
        2,
        2
      ],
      "variables": [
        "electrical.distribution.batterySimple.PLoad",
        "electrical.distribution.batterySimple.PCharge",
        "hydraulic.distribution.sigBusDistr.TStoDHWTopMea",
        "hydraulic.distribution.sigBusDistr.TStoBufTopMea",
        "hydraulic.generation.sigBusGen.TGenOutMea",
        "ventilation.generation.TSup.T",
        "ventilation.generation.weaBus.TDryBul",
        "building.buiMeaBus.TZoneMea[1]"
      ],
      "warnings": [
        null,
        null,
        null,
        null,
        null,
        null,
        null,
        null
      ]
    },
    "model": "BESMod.Examples.ModelicaConferencePaper.BuildingsLibraryRoom",
    "simulation": {
      "elapsed_time": 26.6,
      "final_time": 864000,
      "jacobians": 21545,
      "start_time": 0,
      "state_events": 1389,
      "success": true
    }
  },
  {
    "comparison": {
      "file_name": "BESMod.Examples.TEASERHeatLoadCalculation.Example.mat",
      "funnel_dirs": [
        null,
        null,
        null,
        null
      ],
      "success_rate": 0.0,
      "t_err_max": [
        0,
        0,
        0,
        0
      ],
      "test_passed": [
        0,
        0,
        0,
        0
      ],
      "var_groups": [
        0,
        1,
        2,
        2
      ],
      "variables": [
        "weaDat.weaBus.TDryBul",
        "outputs.building.TZone[1]",
        "electricalGrid.PElecGen",
        "electricalGrid.PElecLoa"
      ],
      "warnings": [
        "Translation, simulation or extracting simulation results failed. Examples/TEASERHeatLoadCalculation/Example.mos uses outputs.building.TZone[1] which does not exist in BESMod.Examples.TEASERHeatLoadCalculation.Example.mat.\n",
        "",
        "",
        ""
      ]
    },
    "model": "BESMod.Examples.TEASERHeatLoadCalculation.Example",
    "simulation": {
      "elapsed_time": 0.15,
      "final_time": 172800,
      "jacobians": 897,
      "start_time": 0,
      "state_events": 19,
      "success": true
    }
  },
  {
    "comparison": {
      "file_name": "BESMod.Examples.Retrofit.Case1NoRetrofit.mat",
      "funnel_dirs": [
        null,
        null,
        null,
        null,
        null
      ],
      "success_rate": 0.0,
      "t_err_max": [
        0,
        0,
        0,
        0,
        0
      ],
      "test_passed": [
        0,
        0,
        0,
        0,
        0
      ],
      "var_groups": [
        0,
        1,
        2,
        3,
        3
      ],
      "variables": [
        "weaDat.weaBus.TDryBul",
        "hydraulic.generation.sigBusGen.TGenOutMea",
        "outputs.building.TZone[1]",
        "electricalGrid.PElecGen",
        "electricalGrid.PElecLoa"
      ],
      "warnings": [
        "Translation, simulation or extracting simulation results failed. Examples/Retrofit/Case1NoRetrofit.mos uses outputs.building.TZone[1] which does not exist in BESMod.Examples.Retrofit.Case1NoRetrofit.mat.\n",
        "",
        "",
        "",
        ""
      ]
    },
    "model": "BESMod.Examples.Retrofit.Case1NoRetrofit",
    "simulation": {
      "elapsed_time": 1.82,
      "final_time": 86400,
      "jacobians": 2344,
      "start_time": 0,
      "state_events": 115,
      "success": true
    }
  },
  {
    "comparison": {
      "file_name": "BESMod.Examples.TEASERExport.ArchetypeExample.ResidentialBuilding.GasBoilerBuildingOnlyResidentialBuilding.mat",
      "funnel_dirs": [
        null,
        null,
        null,
        null,
        null
      ],
      "success_rate": 0.0,
      "t_err_max": [
        0,
        0,
        0,
        0,
        0
      ],
      "test_passed": [
        0,
        0,
        0,
        0,
        0
      ],
      "var_groups": [
        0,
        1,
        2,
        3,
        3
      ],
      "variables": [
        "weaDat.weaBus.TDryBul",
        "hydraulic.generation.sigBusGen.TBoiOut",
        "outputs.building.TZone[1]",
        "electricalGrid.PElecGen",
        "electricalGrid.PElecLoa"
      ],
      "warnings": [
        "Translation, simulation or extracting simulation results failed. Examples/TEASERExport/ArchetypeExample/ResidentialBuilding/GasBoilerBuildingOnlyResidentialBuilding.mos uses outputs.building.TZone[1] which does not exist in BESMod.Examples.TEASERExport.ArchetypeExample.ResidentialBuilding.GasBoilerBuildingOnlyResidentialBuilding.mat.\n",
        "",
        "",
        "",
        ""
      ]
    },
    "model": "BESMod.Examples.TEASERExport.ArchetypeExample.ResidentialBuilding.GasBoilerBuildingOnlyResidentialBuilding",
    "simulation": {
      "elapsed_time": 0.541,
      "final_time": 172800,
      "jacobians": 1631,
      "start_time": 0,
      "state_events": 14,
      "success": true
    }
  },
  {
    "comparison": {
      "file_name": "BESMod.Examples.GasBoilerBuildingOnly.mat",
      "funnel_dirs": [
        null,
        null,
        null,
        null,
        null
      ],
      "success_rate": 0.0,
      "t_err_max": [
        0,
        0,
        0,
        0,
        0
      ],
      "test_passed": [
        0,
        0,
        0,
        0,
        0
      ],
      "var_groups": [
        0,
        1,
        2,
        3,
        3
      ],
      "variables": [
        "weaDat.weaBus.TDryBul",
        "hydraulic.generation.sigBusGen.TBoiOut",
        "outputs.building.TZone[1]",
        "electricalGrid.PElecGen",
        "electricalGrid.PElecLoa"
      ],
      "warnings": [
        "Translation, simulation or extracting simulation results failed. Examples/GasBoilerBuildingOnly.mos uses outputs.building.TZone[1] which does not exist in BESMod.Examples.GasBoilerBuildingOnly.mat.\n",
        "",
        "",
        "",
        ""
      ]
    },
    "model": "BESMod.Examples.GasBoilerBuildingOnly",
    "simulation": {
      "elapsed_time": 0.575,
      "final_time": 172800,
      "jacobians": 1664,
      "start_time": 0,
      "state_events": 16,
      "success": true
    }
  },
  {
    "comparison": {
      "file_name": "BESMod.Examples.Retrofit.Case1PartialRetrofit.mat",
      "funnel_dirs": [
        null,
        null,
        null,
        null,
        null
      ],
      "success_rate": 0.0,
      "t_err_max": [
        0,
        0,
        0,
        0,
        0
      ],
      "test_passed": [
        0,
        0,
        0,
        0,
        0
      ],
      "var_groups": [
        0,
        1,
        2,
        3,
        3
      ],
      "variables": [
        "weaDat.weaBus.TDryBul",
        "hydraulic.generation.sigBusGen.TGenOutMea",
        "outputs.building.TZone[1]",
        "electricalGrid.PElecGen",
        "electricalGrid.PElecLoa"
      ],
      "warnings": [
        "Translation, simulation or extracting simulation results failed. Examples/Retrofit/Case1PartialRetrofit.mos uses outputs.building.TZone[1] which does not exist in BESMod.Examples.Retrofit.Case1PartialRetrofit.mat.\n",
        "",
        "",
        "",
        ""
      ]
    },
    "model": "BESMod.Examples.Retrofit.Case1PartialRetrofit",
    "simulation": {
      "elapsed_time": 1.69,
      "final_time": 86400,
      "jacobians": 2204,
      "start_time": 0,
      "state_events": 99,
      "success": true
    }
  },
  {
    "comparison": {
      "file_name": "BESMod.Examples.TEASERExport.ArchetypeExample.ResidentialBuilding.TEASERHeatLoadCalculationResidentialBuilding.mat",
      "funnel_dirs": [
        null,
        null,
        null,
        null
      ],
      "success_rate": 0.0,
      "t_err_max": [
        0,
        0,
        0,
        0
      ],
      "test_passed": [
        0,
        0,
        0,
        0
      ],
      "var_groups": [
        0,
        1,
        2,
        2
      ],
      "variables": [
        "weaDat.weaBus.TDryBul",
        "outputs.building.TZone[1]",
        "electricalGrid.PElecGen",
        "electricalGrid.PElecLoa"
      ],
      "warnings": [
        "Translation, simulation or extracting simulation results failed. Examples/TEASERExport/ArchetypeExample/ResidentialBuilding/TEASERHeatLoadCalculationResidentialBuilding.mos uses outputs.building.TZone[1] which does not exist in BESMod.Examples.TEASERExport.ArchetypeExample.ResidentialBuilding.TEASERHeatLoadCalculationResidentialBuilding.mat.\n",
        "",
        "",
        ""
      ]
    },
    "model": "BESMod.Examples.TEASERExport.ArchetypeExample.ResidentialBuilding.TEASERHeatLoadCalculationResidentialBuilding",
    "simulation": {
      "elapsed_time": 0.128,
      "final_time": 172800,
      "jacobians": 788,
      "start_time": 0,
      "state_events": 16,
      "success": true
    }
  },
  {
    "comparison": {
      "file_name": "BESMod.Examples.HighOrderModel.HOMAixLib.mat",
      "funnel_dirs": [
        "funnel_comp/BESMod.Examples.HighOrderModel.HOMAixLib.mat_weaDat.weaBus.TDryBul",
        "funnel_comp/BESMod.Examples.HighOrderModel.HOMAixLib.mat_hydraulic.generation.sigBusGen.TGenOutMea",
        "funnel_comp/BESMod.Examples.HighOrderModel.HOMAixLib.mat_hydraulic.control.buiMeaBus.TZoneMea[1]",
        "funnel_comp/BESMod.Examples.HighOrderModel.HOMAixLib.mat_hydraulic.control.buiMeaBus.TZoneMea[10]",
        "funnel_comp/BESMod.Examples.HighOrderModel.HOMAixLib.mat_electricalGrid.PElecGen",
        "funnel_comp/BESMod.Examples.HighOrderModel.HOMAixLib.mat_electricalGrid.PElecLoa"
      ],
      "success_rate": 1.0,
      "t_err_max": [
        0.0,
        0.0,
        0.0,
        0.0,
        0.0,
        0.0
      ],
      "test_passed": [
        1,
        1,
        1,
        1,
        1,
        1
      ],
      "var_groups": [
        0,
        1,
        2,
        2,
        3,
        3
      ],
      "variables": [
        "weaDat.weaBus.TDryBul",
        "hydraulic.generation.sigBusGen.TGenOutMea",
        "hydraulic.control.buiMeaBus.TZoneMea[1]",
        "hydraulic.control.buiMeaBus.TZoneMea[10]",
        "electricalGrid.PElecGen",
        "electricalGrid.PElecLoa"
      ],
      "warnings": [
        null,
        null,
        null,
        null,
        null,
        null
      ]
    },
    "model": "BESMod.Examples.HighOrderModel.HOMAixLib",
    "simulation": {
      "elapsed_time": 16.762,
      "final_time": 172800,
      "jacobians": 508,
      "start_time": 0,
      "state_events": 277,
      "success": true
    }
  },
  {
    "comparison": {
      "file_name": "BESMod.Examples.HeatPumpAndBoiler.Parallel.mat",
      "funnel_dirs": [
        null,
        null,
        null,
        null,
        null
      ],
      "success_rate": 0.0,
      "t_err_max": [
        0,
        0,
        0,
        0,
        0
      ],
      "test_passed": [
        0,
        0,
        0,
        0,
        0
      ],
      "var_groups": [
        0,
        1,
        2,
        3,
        3
      ],
      "variables": [
        "weaDat.weaBus.TDryBul",
        "hydraulic.generation.sigBusGen.TGenOutMea",
        "outputs.building.TZone[1]",
        "electricalGrid.PElecGen",
        "electricalGrid.PElecLoa"
      ],
      "warnings": [
        "Translation, simulation or extracting simulation results failed. Examples/HeatPumpAndBoiler/Parallel.mos uses outputs.building.TZone[1] which does not exist in BESMod.Examples.HeatPumpAndBoiler.Parallel.mat.\n",
        "",
        "",
        "",
        ""
      ]
    },
    "model": "BESMod.Examples.HeatPumpAndBoiler.Parallel",
    "simulation": {
      "elapsed_time": 2.31,
      "final_time": 172800,
      "jacobians": 4119,
      "start_time": 0,
      "state_events": 214,
      "success": true
    }
  },
  {
    "comparison": {
      "file_name": "BESMod.Examples.SolarThermalSystem.SolarThermalAixLib.mat",
      "funnel_dirs": [
        null,
        null,
        null,
        null,
        null
      ],
      "success_rate": 0.0,
      "t_err_max": [
        0,
        0,
        0,
        0,
        0
      ],
      "test_passed": [
        0,
        0,
        0,
        0,
        0
      ],
      "var_groups": [
        0,
        1,
        2,
        3,
        3
      ],
      "variables": [
        "weaDat.weaBus.TDryBul",
        "hydraulic.generation.sigBusGen.TGenOutMea",
        "outputs.building.TZone[1]",
        "electricalGrid.PElecGen",
        "electricalGrid.PElecLoa"
      ],
      "warnings": [
        "Translation, simulation or extracting simulation results failed. Examples/SolarThermalSystem/SolarThermalAixLib.mos uses outputs.building.TZone[1] which does not exist in BESMod.Examples.SolarThermalSystem.SolarThermalAixLib.mat.\n",
        "",
        "",
        "",
        ""
      ]
    },
    "model": "BESMod.Examples.SolarThermalSystem.SolarThermalAixLib",
    "simulation": {
      "elapsed_time": 9.47,
      "final_time": 172800,
      "jacobians": 3579,
      "start_time": 0,
      "state_events": 152,
      "success": true
    }
  },
  {
    "comparison": {
      "file_name": "BESMod.Examples.HeatPumpAndBoiler.AfterBufferWithDHW.mat",
      "funnel_dirs": [
        null,
        null,
        null,
        null,
        null
      ],
      "success_rate": 0.0,
      "t_err_max": [
        0,
        0,
        0,
        0,
        0
      ],
      "test_passed": [
        0,
        0,
        0,
        0,
        0
      ],
      "var_groups": [
        0,
        1,
        2,
        3,
        3
      ],
      "variables": [
        "weaDat.weaBus.TDryBul",
        "hydraulic.generation.sigBusGen.TGenOutMea",
        "outputs.building.TZone[1]",
        "electricalGrid.PElecGen",
        "electricalGrid.PElecLoa"
      ],
      "warnings": [
        "Translation, simulation or extracting simulation results failed. Examples/HeatPumpAndBoiler/AfterBufferWithDHW.mos uses outputs.building.TZone[1] which does not exist in BESMod.Examples.HeatPumpAndBoiler.AfterBufferWithDHW.mat.\n",
        "",
        "",
        "",
        ""
      ]
    },
    "model": "BESMod.Examples.HeatPumpAndBoiler.AfterBufferWithDHW",
    "simulation": {
      "elapsed_time": 4.54,
      "final_time": 172800,
      "jacobians": 4247,
      "start_time": 0,
      "state_events": 241,
      "success": true
    }
  },
  {
    "comparison": {
      "file_name": "BESMod.Examples.DesignOptimization.BES.mat",
      "funnel_dirs": [
        null,
        null,
        null,
        null,
        null
      ],
      "success_rate": 0.0,
      "t_err_max": [
        0,
        0,
        0,
        0,
        0
      ],
      "test_passed": [
        0,
        0,
        0,
        0,
        0
      ],
      "var_groups": [
        0,
        1,
        2,
        3,
        3
      ],
      "variables": [
        "weaDat.weaBus.TDryBul",
        "hydraulic.generation.sigBusGen.TGenOutMea",
        "outputs.building.TZone[1]",
        "electricalGrid.PElecGen",
        "electricalGrid.PElecLoa"
      ],
      "warnings": [
        "Translation, simulation or extracting simulation results failed. Examples/DesignOptimization/BES.mos uses outputs.building.TZone[1] which does not exist in BESMod.Examples.DesignOptimization.BES.mat.\n",
        "",
        "",
        "",
        ""
      ]
    },
    "model": "BESMod.Examples.DesignOptimization.BES",
    "simulation": {
      "elapsed_time": 1.69,
      "final_time": 172800,
      "jacobians": 3146,
      "start_time": 0,
      "state_events": 71,
      "success": true
    }
  },
  {
    "comparison": {
      "file_name": "BESMod.Examples.HighOrderModel.HOMSpawn.mat",
      "funnel_dirs": [
        "funnel_comp/BESMod.Examples.HighOrderModel.HOMSpawn.mat_weaDat.weaBus.TDryBul",
        "funnel_comp/BESMod.Examples.HighOrderModel.HOMSpawn.mat_hydraulic.generation.sigBusGen.TGenOutMea",
        "funnel_comp/BESMod.Examples.HighOrderModel.HOMSpawn.mat_hydraulic.control.buiMeaBus.TZoneMea[1]",
        "funnel_comp/BESMod.Examples.HighOrderModel.HOMSpawn.mat_hydraulic.control.buiMeaBus.TZoneMea[10]",
        "funnel_comp/BESMod.Examples.HighOrderModel.HOMSpawn.mat_electricalGrid.PElecGen",
        "funnel_comp/BESMod.Examples.HighOrderModel.HOMSpawn.mat_electricalGrid.PElecLoa"
      ],
      "success_rate": 1.0,
      "t_err_max": [
        0.0,
        0.0,
        0.0,
        0.0,
        0.0,
        0.0
      ],
      "test_passed": [
        1,
        1,
        1,
        1,
        1,
        1
      ],
      "var_groups": [
        0,
        1,
        2,
        2,
        3,
        3
      ],
      "variables": [
        "weaDat.weaBus.TDryBul",
        "hydraulic.generation.sigBusGen.TGenOutMea",
        "hydraulic.control.buiMeaBus.TZoneMea[1]",
        "hydraulic.control.buiMeaBus.TZoneMea[10]",
        "electricalGrid.PElecGen",
        "electricalGrid.PElecLoa"
      ],
      "warnings": [
        null,
        null,
        null,
        null,
        null,
        null
      ]
    },
    "model": "BESMod.Examples.HighOrderModel.HOMSpawn",
    "simulation": {
      "elapsed_time": 14.2812,
      "final_time": 172800,
      "jacobians": 1121,
      "start_time": 0,
      "state_events": 276,
      "success": true
    }
  },
  {
    "comparison": {
      "file_name": "BESMod.Examples.BAUSimStudy.Case1Standard.mat",
      "funnel_dirs": [
        null,
        null,
        null,
        null,
        null
      ],
      "success_rate": 0.0,
      "t_err_max": [
        0,
        0,
        0,
        0,
        0
      ],
      "test_passed": [
        0,
        0,
        0,
        0,
        0
      ],
      "var_groups": [
        0,
        1,
        2,
        3,
        3
      ],
      "variables": [
        "weaDat.weaBus.TDryBul",
        "hydraulic.generation.sigBusGen.TGenOutMea",
        "outputs.building.TZone[1]",
        "electricalGrid.PElecGen",
        "electricalGrid.PElecLoa"
      ],
      "warnings": [
        "Translation, simulation or extracting simulation results failed. Examples/BAUSimStudy/Case1Standard.mos uses outputs.building.TZone[1] which does not exist in BESMod.Examples.BAUSimStudy.Case1Standard.mat.\n",
        "",
        "",
        "",
        ""
      ]
    },
    "model": "BESMod.Examples.BAUSimStudy.Case1Standard",
    "simulation": {
      "elapsed_time": 3.11,
      "final_time": 172800,
      "jacobians": 3952,
      "start_time": 0,
      "state_events": 201,
      "success": true
    }
  },
  {
    "comparison": {
      "file_name": "BESMod.Examples.SolarThermalSystem.SolarThermalBuildings.mat",
      "funnel_dirs": [
        null,
        null,
        null,
        null,
        null
      ],
      "success_rate": 0.0,
      "t_err_max": [
        0,
        0,
        0,
        0,
        0
      ],
      "test_passed": [
        0,
        0,
        0,
        0,
        0
      ],
      "var_groups": [
        0,
        1,
        2,
        3,
        3
      ],
      "variables": [
        "weaDat.weaBus.TDryBul",
        "hydraulic.generation.sigBusGen.TGenOutMea",
        "outputs.building.TZone[1]",
        "electricalGrid.PElecGen",
        "electricalGrid.PElecLoa"
      ],
      "warnings": [
        "Translation, simulation or extracting simulation results failed. Examples/SolarThermalSystem/SolarThermalBuildings.mos uses outputs.building.TZone[1] which does not exist in BESMod.Examples.SolarThermalSystem.SolarThermalBuildings.mat.\n",
        "",
        "",
        "",
        ""
      ]
    },
    "model": "BESMod.Examples.SolarThermalSystem.SolarThermalBuildings",
    "simulation": {
      "elapsed_time": 10.9,
      "final_time": 172800,
      "jacobians": 3616,
      "start_time": 0,
      "state_events": 153,
      "success": true
    }
  },
  {
    "comparison": {
      "file_name": "BESMod.Examples.TEASERExport.ArchetypeExample.ResidentialBuilding.HeatPumpMonoenergeticResidentialBuilding.mat",
      "funnel_dirs": [
        null,
        null,
        null,
        null,
        null,
        null,
        null,
        null
      ],
      "success_rate": 0.0,
      "t_err_max": [
        0,
        0,
        0,
        0,
        0,
        0,
        0,
        0
      ],
      "test_passed": [
        0,
        0,
        0,
        0,
        0,
        0,
        0,
        0
      ],
      "var_groups": [
        0,
        0,
        1,
        1,
        1,
        2,
        2,
        2
      ],
      "variables": [
        "electrical.distribution.OutputDistr.PEleGen.value",
        "electrical.distribution.OutputDistr.PEleLoa.value",
        "hydraulic.distribution.sigBusDistr.TStoDHWTopMea",
        "hydraulic.distribution.sigBusDistr.TStoBufTopMea",
        "hydraulic.generation.sigBusGen.TGenOutMea",
        "ventilation.generation.TSup.T",
        "ventilation.generation.weaBus.TDryBul",
        "building.buiMeaBus.TZoneMea[1]"
      ],
      "warnings": [
        "Translation, simulation or extracting simulation results failed. Examples/TEASERExport/ArchetypeExample/ResidentialBuilding/HeatPumpMonoenergeticResidentialBuilding.mos uses electrical.distribution.OutputDistr.PEleGen.value which does not exist in BESMod.Examples.TEASERExport.ArchetypeExample.ResidentialBuilding.HeatPumpMonoenergeticResidentialBuilding.mat.\n\nExamples/TEASERExport/ArchetypeExample/ResidentialBuilding/HeatPumpMonoenergeticResidentialBuilding.mos uses electrical.distribution.OutputDistr.PEleLoa.value which does not exist in BESMod.Examples.TEASERExport.ArchetypeExample.ResidentialBuilding.HeatPumpMonoenergeticResidentialBuilding.mat.\n",
        "",
        "",
        "",
        "",
        "",
        "",
        ""
      ]
    },
    "model": "BESMod.Examples.TEASERExport.ArchetypeExample.ResidentialBuilding.HeatPumpMonoenergeticResidentialBuilding",
    "simulation": {
      "elapsed_time": 4.74,
      "final_time": 172800,
      "jacobians": 5123,
      "start_time": 0,
      "state_events": 293,
      "success": true
    }
  },
  {
    "comparison": {
      "file_name": "BESMod.Examples.ModelicaConferencePaper.TEASERBuilding.mat",
      "funnel_dirs": [
        "funnel_comp/BESMod.Examples.ModelicaConferencePaper.TEASERBuilding.mat_electrical.distribution.batterySimple.PLoad",
        "funnel_comp/BESMod.Examples.ModelicaConferencePaper.TEASERBuilding.mat_electrical.distribution.batterySimple.PCharge",
        "funnel_comp/BESMod.Examples.ModelicaConferencePaper.TEASERBuilding.mat_hydraulic.distribution.sigBusDistr.TStoDHWTopMea",
        "funnel_comp/BESMod.Examples.ModelicaConferencePaper.TEASERBuilding.mat_hydraulic.distribution.sigBusDistr.TStoBufTopMea",
        "funnel_comp/BESMod.Examples.ModelicaConferencePaper.TEASERBuilding.mat_hydraulic.generation.sigBusGen.TGenOutMea",
        "funnel_comp/BESMod.Examples.ModelicaConferencePaper.TEASERBuilding.mat_ventilation.generation.TSup.T",
        "funnel_comp/BESMod.Examples.ModelicaConferencePaper.TEASERBuilding.mat_ventilation.generation.weaBus.TDryBul",
        "funnel_comp/BESMod.Examples.ModelicaConferencePaper.TEASERBuilding.mat_building.buiMeaBus.TZoneMea[1]"
      ],
      "success_rate": 1.0,
      "t_err_max": [
        0.0,
        0.0,
        0.0,
        0.0,
        0.0,
        0.0,
        0.0,
        0.0
      ],
      "test_passed": [
        1,
        1,
        1,
        1,
        1,
        1,
        1,
        1
      ],
      "var_groups": [
        0,
        0,
        1,
        1,
        1,
        2,
        2,
        2
      ],
      "variables": [
        "electrical.distribution.batterySimple.PLoad",
        "electrical.distribution.batterySimple.PCharge",
        "hydraulic.distribution.sigBusDistr.TStoDHWTopMea",
        "hydraulic.distribution.sigBusDistr.TStoBufTopMea",
        "hydraulic.generation.sigBusGen.TGenOutMea",
        "ventilation.generation.TSup.T",
        "ventilation.generation.weaBus.TDryBul",
        "building.buiMeaBus.TZoneMea[1]"
      ],
      "warnings": [
        null,
        null,
        null,
        null,
        null,
        null,
        null,
        null
      ]
    },
    "model": "BESMod.Examples.ModelicaConferencePaper.TEASERBuilding",
    "simulation": {
      "elapsed_time": 18.4,
      "final_time": 864000,
      "jacobians": 21545,
      "start_time": 0,
      "state_events": 1338,
      "success": true
    }
  },
  {
    "comparison": {
      "file_name": "BESMod.Examples.DesignOptimization.BESNoDHW.mat",
      "funnel_dirs": [
        null,
        null,
        null,
        null,
        null
      ],
      "success_rate": 0.0,
      "t_err_max": [
        0,
        0,
        0,
        0,
        0
      ],
      "test_passed": [
        0,
        0,
        0,
        0,
        0
      ],
      "var_groups": [
        0,
        1,
        2,
        3,
        3
      ],
      "variables": [
        "weaDat.weaBus.TDryBul",
        "hydraulic.generation.sigBusGen.TGenOutMea",
        "outputs.building.TZone[1]",
        "electricalGrid.PElecGen",
        "electricalGrid.PElecLoa"
      ],
      "warnings": [
        "Translation, simulation or extracting simulation results failed. Examples/DesignOptimization/BESNoDHW.mos uses outputs.building.TZone[1] which does not exist in BESMod.Examples.DesignOptimization.BESNoDHW.mat.\n",
        "",
        "",
        "",
        ""
      ]
    },
    "model": "BESMod.Examples.DesignOptimization.BESNoDHW",
    "simulation": {
      "elapsed_time": 1.07,
      "final_time": 172800,
      "jacobians": 1934,
      "start_time": 0,
      "state_events": 47,
      "success": true
    }
  },
  {
    "comparison": {
      "file_name": "BESMod.Examples.Retrofit.Case1TotalRetrofit.mat",
      "funnel_dirs": [
        null,
        null,
        null,
        null,
        null
      ],
      "success_rate": 0.0,
      "t_err_max": [
        0,
        0,
        0,
        0,
        0
      ],
      "test_passed": [
        0,
        0,
        0,
        0,
        0
      ],
      "var_groups": [
        0,
        1,
        2,
        3,
        3
      ],
      "variables": [
        "weaDat.weaBus.TDryBul",
        "hydraulic.generation.sigBusGen.TGenOutMea",
        "outputs.building.TZone[1]",
        "electricalGrid.PElecGen",
        "electricalGrid.PElecLoa"
      ],
      "warnings": [
        "Translation, simulation or extracting simulation results failed. Examples/Retrofit/Case1TotalRetrofit.mos uses outputs.building.TZone[1] which does not exist in BESMod.Examples.Retrofit.Case1TotalRetrofit.mat.\n",
        "",
        "",
        "",
        ""
      ]
    },
    "model": "BESMod.Examples.Retrofit.Case1TotalRetrofit",
    "simulation": {
      "elapsed_time": 1.37,
      "final_time": 86400,
      "jacobians": 1832,
      "start_time": 0,
      "state_events": 74,
      "success": true
    }
  },
  {
    "comparison": {
      "file_name": "BESMod.Examples.HeatPumpAndBoiler.Serial.mat",
      "funnel_dirs": [
        null,
        null,
        null,
        null,
        null
      ],
      "success_rate": 0.0,
      "t_err_max": [
        0,
        0,
        0,
        0,
        0
      ],
      "test_passed": [
        0,
        0,
        0,
        0,
        0
      ],
      "var_groups": [
        0,
        1,
        2,
        3,
        3
      ],
      "variables": [
        "weaDat.weaBus.TDryBul",
        "hydraulic.generation.sigBusGen.TGenOutMea",
        "outputs.building.TZone[1]",
        "electricalGrid.PElecGen",
        "electricalGrid.PElecLoa"
      ],
      "warnings": [
        "Translation, simulation or extracting simulation results failed. Examples/HeatPumpAndBoiler/Serial.mos uses outputs.building.TZone[1] which does not exist in BESMod.Examples.HeatPumpAndBoiler.Serial.mat.\n",
        "",
        "",
        "",
        ""
      ]
    },
    "model": "BESMod.Examples.HeatPumpAndBoiler.Serial",
    "simulation": {
      "elapsed_time": 6.53,
      "final_time": 172800,
      "jacobians": 11605,
      "start_time": 0,
      "state_events": 1184,
      "success": true
    }
  }
]
