[
  {
    "comparison": {
      "file_name": "BESMod.Examples.ModelicaConferencePaper.TEASERBuilding.mat",
      "funnel_dirs": [],
      "success_rate": 0,
      "t_err_max": [],
      "test_passed": [],
      "var_groups": [],
      "variables": [],
      "warnings": []
    },
    "model": "BESMod.Examples.ModelicaConferencePaper.TEASERBuilding",
    "simulation": {
      "elapsed_time": 11.8,
      "final_time": 864000,
      "jacobians": 20602,
      "start_time": 0,
      "state_events": 1229,
      "success": true
    }
  },
  {
    "comparison": {
      "file_name": "BESMod.Examples.ModelicaConferencePaper.BuildingsLibraryRoom.mat",
      "funnel_dirs": [],
      "success_rate": 0,
      "t_err_max": [],
      "test_passed": [],
      "var_groups": [],
      "variables": [],
      "warnings": []
    },
    "model": "BESMod.Examples.ModelicaConferencePaper.BuildingsLibraryRoom",
    "simulation": {
      "elapsed_time": 19.9,
      "final_time": 864000,
      "jacobians": 21139,
      "start_time": 0,
      "state_events": 1365,
      "success": true
    }
  }
]
