Automatically generated BuildingsPy dump file for failed translations.

===============================
=====START OF NEW LOG FILE=====
===============================
﻿ = true


rCheck = checkModel("BESMod.Systems.Hydraulical.Generation.Tests.DetailedSolarThermalWithHeatPump");
Check of BESMod.Systems.Hydraulical.Generation.Tests.DetailedSolarThermalWithHeatPump
Warning: Modifier for protected component use_busConOnl. This is not legal Modelica.
  File: /tmp/tmp-BESMod-3-vdfd8gzl/BESMod/Systems/Hydraulical/Generation/BaseClasses/PartialHeatPump.mo, line 150
  Context: BESMod.Systems.Hydraulical.Generation.BaseClasses.PartialHeatPump.heatPump.use_busConOnl
Original declaration of use_busConOnl:
  File: /builds/EBC/EBC_all/github_ci/BESMod/installed_dependencies/AixLib/AixLib/Fluid/HeatPumps/ModularReversible/BaseClasses/PartialReversibleRefrigerantMachine.mo, line 385
  Context: AixLib.Fluid.HeatPumps.ModularReversible.BaseClasses.PartialReversibleRefrigerantMachine.use_busConOnl
In call connect(sigBus, heatPump.sigBus)
  File: /tmp/tmp-BESMod-3-vdfd8gzl/BESMod/Systems/Hydraulical/Generation/BaseClasses/PartialHeatPump.mo, line 406
For path heatPump.sigBus
Warning: Component sigBus is protected and should thus not be accessible from outside.
Full name: generation.heatPump.sigBus
In class BESMod.Systems.Hydraulical.Generation.BaseClasses.PartialHeatPump.
  File: /tmp/tmp-BESMod-3-vdfd8gzl/BESMod/Systems/Hydraulical/Generation/HeatPumpAndElectricHeater.mo, line 3
Used in component generation.
  File: /tmp/tmp-BESMod-3-vdfd8gzl/BESMod/Systems/Hydraulical/Generation/Tests/DetailedSolarThermalWithHeatPump.mo, line 6
Error: Function Buildings.Fluid.SolarCollectors.Data.GenericSolarCollector is not known in generation.solCol.per (model BESMod.Systems.Hydraulical.Generation.DetailedSolarThermalWithHeatPump).
In call Buildings.Fluid.SolarCollectors.Data.GenericSolarCollector(
        ATyp=Buildings.Fluid.SolarCollectors.Types.Area.Aperture,
        A=4.302,
        mDry=484,
        V=4.4/1000,
        dp_nominal=100,
        mperA_flow_nominal=solarThermalParas.m_flow_nominal/solarThermalParas.A,
        B0=0,
        B1=0,
        y_intercept=solarThermalParas.eta_zero,
        slope=0,
        IAMDiff=0.133,
        C1=solarThermalParas.c1,
        C2=solarThermalParas.c2,
        G_nominal=solarThermalParas.GMax,
        dT_nominal=solarThermalParas.dTMax)
Error: Unknown function Buildings.Fluid.SolarCollectors.Data.GenericSolarCollector in generation.solCol.per (model BESMod.Systems.Hydraulical.Generation.DetailedSolarThermalWithHeatPump).
Error: For variable generation.solCol.per
 declared in class Buildings.Fluid.SolarCollectors.Data, /builds/EBC/EBC_all/github_ci/BESMod/installed_dependencies/Buildings/Buildings/Fluid/SolarCollectors/EN12975.mo at line 4, and used in component generation.solCol.PartialSolarCollector.
Type error in record binding:
  generation.solCol.per = Buildings.Fluid.SolarCollectors.Data.GenericSolarCollector    ();
Error: The types of the operands in (generation.solCol.per)    =    (Buildings.Fluid.SolarCollectors.Data.GenericSolarCollector  ())
are Record and Real, but they must be compatible.
Errors detected in record bindings.
Check aborted.
Error: ERRORS have been issued.
Declaring variable: Boolean rCheck ;

Modelica.Utilities.Streams.print("    { \"file\" :  \"BESMod/Resources/Scripts/Dymola/Systems/Hydraulical/Generation/Tests/DetailedSolarThermalWithHeatPump.mos\",", "BESMod.Systems.Hydraulical.Generation.Tests.DetailedSolarThermalWithHeatPump.statistics.log");
Modelica.Utilities.Streams.print("      \"model\" : \"BESMod.Systems.Hydraulical.Generation.Tests.DetailedSolarThermalWithHeatPump\",", "BESMod.Systems.Hydraulical.Generation.Tests.DetailedSolarThermalWithHeatPump.statistics.log");
Modelica.Utilities.Streams.print("      \"check\" : {", "BESMod.Systems.Hydraulical.Generation.Tests.DetailedSolarThermalWithHeatPump.statistics.log");
Modelica.Utilities.Streams.print("        \"command\" : \"checkModel(\\\"BESMod.Systems.Hydraulical.Generation.Tests.DetailedSolarThermalWithHeatPump\\\");\",", "BESMod.Systems.Hydraulical.Generation.Tests.DetailedSolarThermalWithHeatPump.statistics.log");
Modelica.Utilities.Streams.print("        \"result\"  : " + String(rCheck), "BESMod.Systems.Hydraulical.Generation.Tests.DetailedSolarThermalWithHeatPump.statistics.log");
Modelica.Utilities.Streams.print("      },", "BESMod.Systems.Hydraulical.Generation.Tests.DetailedSolarThermalWithHeatPump.statistics.log");


rScript=RunScript("modelica://BESMod/Resources/Scripts/Dymola/Systems/Hydraulical/Generation/Tests/DetailedSolarThermalWithHeatPump.mos");
simulateModel("BESMod.Systems.Hydraulical.Generation.Tests.DetailedSolarThermalWithHeatPump", stopTime=3600, method="CVode", tolerance=1e-06, resultFile="BESMod.Systems.Hydraulical.Generation.Tests.DetailedSolarThermalWithHeatPump");
Translation of BESMod.Systems.Hydraulical.Generation.Tests.DetailedSolarThermalWithHeatPump
Warning: Modifier for protected component use_busConOnl. This is not legal Modelica.
  File: /tmp/tmp-BESMod-3-vdfd8gzl/BESMod/Systems/Hydraulical/Generation/BaseClasses/PartialHeatPump.mo, line 150
  Context: BESMod.Systems.Hydraulical.Generation.BaseClasses.PartialHeatPump.heatPump.use_busConOnl
Original declaration of use_busConOnl:
  File: /builds/EBC/EBC_all/github_ci/BESMod/installed_dependencies/AixLib/AixLib/Fluid/HeatPumps/ModularReversible/BaseClasses/PartialReversibleRefrigerantMachine.mo, line 385
  Context: AixLib.Fluid.HeatPumps.ModularReversible.BaseClasses.PartialReversibleRefrigerantMachine.use_busConOnl
In call connect(sigBus, heatPump.sigBus)
  File: /tmp/tmp-BESMod-3-vdfd8gzl/BESMod/Systems/Hydraulical/Generation/BaseClasses/PartialHeatPump.mo, line 406
For path heatPump.sigBus
Warning: Component sigBus is protected and should thus not be accessible from outside.
Full name: generation.heatPump.sigBus
In class BESMod.Systems.Hydraulical.Generation.BaseClasses.PartialHeatPump.
  File: /tmp/tmp-BESMod-3-vdfd8gzl/BESMod/Systems/Hydraulical/Generation/HeatPumpAndElectricHeater.mo, line 3
Used in component generation.
  File: /tmp/tmp-BESMod-3-vdfd8gzl/BESMod/Systems/Hydraulical/Generation/Tests/DetailedSolarThermalWithHeatPump.mo, line 6
Error: Function Buildings.Fluid.SolarCollectors.Data.GenericSolarCollector is not known in generation.solCol.per (model BESMod.Systems.Hydraulical.Generation.DetailedSolarThermalWithHeatPump).
In call Buildings.Fluid.SolarCollectors.Data.GenericSolarCollector(
        ATyp=Buildings.Fluid.SolarCollectors.Types.Area.Aperture,
        A=4.302,
        mDry=484,
        V=4.4/1000,
        dp_nominal=100,
        mperA_flow_nominal=solarThermalParas.m_flow_nominal/solarThermalParas.A,
        B0=0,
        B1=0,
        y_intercept=solarThermalParas.eta_zero,
        slope=0,
        IAMDiff=0.133,
        C1=solarThermalParas.c1,
        C2=solarThermalParas.c2,
        G_nominal=solarThermalParas.GMax,
        dT_nominal=solarThermalParas.dTMax)
Error: Unknown function Buildings.Fluid.SolarCollectors.Data.GenericSolarCollector in generation.solCol.per (model BESMod.Systems.Hydraulical.Generation.DetailedSolarThermalWithHeatPump).
Error: For variable generation.solCol.per
 declared in class Buildings.Fluid.SolarCollectors.Data, /builds/EBC/EBC_all/github_ci/BESMod/installed_dependencies/Buildings/Buildings/Fluid/SolarCollectors/EN12975.mo at line 4, and used in component generation.solCol.PartialSolarCollector.
Type error in record binding:
  generation.solCol.per = Buildings.Fluid.SolarCollectors.Data.GenericSolarCollector    ();
Error: The types of the operands in (generation.solCol.per)    =    (Buildings.Fluid.SolarCollectors.Data.GenericSolarCollector  ())
are Record and Real, but they must be compatible.
Errors detected in record bindings.
Translation aborted.
Warning: WARNINGS have been issued.
Error: ERRORS have been issued.
 = false

Instantiation of 
Declaring variable: Boolean rScript ;

savelog("BESMod.Systems.Hydraulical.Generation.Tests.DetailedSolarThermalWithHeatPump.translation.log");


===============================
=====START OF NEW LOG FILE=====
===============================
﻿ = true


rCheck = checkModel("BESMod.Systems.Hydraulical.Transfer.Tests.TestPressureBasedSystem");
Check of BESMod.Systems.Hydraulical.Transfer.Tests.TestPressureBasedSystem
The model has the same number of unknowns and equations: 688
The model could not be deduced to be symbolically well-posed.
The model has
  652+2*transfer.parRad.nEle+transfer.rad[1].vol[1].dynBal.nPorts+transfer.rad[1].vol[2].dynBal.nPorts  +transfer.rad[1].vol[3].dynBal.nPorts+transfer.rad[1].vol[4].dynBal.nPorts+  transfer.rad[1].vol[5].dynBal.nPorts+transfer.rad[1].sumCon.nin+  transfer.rad[1].sumRad.nin+transfer.volSup.dynBal.nPorts+transfer.volRet.dynBal.nPorts  +vol[1].dynBal.nPorts
scalar unknowns and
  616+(if bou1[1].use_Xi_in then 1 else (if bou1[1].use_X_in then 0 else 1))+(if    not bou1[1].use_p_in then 1 else 0)+2*bou1[1].nPorts+(if  not   bou1[1].use_T_in then 1 else 0)+(if  not transfer.rad[1].vol[1].dynBal.use_mWat_flow   then 1 else 0)+3*transfer.rad[1].vol[1].dynBal.nPorts+(if  not   transfer.rad[1].vol[2].dynBal.use_mWat_flow then 1 else 0)+3*transfer.rad[1].vol[2].dynBal.nPorts  +(if  not transfer.rad[1].vol[3].dynBal.use_mWat_flow then 1 else 0)+3*  transfer.rad[1].vol[3].dynBal.nPorts+(if  not transfer.rad[1].vol[4].dynBal.use_mWat_flow   then 1 else 0)+3*transfer.rad[1].vol[4].dynBal.nPorts+(if  not   transfer.rad[1].vol[5].dynBal.use_mWat_flow then 1 else 0)+3*transfer.rad[1].vol[5].dynBal.nPorts  +(if  not transfer.volSup.dynBal.use_mWat_flow then 1 else 0)+3*  transfer.volSup.dynBal.nPorts+(if  not transfer.volRet.dynBal.use_mWat_flow   then 1 else 0)+3*transfer.volRet.dynBal.nPorts+(if  not vol[1].dynBal.use_mWat_flow   then 1 else 0)+3*vol[1].dynBal.nPorts+(if  not pumDis[1].dpControlled_dp.vol.steBal.use_mWat_flow   then 1 else 0)+2*transfer.parRad.nEle
scalar equations.
However, exploiting the given numerical settings of parameters gives the same number of unknowns and equations:
  688
Check of BESMod.Systems.Hydraulical.Transfer.Tests.TestPressureBasedSystem successful.
Declaring variable: Boolean rCheck ;

Modelica.Utilities.Streams.print("    { \"file\" :  \"BESMod/Resources/Scripts/Dymola/Systems/Hydraulical/Transfer/Tests/TestPressureBasedSystem.mos\",", "BESMod.Systems.Hydraulical.Transfer.Tests.TestPressureBasedSystem.statistics.log");
Modelica.Utilities.Streams.print("      \"model\" : \"BESMod.Systems.Hydraulical.Transfer.Tests.TestPressureBasedSystem\",", "BESMod.Systems.Hydraulical.Transfer.Tests.TestPressureBasedSystem.statistics.log");
Modelica.Utilities.Streams.print("      \"check\" : {", "BESMod.Systems.Hydraulical.Transfer.Tests.TestPressureBasedSystem.statistics.log");
Modelica.Utilities.Streams.print("        \"command\" : \"checkModel(\\\"BESMod.Systems.Hydraulical.Transfer.Tests.TestPressureBasedSystem\\\");\",", "BESMod.Systems.Hydraulical.Transfer.Tests.TestPressureBasedSystem.statistics.log");
Modelica.Utilities.Streams.print("        \"result\"  : " + String(rCheck), "BESMod.Systems.Hydraulical.Transfer.Tests.TestPressureBasedSystem.statistics.log");
Modelica.Utilities.Streams.print("      },", "BESMod.Systems.Hydraulical.Transfer.Tests.TestPressureBasedSystem.statistics.log");


rScript=RunScript("modelica://BESMod/Resources/Scripts/Dymola/Systems/Hydraulical/Transfer/Tests/TestPressureBasedSystem.mos");
simulateModel("BESMod.Systems.Hydraulical.Transfer.Tests.TestPressureBasedSystem", stopTime=12000, method="CVode", tolerance=1e-06, resultFile="BESMod.Systems.Hydraulical.Transfer.Tests.TestPressureBasedSystem");
Translation of BESMod.Systems.Hydraulical.Transfer.Tests.TestPressureBasedSystem
The DAE has 688 scalar unknowns and 688 scalar equations.
 
Statistics
 
Original Model
  Number of components: 179
  Variables: 1957
  Constants: 45 (45 scalars)
  Parameters: 971 (1091 scalars)
  Unknowns: 941 (721 scalars)
  Differentiated variables: 16 scalars
  Equations: 745
  Nontrivial: 556
Translated Model
  Constants: 964 scalars
  Free parameters: 86 scalars
  Parameter depending: 296 scalars
  Outputs: 1 scalars
  Continuous time states: 7 scalars
  Time-varying variables: 149 scalars
  Alias variables: 362 scalars
  Number of mixed real/discrete systems of equations: 0
  Sizes of linear systems of equations: {2, 2, 2, 2, 2}
  Sizes after manipulation of the linear systems: {0, 0, 0, 0, 0}
  Sizes of nonlinear systems of equations: {7, 1}
  Sizes after manipulation of the nonlinear systems: {1, 1}
  Number of numerical Jacobians: 0
  Initialization problem
    Sizes of nonlinear systems of equations: {11, 7, 1, 1}
    Sizes after manipulation of the nonlinear systems: {5, 2, 0, 1}
    Sizes of simplified homotopy nonlinear systems of equations: {7, 1}
    Sizes after manipulation of the simplified homotopy nonlinear systems: {2, 0}
    Number of numerical Jacobians: 0
 
Selected continuous time states
Statically selected continuous time states
transfer.rad[1].vol[1].dynBal.U
transfer.rad[1].vol[2].dynBal.U
transfer.rad[1].vol[3].dynBal.U
transfer.rad[1].vol[4].dynBal.U
transfer.rad[1].vol[5].dynBal.U
transfer.volRet.dynBal.U
transfer.volSup.dynBal.U
Finished
Finished
 = true

Declaring variable: Boolean rScript ;

savelog("BESMod.Systems.Hydraulical.Transfer.Tests.TestPressureBasedSystem.translation.log");


===============================
=====START OF NEW LOG FILE=====
===============================
﻿ = true


rCheck = checkModel("BESMod.Systems.Hydraulical.Generation.Tests.GasBoiler");
Check of BESMod.Systems.Hydraulical.Generation.Tests.GasBoiler
The model has the same number of unknowns and equations: 601
The model could not be deduced to be symbolically well-posed.
The model has
  597+generation.boi.vol.dynBal.nPorts+vol[1].dynBal.nPorts
scalar unknowns and
  578+(if weaDat.pAtmSou == IBPSA.BoundaryConditions.Types.DataSource.Parameter   then 1 else 0)+(if weaDat.TDewPoiSou == IBPSA.BoundaryConditions.Types.DataSource.  Parameter then 1 else 0)+(if weaDat.TDryBulSou == IBPSA.BoundaryConditions.Types.DataSource.  Parameter then 1 else 0)+(if weaDat.TBlaSkySou == IBPSA.BoundaryConditions.Types.DataSource.  Parameter then 1 else 0)+(if weaDat.relHumSou == IBPSA.BoundaryConditions.Types.DataSource.  Parameter then 1 else 0)+(if weaDat.opaSkyCovSou == IBPSA.BoundaryConditions.Types.DataSource.  Parameter then 1 else 0)+(if weaDat.ceiHeiSou == IBPSA.BoundaryConditions.Types.DataSource.  Parameter then 1 else 0)+(if weaDat.totSkyCovSou == IBPSA.BoundaryConditions.Types.DataSource.  Parameter then 1 else 0)+(if weaDat.winSpeSou == IBPSA.BoundaryConditions.Types.DataSource.  Parameter then 1 else 0)+(if weaDat.winDirSou == IBPSA.BoundaryConditions.Types.DataSource.  Parameter then 1 else 0)+(if weaDat.HInfHorSou == IBPSA.BoundaryConditions.Types.DataSource.  Parameter then 1 else 0)+(if weaDat.HSou == IBPSA.BoundaryConditions.Types.RadiationDataSource.  Input_HDirNor_HDifHor then 2 else 1)+(if weaDat.HSou == IBPSA.BoundaryConditions.Types.RadiationDataSource.  Input_HDirNor_HGloHor then 2 else 1)+(if weaDat.HSou == IBPSA.BoundaryConditions.Types.RadiationDataSource.  Input_HGloHor_HDifHor then 2 else 1)+(if bouTra[1].use_Xi_in then 1 else (if   bouTra[1].use_X_in then 0 else 1))+(if  not bouTra[1].use_p_in then 1 else 0)+  (if  not bouTra[1].use_T_in then 1 else 0)+(if  not generation.boi.vol.dynBal.use_mWat_flow   then 1 else 0)+3*generation.boi.vol.dynBal.nPorts+(if  not vol[1].dynBal.use_mWat_flow   then 1 else 0)+3*vol[1].dynBal.nPorts+(if  not pumDis[1].dpControlled_dp.vol.steBal.use_mWat_flow   then 1 else 0)
scalar equations.
However, exploiting the given numerical settings of parameters gives the same number of unknowns and equations:
  601
Check of BESMod.Systems.Hydraulical.Generation.Tests.GasBoiler successful.
Declaring variable: Boolean rCheck ;

Modelica.Utilities.Streams.print("    { \"file\" :  \"BESMod/Resources/Scripts/Dymola/Systems/Hydraulical/Generation/Tests/GasBoiler.mos\",", "BESMod.Systems.Hydraulical.Generation.Tests.GasBoiler.statistics.log");
Modelica.Utilities.Streams.print("      \"model\" : \"BESMod.Systems.Hydraulical.Generation.Tests.GasBoiler\",", "BESMod.Systems.Hydraulical.Generation.Tests.GasBoiler.statistics.log");
Modelica.Utilities.Streams.print("      \"check\" : {", "BESMod.Systems.Hydraulical.Generation.Tests.GasBoiler.statistics.log");
Modelica.Utilities.Streams.print("        \"command\" : \"checkModel(\\\"BESMod.Systems.Hydraulical.Generation.Tests.GasBoiler\\\");\",", "BESMod.Systems.Hydraulical.Generation.Tests.GasBoiler.statistics.log");
Modelica.Utilities.Streams.print("        \"result\"  : " + String(rCheck), "BESMod.Systems.Hydraulical.Generation.Tests.GasBoiler.statistics.log");
Modelica.Utilities.Streams.print("      },", "BESMod.Systems.Hydraulical.Generation.Tests.GasBoiler.statistics.log");


rScript=RunScript("modelica://BESMod/Resources/Scripts/Dymola/Systems/Hydraulical/Generation/Tests/GasBoiler.mos");
simulateModel("BESMod.Systems.Hydraulical.Generation.Tests.GasBoiler", stopTime=3600, method="CVode", tolerance=1e-06, resultFile="BESMod.Systems.Hydraulical.Generation.Tests.GasBoiler");
Translation of BESMod.Systems.Hydraulical.Generation.Tests.GasBoiler
The DAE has 601 scalar unknowns and 601 scalar equations.
Warning: The initial conditions are not fully specified.
Dymola has selected default initial conditions.
Warning: Assuming fixed start value for the continuous states:
    generation.boi.vol.dynBal.U(start = 28573.976006969377*(generation.boi.vol.dynBal.T_start      -273.15))
 
Redundant consistent initial conditions.
Removed the following equations which are redundant and consistent: 
  if (vol[1].dynBal.energyDynamics == Modelica.Fluid.Types.Dynamics.FixedInitial)     then 
    vol[1].dynBal.medium.T = vol[1].dynBal.T_start;
  else
    if (vol[1].dynBal.energyDynamics == Modelica.Fluid.Types.Dynamics.      SteadyStateInitial) then 
      der(vol[1].dynBal.medium.T) = 0;
    end if;
  end if;
 
The redundancies involve
initial equations: 
  vol[1].dynBal.medium.T = vol[1].dynBal.T_start;
 
 
Statistics
 
Original Model
  Number of components: 168
  Variables: 1508
  Constants: 37 (37 scalars)
  Parameters: 782 (975 scalars)
  Unknowns: 689 (623 scalars)
  Differentiated variables: 10 scalars
  Equations: 647
  Nontrivial: 550
Translated Model
  Constants: 717 scalars
  Free parameters: 109 scalars
  Parameter depending: 329 scalars
  Outputs: 3 scalars
  Continuous time states: 6 scalars
  Time-varying variables: 126 scalars
  Alias variables: 354 scalars
  Assumed default initial conditions: 1
  Number of mixed real/discrete systems of equations: 0
  Sizes of linear systems of equations: {5}
  Sizes after manipulation of the linear systems: {0}
  Sizes of nonlinear systems of equations: {3}
  Sizes after manipulation of the nonlinear systems: {1}
  Number of numerical Jacobians: 0
  Initialization problem
    Sizes of nonlinear systems of equations: {1, 1}
    Sizes after manipulation of the nonlinear systems: {1, 1}
    Number of numerical Jacobians: 0
 
Selected continuous time states
Statically selected continuous time states
generation.boi.senTRet.T
generation.boi.senTSup.T
generation.boi.vol.dynBal.U
generation.KPIBoi.integrator1.y
generation.KPIBoi.integrator3.y
generation.KPIQBoi.integrator2.y
Warning: Some variables are iteration variables of the initialization problem:
but they are not given any explicit start values. Zero will be used.
Iteration variables:
pumDis[1].ctrl.u
Finished
Warning: WARNINGS have been issued.
Failed
Not possible to open file "BESMod.Systems.Hydraulical.Generation.Tests.GasBoiler.mat": No such file or directory
 = false

Declaring variable: Boolean rScript ;

savelog("BESMod.Systems.Hydraulical.Generation.Tests.GasBoiler.translation.log");


