[
  {
    "comparison": {
      "file_name": "BESMod.Examples.Retrofit.Case1PartialRetrofit.mat",
      "funnel_dirs": [
        "funnel_comp/BESMod.Examples.Retrofit.Case1PartialRetrofit.mat_weaDat.weaBus.TDryBul",
        "funnel_comp/BESMod.Examples.Retrofit.Case1PartialRetrofit.mat_hydraulic.generation.sigBusGen.TGenOutMea",
        "funnel_comp/BESMod.Examples.Retrofit.Case1PartialRetrofit.mat_outputs.building.TZone[1]",
        "funnel_comp/BESMod.Examples.Retrofit.Case1PartialRetrofit.mat_electricalGrid.PElecGen",
        "funnel_comp/BESMod.Examples.Retrofit.Case1PartialRetrofit.mat_electricalGrid.PElecLoa"
      ],
      "success_rate": 0.6,
      "t_err_max": [
        0.0,
        77760.0,
        0.0,
        0.0,
        77760.0
      ],
      "test_passed": [
        1,
        0,
        1,
        1,
        0
      ],
      "var_groups": [
        0,
        1,
        2,
        3,
        3
      ],
      "variables": [
        "weaDat.weaBus.TDryBul",
        "hydraulic.generation.sigBusGen.TGenOutMea",
        "outputs.building.TZone[1]",
        "electricalGrid.PElecGen",
        "electricalGrid.PElecLoa"
      ],
      "warnings": [
        null,
        "Absolute error = 4.318e-01 at t = 77760.0 for hydraulic.generation.sigBusGen.TGenOutMea",
        null,
        null,
        "Absolute error = 1.321e+02 at t = 77760.0 for electricalGrid.PElecLoa"
      ]
    },
    "model": "BESMod.Examples.Retrofit.Case1PartialRetrofit",
    "simulation": {
      "elapsed_time": 1.57,
      "final_time": 86400,
      "jacobians": 2193,
      "start_time": 0,
      "state_events": 95,
      "success": true
    }
  },
  {
    "comparison": {
      "file_name": "BESMod.Examples.ModelicaConferencePaper.BuildingsLibraryRoom.mat",
      "funnel_dirs": [
        "funnel_comp/BESMod.Examples.ModelicaConferencePaper.BuildingsLibraryRoom.mat_electrical.distribution.batterySimple.PLoad",
        "funnel_comp/BESMod.Examples.ModelicaConferencePaper.BuildingsLibraryRoom.mat_electrical.distribution.batterySimple.PCharge",
        "funnel_comp/BESMod.Examples.ModelicaConferencePaper.BuildingsLibraryRoom.mat_hydraulic.distribution.sigBusDistr.TStoDHWTopMea",
        "funnel_comp/BESMod.Examples.ModelicaConferencePaper.BuildingsLibraryRoom.mat_hydraulic.distribution.sigBusDistr.TStoBufTopMea",
        "funnel_comp/BESMod.Examples.ModelicaConferencePaper.BuildingsLibraryRoom.mat_hydraulic.generation.sigBusGen.TGenOutMea",
        "funnel_comp/BESMod.Examples.ModelicaConferencePaper.BuildingsLibraryRoom.mat_ventilation.generation.TSup.T",
        "funnel_comp/BESMod.Examples.ModelicaConferencePaper.BuildingsLibraryRoom.mat_ventilation.generation.weaBus.TDryBul",
        "funnel_comp/BESMod.Examples.ModelicaConferencePaper.BuildingsLibraryRoom.mat_building.buiMeaBus.TZoneMea[1]"
      ],
      "success_rate": 0.5,
      "t_err_max": [
        43200.0,
        0.0,
        43200.0,
        570240.0,
        43200.0,
        0.0,
        0.0,
        0.0
      ],
      "test_passed": [
        0,
        1,
        0,
        0,
        0,
        1,
        1,
        1
      ],
      "var_groups": [
        0,
        0,
        1,
        1,
        1,
        2,
        2,
        2
      ],
      "variables": [
        "electrical.distribution.batterySimple.PLoad",
        "electrical.distribution.batterySimple.PCharge",
        "hydraulic.distribution.sigBusDistr.TStoDHWTopMea",
        "hydraulic.distribution.sigBusDistr.TStoBufTopMea",
        "hydraulic.generation.sigBusGen.TGenOutMea",
        "ventilation.generation.TSup.T",
        "ventilation.generation.weaBus.TDryBul",
        "building.buiMeaBus.TZoneMea[1]"
      ],
      "warnings": [
        "Absolute error = 4.115e+03 at t = 43200.0 for electrical.distribution.batterySimple.PLoad",
        null,
        "Absolute error = 3.341e+00 at t = 43200.0 for hydraulic.distribution.sigBusDistr.TStoDHWTopMea",
        "Absolute error = 1.859e+00 at t = 570240.0 for hydraulic.distribution.sigBusDistr.TStoBufTopMea",
        "Absolute error = 1.085e+01 at t = 43200.0 for hydraulic.generation.sigBusGen.TGenOutMea",
        null,
        null,
        null
      ]
    },
    "model": "BESMod.Examples.ModelicaConferencePaper.BuildingsLibraryRoom",
    "simulation": {
      "elapsed_time": 26.3,
      "final_time": 864000,
      "jacobians": 21925,
      "start_time": 0,
      "state_events": 1417,
      "success": true
    }
  },
  {
    "comparison": {
      "file_name": "BESMod.Examples.HeatPumpAndBoiler.Parallel.mat",
      "funnel_dirs": [
        "funnel_comp/BESMod.Examples.HeatPumpAndBoiler.Parallel.mat_weaDat.weaBus.TDryBul",
        "funnel_comp/BESMod.Examples.HeatPumpAndBoiler.Parallel.mat_hydraulic.generation.sigBusGen.TGenOutMea",
        "funnel_comp/BESMod.Examples.HeatPumpAndBoiler.Parallel.mat_outputs.building.TZone[1]",
        "funnel_comp/BESMod.Examples.HeatPumpAndBoiler.Parallel.mat_electricalGrid.PElecGen",
        "funnel_comp/BESMod.Examples.HeatPumpAndBoiler.Parallel.mat_electricalGrid.PElecLoa"
      ],
      "success_rate": 0.6,
      "t_err_max": [
        0.0,
        114048.0,
        0.0,
        0.0,
        114048.0
      ],
      "test_passed": [
        1,
        0,
        1,
        1,
        0
      ],
      "var_groups": [
        0,
        1,
        2,
        3,
        3
      ],
      "variables": [
        "weaDat.weaBus.TDryBul",
        "hydraulic.generation.sigBusGen.TGenOutMea",
        "outputs.building.TZone[1]",
        "electricalGrid.PElecGen",
        "electricalGrid.PElecLoa"
      ],
      "warnings": [
        null,
        "Absolute error = 6.705e+00 at t = 114048.0 for hydraulic.generation.sigBusGen.TGenOutMea",
        null,
        null,
        "Absolute error = 3.614e+03 at t = 114048.0 for electricalGrid.PElecLoa"
      ]
    },
    "model": "BESMod.Examples.HeatPumpAndBoiler.Parallel",
    "simulation": {
      "elapsed_time": 3.6,
      "final_time": 172800,
      "jacobians": 7501,
      "start_time": 0,
      "state_events": 536,
      "success": true
    }
  },
  {
    "comparison": {
      "file_name": "BESMod.Examples.SolarThermalSystem.SolarThermalAixLib.mat",
      "funnel_dirs": [
        "funnel_comp/BESMod.Examples.SolarThermalSystem.SolarThermalAixLib.mat_weaDat.weaBus.TDryBul",
        "funnel_comp/BESMod.Examples.SolarThermalSystem.SolarThermalAixLib.mat_hydraulic.generation.sigBusGen.TGenOutMea",
        "funnel_comp/BESMod.Examples.SolarThermalSystem.SolarThermalAixLib.mat_outputs.building.TZone[1]",
        "funnel_comp/BESMod.Examples.SolarThermalSystem.SolarThermalAixLib.mat_electricalGrid.PElecGen",
        "funnel_comp/BESMod.Examples.SolarThermalSystem.SolarThermalAixLib.mat_electricalGrid.PElecLoa"
      ],
      "success_rate": 1.0,
      "t_err_max": [
        0.0,
        0.0,
        0.0,
        0.0,
        0.0
      ],
      "test_passed": [
        1,
        1,
        1,
        1,
        1
      ],
      "var_groups": [
        0,
        1,
        2,
        3,
        3
      ],
      "variables": [
        "weaDat.weaBus.TDryBul",
        "hydraulic.generation.sigBusGen.TGenOutMea",
        "outputs.building.TZone[1]",
        "electricalGrid.PElecGen",
        "electricalGrid.PElecLoa"
      ],
      "warnings": [
        null,
        null,
        null,
        null,
        null
      ]
    },
    "model": "BESMod.Examples.SolarThermalSystem.SolarThermalAixLib",
    "simulation": {
      "elapsed_time": 9.16,
      "final_time": 172800,
      "jacobians": 3428,
      "start_time": 0,
      "state_events": 153,
      "success": true
    }
  },
  {
    "comparison": {
      "file_name": "BESMod.Examples.GasBoilerBuildingOnly.mat",
      "funnel_dirs": [
        "funnel_comp/BESMod.Examples.GasBoilerBuildingOnly.mat_weaDat.weaBus.TDryBul",
        "funnel_comp/BESMod.Examples.GasBoilerBuildingOnly.mat_hydraulic.generation.sigBusGen.TBoiOut",
        "funnel_comp/BESMod.Examples.GasBoilerBuildingOnly.mat_outputs.building.TZone[1]",
        "funnel_comp/BESMod.Examples.GasBoilerBuildingOnly.mat_electricalGrid.PElecGen",
        "funnel_comp/BESMod.Examples.GasBoilerBuildingOnly.mat_electricalGrid.PElecLoa"
      ],
      "success_rate": 1.0,
      "t_err_max": [
        0.0,
        0.0,
        0.0,
        0.0,
        0.0
      ],
      "test_passed": [
        1,
        1,
        1,
        1,
        1
      ],
      "var_groups": [
        0,
        1,
        2,
        3,
        3
      ],
      "variables": [
        "weaDat.weaBus.TDryBul",
        "hydraulic.generation.sigBusGen.TBoiOut",
        "outputs.building.TZone[1]",
        "electricalGrid.PElecGen",
        "electricalGrid.PElecLoa"
      ],
      "warnings": [
        null,
        null,
        null,
        null,
        null
      ]
    },
    "model": "BESMod.Examples.GasBoilerBuildingOnly",
    "simulation": {
      "elapsed_time": 0.6,
      "final_time": 172800,
      "jacobians": 1725,
      "start_time": 0,
      "state_events": 17,
      "success": true
    }
  },
  {
    "comparison": {
      "file_name": "BESMod.Examples.HeatPumpAndBoiler.AfterBufferWithDHW.mat",
      "funnel_dirs": [
        "funnel_comp/BESMod.Examples.HeatPumpAndBoiler.AfterBufferWithDHW.mat_weaDat.weaBus.TDryBul",
        "funnel_comp/BESMod.Examples.HeatPumpAndBoiler.AfterBufferWithDHW.mat_hydraulic.generation.sigBusGen.TGenOutMea",
        "funnel_comp/BESMod.Examples.HeatPumpAndBoiler.AfterBufferWithDHW.mat_outputs.building.TZone[1]",
        "funnel_comp/BESMod.Examples.HeatPumpAndBoiler.AfterBufferWithDHW.mat_electricalGrid.PElecGen",
        "funnel_comp/BESMod.Examples.HeatPumpAndBoiler.AfterBufferWithDHW.mat_electricalGrid.PElecLoa"
      ],
      "success_rate": 0.6,
      "t_err_max": [
        0.0,
        91584.0,
        0.0,
        0.0,
        91584.0
      ],
      "test_passed": [
        1,
        0,
        1,
        1,
        0
      ],
      "var_groups": [
        0,
        1,
        2,
        3,
        3
      ],
      "variables": [
        "weaDat.weaBus.TDryBul",
        "hydraulic.generation.sigBusGen.TGenOutMea",
        "outputs.building.TZone[1]",
        "electricalGrid.PElecGen",
        "electricalGrid.PElecLoa"
      ],
      "warnings": [
        null,
        "Absolute error = 4.916e+00 at t = 91584.0 for hydraulic.generation.sigBusGen.TGenOutMea",
        null,
        null,
        "Absolute error = 6.922e+02 at t = 91584.0 for electricalGrid.PElecLoa"
      ]
    },
    "model": "BESMod.Examples.HeatPumpAndBoiler.AfterBufferWithDHW",
    "simulation": {
      "elapsed_time": 4.44,
      "final_time": 172800,
      "jacobians": 4544,
      "start_time": 0,
      "state_events": 274,
      "success": true
    }
  },
  {
    "comparison": {
      "file_name": "BESMod.Examples.DesignOptimization.BES.mat",
      "funnel_dirs": [
        "funnel_comp/BESMod.Examples.DesignOptimization.BES.mat_weaDat.weaBus.TDryBul",
        "funnel_comp/BESMod.Examples.DesignOptimization.BES.mat_hydraulic.generation.sigBusGen.TGenOutMea",
        "funnel_comp/BESMod.Examples.DesignOptimization.BES.mat_outputs.building.TZone[1]",
        "funnel_comp/BESMod.Examples.DesignOptimization.BES.mat_electricalGrid.PElecGen",
        "funnel_comp/BESMod.Examples.DesignOptimization.BES.mat_electricalGrid.PElecLoa"
      ],
      "success_rate": 0.4,
      "t_err_max": [
        0.0,
        133056.0,
        119232.0,
        0.0,
        138240.0
      ],
      "test_passed": [
        1,
        0,
        0,
        1,
        0
      ],
      "var_groups": [
        0,
        1,
        2,
        3,
        3
      ],
      "variables": [
        "weaDat.weaBus.TDryBul",
        "hydraulic.generation.sigBusGen.TGenOutMea",
        "outputs.building.TZone[1]",
        "electricalGrid.PElecGen",
        "electricalGrid.PElecLoa"
      ],
      "warnings": [
        null,
        "Absolute error = 5.397e+00 at t = 133056.0 for hydraulic.generation.sigBusGen.TGenOutMea",
        "Absolute error = 1.051e+00 at t = 119232.0 for outputs.building.TZone[1]",
        null,
        "Absolute error = 2.119e+03 at t = 138240.0 for electricalGrid.PElecLoa"
      ]
    },
    "model": "BESMod.Examples.DesignOptimization.BES",
    "simulation": {
      "elapsed_time": 1.72,
      "final_time": 172800,
      "jacobians": 3317,
      "start_time": 0,
      "state_events": 79,
      "success": true
    }
  },
  {
    "comparison": {
      "file_name": "BESMod.Examples.HighOrderModel.BES_HOM.mat",
      "funnel_dirs": [
        "funnel_comp/BESMod.Examples.HighOrderModel.BES_HOM.mat_weaDat.weaBus.TDryBul",
        "funnel_comp/BESMod.Examples.HighOrderModel.BES_HOM.mat_hydraulic.generation.sigBusGen.TGenOutMea",
        "funnel_comp/BESMod.Examples.HighOrderModel.BES_HOM.mat_hydraulic.control.buiMeaBus.TZoneMea[1]",
        "funnel_comp/BESMod.Examples.HighOrderModel.BES_HOM.mat_hydraulic.control.buiMeaBus.TZoneMea[10]",
        "funnel_comp/BESMod.Examples.HighOrderModel.BES_HOM.mat_electricalGrid.PElecGen",
        "funnel_comp/BESMod.Examples.HighOrderModel.BES_HOM.mat_electricalGrid.PElecLoa"
      ],
      "success_rate": 0.6666666666666666,
      "t_err_max": [
        0.0,
        74304.0,
        0.0,
        0.0,
        0.0,
        79488.0
      ],
      "test_passed": [
        1,
        0,
        1,
        1,
        1,
        0
      ],
      "var_groups": [
        0,
        1,
        2,
        2,
        3,
        3
      ],
      "variables": [
        "weaDat.weaBus.TDryBul",
        "hydraulic.generation.sigBusGen.TGenOutMea",
        "hydraulic.control.buiMeaBus.TZoneMea[1]",
        "hydraulic.control.buiMeaBus.TZoneMea[10]",
        "electricalGrid.PElecGen",
        "electricalGrid.PElecLoa"
      ],
      "warnings": [
        null,
        "Absolute error = 2.739e+01 at t = 74304.0 for hydraulic.generation.sigBusGen.TGenOutMea",
        null,
        null,
        null,
        "Absolute error = 7.589e+03 at t = 79488.0 for electricalGrid.PElecLoa"
      ]
    },
    "model": "BESMod.Examples.HighOrderModel.BES_HOM",
    "simulation": {
      "elapsed_time": 178,
      "final_time": 172800,
      "jacobians": 5815,
      "start_time": 0,
      "state_events": 298,
      "success": true
    }
  },
  {
    "comparison": {
      "file_name": "BESMod.Examples.SolarThermalSystem.SolarThermalBuildings.mat",
      "funnel_dirs": [
        "funnel_comp/BESMod.Examples.SolarThermalSystem.SolarThermalBuildings.mat_weaDat.weaBus.TDryBul",
        "funnel_comp/BESMod.Examples.SolarThermalSystem.SolarThermalBuildings.mat_hydraulic.generation.sigBusGen.TGenOutMea",
        "funnel_comp/BESMod.Examples.SolarThermalSystem.SolarThermalBuildings.mat_outputs.building.TZone[1]",
        "funnel_comp/BESMod.Examples.SolarThermalSystem.SolarThermalBuildings.mat_electricalGrid.PElecGen",
        "funnel_comp/BESMod.Examples.SolarThermalSystem.SolarThermalBuildings.mat_electricalGrid.PElecLoa"
      ],
      "success_rate": 1.0,
      "t_err_max": [
        0.0,
        0.0,
        0.0,
        0.0,
        0.0
      ],
      "test_passed": [
        1,
        1,
        1,
        1,
        1
      ],
      "var_groups": [
        0,
        1,
        2,
        3,
        3
      ],
      "variables": [
        "weaDat.weaBus.TDryBul",
        "hydraulic.generation.sigBusGen.TGenOutMea",
        "outputs.building.TZone[1]",
        "electricalGrid.PElecGen",
        "electricalGrid.PElecLoa"
      ],
      "warnings": [
        null,
        null,
        null,
        null,
        null
      ]
    },
    "model": "BESMod.Examples.SolarThermalSystem.SolarThermalBuildings",
    "simulation": {
      "elapsed_time": 10,
      "final_time": 172800,
      "jacobians": 3609,
      "start_time": 0,
      "state_events": 156,
      "success": true
    }
  },
  {
    "comparison": {
      "file_name": "BESMod.Examples.BAUSimStudy.Case1Standard.mat",
      "funnel_dirs": [
        "funnel_comp/BESMod.Examples.BAUSimStudy.Case1Standard.mat_weaDat.weaBus.TDryBul",
        "funnel_comp/BESMod.Examples.BAUSimStudy.Case1Standard.mat_hydraulic.generation.sigBusGen.TGenOutMea",
        "funnel_comp/BESMod.Examples.BAUSimStudy.Case1Standard.mat_outputs.building.TZone[1]",
        "funnel_comp/BESMod.Examples.BAUSimStudy.Case1Standard.mat_electricalGrid.PElecGen",
        "funnel_comp/BESMod.Examples.BAUSimStudy.Case1Standard.mat_electricalGrid.PElecLoa"
      ],
      "success_rate": 0.6,
      "t_err_max": [
        0.0,
        24192.0,
        0.0,
        0.0,
        24192.0
      ],
      "test_passed": [
        1,
        0,
        1,
        1,
        0
      ],
      "var_groups": [
        0,
        1,
        2,
        3,
        3
      ],
      "variables": [
        "weaDat.weaBus.TDryBul",
        "hydraulic.generation.sigBusGen.TGenOutMea",
        "outputs.building.TZone[1]",
        "electricalGrid.PElecGen",
        "electricalGrid.PElecLoa"
      ],
      "warnings": [
        null,
        "Absolute error = 5.381e+00 at t = 24192.0 for hydraulic.generation.sigBusGen.TGenOutMea",
        null,
        null,
        "Absolute error = 1.566e+04 at t = 24192.0 for electricalGrid.PElecLoa"
      ]
    },
    "model": "BESMod.Examples.BAUSimStudy.Case1Standard",
    "simulation": {
      "elapsed_time": 3,
      "final_time": 172800,
      "jacobians": 4153,
      "start_time": 0,
      "state_events": 213,
      "success": true
    }
  },
  {
    "comparison": {
      "file_name": "BESMod.Examples.DesignOptimization.BESNoDHW.mat",
      "funnel_dirs": [
        "funnel_comp/BESMod.Examples.DesignOptimization.BESNoDHW.mat_weaDat.weaBus.TDryBul",
        "funnel_comp/BESMod.Examples.DesignOptimization.BESNoDHW.mat_hydraulic.generation.sigBusGen.TGenOutMea",
        "funnel_comp/BESMod.Examples.DesignOptimization.BESNoDHW.mat_outputs.building.TZone[1]",
        "funnel_comp/BESMod.Examples.DesignOptimization.BESNoDHW.mat_electricalGrid.PElecGen",
        "funnel_comp/BESMod.Examples.DesignOptimization.BESNoDHW.mat_electricalGrid.PElecLoa"
      ],
      "success_rate": 0.8,
      "t_err_max": [
        0.0,
        0.0,
        0.0,
        0.0,
        155520.0
      ],
      "test_passed": [
        1,
        1,
        1,
        1,
        0
      ],
      "var_groups": [
        0,
        1,
        2,
        3,
        3
      ],
      "variables": [
        "weaDat.weaBus.TDryBul",
        "hydraulic.generation.sigBusGen.TGenOutMea",
        "outputs.building.TZone[1]",
        "electricalGrid.PElecGen",
        "electricalGrid.PElecLoa"
      ],
      "warnings": [
        null,
        null,
        null,
        null,
        "Absolute error = 6.564e+01 at t = 155520.0 for electricalGrid.PElecLoa"
      ]
    },
    "model": "BESMod.Examples.DesignOptimization.BESNoDHW",
    "simulation": {
      "elapsed_time": 0.953,
      "final_time": 172800,
      "jacobians": 2601,
      "start_time": 0,
      "state_events": 38,
      "success": true
    }
  },
  {
    "comparison": {
      "file_name": "BESMod.Examples.Retrofit.Case1TotalRetrofit.mat",
      "funnel_dirs": [
        "funnel_comp/BESMod.Examples.Retrofit.Case1TotalRetrofit.mat_weaDat.weaBus.TDryBul",
        "funnel_comp/BESMod.Examples.Retrofit.Case1TotalRetrofit.mat_hydraulic.generation.sigBusGen.TGenOutMea",
        "funnel_comp/BESMod.Examples.Retrofit.Case1TotalRetrofit.mat_outputs.building.TZone[1]",
        "funnel_comp/BESMod.Examples.Retrofit.Case1TotalRetrofit.mat_electricalGrid.PElecGen",
        "funnel_comp/BESMod.Examples.Retrofit.Case1TotalRetrofit.mat_electricalGrid.PElecLoa"
      ],
      "success_rate": 0.6,
      "t_err_max": [
        0.0,
        80352.0,
        0.0,
        0.0,
        80352.0
      ],
      "test_passed": [
        1,
        0,
        1,
        1,
        0
      ],
      "var_groups": [
        0,
        1,
        2,
        3,
        3
      ],
      "variables": [
        "weaDat.weaBus.TDryBul",
        "hydraulic.generation.sigBusGen.TGenOutMea",
        "outputs.building.TZone[1]",
        "electricalGrid.PElecGen",
        "electricalGrid.PElecLoa"
      ],
      "warnings": [
        null,
        "Absolute error = 7.006e+00 at t = 80352.0 for hydraulic.generation.sigBusGen.TGenOutMea",
        null,
        null,
        "Absolute error = 1.184e+03 at t = 80352.0 for electricalGrid.PElecLoa"
      ]
    },
    "model": "BESMod.Examples.Retrofit.Case1TotalRetrofit",
    "simulation": {
      "elapsed_time": 1.47,
      "final_time": 86400,
      "jacobians": 2053,
      "start_time": 0,
      "state_events": 89,
      "success": true
    }
  },
  {
    "comparison": {
      "file_name": "BESMod.Examples.HeatPumpAndBoiler.Serial.mat",
      "funnel_dirs": [
        "funnel_comp/BESMod.Examples.HeatPumpAndBoiler.Serial.mat_weaDat.weaBus.TDryBul",
        "funnel_comp/BESMod.Examples.HeatPumpAndBoiler.Serial.mat_hydraulic.generation.sigBusGen.TGenOutMea",
        "funnel_comp/BESMod.Examples.HeatPumpAndBoiler.Serial.mat_outputs.building.TZone[1]",
        "funnel_comp/BESMod.Examples.HeatPumpAndBoiler.Serial.mat_electricalGrid.PElecGen",
        "funnel_comp/BESMod.Examples.HeatPumpAndBoiler.Serial.mat_electricalGrid.PElecLoa"
      ],
      "success_rate": 0.6,
      "t_err_max": [
        0.0,
        164160.0,
        0.0,
        0.0,
        145152.0
      ],
      "test_passed": [
        1,
        0,
        1,
        1,
        0
      ],
      "var_groups": [
        0,
        1,
        2,
        3,
        3
      ],
      "variables": [
        "weaDat.weaBus.TDryBul",
        "hydraulic.generation.sigBusGen.TGenOutMea",
        "outputs.building.TZone[1]",
        "electricalGrid.PElecGen",
        "electricalGrid.PElecLoa"
      ],
      "warnings": [
        null,
        "Absolute error = 3.718e-01 at t = 164160.0 for hydraulic.generation.sigBusGen.TGenOutMea",
        null,
        null,
        "Absolute error = 2.393e+03 at t = 145152.0 for electricalGrid.PElecLoa"
      ]
    },
    "model": "BESMod.Examples.HeatPumpAndBoiler.Serial",
    "simulation": {
      "elapsed_time": 2.37,
      "final_time": 172800,
      "jacobians": 4949,
      "start_time": 0,
      "state_events": 320,
      "success": true
    }
  },
  {
    "comparison": {
      "file_name": "BESMod.Examples.HeatPumpAndBoiler.AfterBufferWithoutDHW.mat",
      "funnel_dirs": [
        "funnel_comp/BESMod.Examples.HeatPumpAndBoiler.AfterBufferWithoutDHW.mat_weaDat.weaBus.TDryBul",
        "funnel_comp/BESMod.Examples.HeatPumpAndBoiler.AfterBufferWithoutDHW.mat_hydraulic.generation.sigBusGen.TGenOutMea",
        "funnel_comp/BESMod.Examples.HeatPumpAndBoiler.AfterBufferWithoutDHW.mat_outputs.building.TZone[1]",
        "funnel_comp/BESMod.Examples.HeatPumpAndBoiler.AfterBufferWithoutDHW.mat_electricalGrid.PElecGen",
        "funnel_comp/BESMod.Examples.HeatPumpAndBoiler.AfterBufferWithoutDHW.mat_electricalGrid.PElecLoa"
      ],
      "success_rate": 0.6,
      "t_err_max": [
        0.0,
        164160.0,
        0.0,
        0.0,
        165888.0
      ],
      "test_passed": [
        1,
        0,
        1,
        1,
        0
      ],
      "var_groups": [
        0,
        1,
        2,
        3,
        3
      ],
      "variables": [
        "weaDat.weaBus.TDryBul",
        "hydraulic.generation.sigBusGen.TGenOutMea",
        "outputs.building.TZone[1]",
        "electricalGrid.PElecGen",
        "electricalGrid.PElecLoa"
      ],
      "warnings": [
        null,
        "Absolute error = 3.405e+00 at t = 164160.0 for hydraulic.generation.sigBusGen.TGenOutMea",
        null,
        null,
        "Absolute error = 1.035e+03 at t = 165888.0 for electricalGrid.PElecLoa"
      ]
    },
    "model": "BESMod.Examples.HeatPumpAndBoiler.AfterBufferWithoutDHW",
    "simulation": {
      "elapsed_time": 2.79,
      "final_time": 172800,
      "jacobians": 4328,
      "start_time": 0,
      "state_events": 241,
      "success": true
    }
  },
  {
    "comparison": {
      "file_name": "BESMod.Examples.ModelicaConferencePaper.TEASERBuilding.mat",
      "funnel_dirs": [
        "funnel_comp/BESMod.Examples.ModelicaConferencePaper.TEASERBuilding.mat_electrical.distribution.batterySimple.PLoad",
        "funnel_comp/BESMod.Examples.ModelicaConferencePaper.TEASERBuilding.mat_electrical.distribution.batterySimple.PCharge",
        "funnel_comp/BESMod.Examples.ModelicaConferencePaper.TEASERBuilding.mat_hydraulic.distribution.sigBusDistr.TStoDHWTopMea",
        "funnel_comp/BESMod.Examples.ModelicaConferencePaper.TEASERBuilding.mat_hydraulic.distribution.sigBusDistr.TStoBufTopMea",
        "funnel_comp/BESMod.Examples.ModelicaConferencePaper.TEASERBuilding.mat_hydraulic.generation.sigBusGen.TGenOutMea",
        "funnel_comp/BESMod.Examples.ModelicaConferencePaper.TEASERBuilding.mat_ventilation.generation.TSup.T",
        "funnel_comp/BESMod.Examples.ModelicaConferencePaper.TEASERBuilding.mat_ventilation.generation.weaBus.TDryBul",
        "funnel_comp/BESMod.Examples.ModelicaConferencePaper.TEASERBuilding.mat_building.buiMeaBus.TZoneMea[1]"
      ],
      "success_rate": 0.5,
      "t_err_max": [
        820800.0,
        0.0,
        388800.0,
        190080.0,
        475200.0,
        0.0,
        0.0,
        0.0
      ],
      "test_passed": [
        0,
        1,
        0,
        0,
        0,
        1,
        1,
        1
      ],
      "var_groups": [
        0,
        0,
        1,
        1,
        1,
        2,
        2,
        2
      ],
      "variables": [
        "electrical.distribution.batterySimple.PLoad",
        "electrical.distribution.batterySimple.PCharge",
        "hydraulic.distribution.sigBusDistr.TStoDHWTopMea",
        "hydraulic.distribution.sigBusDistr.TStoBufTopMea",
        "hydraulic.generation.sigBusGen.TGenOutMea",
        "ventilation.generation.TSup.T",
        "ventilation.generation.weaBus.TDryBul",
        "building.buiMeaBus.TZoneMea[1]"
      ],
      "warnings": [
        "Absolute error = 4.253e+03 at t = 820800.0 for electrical.distribution.batterySimple.PLoad",
        null,
        "Absolute error = 5.062e+00 at t = 388800.0 for hydraulic.distribution.sigBusDistr.TStoDHWTopMea",
        "Absolute error = 2.315e+00 at t = 190080.0 for hydraulic.distribution.sigBusDistr.TStoBufTopMea",
        "Absolute error = 2.328e+01 at t = 475200.0 for hydraulic.generation.sigBusGen.TGenOutMea",
        null,
        null,
        null
      ]
    },
    "model": "BESMod.Examples.ModelicaConferencePaper.TEASERBuilding",
    "simulation": {
      "elapsed_time": 15.6,
      "final_time": 864000,
      "jacobians": 20152,
      "start_time": 0,
      "state_events": 1156,
      "success": true
    }
  },
  {
    "comparison": {
      "file_name": "BESMod.Examples.TEASERHeatLoadCalculation.Example.mat",
      "funnel_dirs": [
        "funnel_comp/BESMod.Examples.TEASERHeatLoadCalculation.Example.mat_weaDat.weaBus.TDryBul",
        "funnel_comp/BESMod.Examples.TEASERHeatLoadCalculation.Example.mat_outputs.building.TZone[1]",
        "funnel_comp/BESMod.Examples.TEASERHeatLoadCalculation.Example.mat_electricalGrid.PElecGen",
        "funnel_comp/BESMod.Examples.TEASERHeatLoadCalculation.Example.mat_electricalGrid.PElecLoa"
      ],
      "success_rate": 1.0,
      "t_err_max": [
        0.0,
        0.0,
        0.0,
        0.0
      ],
      "test_passed": [
        1,
        1,
        1,
        1
      ],
      "var_groups": [
        0,
        1,
        2,
        2
      ],
      "variables": [
        "weaDat.weaBus.TDryBul",
        "outputs.building.TZone[1]",
        "electricalGrid.PElecGen",
        "electricalGrid.PElecLoa"
      ],
      "warnings": [
        null,
        null,
        null,
        null
      ]
    },
    "model": "BESMod.Examples.TEASERHeatLoadCalculation.Example",
    "simulation": {
      "elapsed_time": 0.175,
      "final_time": 172800,
      "jacobians": 918,
      "start_time": 0,
      "state_events": 19,
      "success": true
    }
  },
  {
    "comparison": {
      "file_name": "BESMod.Examples.Retrofit.Case1NoRetrofit.mat",
      "funnel_dirs": [
        "funnel_comp/BESMod.Examples.Retrofit.Case1NoRetrofit.mat_weaDat.weaBus.TDryBul",
        "funnel_comp/BESMod.Examples.Retrofit.Case1NoRetrofit.mat_hydraulic.generation.sigBusGen.TGenOutMea",
        "funnel_comp/BESMod.Examples.Retrofit.Case1NoRetrofit.mat_outputs.building.TZone[1]",
        "funnel_comp/BESMod.Examples.Retrofit.Case1NoRetrofit.mat_electricalGrid.PElecGen",
        "funnel_comp/BESMod.Examples.Retrofit.Case1NoRetrofit.mat_electricalGrid.PElecLoa"
      ],
      "success_rate": 0.6,
      "t_err_max": [
        0.0,
        30240.0,
        0.0,
        0.0,
        30240.0
      ],
      "test_passed": [
        1,
        0,
        1,
        1,
        0
      ],
      "var_groups": [
        0,
        1,
        2,
        3,
        3
      ],
      "variables": [
        "weaDat.weaBus.TDryBul",
        "hydraulic.generation.sigBusGen.TGenOutMea",
        "outputs.building.TZone[1]",
        "electricalGrid.PElecGen",
        "electricalGrid.PElecLoa"
      ],
      "warnings": [
        null,
        "Absolute error = 5.980e+00 at t = 30240.0 for hydraulic.generation.sigBusGen.TGenOutMea",
        null,
        null,
        "Absolute error = 1.454e+04 at t = 30240.0 for electricalGrid.PElecLoa"
      ]
    },
    "model": "BESMod.Examples.Retrofit.Case1NoRetrofit",
    "simulation": {
      "elapsed_time": 1.51,
      "final_time": 86400,
      "jacobians": 2195,
      "start_time": 0,
      "state_events": 102,
      "success": true
    }
  }
]
