 = true


rCheck = checkModel("BESMod.Examples.HeatPumpAndBoiler.Parallel");
Check of BESMod.Examples.HeatPumpAndBoiler.Parallel:
Warning: Non-literal value.
In nominal attribute for hydraulic.generation.heatPump.con.preDro.m_flow.
Ignoring nominal attribute.
In class Modelica.Units.SI.
  Near file: /opt/dymola-2022-x86_64/Modelica/Library/Modelica 4.0.0/Units.mo, line 237
Used in base-class hydraulic.generation.heatPump.con.preDro.PartialTwoPortInterface.
  Near file: /builds/EBC/EBC_all/github_ci/BESMod/installed_dependencies/AixLib/AixLib/Fluid/BaseClasses/PartialResistance.mo, line 3
Warning: Non-literal value.
In nominal attribute for hydraulic.generation.heatPump.eva.preDro.m_flow.
Ignoring nominal attribute.
In class Modelica.Units.SI.
  Near file: /opt/dymola-2022-x86_64/Modelica/Library/Modelica 4.0.0/Units.mo, line 237
Used in base-class hydraulic.generation.heatPump.eva.preDro.PartialTwoPortInterface.
  Near file: /builds/EBC/EBC_all/github_ci/BESMod/installed_dependencies/AixLib/AixLib/Fluid/BaseClasses/PartialResistance.mo, line 3
Warning: Non-literal value.
In nominal attribute for hydraulic.generation.boi.pressureDrop.dp.
Ignoring nominal attribute.
In class Modelica.Units.SI.
  Near file: /opt/dymola-2022-x86_64/Modelica/Library/Modelica 4.0.0/Units.mo, line 237
Used in base-class hydraulic.generation.boi.pressureDrop.PartialTwoPortInterface.
  Near file: /builds/EBC/EBC_all/github_ci/BESMod/installed_dependencies/AixLib/AixLib/Fluid/BaseClasses/PartialResistance.mo, line 3
The model has the same number of unknowns and equations: 6450
The model has the same number of unknowns and equations
for the given numerical settings of parameters: 6450
Check of BESMod.Examples.HeatPumpAndBoiler.Parallel successful.
Warning: WARNINGS have been issued.
Declaring variable: Boolean rCheck ;

Modelica.Utilities.Streams.print("    { \"file\" :  \"BESMod/Resources/Scripts/Dymola/Examples/HeatPumpAndBoiler/Parallel.mos\",", "BESMod.Examples.HeatPumpAndBoiler.Parallel.statistics.log");
Modelica.Utilities.Streams.print("      \"model\" : \"BESMod.Examples.HeatPumpAndBoiler.Parallel\",", "BESMod.Examples.HeatPumpAndBoiler.Parallel.statistics.log");
Modelica.Utilities.Streams.print("      \"check\" : {", "BESMod.Examples.HeatPumpAndBoiler.Parallel.statistics.log");
Modelica.Utilities.Streams.print("        \"command\" : \"checkModel(\\\"BESMod.Examples.HeatPumpAndBoiler.Parallel\\\");\",", "BESMod.Examples.HeatPumpAndBoiler.Parallel.statistics.log");
Modelica.Utilities.Streams.print("        \"result\"  : " + String(rCheck), "BESMod.Examples.HeatPumpAndBoiler.Parallel.statistics.log");
Modelica.Utilities.Streams.print("      },", "BESMod.Examples.HeatPumpAndBoiler.Parallel.statistics.log");


rScript=RunScript("modelica://BESMod/Resources/Scripts/Dymola/Examples/HeatPumpAndBoiler/Parallel.mos");

simulateModel("BESMod.Examples.HeatPumpAndBoiler.Parallel", stopTime=172800, method="dassl", tolerance=1e-06, resultFile="BESMod.Examples.HeatPumpAndBoiler.Parallel");
Translation of BESMod.Examples.HeatPumpAndBoiler.Parallel:
Warning: Non-literal value.
In nominal attribute for hydraulic.generation.heatPump.con.preDro.m_flow.
Ignoring nominal attribute.
In class Modelica.Units.SI.
  Near file: /opt/dymola-2022-x86_64/Modelica/Library/Modelica 4.0.0/Units.mo, line 237
Used in base-class hydraulic.generation.heatPump.con.preDro.PartialTwoPortInterface.
  Near file: /builds/EBC/EBC_all/github_ci/BESMod/installed_dependencies/AixLib/AixLib/Fluid/BaseClasses/PartialResistance.mo, line 3
Warning: Non-literal value.
In nominal attribute for hydraulic.generation.heatPump.eva.preDro.m_flow.
Ignoring nominal attribute.
In class Modelica.Units.SI.
  Near file: /opt/dymola-2022-x86_64/Modelica/Library/Modelica 4.0.0/Units.mo, line 237
Used in base-class hydraulic.generation.heatPump.eva.preDro.PartialTwoPortInterface.
  Near file: /builds/EBC/EBC_all/github_ci/BESMod/installed_dependencies/AixLib/AixLib/Fluid/BaseClasses/PartialResistance.mo, line 3
Warning: Non-literal value.
In nominal attribute for hydraulic.generation.boi.pressureDrop.dp.
Ignoring nominal attribute.
In class Modelica.Units.SI.
  Near file: /opt/dymola-2022-x86_64/Modelica/Library/Modelica 4.0.0/Units.mo, line 237
Used in base-class hydraulic.generation.boi.pressureDrop.PartialTwoPortInterface.
  Near file: /builds/EBC/EBC_all/github_ci/BESMod/installed_dependencies/AixLib/AixLib/Fluid/BaseClasses/PartialResistance.mo, line 3
The DAE has 6450 scalar unknowns and 6450 scalar equations.
Redundant consistent initial conditions.
Removed the following equations which are redundant and consistent: 
  if (hydraulic.generation.heatPump.eva.vol.dynBal.massDynamics ==     Modelica.Fluid.Types.Dynamics.FixedInitial) then 
    if (hydraulic.generation.heatPump.eva.vol.dynBal.initialize_p) then 
      hydraulic.generation.heatPump.eva.vol.dynBal.medium.p = hydraulic.generation.heatPump.eva.vol.dynBal.p_start;
    end if;
  else
    if (hydraulic.generation.heatPump.eva.vol.dynBal.massDynamics ==       Modelica.Fluid.Types.Dynamics.SteadyStateInitial) then 
      if (hydraulic.generation.heatPump.eva.vol.dynBal.initialize_p) then 
        der(hydraulic.generation.heatPump.eva.vol.dynBal.medium.p) = 0;
      end if;
    end if;
  end if;
 
This required evaluation of 
the interactive parameters 
    hydraulic.generation.bou_sinkAir.p(start = 101325)
 
The redundancies involve
initial equations: 
  hydraulic.generation.bou_sinkAir.p = 101325.0;
 
Warning: The variable ventilation.generation.m_flow_nominal[1]=0 is not in range [1e-15,1e+100].
Ignoring range
Warning: The variable ventilation.generation.mOld_flow_design[1]=0 is not in range [1e-15,1e+100].
Ignoring range
Warning: The variable ventilation.generation.m_flow_design[1]=0 is not in range [1e-15,1e+100].
Ignoring range
 
Statistics
 
Original Model
  Number of components: 1292
  Variables: 12622
  Constants: 232 (233 scalars)
  Parameters: 5517 (7078 scalars)
  Unknowns: 6873 (6610 scalars)
  Differentiated variables: 104 scalars
  Equations: 5323
  Nontrivial: 4421
Translated Model
  Constants: 4509 scalars
  Free parameters: 1152 scalars
  Parameter depending: 2536 scalars
  Outputs: 46 scalars
  Continuous time states: 74 scalars
  Time-varying variables: 1558 scalars
  Alias variables: 4166 scalars
  Number of mixed real/discrete systems of equations: 0
  Sizes of linear systems of equations: {2, 2, 2, 2, 2, 4, 4, 4}
  Sizes after manipulation of the linear systems: {0, 0, 0, 0, 0, 0, 0, 0}
  Sizes of nonlinear systems of equations: {17, 59, 3, 1, 1, 1, 1, 1, 1, 1, 1}
  Sizes after manipulation of the nonlinear systems: {3, 6, 1, 0, 1, 0, 1, 0, 1, 1, 1}
  Number of numerical Jacobians: 0
  Initialization problem
    Sizes of nonlinear systems of equations: {2, 1, 11, 70, 17, 1, 1}
    Sizes after manipulation of the nonlinear systems: {0, 0, 5, 7, 4, 1, 1}
    Number of numerical Jacobians: 0
 
Selected continuous time states
Statically selected continuous time states
  building.comCalCooOpe[1].intDisCom.y
  building.comCalHeaOpe[1].intDisCom.y
  building.comfortCalculatorCool[1].intDisCom.y
  building.comfortCalculatorHea[1].intDisCom.y
  building.intKPICal[1].integrator2.y
  building.intKPICalTraGain2[1].integrator2.y
  building.intKPICalTraGain[1].integrator2.y
  building.intKPICalTraLoss2[1].integrator2.y
  building.intKPICalTraLoss[1].integrator2.y
  building.intKPICalVentGain[1].integrator2.y
  building.intKPICalVentLoss[1].integrator2.y
  building.thermalZone[1].ROM.extWallRC.thermCapExt[1].T
  building.thermalZone[1].ROM.floorRC.thermCapExt[1].T
  building.thermalZone[1].ROM.intWallRC.thermCapInt[1].T
  building.thermalZone[1].ROM.roofRC.thermCapExt[1].T
  building.thermalZone[1].ROM.volAir.dynBal.m
  building.thermalZone[1].ROM.volAir.dynBal.medium.Xi[1]
  building.thermalZone[1].ROM.volAir.dynBal.U
  building.thermalZone[1].ventCont.dEMA.ExpAVG.x[1]
  building.thermalZone[1].ventCont.dEMA.ExpAVG1.x[1]
  DHW.integralKPICalculator.integrator2.y
  DHW.pump.vol.dynBal.U
  electrical.distribution.eneKPIGen.integrator2.y
  electrical.distribution.eneKPILoa.integrator2.y
  hydraulic.control.boiPIDCtrl.intAbs.y
  hydraulic.control.boiPIDCtrl.intSqu.y
  hydraulic.control.boiPIDCtrl.PID.D.x
  hydraulic.control.boiPIDCtrl.PID.I.y
  hydraulic.control.priGenPIDCtrl.intAbs.y
  hydraulic.control.priGenPIDCtrl.intSqu.y
  hydraulic.control.priGenPIDCtrl.PID.D.x
  hydraulic.control.priGenPIDCtrl.PID.I.y
  hydraulic.control.valCtrl.PI[1].I.y
  hydraulic.distribution.eneKPICalBuf.integrator2.y
  hydraulic.distribution.eneKPICalDHW.integrator2.y
  hydraulic.distribution.stoBuf.layer[1].dynBal.U
  hydraulic.distribution.stoBuf.layer[2].dynBal.U
  hydraulic.distribution.stoBuf.layer[3].dynBal.U
  hydraulic.distribution.stoBuf.layer[4].dynBal.U
  hydraulic.distribution.stoBuf.layer_HE[1].dynBal.U
  hydraulic.distribution.stoBuf.layer_HE[2].dynBal.U
  hydraulic.distribution.stoBuf.layer_HE[3].dynBal.U
  hydraulic.distribution.stoBuf.layer_HE[4].dynBal.U
  hydraulic.distribution.stoDHW.layer[1].dynBal.U
  hydraulic.distribution.stoDHW.layer[2].dynBal.U
  hydraulic.distribution.stoDHW.layer[3].dynBal.U
  hydraulic.distribution.stoDHW.layer[4].dynBal.U
  hydraulic.distribution.stoDHW.layer_HE[1].dynBal.U
  hydraulic.distribution.stoDHW.layer_HE[2].dynBal.U
  hydraulic.distribution.stoDHW.layer_HE[3].dynBal.U
  hydraulic.distribution.stoDHW.layer_HE[4].dynBal.U
  hydraulic.distribution.threeWayValveWithFlowReturn.threWayValFlow.vol.dynBal.U
  hydraulic.generation.boi.senTCold.T
  hydraulic.generation.boi.senTHot.T
  hydraulic.generation.boi.vol.dynBal.U
  hydraulic.generation.heatPump.con.vol.dynBal.U
  hydraulic.generation.heatPump.eva.vol.dynBal.medium.Xi[1]
  hydraulic.generation.heatPump.eva.vol.dynBal.U
  hydraulic.generation.KPIBoi.integrator2.y
  hydraulic.generation.KPIBoiFue.integrator2.y
  hydraulic.generation.KPIHeaPum.integrator1.y
  hydraulic.generation.KPIHeaPum.integrator3.y
  hydraulic.generation.KPIQHP.integrator2.y
  hydraulic.generation.KPIWel.integrator2.y
  hydraulic.generation.pump.vol.dynBal.U
  hydraulic.generation.senTGenOut.T
  hydraulic.generation.thrWayVal.threWayValFlow.vol.dynBal.U
  hydraulic.transfer.intKPICalHeaFlo.integrator2.y
  hydraulic.transfer.pumFixMFlo[1].vol.dynBal.U
  hydraulic.transfer.rad[1].vol[1].dynBal.U
  hydraulic.transfer.rad[1].vol[2].dynBal.U
  hydraulic.transfer.rad[1].vol[3].dynBal.U
  hydraulic.transfer.rad[1].vol[4].dynBal.U
  hydraulic.transfer.rad[1].vol[5].dynBal.U
 
Warning: Conflicting start values
The iteration variable building.weaBus.TWetBul has been selected to have the guess value 291.15.
However, the start value has been selected from a set of alias variables having conflicting start values of the same precedence.
291.15, the start value of weaDat.tWetBul_TDryBulXi.TWetBul given as 291.15.
293.15, the start value of electrical.weaBus.TWetBul given as 293.15.
Warning: WARNINGS have been issued.
Finished
 = true

    
Declaring variable: Boolean rScript ;

savelog("BESMod.Examples.HeatPumpAndBoiler.Parallel.translation.log"); = true


rCheck = checkModel("BESMod.Examples.HeatPumpAndBoiler.Serial");
Check of BESMod.Examples.HeatPumpAndBoiler.Serial:
Warning: Non-literal value.
In nominal attribute for hydraulic.generation.heatPump.con.preDro.m_flow.
Ignoring nominal attribute.
In class Modelica.Units.SI.
  Near file: /opt/dymola-2022-x86_64/Modelica/Library/Modelica 4.0.0/Units.mo, line 237
Used in base-class hydraulic.generation.heatPump.con.preDro.PartialTwoPortInterface.
  Near file: /builds/EBC/EBC_all/github_ci/BESMod/installed_dependencies/AixLib/AixLib/Fluid/BaseClasses/PartialResistance.mo, line 3
Warning: Non-literal value.
In nominal attribute for hydraulic.generation.heatPump.eva.preDro.m_flow.
Ignoring nominal attribute.
In class Modelica.Units.SI.
  Near file: /opt/dymola-2022-x86_64/Modelica/Library/Modelica 4.0.0/Units.mo, line 237
Used in base-class hydraulic.generation.heatPump.eva.preDro.PartialTwoPortInterface.
  Near file: /builds/EBC/EBC_all/github_ci/BESMod/installed_dependencies/AixLib/AixLib/Fluid/BaseClasses/PartialResistance.mo, line 3
Warning: Non-literal value.
In nominal attribute for hydraulic.generation.boi.pressureDrop.dp.
Ignoring nominal attribute.
In class Modelica.Units.SI.
  Near file: /opt/dymola-2022-x86_64/Modelica/Library/Modelica 4.0.0/Units.mo, line 237
Used in base-class hydraulic.generation.boi.pressureDrop.PartialTwoPortInterface.
  Near file: /builds/EBC/EBC_all/github_ci/BESMod/installed_dependencies/AixLib/AixLib/Fluid/BaseClasses/PartialResistance.mo, line 3
The model has the same number of unknowns and equations: 6321
The model has the same number of unknowns and equations
for the given numerical settings of parameters: 6321
Check of BESMod.Examples.HeatPumpAndBoiler.Serial successful.
Warning: WARNINGS have been issued.
Declaring variable: Boolean rCheck ;

Modelica.Utilities.Streams.print("    { \"file\" :  \"BESMod/Resources/Scripts/Dymola/Examples/HeatPumpAndBoiler/Serial.mos\",", "BESMod.Examples.HeatPumpAndBoiler.Serial.statistics.log");
Modelica.Utilities.Streams.print("      \"model\" : \"BESMod.Examples.HeatPumpAndBoiler.Serial\",", "BESMod.Examples.HeatPumpAndBoiler.Serial.statistics.log");
Modelica.Utilities.Streams.print("      \"check\" : {", "BESMod.Examples.HeatPumpAndBoiler.Serial.statistics.log");
Modelica.Utilities.Streams.print("        \"command\" : \"checkModel(\\\"BESMod.Examples.HeatPumpAndBoiler.Serial\\\");\",", "BESMod.Examples.HeatPumpAndBoiler.Serial.statistics.log");
Modelica.Utilities.Streams.print("        \"result\"  : " + String(rCheck), "BESMod.Examples.HeatPumpAndBoiler.Serial.statistics.log");
Modelica.Utilities.Streams.print("      },", "BESMod.Examples.HeatPumpAndBoiler.Serial.statistics.log");


rScript=RunScript("modelica://BESMod/Resources/Scripts/Dymola/Examples/HeatPumpAndBoiler/Serial.mos");

simulateModel("BESMod.Examples.HeatPumpAndBoiler.Serial", stopTime=172800, method="dassl", tolerance=1e-06, resultFile="BESMod.Examples.HeatPumpAndBoiler.Serial");
Translation of BESMod.Examples.HeatPumpAndBoiler.Serial:
Warning: Non-literal value.
In nominal attribute for hydraulic.generation.heatPump.con.preDro.m_flow.
Ignoring nominal attribute.
In class Modelica.Units.SI.
  Near file: /opt/dymola-2022-x86_64/Modelica/Library/Modelica 4.0.0/Units.mo, line 237
Used in base-class hydraulic.generation.heatPump.con.preDro.PartialTwoPortInterface.
  Near file: /builds/EBC/EBC_all/github_ci/BESMod/installed_dependencies/AixLib/AixLib/Fluid/BaseClasses/PartialResistance.mo, line 3
Warning: Non-literal value.
In nominal attribute for hydraulic.generation.heatPump.eva.preDro.m_flow.
Ignoring nominal attribute.
In class Modelica.Units.SI.
  Near file: /opt/dymola-2022-x86_64/Modelica/Library/Modelica 4.0.0/Units.mo, line 237
Used in base-class hydraulic.generation.heatPump.eva.preDro.PartialTwoPortInterface.
  Near file: /builds/EBC/EBC_all/github_ci/BESMod/installed_dependencies/AixLib/AixLib/Fluid/BaseClasses/PartialResistance.mo, line 3
Warning: Non-literal value.
In nominal attribute for hydraulic.generation.boi.pressureDrop.dp.
Ignoring nominal attribute.
In class Modelica.Units.SI.
  Near file: /opt/dymola-2022-x86_64/Modelica/Library/Modelica 4.0.0/Units.mo, line 237
Used in base-class hydraulic.generation.boi.pressureDrop.PartialTwoPortInterface.
  Near file: /builds/EBC/EBC_all/github_ci/BESMod/installed_dependencies/AixLib/AixLib/Fluid/BaseClasses/PartialResistance.mo, line 3
The DAE has 6321 scalar unknowns and 6321 scalar equations.
Redundant consistent initial conditions.
Removed the following equations which are redundant and consistent: 
  if (hydraulic.generation.heatPump.eva.vol.dynBal.massDynamics ==     Modelica.Fluid.Types.Dynamics.FixedInitial) then 
    if (hydraulic.generation.heatPump.eva.vol.dynBal.initialize_p) then 
      hydraulic.generation.heatPump.eva.vol.dynBal.medium.p = hydraulic.generation.heatPump.eva.vol.dynBal.p_start;
    end if;
  else
    if (hydraulic.generation.heatPump.eva.vol.dynBal.massDynamics ==       Modelica.Fluid.Types.Dynamics.SteadyStateInitial) then 
      if (hydraulic.generation.heatPump.eva.vol.dynBal.initialize_p) then 
        der(hydraulic.generation.heatPump.eva.vol.dynBal.medium.p) = 0;
      end if;
    end if;
  end if;
 
This required evaluation of 
the interactive parameters 
    hydraulic.generation.bou_sinkAir.p(start = 101325)
 
The redundancies involve
initial equations: 
  hydraulic.generation.bou_sinkAir.p = 101325.0;
 
Warning: The variable ventilation.generation.m_flow_nominal[1]=0 is not in range [1e-15,1e+100].
Ignoring range
Warning: The variable ventilation.generation.mOld_flow_design[1]=0 is not in range [1e-15,1e+100].
Ignoring range
Warning: The variable ventilation.generation.m_flow_design[1]=0 is not in range [1e-15,1e+100].
Ignoring range
 
Statistics
 
Original Model
  Number of components: 1271
  Variables: 12210
  Constants: 222 (223 scalars)
  Parameters: 5303 (6864 scalars)
  Unknowns: 6685 (6472 scalars)
  Differentiated variables: 102 scalars
  Equations: 5201
  Nontrivial: 4323
Translated Model
  Constants: 4380 scalars
  Free parameters: 1128 scalars
  Parameter depending: 2449 scalars
  Outputs: 46 scalars
  Continuous time states: 73 scalars
  Time-varying variables: 1525 scalars
  Alias variables: 4077 scalars
  Number of mixed real/discrete systems of equations: 0
  Sizes of linear systems of equations: {2, 2, 2, 2, 2, 4, 4, 4}
  Sizes after manipulation of the linear systems: {0, 0, 0, 0, 0, 0, 0, 0}
  Sizes of nonlinear systems of equations: {12, 59, 3, 1, 1, 1, 1, 1, 1, 1, 1}
  Sizes after manipulation of the nonlinear systems: {2, 6, 1, 0, 1, 0, 1, 0, 1, 1, 1}
  Number of numerical Jacobians: 0
  Initialization problem
    Sizes of nonlinear systems of equations: {2, 1, 11, 70, 12, 1, 1, 1, 1}
    Sizes after manipulation of the nonlinear systems: {0, 0, 5, 7, 2, 0, 0, 1, 1}
    Number of numerical Jacobians: 0
 
Selected continuous time states
Statically selected continuous time states
  building.comCalCooOpe[1].intDisCom.y
  building.comCalHeaOpe[1].intDisCom.y
  building.comfortCalculatorCool[1].intDisCom.y
  building.comfortCalculatorHea[1].intDisCom.y
  building.intKPICal[1].integrator2.y
  building.intKPICalTraGain2[1].integrator2.y
  building.intKPICalTraGain[1].integrator2.y
  building.intKPICalTraLoss2[1].integrator2.y
  building.intKPICalTraLoss[1].integrator2.y
  building.intKPICalVentGain[1].integrator2.y
  building.intKPICalVentLoss[1].integrator2.y
  building.thermalZone[1].ROM.extWallRC.thermCapExt[1].T
  building.thermalZone[1].ROM.floorRC.thermCapExt[1].T
  building.thermalZone[1].ROM.intWallRC.thermCapInt[1].T
  building.thermalZone[1].ROM.roofRC.thermCapExt[1].T
  building.thermalZone[1].ROM.volAir.dynBal.m
  building.thermalZone[1].ROM.volAir.dynBal.medium.Xi[1]
  building.thermalZone[1].ROM.volAir.dynBal.U
  building.thermalZone[1].ventCont.dEMA.ExpAVG.x[1]
  building.thermalZone[1].ventCont.dEMA.ExpAVG1.x[1]
  DHW.integralKPICalculator.integrator2.y
  DHW.pump.vol.dynBal.U
  electrical.distribution.eneKPIGen.integrator2.y
  electrical.distribution.eneKPILoa.integrator2.y
  hydraulic.control.boiPIDCtrl.intAbs.y
  hydraulic.control.boiPIDCtrl.intSqu.y
  hydraulic.control.boiPIDCtrl.PID.D.x
  hydraulic.control.boiPIDCtrl.PID.I.y
  hydraulic.control.priGenPIDCtrl.intAbs.y
  hydraulic.control.priGenPIDCtrl.intSqu.y
  hydraulic.control.priGenPIDCtrl.PID.D.x
  hydraulic.control.priGenPIDCtrl.PID.I.y
  hydraulic.control.valCtrl.PI[1].I.y
  hydraulic.distribution.eneKPICalBuf.integrator2.y
  hydraulic.distribution.eneKPICalDHW.integrator2.y
  hydraulic.distribution.stoBuf.layer[1].dynBal.U
  hydraulic.distribution.stoBuf.layer[2].dynBal.U
  hydraulic.distribution.stoBuf.layer[3].dynBal.U
  hydraulic.distribution.stoBuf.layer[4].dynBal.U
  hydraulic.distribution.stoBuf.layer_HE[1].dynBal.U
  hydraulic.distribution.stoBuf.layer_HE[2].dynBal.U
  hydraulic.distribution.stoBuf.layer_HE[3].dynBal.U
  hydraulic.distribution.stoBuf.layer_HE[4].dynBal.U
  hydraulic.distribution.stoDHW.layer[1].dynBal.U
  hydraulic.distribution.stoDHW.layer[2].dynBal.U
  hydraulic.distribution.stoDHW.layer[3].dynBal.U
  hydraulic.distribution.stoDHW.layer[4].dynBal.U
  hydraulic.distribution.stoDHW.layer_HE[1].dynBal.U
  hydraulic.distribution.stoDHW.layer_HE[2].dynBal.U
  hydraulic.distribution.stoDHW.layer_HE[3].dynBal.U
  hydraulic.distribution.stoDHW.layer_HE[4].dynBal.U
  hydraulic.distribution.threeWayValveWithFlowReturn.threWayValFlow.vol.dynBal.U
  hydraulic.generation.boi.senTCold.T
  hydraulic.generation.boi.senTHot.T
  hydraulic.generation.boi.vol.dynBal.U
  hydraulic.generation.heatPump.con.vol.dynBal.U
  hydraulic.generation.heatPump.eva.vol.dynBal.medium.Xi[1]
  hydraulic.generation.heatPump.eva.vol.dynBal.U
  hydraulic.generation.KPIBoi.integrator2.y
  hydraulic.generation.KPIBoiFue.integrator2.y
  hydraulic.generation.KPIHeaPum.integrator1.y
  hydraulic.generation.KPIHeaPum.integrator3.y
  hydraulic.generation.KPIQHP.integrator2.y
  hydraulic.generation.KPIWel.integrator2.y
  hydraulic.generation.pump.vol.dynBal.U
  hydraulic.generation.senTGenOut.T
  hydraulic.transfer.intKPICalHeaFlo.integrator2.y
  hydraulic.transfer.pumFixMFlo[1].vol.dynBal.U
  hydraulic.transfer.rad[1].vol[1].dynBal.U
  hydraulic.transfer.rad[1].vol[2].dynBal.U
  hydraulic.transfer.rad[1].vol[3].dynBal.U
  hydraulic.transfer.rad[1].vol[4].dynBal.U
  hydraulic.transfer.rad[1].vol[5].dynBal.U
 
Warning: Conflicting start values
The iteration variable building.weaBus.TWetBul has been selected to have the guess value 291.15.
However, the start value has been selected from a set of alias variables having conflicting start values of the same precedence.
291.15, the start value of weaDat.tWetBul_TDryBulXi.TWetBul given as 291.15.
293.15, the start value of electrical.weaBus.TWetBul given as 293.15.
Warning: WARNINGS have been issued.
Finished
 = true

    
Declaring variable: Boolean rScript ;

savelog("BESMod.Examples.HeatPumpAndBoiler.Serial.translation.log"); = true


rCheck = checkModel("BESMod.Examples.HeatPumpAndBoiler.AfterBufferWithoutDHW");
Check of BESMod.Examples.HeatPumpAndBoiler.AfterBufferWithoutDHW:
Warning: Non-literal value.
In nominal attribute for hydraulic.generation.heatPump.con.preDro.m_flow.
Ignoring nominal attribute.
In class Modelica.Units.SI.
  Near file: /opt/dymola-2022-x86_64/Modelica/Library/Modelica 4.0.0/Units.mo, line 237
Used in base-class hydraulic.generation.heatPump.con.preDro.PartialTwoPortInterface.
  Near file: /builds/EBC/EBC_all/github_ci/BESMod/installed_dependencies/AixLib/AixLib/Fluid/BaseClasses/PartialResistance.mo, line 3
Warning: Non-literal value.
In nominal attribute for hydraulic.generation.heatPump.eva.preDro.m_flow.
Ignoring nominal attribute.
In class Modelica.Units.SI.
  Near file: /opt/dymola-2022-x86_64/Modelica/Library/Modelica 4.0.0/Units.mo, line 237
Used in base-class hydraulic.generation.heatPump.eva.preDro.PartialTwoPortInterface.
  Near file: /builds/EBC/EBC_all/github_ci/BESMod/installed_dependencies/AixLib/AixLib/Fluid/BaseClasses/PartialResistance.mo, line 3
Warning: Non-literal value.
In nominal attribute for hydraulic.distribution.stoDHW.heatingCoil1.pipe[1].res.dp.
Ignoring nominal attribute.
In class Modelica.Units.SI.
  Near file: /opt/dymola-2022-x86_64/Modelica/Library/Modelica 4.0.0/Units.mo, line 237
Used in base-class hydraulic.distribution.stoDHW.heatingCoil1.pipe.res.PartialTwoPortInterface.
  Near file: /builds/EBC/EBC_all/github_ci/BESMod/installed_dependencies/AixLib/AixLib/Fluid/BaseClasses/PartialResistance.mo, line 3
Warning: Non-literal value.
In nominal attribute for hydraulic.distribution.stoDHW.heatingCoil1.pipe[2].res.dp.
Ignoring nominal attribute.
In class Modelica.Units.SI.
  Near file: /opt/dymola-2022-x86_64/Modelica/Library/Modelica 4.0.0/Units.mo, line 237
Used in base-class hydraulic.distribution.stoDHW.heatingCoil1.pipe.res.PartialTwoPortInterface.
  Near file: /builds/EBC/EBC_all/github_ci/BESMod/installed_dependencies/AixLib/AixLib/Fluid/BaseClasses/PartialResistance.mo, line 3
Warning: Non-literal value.
In nominal attribute for hydraulic.distribution.stoDHW.heatingCoil1.pipe[3].res.dp.
Ignoring nominal attribute.
In class Modelica.Units.SI.
  Near file: /opt/dymola-2022-x86_64/Modelica/Library/Modelica 4.0.0/Units.mo, line 237
Used in base-class hydraulic.distribution.stoDHW.heatingCoil1.pipe.res.PartialTwoPortInterface.
  Near file: /builds/EBC/EBC_all/github_ci/BESMod/installed_dependencies/AixLib/AixLib/Fluid/BaseClasses/PartialResistance.mo, line 3
Warning: Non-literal value.
In nominal attribute for hydraulic.distribution.stoDHW.heatingCoil1.pipe[4].res.dp.
Ignoring nominal attribute.
In class Modelica.Units.SI.
  Near file: /opt/dymola-2022-x86_64/Modelica/Library/Modelica 4.0.0/Units.mo, line 237
Used in base-class hydraulic.distribution.stoDHW.heatingCoil1.pipe.res.PartialTwoPortInterface.
  Near file: /builds/EBC/EBC_all/github_ci/BESMod/installed_dependencies/AixLib/AixLib/Fluid/BaseClasses/PartialResistance.mo, line 3
Warning: Non-literal value.
In nominal attribute for hydraulic.distribution.boi.pressureDrop.dp.
Ignoring nominal attribute.
In class Modelica.Units.SI.
  Near file: /opt/dymola-2022-x86_64/Modelica/Library/Modelica 4.0.0/Units.mo, line 237
Used in base-class hydraulic.distribution.boi.pressureDrop.PartialTwoPortInterface.
  Near file: /builds/EBC/EBC_all/github_ci/BESMod/installed_dependencies/AixLib/AixLib/Fluid/BaseClasses/PartialResistance.mo, line 3
The model has the same number of unknowns and equations: 7150
Check of BESMod.Examples.HeatPumpAndBoiler.AfterBufferWithoutDHW successful.
Warning: WARNINGS have been issued.
Declaring variable: Boolean rCheck ;

Modelica.Utilities.Streams.print("    { \"file\" :  \"BESMod/Resources/Scripts/Dymola/Examples/HeatPumpAndBoiler/AfterBufferWithoutDHW.mos\",", "BESMod.Examples.HeatPumpAndBoiler.AfterBufferWithoutDHW.statistics.log");
Modelica.Utilities.Streams.print("      \"model\" : \"BESMod.Examples.HeatPumpAndBoiler.AfterBufferWithoutDHW\",", "BESMod.Examples.HeatPumpAndBoiler.AfterBufferWithoutDHW.statistics.log");
Modelica.Utilities.Streams.print("      \"check\" : {", "BESMod.Examples.HeatPumpAndBoiler.AfterBufferWithoutDHW.statistics.log");
Modelica.Utilities.Streams.print("        \"command\" : \"checkModel(\\\"BESMod.Examples.HeatPumpAndBoiler.AfterBufferWithoutDHW\\\");\",", "BESMod.Examples.HeatPumpAndBoiler.AfterBufferWithoutDHW.statistics.log");
Modelica.Utilities.Streams.print("        \"result\"  : " + String(rCheck), "BESMod.Examples.HeatPumpAndBoiler.AfterBufferWithoutDHW.statistics.log");
Modelica.Utilities.Streams.print("      },", "BESMod.Examples.HeatPumpAndBoiler.AfterBufferWithoutDHW.statistics.log");


rScript=RunScript("modelica://BESMod/Resources/Scripts/Dymola/Examples/HeatPumpAndBoiler/AfterBufferWithoutDHW.mos");

simulateModel("BESMod.Examples.HeatPumpAndBoiler.AfterBufferWithoutDHW", stopTime=172800, method="dassl", tolerance=1e-06, resultFile="BESMod.Examples.HeatPumpAndBoiler.AfterBufferWithoutDHW");
Translation of BESMod.Examples.HeatPumpAndBoiler.AfterBufferWithoutDHW:
Warning: Non-literal value.
In nominal attribute for hydraulic.generation.heatPump.con.preDro.m_flow.
Ignoring nominal attribute.
In class Modelica.Units.SI.
  Near file: /opt/dymola-2022-x86_64/Modelica/Library/Modelica 4.0.0/Units.mo, line 237
Used in base-class hydraulic.generation.heatPump.con.preDro.PartialTwoPortInterface.
  Near file: /builds/EBC/EBC_all/github_ci/BESMod/installed_dependencies/AixLib/AixLib/Fluid/BaseClasses/PartialResistance.mo, line 3
Warning: Non-literal value.
In nominal attribute for hydraulic.generation.heatPump.eva.preDro.m_flow.
Ignoring nominal attribute.
In class Modelica.Units.SI.
  Near file: /opt/dymola-2022-x86_64/Modelica/Library/Modelica 4.0.0/Units.mo, line 237
Used in base-class hydraulic.generation.heatPump.eva.preDro.PartialTwoPortInterface.
  Near file: /builds/EBC/EBC_all/github_ci/BESMod/installed_dependencies/AixLib/AixLib/Fluid/BaseClasses/PartialResistance.mo, line 3
Warning: Non-literal value.
In nominal attribute for hydraulic.distribution.stoDHW.heatingCoil1.pipe[1].res.dp.
Ignoring nominal attribute.
In class Modelica.Units.SI.
  Near file: /opt/dymola-2022-x86_64/Modelica/Library/Modelica 4.0.0/Units.mo, line 237
Used in base-class hydraulic.distribution.stoDHW.heatingCoil1.pipe.res.PartialTwoPortInterface.
  Near file: /builds/EBC/EBC_all/github_ci/BESMod/installed_dependencies/AixLib/AixLib/Fluid/BaseClasses/PartialResistance.mo, line 3
Warning: Non-literal value.
In nominal attribute for hydraulic.distribution.stoDHW.heatingCoil1.pipe[2].res.dp.
Ignoring nominal attribute.
In class Modelica.Units.SI.
  Near file: /opt/dymola-2022-x86_64/Modelica/Library/Modelica 4.0.0/Units.mo, line 237
Used in base-class hydraulic.distribution.stoDHW.heatingCoil1.pipe.res.PartialTwoPortInterface.
  Near file: /builds/EBC/EBC_all/github_ci/BESMod/installed_dependencies/AixLib/AixLib/Fluid/BaseClasses/PartialResistance.mo, line 3
Warning: Non-literal value.
In nominal attribute for hydraulic.distribution.stoDHW.heatingCoil1.pipe[3].res.dp.
Ignoring nominal attribute.
In class Modelica.Units.SI.
  Near file: /opt/dymola-2022-x86_64/Modelica/Library/Modelica 4.0.0/Units.mo, line 237
Used in base-class hydraulic.distribution.stoDHW.heatingCoil1.pipe.res.PartialTwoPortInterface.
  Near file: /builds/EBC/EBC_all/github_ci/BESMod/installed_dependencies/AixLib/AixLib/Fluid/BaseClasses/PartialResistance.mo, line 3
Warning: Non-literal value.
In nominal attribute for hydraulic.distribution.stoDHW.heatingCoil1.pipe[4].res.dp.
Ignoring nominal attribute.
In class Modelica.Units.SI.
  Near file: /opt/dymola-2022-x86_64/Modelica/Library/Modelica 4.0.0/Units.mo, line 237
Used in base-class hydraulic.distribution.stoDHW.heatingCoil1.pipe.res.PartialTwoPortInterface.
  Near file: /builds/EBC/EBC_all/github_ci/BESMod/installed_dependencies/AixLib/AixLib/Fluid/BaseClasses/PartialResistance.mo, line 3
Warning: Non-literal value.
In nominal attribute for hydraulic.distribution.boi.pressureDrop.dp.
Ignoring nominal attribute.
In class Modelica.Units.SI.
  Near file: /opt/dymola-2022-x86_64/Modelica/Library/Modelica 4.0.0/Units.mo, line 237
Used in base-class hydraulic.distribution.boi.pressureDrop.PartialTwoPortInterface.
  Near file: /builds/EBC/EBC_all/github_ci/BESMod/installed_dependencies/AixLib/AixLib/Fluid/BaseClasses/PartialResistance.mo, line 3
The DAE has 7150 scalar unknowns and 7150 scalar equations.
Redundant consistent initial conditions.
Removed the following equations which are redundant and consistent: 
  if (hydraulic.generation.heatPump.eva.vol.dynBal.massDynamics ==     Modelica.Fluid.Types.Dynamics.FixedInitial) then 
    if (hydraulic.generation.heatPump.eva.vol.dynBal.initialize_p) then 
      hydraulic.generation.heatPump.eva.vol.dynBal.medium.p = hydraulic.generation.heatPump.eva.vol.dynBal.p_start;
    end if;
  else
    if (hydraulic.generation.heatPump.eva.vol.dynBal.massDynamics ==       Modelica.Fluid.Types.Dynamics.SteadyStateInitial) then 
      if (hydraulic.generation.heatPump.eva.vol.dynBal.initialize_p) then 
        der(hydraulic.generation.heatPump.eva.vol.dynBal.medium.p) = 0;
      end if;
    end if;
  end if;
 
This required evaluation of 
the interactive parameters 
    hydraulic.generation.bou_sinkAir.p(start = 101325)
 
The redundancies involve
initial equations: 
  hydraulic.generation.bou_sinkAir.p = 101325.0;
 
Sparse solver handling possible: false.
Due to flag Advanced.SparseActivate=false.
Model sparse and large enough: true.
Sparse solvers are available for dassl, lsodar, cvode, radau, esdirk*, sdirk* (using OpenMP, set number of cores with Advanced.NumberOfCores).
Warning: The variable ventilation.generation.m_flow_nominal[1]=0 is not in range [1e-15,1e+100].
Ignoring range
Warning: The variable ventilation.generation.mOld_flow_design[1]=0 is not in range [1e-15,1e+100].
Ignoring range
Warning: The variable ventilation.generation.m_flow_design[1]=0 is not in range [1e-15,1e+100].
Ignoring range
 
Statistics
 
Original Model
  Number of components: 1457
  Variables: 14542
  Constants: 226 (227 scalars)
  Parameters: 6676 (8246 scalars)
  Unknowns: 7640 (7316 scalars)
  Differentiated variables: 135 scalars
  Equations: 5934
  Nontrivial: 4953
Translated Model
  Constants: 5029 scalars
  Free parameters: 1221 scalars
  Parameter depending: 3139 scalars
  Outputs: 46 scalars
  Continuous time states: 106 scalars
  Time-varying variables: 1768 scalars
  Alias variables: 4632 scalars
  Number of mixed real/discrete systems of equations: 0
  Sizes of linear systems of equations: {2, 2, 2, 2, 2, 3, 2, 2, 2, 2, 3, 3, 2, 2, 2, 2, 3, 4, 4, 4, 2, 2, 4, 3, 2, 2, 4,   3, 2, 2, 2, 2, 2, 2, 4, 3, 2, 2, 2, 2, 4, 3, 2, 2}
  Sizes after manipulation of the linear systems: {0, 0, 0, 0, 0, 0, 0, 0, 0, 0, 0, 0, 0, 0, 0, 0, 0, 0, 0, 0, 0, 0, 0, 0, 0, 0, 0,   0, 0, 0, 0, 0, 0, 0, 0, 0, 0, 0, 0, 0, 0, 0, 0, 0}
  Sizes of nonlinear systems of equations: {16, 59, 6, 6, 6, 6, 3, 1, 1, 1, 1, 1, 1, 1, 1}
  Sizes after manipulation of the nonlinear systems: {1, 6, 1, 1, 1, 1, 1, 0, 1, 0, 1, 0, 1, 1, 1}
  Number of numerical Jacobians: 0
  Initialization problem
    Sizes of nonlinear systems of equations: {2, 1, 11, 70, 16, 1, 1}
    Sizes after manipulation of the nonlinear systems: {0, 0, 5, 7, 3, 1, 1}
    Number of numerical Jacobians: 0
 
Selected continuous time states
Statically selected continuous time states
  building.comCalCooOpe[1].intDisCom.y
  building.comCalHeaOpe[1].intDisCom.y
  building.comfortCalculatorCool[1].intDisCom.y
  building.comfortCalculatorHea[1].intDisCom.y
  building.intKPICal[1].integrator2.y
  building.intKPICalTraGain2[1].integrator2.y
  building.intKPICalTraGain[1].integrator2.y
  building.intKPICalTraLoss2[1].integrator2.y
  building.intKPICalTraLoss[1].integrator2.y
  building.intKPICalVentGain[1].integrator2.y
  building.intKPICalVentLoss[1].integrator2.y
  building.thermalZone[1].ROM.extWallRC.thermCapExt[1].T
  building.thermalZone[1].ROM.floorRC.thermCapExt[1].T
  building.thermalZone[1].ROM.intWallRC.thermCapInt[1].T
  building.thermalZone[1].ROM.roofRC.thermCapExt[1].T
  building.thermalZone[1].ROM.volAir.dynBal.m
  building.thermalZone[1].ROM.volAir.dynBal.medium.Xi[1]
  building.thermalZone[1].ROM.volAir.dynBal.U
  building.thermalZone[1].ventCont.dEMA.ExpAVG.x[1]
  building.thermalZone[1].ventCont.dEMA.ExpAVG1.x[1]
  DHW.integralKPICalculator.integrator2.y
  DHW.pump.vol.dynBal.U
  electrical.distribution.eneKPIGen.integrator2.y
  electrical.distribution.eneKPILoa.integrator2.y
  hydraulic.control.boiPIDCtrl.intAbs.y
  hydraulic.control.boiPIDCtrl.intSqu.y
  hydraulic.control.boiPIDCtrl.PID.D.x
  hydraulic.control.boiPIDCtrl.PID.I.y
  hydraulic.control.priGenPIDCtrl.intAbs.y
  hydraulic.control.priGenPIDCtrl.intSqu.y
  hydraulic.control.priGenPIDCtrl.PID.D.x
  hydraulic.control.priGenPIDCtrl.PID.I.y
  hydraulic.control.valCtrl.PI[1].I.y
  hydraulic.distribution.boi.senTCold.T
  hydraulic.distribution.boi.senTHot.T
  hydraulic.distribution.boi.vol.dynBal.U
  hydraulic.distribution.eneKPICalAftBufBoi.integrator2.y
  hydraulic.distribution.eneKPICalBuf.integrator2.y
  hydraulic.distribution.eneKPICalDHW.integrator2.y
  hydraulic.distribution.KPIBoi.integrator2.y
  hydraulic.distribution.senTBuiSup.T
  hydraulic.distribution.stoBuf.bottomCover.loadIns.T
  hydraulic.distribution.stoBuf.bottomCover.loadWall.T
  hydraulic.distribution.stoBuf.layer[1].dynBal.U
  hydraulic.distribution.stoBuf.layer[2].dynBal.U
  hydraulic.distribution.stoBuf.layer[3].dynBal.U
  hydraulic.distribution.stoBuf.layer[4].dynBal.U
  hydraulic.distribution.stoBuf.storageMantle[1].Insulation.CylindricLoad1.heatCapacitor.T
  hydraulic.distribution.stoBuf.storageMantle[1].Wall.CylindricLoad1.heatCapacitor.T
  hydraulic.distribution.stoBuf.storageMantle[2].Insulation.CylindricLoad1.heatCapacitor.T
  hydraulic.distribution.stoBuf.storageMantle[2].Wall.CylindricLoad1.heatCapacitor.T
  hydraulic.distribution.stoBuf.storageMantle[3].Insulation.CylindricLoad1.heatCapacitor.T
  hydraulic.distribution.stoBuf.storageMantle[3].Wall.CylindricLoad1.heatCapacitor.T
  hydraulic.distribution.stoBuf.storageMantle[4].Insulation.CylindricLoad1.heatCapacitor.T
  hydraulic.distribution.stoBuf.storageMantle[4].Wall.CylindricLoad1.heatCapacitor.T
  hydraulic.distribution.stoBuf.topCover.loadIns.T
  hydraulic.distribution.stoBuf.topCover.loadWall.T
  hydraulic.distribution.stoDHW.bottomCover.loadIns.T
  hydraulic.distribution.stoDHW.bottomCover.loadWall.T
  hydraulic.distribution.stoDHW.heatingCoil1.pipe[1].del.x
  hydraulic.distribution.stoDHW.heatingCoil1.pipe[1].timDel.x
  hydraulic.distribution.stoDHW.heatingCoil1.pipe[1].vol_a.dynBal.U
  hydraulic.distribution.stoDHW.heatingCoil1.pipe[1].vol_b.dynBal.U
  hydraulic.distribution.stoDHW.heatingCoil1.pipe[2].del.x
  hydraulic.distribution.stoDHW.heatingCoil1.pipe[2].timDel.x
  hydraulic.distribution.stoDHW.heatingCoil1.pipe[2].vol_a.dynBal.U
  hydraulic.distribution.stoDHW.heatingCoil1.pipe[2].vol_b.dynBal.U
  hydraulic.distribution.stoDHW.heatingCoil1.pipe[3].del.x
  hydraulic.distribution.stoDHW.heatingCoil1.pipe[3].timDel.x
  hydraulic.distribution.stoDHW.heatingCoil1.pipe[3].vol_a.dynBal.U
  hydraulic.distribution.stoDHW.heatingCoil1.pipe[3].vol_b.dynBal.U
  hydraulic.distribution.stoDHW.heatingCoil1.pipe[4].del.x
  hydraulic.distribution.stoDHW.heatingCoil1.pipe[4].timDel.x
  hydraulic.distribution.stoDHW.heatingCoil1.pipe[4].vol_a.dynBal.U
  hydraulic.distribution.stoDHW.heatingCoil1.pipe[4].vol_b.dynBal.U
  hydraulic.distribution.stoDHW.layer[1].dynBal.U
  hydraulic.distribution.stoDHW.layer[2].dynBal.U
  hydraulic.distribution.stoDHW.layer[3].dynBal.U
  hydraulic.distribution.stoDHW.layer[4].dynBal.U
  hydraulic.distribution.stoDHW.storageMantle[1].Insulation.CylindricLoad1.heatCapacitor.T
  hydraulic.distribution.stoDHW.storageMantle[1].Wall.CylindricLoad1.heatCapacitor.T
  hydraulic.distribution.stoDHW.storageMantle[2].Insulation.CylindricLoad1.heatCapacitor.T
  hydraulic.distribution.stoDHW.storageMantle[2].Wall.CylindricLoad1.heatCapacitor.T
  hydraulic.distribution.stoDHW.storageMantle[3].Insulation.CylindricLoad1.heatCapacitor.T
  hydraulic.distribution.stoDHW.storageMantle[3].Wall.CylindricLoad1.heatCapacitor.T
  hydraulic.distribution.stoDHW.storageMantle[4].Insulation.CylindricLoad1.heatCapacitor.T
  hydraulic.distribution.stoDHW.storageMantle[4].Wall.CylindricLoad1.heatCapacitor.T
  hydraulic.distribution.stoDHW.topCover.loadIns.T
  hydraulic.distribution.stoDHW.topCover.loadWall.T
  hydraulic.distribution.threeWayValveWithFlowReturn.threWayValFlow.vol.dynBal.U
  hydraulic.generation.heatPump.con.vol.dynBal.U
  hydraulic.generation.heatPump.eva.vol.dynBal.medium.Xi[1]
  hydraulic.generation.heatPump.eva.vol.dynBal.U
  hydraulic.generation.KPIHeaPum.integrator1.y
  hydraulic.generation.KPIHeaPum.integrator3.y
  hydraulic.generation.KPIQHP.integrator2.y
  hydraulic.generation.KPIWel.integrator2.y
  hydraulic.generation.pump.vol.dynBal.U
  hydraulic.generation.senTGenOut.T
  hydraulic.transfer.intKPICalHeaFlo.integrator2.y
  hydraulic.transfer.pumFixMFlo[1].vol.dynBal.U
  hydraulic.transfer.rad[1].vol[1].dynBal.U
  hydraulic.transfer.rad[1].vol[2].dynBal.U
  hydraulic.transfer.rad[1].vol[3].dynBal.U
  hydraulic.transfer.rad[1].vol[4].dynBal.U
  hydraulic.transfer.rad[1].vol[5].dynBal.U
 
Warning: Conflicting start values
The iteration variable building.weaBus.TWetBul has been selected to have the guess value 291.15.
However, the start value has been selected from a set of alias variables having conflicting start values of the same precedence.
291.15, the start value of weaDat.tWetBul_TDryBulXi.TWetBul given as 291.15.
293.15, the start value of electrical.weaBus.TWetBul given as 293.15.
Warning: WARNINGS have been issued.
Finished
 = true

    
Declaring variable: Boolean rScript ;

savelog("BESMod.Examples.HeatPumpAndBoiler.AfterBufferWithoutDHW.translation.log"); = true


rCheck = checkModel("BESMod.Examples.HeatPumpAndBoiler.AfterBufferWithDHW");
Check of BESMod.Examples.HeatPumpAndBoiler.AfterBufferWithDHW:
Warning: Non-literal value.
In nominal attribute for hydraulic.generation.heatPump.con.preDro.m_flow.
Ignoring nominal attribute.
In class Modelica.Units.SI.
  Near file: /opt/dymola-2022-x86_64/Modelica/Library/Modelica 4.0.0/Units.mo, line 237
Used in base-class hydraulic.generation.heatPump.con.preDro.PartialTwoPortInterface.
  Near file: /builds/EBC/EBC_all/github_ci/BESMod/installed_dependencies/AixLib/AixLib/Fluid/BaseClasses/PartialResistance.mo, line 3
Warning: Non-literal value.
In nominal attribute for hydraulic.generation.heatPump.eva.preDro.m_flow.
Ignoring nominal attribute.
In class Modelica.Units.SI.
  Near file: /opt/dymola-2022-x86_64/Modelica/Library/Modelica 4.0.0/Units.mo, line 237
Used in base-class hydraulic.generation.heatPump.eva.preDro.PartialTwoPortInterface.
  Near file: /builds/EBC/EBC_all/github_ci/BESMod/installed_dependencies/AixLib/AixLib/Fluid/BaseClasses/PartialResistance.mo, line 3
Warning: Non-literal value.
In nominal attribute for hydraulic.distribution.stoDHW.heatingCoil1.pipe[1].res.dp.
Ignoring nominal attribute.
In class Modelica.Units.SI.
  Near file: /opt/dymola-2022-x86_64/Modelica/Library/Modelica 4.0.0/Units.mo, line 237
Used in base-class hydraulic.distribution.stoDHW.heatingCoil1.pipe.res.PartialTwoPortInterface.
  Near file: /builds/EBC/EBC_all/github_ci/BESMod/installed_dependencies/AixLib/AixLib/Fluid/BaseClasses/PartialResistance.mo, line 3
Warning: Non-literal value.
In nominal attribute for hydraulic.distribution.stoDHW.heatingCoil1.pipe[2].res.dp.
Ignoring nominal attribute.
In class Modelica.Units.SI.
  Near file: /opt/dymola-2022-x86_64/Modelica/Library/Modelica 4.0.0/Units.mo, line 237
Used in base-class hydraulic.distribution.stoDHW.heatingCoil1.pipe.res.PartialTwoPortInterface.
  Near file: /builds/EBC/EBC_all/github_ci/BESMod/installed_dependencies/AixLib/AixLib/Fluid/BaseClasses/PartialResistance.mo, line 3
Warning: Non-literal value.
In nominal attribute for hydraulic.distribution.stoDHW.heatingCoil1.pipe[3].res.dp.
Ignoring nominal attribute.
In class Modelica.Units.SI.
  Near file: /opt/dymola-2022-x86_64/Modelica/Library/Modelica 4.0.0/Units.mo, line 237
Used in base-class hydraulic.distribution.stoDHW.heatingCoil1.pipe.res.PartialTwoPortInterface.
  Near file: /builds/EBC/EBC_all/github_ci/BESMod/installed_dependencies/AixLib/AixLib/Fluid/BaseClasses/PartialResistance.mo, line 3
Warning: Non-literal value.
In nominal attribute for hydraulic.distribution.stoDHW.heatingCoil1.pipe[4].res.dp.
Ignoring nominal attribute.
In class Modelica.Units.SI.
  Near file: /opt/dymola-2022-x86_64/Modelica/Library/Modelica 4.0.0/Units.mo, line 237
Used in base-class hydraulic.distribution.stoDHW.heatingCoil1.pipe.res.PartialTwoPortInterface.
  Near file: /builds/EBC/EBC_all/github_ci/BESMod/installed_dependencies/AixLib/AixLib/Fluid/BaseClasses/PartialResistance.mo, line 3
Warning: Non-literal value.
In nominal attribute for hydraulic.distribution.boi.pressureDrop.dp.
Ignoring nominal attribute.
In class Modelica.Units.SI.
  Near file: /opt/dymola-2022-x86_64/Modelica/Library/Modelica 4.0.0/Units.mo, line 237
Used in base-class hydraulic.distribution.boi.pressureDrop.PartialTwoPortInterface.
  Near file: /builds/EBC/EBC_all/github_ci/BESMod/installed_dependencies/AixLib/AixLib/Fluid/BaseClasses/PartialResistance.mo, line 3
Warning: Non-literal value.
In nominal attribute for hydraulic.distribution.stoDHW.heatingCoil2.pipe[1].res.dp.
Ignoring nominal attribute.
In class Modelica.Units.SI.
  Near file: /opt/dymola-2022-x86_64/Modelica/Library/Modelica 4.0.0/Units.mo, line 237
Used in base-class hydraulic.distribution.stoDHW.heatingCoil2.pipe.res.PartialTwoPortInterface.
  Near file: /builds/EBC/EBC_all/github_ci/BESMod/installed_dependencies/AixLib/AixLib/Fluid/BaseClasses/PartialResistance.mo, line 3
Warning: Non-literal value.
In nominal attribute for hydraulic.distribution.stoDHW.heatingCoil2.pipe[2].res.dp.
Ignoring nominal attribute.
In class Modelica.Units.SI.
  Near file: /opt/dymola-2022-x86_64/Modelica/Library/Modelica 4.0.0/Units.mo, line 237
Used in base-class hydraulic.distribution.stoDHW.heatingCoil2.pipe.res.PartialTwoPortInterface.
  Near file: /builds/EBC/EBC_all/github_ci/BESMod/installed_dependencies/AixLib/AixLib/Fluid/BaseClasses/PartialResistance.mo, line 3
Warning: Non-literal value.
In nominal attribute for hydraulic.distribution.stoDHW.heatingCoil2.pipe[3].res.dp.
Ignoring nominal attribute.
In class Modelica.Units.SI.
  Near file: /opt/dymola-2022-x86_64/Modelica/Library/Modelica 4.0.0/Units.mo, line 237
Used in base-class hydraulic.distribution.stoDHW.heatingCoil2.pipe.res.PartialTwoPortInterface.
  Near file: /builds/EBC/EBC_all/github_ci/BESMod/installed_dependencies/AixLib/AixLib/Fluid/BaseClasses/PartialResistance.mo, line 3
Warning: Non-literal value.
In nominal attribute for hydraulic.distribution.stoDHW.heatingCoil2.pipe[4].res.dp.
Ignoring nominal attribute.
In class Modelica.Units.SI.
  Near file: /opt/dymola-2022-x86_64/Modelica/Library/Modelica 4.0.0/Units.mo, line 237
Used in base-class hydraulic.distribution.stoDHW.heatingCoil2.pipe.res.PartialTwoPortInterface.
  Near file: /builds/EBC/EBC_all/github_ci/BESMod/installed_dependencies/AixLib/AixLib/Fluid/BaseClasses/PartialResistance.mo, line 3
The model has the same number of unknowns and equations: 8698
Check of BESMod.Examples.HeatPumpAndBoiler.AfterBufferWithDHW successful.
Warning: WARNINGS have been issued.
Declaring variable: Boolean rCheck ;

Modelica.Utilities.Streams.print("    { \"file\" :  \"BESMod/Resources/Scripts/Dymola/Examples/HeatPumpAndBoiler/AfterBufferWithDHW.mos\",", "BESMod.Examples.HeatPumpAndBoiler.AfterBufferWithDHW.statistics.log");
Modelica.Utilities.Streams.print("      \"model\" : \"BESMod.Examples.HeatPumpAndBoiler.AfterBufferWithDHW\",", "BESMod.Examples.HeatPumpAndBoiler.AfterBufferWithDHW.statistics.log");
Modelica.Utilities.Streams.print("      \"check\" : {", "BESMod.Examples.HeatPumpAndBoiler.AfterBufferWithDHW.statistics.log");
Modelica.Utilities.Streams.print("        \"command\" : \"checkModel(\\\"BESMod.Examples.HeatPumpAndBoiler.AfterBufferWithDHW\\\");\",", "BESMod.Examples.HeatPumpAndBoiler.AfterBufferWithDHW.statistics.log");
Modelica.Utilities.Streams.print("        \"result\"  : " + String(rCheck), "BESMod.Examples.HeatPumpAndBoiler.AfterBufferWithDHW.statistics.log");
Modelica.Utilities.Streams.print("      },", "BESMod.Examples.HeatPumpAndBoiler.AfterBufferWithDHW.statistics.log");


rScript=RunScript("modelica://BESMod/Resources/Scripts/Dymola/Examples/HeatPumpAndBoiler/AfterBufferWithDHW.mos");

simulateModel("BESMod.Examples.HeatPumpAndBoiler.AfterBufferWithDHW", stopTime=172800, method="dassl", tolerance=1e-06, resultFile="BESMod.Examples.HeatPumpAndBoiler.AfterBufferWithDHW");
Translation of BESMod.Examples.HeatPumpAndBoiler.AfterBufferWithDHW:
Warning: Non-literal value.
In nominal attribute for hydraulic.generation.heatPump.con.preDro.m_flow.
Ignoring nominal attribute.
In class Modelica.Units.SI.
  Near file: /opt/dymola-2022-x86_64/Modelica/Library/Modelica 4.0.0/Units.mo, line 237
Used in base-class hydraulic.generation.heatPump.con.preDro.PartialTwoPortInterface.
  Near file: /builds/EBC/EBC_all/github_ci/BESMod/installed_dependencies/AixLib/AixLib/Fluid/BaseClasses/PartialResistance.mo, line 3
Warning: Non-literal value.
In nominal attribute for hydraulic.generation.heatPump.eva.preDro.m_flow.
Ignoring nominal attribute.
In class Modelica.Units.SI.
  Near file: /opt/dymola-2022-x86_64/Modelica/Library/Modelica 4.0.0/Units.mo, line 237
Used in base-class hydraulic.generation.heatPump.eva.preDro.PartialTwoPortInterface.
  Near file: /builds/EBC/EBC_all/github_ci/BESMod/installed_dependencies/AixLib/AixLib/Fluid/BaseClasses/PartialResistance.mo, line 3
Warning: Non-literal value.
In nominal attribute for hydraulic.distribution.stoDHW.heatingCoil1.pipe[1].res.dp.
Ignoring nominal attribute.
In class Modelica.Units.SI.
  Near file: /opt/dymola-2022-x86_64/Modelica/Library/Modelica 4.0.0/Units.mo, line 237
Used in base-class hydraulic.distribution.stoDHW.heatingCoil1.pipe.res.PartialTwoPortInterface.
  Near file: /builds/EBC/EBC_all/github_ci/BESMod/installed_dependencies/AixLib/AixLib/Fluid/BaseClasses/PartialResistance.mo, line 3
Warning: Non-literal value.
In nominal attribute for hydraulic.distribution.stoDHW.heatingCoil1.pipe[2].res.dp.
Ignoring nominal attribute.
In class Modelica.Units.SI.
  Near file: /opt/dymola-2022-x86_64/Modelica/Library/Modelica 4.0.0/Units.mo, line 237
Used in base-class hydraulic.distribution.stoDHW.heatingCoil1.pipe.res.PartialTwoPortInterface.
  Near file: /builds/EBC/EBC_all/github_ci/BESMod/installed_dependencies/AixLib/AixLib/Fluid/BaseClasses/PartialResistance.mo, line 3
Warning: Non-literal value.
In nominal attribute for hydraulic.distribution.stoDHW.heatingCoil1.pipe[3].res.dp.
Ignoring nominal attribute.
In class Modelica.Units.SI.
  Near file: /opt/dymola-2022-x86_64/Modelica/Library/Modelica 4.0.0/Units.mo, line 237
Used in base-class hydraulic.distribution.stoDHW.heatingCoil1.pipe.res.PartialTwoPortInterface.
  Near file: /builds/EBC/EBC_all/github_ci/BESMod/installed_dependencies/AixLib/AixLib/Fluid/BaseClasses/PartialResistance.mo, line 3
Warning: Non-literal value.
In nominal attribute for hydraulic.distribution.stoDHW.heatingCoil1.pipe[4].res.dp.
Ignoring nominal attribute.
In class Modelica.Units.SI.
  Near file: /opt/dymola-2022-x86_64/Modelica/Library/Modelica 4.0.0/Units.mo, line 237
Used in base-class hydraulic.distribution.stoDHW.heatingCoil1.pipe.res.PartialTwoPortInterface.
  Near file: /builds/EBC/EBC_all/github_ci/BESMod/installed_dependencies/AixLib/AixLib/Fluid/BaseClasses/PartialResistance.mo, line 3
Warning: Non-literal value.
In nominal attribute for hydraulic.distribution.boi.pressureDrop.dp.
Ignoring nominal attribute.
In class Modelica.Units.SI.
  Near file: /opt/dymola-2022-x86_64/Modelica/Library/Modelica 4.0.0/Units.mo, line 237
Used in base-class hydraulic.distribution.boi.pressureDrop.PartialTwoPortInterface.
  Near file: /builds/EBC/EBC_all/github_ci/BESMod/installed_dependencies/AixLib/AixLib/Fluid/BaseClasses/PartialResistance.mo, line 3
Warning: Non-literal value.
In nominal attribute for hydraulic.distribution.stoDHW.heatingCoil2.pipe[1].res.dp.
Ignoring nominal attribute.
In class Modelica.Units.SI.
  Near file: /opt/dymola-2022-x86_64/Modelica/Library/Modelica 4.0.0/Units.mo, line 237
Used in base-class hydraulic.distribution.stoDHW.heatingCoil2.pipe.res.PartialTwoPortInterface.
  Near file: /builds/EBC/EBC_all/github_ci/BESMod/installed_dependencies/AixLib/AixLib/Fluid/BaseClasses/PartialResistance.mo, line 3
Warning: Non-literal value.
In nominal attribute for hydraulic.distribution.stoDHW.heatingCoil2.pipe[2].res.dp.
Ignoring nominal attribute.
In class Modelica.Units.SI.
  Near file: /opt/dymola-2022-x86_64/Modelica/Library/Modelica 4.0.0/Units.mo, line 237
Used in base-class hydraulic.distribution.stoDHW.heatingCoil2.pipe.res.PartialTwoPortInterface.
  Near file: /builds/EBC/EBC_all/github_ci/BESMod/installed_dependencies/AixLib/AixLib/Fluid/BaseClasses/PartialResistance.mo, line 3
Warning: Non-literal value.
In nominal attribute for hydraulic.distribution.stoDHW.heatingCoil2.pipe[3].res.dp.
Ignoring nominal attribute.
In class Modelica.Units.SI.
  Near file: /opt/dymola-2022-x86_64/Modelica/Library/Modelica 4.0.0/Units.mo, line 237
Used in base-class hydraulic.distribution.stoDHW.heatingCoil2.pipe.res.PartialTwoPortInterface.
  Near file: /builds/EBC/EBC_all/github_ci/BESMod/installed_dependencies/AixLib/AixLib/Fluid/BaseClasses/PartialResistance.mo, line 3
Warning: Non-literal value.
In nominal attribute for hydraulic.distribution.stoDHW.heatingCoil2.pipe[4].res.dp.
Ignoring nominal attribute.
In class Modelica.Units.SI.
  Near file: /opt/dymola-2022-x86_64/Modelica/Library/Modelica 4.0.0/Units.mo, line 237
Used in base-class hydraulic.distribution.stoDHW.heatingCoil2.pipe.res.PartialTwoPortInterface.
  Near file: /builds/EBC/EBC_all/github_ci/BESMod/installed_dependencies/AixLib/AixLib/Fluid/BaseClasses/PartialResistance.mo, line 3
The DAE has 8698 scalar unknowns and 8698 scalar equations.
Redundant consistent initial conditions.
Removed the following equations which are redundant and consistent: 
  if (hydraulic.generation.heatPump.eva.vol.dynBal.massDynamics ==     Modelica.Fluid.Types.Dynamics.FixedInitial) then 
    if (hydraulic.generation.heatPump.eva.vol.dynBal.initialize_p) then 
      hydraulic.generation.heatPump.eva.vol.dynBal.medium.p = hydraulic.generation.heatPump.eva.vol.dynBal.p_start;
    end if;
  else
    if (hydraulic.generation.heatPump.eva.vol.dynBal.massDynamics ==       Modelica.Fluid.Types.Dynamics.SteadyStateInitial) then 
      if (hydraulic.generation.heatPump.eva.vol.dynBal.initialize_p) then 
        der(hydraulic.generation.heatPump.eva.vol.dynBal.medium.p) = 0;
      end if;
    end if;
  end if;
 
This required evaluation of 
the interactive parameters 
    hydraulic.generation.bou_sinkAir.p(start = 101325)
 
The redundancies involve
initial equations: 
  hydraulic.generation.bou_sinkAir.p = 101325.0;
 
Sparse solver handling possible: false.
Due to flag Advanced.SparseActivate=false.
Model sparse and large enough: true.
Sparse solvers are available for dassl, lsodar, cvode, radau, esdirk*, sdirk* (using OpenMP, set number of cores with Advanced.NumberOfCores).
Warning: The variable ventilation.generation.m_flow_nominal[1]=0 is not in range [1e-15,1e+100].
Ignoring range
Warning: The variable ventilation.generation.mOld_flow_design[1]=0 is not in range [1e-15,1e+100].
Ignoring range
Warning: The variable ventilation.generation.m_flow_design[1]=0 is not in range [1e-15,1e+100].
Ignoring range
 
Statistics
 
Original Model
  Number of components: 1778
  Variables: 18779
  Constants: 297 (298 scalars)
  Parameters: 8757 (10402 scalars)
  Unknowns: 9725 (8923 scalars)
  Differentiated variables: 183 scalars
  Equations: 7508
  Nontrivial: 6152
Translated Model
  Constants: 6445 scalars
  Free parameters: 1369 scalars
  Parameter depending: 4000 scalars
  Outputs: 46 scalars
  Continuous time states: 140 scalars
  Time-varying variables: 2163 scalars
  Alias variables: 5646 scalars
  Number of mixed real/discrete systems of equations: 0
  Sizes of linear systems of equations: {2, 2, 2, 2, 2, 3, 2, 2, 2, 2, 3, 3, 2, 2, 2, 2, 3, 2, 2, 4, 3, 2, 2, 4, 4, 3, 2,   2, 2, 2, 4, 3, 2, 2, 4, 3, 2, 2, 2, 2, 2, 2, 3, 2, 4, 4, 2, 15, 4, 3, 2, 2, 2,   2, 4, 2, 2}
  Sizes after manipulation of the linear systems: {0, 0, 0, 0, 0, 0, 0, 0, 0, 0, 0, 0, 0, 0, 0, 0, 0, 0, 0, 0, 0, 0, 0, 0, 0, 0, 0,   0, 0, 0, 0, 0, 0, 0, 0, 0, 0, 0, 0, 0, 0, 0, 0, 0, 0, 0, 0, 7, 0, 0, 0, 0, 0,   0, 0, 0, 0}
  Sizes of nonlinear systems of equations: {16, 59, 17, 6, 6, 6, 6, 6, 6, 6, 6, 3, 1, 1, 1, 1, 1, 1, 1, 1}
  Sizes after manipulation of the nonlinear systems: {1, 6, 2, 1, 1, 1, 1, 1, 1, 1, 1, 1, 0, 1, 0, 1, 0, 1, 1, 1}
  Number of numerical Jacobians: 0
  Initialization problem
    Sizes of nonlinear systems of equations: {2, 1, 11, 70, 16, 17, 1, 1}
    Sizes after manipulation of the nonlinear systems: {0, 0, 5, 7, 3, 3, 1, 1}
    Number of numerical Jacobians: 0
 
Selected continuous time states
Statically selected continuous time states
  building.comCalCooOpe[1].intDisCom.y
  building.comCalHeaOpe[1].intDisCom.y
  building.comfortCalculatorCool[1].intDisCom.y
  building.comfortCalculatorHea[1].intDisCom.y
  building.intKPICal[1].integrator2.y
  building.intKPICalTraGain2[1].integrator2.y
  building.intKPICalTraGain[1].integrator2.y
  building.intKPICalTraLoss2[1].integrator2.y
  building.intKPICalTraLoss[1].integrator2.y
  building.intKPICalVentGain[1].integrator2.y
  building.intKPICalVentLoss[1].integrator2.y
  building.thermalZone[1].ROM.extWallRC.thermCapExt[1].T
  building.thermalZone[1].ROM.floorRC.thermCapExt[1].T
  building.thermalZone[1].ROM.intWallRC.thermCapInt[1].T
  building.thermalZone[1].ROM.roofRC.thermCapExt[1].T
  building.thermalZone[1].ROM.volAir.dynBal.m
  building.thermalZone[1].ROM.volAir.dynBal.medium.Xi[1]
  building.thermalZone[1].ROM.volAir.dynBal.U
  building.thermalZone[1].ventCont.dEMA.ExpAVG.x[1]
  building.thermalZone[1].ventCont.dEMA.ExpAVG1.x[1]
  DHW.integralKPICalculator.integrator2.y
  DHW.pump.vol.dynBal.U
  electrical.distribution.eneKPIGen.integrator2.y
  electrical.distribution.eneKPILoa.integrator2.y
  hydraulic.control.boiPIDCtrl.intAbs.y
  hydraulic.control.boiPIDCtrl.intSqu.y
  hydraulic.control.boiPIDCtrl.PID.D.x
  hydraulic.control.boiPIDCtrl.PID.I.y
  hydraulic.control.priGenPIDCtrl.intAbs.y
  hydraulic.control.priGenPIDCtrl.intSqu.y
  hydraulic.control.priGenPIDCtrl.PID.D.x
  hydraulic.control.priGenPIDCtrl.PID.I.y
  hydraulic.control.valCtrl.PI[1].I.y
  hydraulic.distribution.boi.senTCold.T
  hydraulic.distribution.boi.senTHot.T
  hydraulic.distribution.boi.vol.dynBal.U
  hydraulic.distribution.eneKPICalAftBufBoi.integrator2.y
  hydraulic.distribution.eneKPICalBuf.integrator2.y
  hydraulic.distribution.eneKPICalDHW.integrator2.y
  hydraulic.distribution.hydSep.bottomCover.loadIns.T
  hydraulic.distribution.hydSep.bottomCover.loadWall.T
  hydraulic.distribution.hydSep.layer[1].dynBal.U
  hydraulic.distribution.hydSep.layer[2].dynBal.U
  hydraulic.distribution.hydSep.layer[3].dynBal.U
  hydraulic.distribution.hydSep.layer[4].dynBal.U
  hydraulic.distribution.hydSep.storageMantle[1].Insulation.CylindricLoad1.heatCapacitor.T
  hydraulic.distribution.hydSep.storageMantle[1].Wall.CylindricLoad1.heatCapacitor.T
  hydraulic.distribution.hydSep.storageMantle[2].Insulation.CylindricLoad1.heatCapacitor.T
  hydraulic.distribution.hydSep.storageMantle[2].Wall.CylindricLoad1.heatCapacitor.T
  hydraulic.distribution.hydSep.storageMantle[3].Insulation.CylindricLoad1.heatCapacitor.T
  hydraulic.distribution.hydSep.storageMantle[3].Wall.CylindricLoad1.heatCapacitor.T
  hydraulic.distribution.hydSep.storageMantle[4].Insulation.CylindricLoad1.heatCapacitor.T
  hydraulic.distribution.hydSep.storageMantle[4].Wall.CylindricLoad1.heatCapacitor.T
  hydraulic.distribution.hydSep.topCover.loadIns.T
  hydraulic.distribution.hydSep.topCover.loadWall.T
  hydraulic.distribution.KPIBoi1.integrator2.y
  hydraulic.distribution.pumpBoiler.vol.dynBal.U
  hydraulic.distribution.senTBuiSup.T
  hydraulic.distribution.stoBuf.bottomCover.loadIns.T
  hydraulic.distribution.stoBuf.bottomCover.loadWall.T
  hydraulic.distribution.stoBuf.layer[1].dynBal.U
  hydraulic.distribution.stoBuf.layer[2].dynBal.U
  hydraulic.distribution.stoBuf.layer[3].dynBal.U
  hydraulic.distribution.stoBuf.layer[4].dynBal.U
  hydraulic.distribution.stoBuf.storageMantle[1].Insulation.CylindricLoad1.heatCapacitor.T
  hydraulic.distribution.stoBuf.storageMantle[1].Wall.CylindricLoad1.heatCapacitor.T
  hydraulic.distribution.stoBuf.storageMantle[2].Insulation.CylindricLoad1.heatCapacitor.T
  hydraulic.distribution.stoBuf.storageMantle[2].Wall.CylindricLoad1.heatCapacitor.T
  hydraulic.distribution.stoBuf.storageMantle[3].Insulation.CylindricLoad1.heatCapacitor.T
  hydraulic.distribution.stoBuf.storageMantle[3].Wall.CylindricLoad1.heatCapacitor.T
  hydraulic.distribution.stoBuf.storageMantle[4].Insulation.CylindricLoad1.heatCapacitor.T
  hydraulic.distribution.stoBuf.storageMantle[4].Wall.CylindricLoad1.heatCapacitor.T
  hydraulic.distribution.stoBuf.topCover.loadIns.T
  hydraulic.distribution.stoBuf.topCover.loadWall.T
  hydraulic.distribution.stoDHW.bottomCover.loadIns.T
  hydraulic.distribution.stoDHW.bottomCover.loadWall.T
  hydraulic.distribution.stoDHW.heatingCoil1.pipe[1].del.x
  hydraulic.distribution.stoDHW.heatingCoil1.pipe[1].timDel.x
  hydraulic.distribution.stoDHW.heatingCoil1.pipe[1].vol_a.dynBal.U
  hydraulic.distribution.stoDHW.heatingCoil1.pipe[1].vol_b.dynBal.U
  hydraulic.distribution.stoDHW.heatingCoil1.pipe[2].del.x
  hydraulic.distribution.stoDHW.heatingCoil1.pipe[2].timDel.x
  hydraulic.distribution.stoDHW.heatingCoil1.pipe[2].vol_a.dynBal.U
  hydraulic.distribution.stoDHW.heatingCoil1.pipe[2].vol_b.dynBal.U
  hydraulic.distribution.stoDHW.heatingCoil1.pipe[3].del.x
  hydraulic.distribution.stoDHW.heatingCoil1.pipe[3].timDel.x
  hydraulic.distribution.stoDHW.heatingCoil1.pipe[3].vol_a.dynBal.U
  hydraulic.distribution.stoDHW.heatingCoil1.pipe[3].vol_b.dynBal.U
  hydraulic.distribution.stoDHW.heatingCoil1.pipe[4].del.x
  hydraulic.distribution.stoDHW.heatingCoil1.pipe[4].timDel.x
  hydraulic.distribution.stoDHW.heatingCoil1.pipe[4].vol_a.dynBal.U
  hydraulic.distribution.stoDHW.heatingCoil1.pipe[4].vol_b.dynBal.U
  hydraulic.distribution.stoDHW.heatingCoil2.pipe[1].del.x
  hydraulic.distribution.stoDHW.heatingCoil2.pipe[1].timDel.x
  hydraulic.distribution.stoDHW.heatingCoil2.pipe[1].vol_a.dynBal.U
  hydraulic.distribution.stoDHW.heatingCoil2.pipe[1].vol_b.dynBal.U
  hydraulic.distribution.stoDHW.heatingCoil2.pipe[2].del.x
  hydraulic.distribution.stoDHW.heatingCoil2.pipe[2].timDel.x
  hydraulic.distribution.stoDHW.heatingCoil2.pipe[2].vol_a.dynBal.U
  hydraulic.distribution.stoDHW.heatingCoil2.pipe[2].vol_b.dynBal.U
  hydraulic.distribution.stoDHW.heatingCoil2.pipe[3].del.x
  hydraulic.distribution.stoDHW.heatingCoil2.pipe[3].timDel.x
  hydraulic.distribution.stoDHW.heatingCoil2.pipe[3].vol_a.dynBal.U
  hydraulic.distribution.stoDHW.heatingCoil2.pipe[3].vol_b.dynBal.U
  hydraulic.distribution.stoDHW.heatingCoil2.pipe[4].del.x
  hydraulic.distribution.stoDHW.heatingCoil2.pipe[4].timDel.x
  hydraulic.distribution.stoDHW.heatingCoil2.pipe[4].vol_a.dynBal.U
  hydraulic.distribution.stoDHW.heatingCoil2.pipe[4].vol_b.dynBal.U
  hydraulic.distribution.stoDHW.layer[1].dynBal.U
  hydraulic.distribution.stoDHW.layer[2].dynBal.U
  hydraulic.distribution.stoDHW.layer[3].dynBal.U
  hydraulic.distribution.stoDHW.layer[4].dynBal.U
  hydraulic.distribution.stoDHW.storageMantle[1].Insulation.CylindricLoad1.heatCapacitor.T
  hydraulic.distribution.stoDHW.storageMantle[1].Wall.CylindricLoad1.heatCapacitor.T
  hydraulic.distribution.stoDHW.storageMantle[2].Insulation.CylindricLoad1.heatCapacitor.T
  hydraulic.distribution.stoDHW.storageMantle[2].Wall.CylindricLoad1.heatCapacitor.T
  hydraulic.distribution.stoDHW.storageMantle[3].Insulation.CylindricLoad1.heatCapacitor.T
  hydraulic.distribution.stoDHW.storageMantle[3].Wall.CylindricLoad1.heatCapacitor.T
  hydraulic.distribution.stoDHW.storageMantle[4].Insulation.CylindricLoad1.heatCapacitor.T
  hydraulic.distribution.stoDHW.storageMantle[4].Wall.CylindricLoad1.heatCapacitor.T
  hydraulic.distribution.stoDHW.topCover.loadIns.T
  hydraulic.distribution.stoDHW.topCover.loadWall.T
  hydraulic.distribution.threeWayValveWithFlowReturn.threWayValFlow.vol.dynBal.U
  hydraulic.distribution.thrWayValBoiDHW.threWayValFlow.vol.dynBal.U
  hydraulic.generation.heatPump.con.vol.dynBal.U
  hydraulic.generation.heatPump.eva.vol.dynBal.medium.Xi[1]
  hydraulic.generation.heatPump.eva.vol.dynBal.U
  hydraulic.generation.KPIHeaPum.integrator1.y
  hydraulic.generation.KPIHeaPum.integrator3.y
  hydraulic.generation.KPIQHP.integrator2.y
  hydraulic.generation.KPIWel.integrator2.y
  hydraulic.generation.pump.vol.dynBal.U
  hydraulic.generation.senTGenOut.T
  hydraulic.transfer.intKPICalHeaFlo.integrator2.y
  hydraulic.transfer.pumFixMFlo[1].vol.dynBal.U
  hydraulic.transfer.rad[1].vol[1].dynBal.U
  hydraulic.transfer.rad[1].vol[2].dynBal.U
  hydraulic.transfer.rad[1].vol[3].dynBal.U
  hydraulic.transfer.rad[1].vol[4].dynBal.U
  hydraulic.transfer.rad[1].vol[5].dynBal.U
 
Warning: Conflicting start values
The iteration variable building.weaBus.TWetBul has been selected to have the guess value 291.15.
However, the start value has been selected from a set of alias variables having conflicting start values of the same precedence.
291.15, the start value of weaDat.tWetBul_TDryBulXi.TWetBul given as 291.15.
293.15, the start value of electrical.weaBus.TWetBul given as 293.15.
Warning: WARNINGS have been issued.
Finished
 = true

    
Declaring variable: Boolean rScript ;

savelog("BESMod.Examples.HeatPumpAndBoiler.AfterBufferWithDHW.translation.log");