[
  {
    "comparison": {
      "file_name": "BESMod.Systems.Hydraulical.Components.PreconfiguredControlledMovers.PreconfiguredOptions.mat",
      "funnel_dirs": [
        null,
        null,
        null,
        null,
        null,
        null,
        null,
        null,
        null,
        null,
        null
      ],
      "success_rate": 0.0,
      "t_err_max": [
        0,
        0,
        0,
        0,
        0,
        0,
        0,
        0,
        0,
        0,
        0
      ],
      "test_passed": [
        0,
        0,
        0,
        0,
        0,
        0,
        0,
        0,
        0,
        0,
        0
      ],
      "var_groups": [
        0,
        0,
        0,
        0,
        0,
        0,
        1,
        1,
        1,
        1,
        1
      ],
      "variables": [
        "pumDPConst.m_flow_nominal",
        "pumDPConst.m_flow.y",
        "pumDPVar.m_flow.y",
        "pumDPTotal.m_flow.y",
        "pumDPVarOnOff.m_flow.y",
        "pumSpeed.dpControlled_dp1.m_flow",
        "pumDPConst.P",
        "pumDPVar.P",
        "pumDPTotal.P",
        "pumDPVarOnOff.P",
        "pumSpeed.P"
      ],
      "warnings": [
        "Translation, simulation or extracting simulation results failed. IOError while reading /tmp/tmp-BESMod-0-nnzxbjhl/BESMod/BESMod.Systems.Hydraulical.Components.PreconfiguredControlledMovers.PreconfiguredOptions.mat generated by Systems/Hydraulical/Components/PreconfiguredControlledMovers/PreconfiguredOptions.mos.\nFile /tmp/tmp-BESMod-0-nnzxbjhl/BESMod/BESMod.Systems.Hydraulical.Components.PreconfiguredControlledMovers.PreconfiguredOptions.mat does not exist.\n",
        "",
        "",
        "",
        "",
        "",
        "",
        "",
        "",
        "",
        ""
      ]
    },
    "model": "BESMod.Systems.Hydraulical.Components.PreconfiguredControlledMovers.PreconfiguredOptions",
    "simulation": {
      "elapsed_time": 0,
      "final_time": 3600,
      "jacobians": 0,
      "start_time": 0,
      "state_events": 0,
      "success": false
    }
  }
]
