[
  {
    "comparison": {
      "file_name": "BESMod.Systems.Hydraulical.Generation.Tests.DetailedSolarThermalWithHeatPump.mat",
      "funnel_dirs": [
        "funnel_comp/BESMod.Systems.Hydraulical.Generation.Tests.DetailedSolarThermalWithHeatPump.mat_genControlBus.TGenOutMea",
        "funnel_comp/BESMod.Systems.Hydraulical.Generation.Tests.DetailedSolarThermalWithHeatPump.mat_generation.TSup_nominal[1]",
        "funnel_comp/BESMod.Systems.Hydraulical.Generation.Tests.DetailedSolarThermalWithHeatPump.mat_fixedTemperature[1].port.Q_flow",
        "funnel_comp/BESMod.Systems.Hydraulical.Generation.Tests.DetailedSolarThermalWithHeatPump.mat_generation.Q_flow_design[1]",
        "funnel_comp/BESMod.Systems.Hydraulical.Generation.Tests.DetailedSolarThermalWithHeatPump.mat_pumDis[1].port_a.m_flow",
        "funnel_comp/BESMod.Systems.Hydraulical.Generation.Tests.DetailedSolarThermalWithHeatPump.mat_generation.m_flow_design[1]",
        "funnel_comp/BESMod.Systems.Hydraulical.Generation.Tests.DetailedSolarThermalWithHeatPump.mat_pumDis[2].port_a.m_flow",
        "funnel_comp/BESMod.Systems.Hydraulical.Generation.Tests.DetailedSolarThermalWithHeatPump.mat_generation.m_flow_design[2]",
        "funnel_comp/BESMod.Systems.Hydraulical.Generation.Tests.DetailedSolarThermalWithHeatPump.mat_pumDis[1].dpControlled_dp.dp_actual",
        "funnel_comp/BESMod.Systems.Hydraulical.Generation.Tests.DetailedSolarThermalWithHeatPump.mat_generation.dp_design[1]",
        "funnel_comp/BESMod.Systems.Hydraulical.Generation.Tests.DetailedSolarThermalWithHeatPump.mat_pumDis[2].dpControlled_dp.dp_actual",
        "funnel_comp/BESMod.Systems.Hydraulical.Generation.Tests.DetailedSolarThermalWithHeatPump.mat_generation.dp_design[2]"
      ],
      "success_rate": 0.5833333333333334,
      "t_err_max": [
        36.0,
        0.0,
        0.0,
        0.0,
        0.0,
        0.0,
        0.0,
        0.0,
        0.0,
        0.0,
        0.0,
        0.0
      ],
      "test_passed": [
        0,
        1,
        0,
        1,
        0,
        1,
        1,
        1,
        0,
        0,
        1,
        1
      ],
      "var_groups": [
        0,
        0,
        1,
        1,
        2,
        2,
        2,
        2,
        3,
        3,
        3,
        3
      ],
      "variables": [
        "genControlBus.TGenOutMea",
        "generation.TSup_nominal[1]",
        "fixedTemperature[1].port.Q_flow",
        "generation.Q_flow_design[1]",
        "pumDis[1].port_a.m_flow",
        "generation.m_flow_design[1]",
        "pumDis[2].port_a.m_flow",
        "generation.m_flow_design[2]",
        "pumDis[1].dpControlled_dp.dp_actual",
        "generation.dp_design[1]",
        "pumDis[2].dpControlled_dp.dp_actual",
        "generation.dp_design[2]"
      ],
      "warnings": [
        "Absolute error = 3.216e-01 at t = 36.0 for genControlBus.TGenOutMea",
        null,
        "Absolute error = 3.118e+03 at t = 0.0 for fixedTemperature[1].port.Q_flow",
        null,
        "Absolute error = 2.692e-02 for pumDis[1].port_a.m_flow",
        null,
        null,
        null,
        "Absolute error = 6.135e+02 for pumDis[1].dpControlled_dp.dp_actual",
        "Absolute error = 8.708e+02 for generation.dp_design[1]",
        null,
        null
      ]
    },
    "model": "BESMod.Systems.Hydraulical.Generation.Tests.DetailedSolarThermalWithHeatPump",
    "simulation": {
      "elapsed_time": 0.0719409,
      "final_time": 3600,
      "jacobians": 20,
      "start_time": 0,
      "state_events": 7,
      "success": true
    }
  },
  {
    "comparison": {
      "file_name": "BESMod.Systems.Hydraulical.Distribution.Tests.BuildingOnly.mat",
      "funnel_dirs": [
        "funnel_comp/BESMod.Systems.Hydraulical.Distribution.Tests.BuildingOnly.mat_resTra[1].m_flow",
        "funnel_comp/BESMod.Systems.Hydraulical.Distribution.Tests.BuildingOnly.mat_resTra[1].m_flow_nominal",
        "funnel_comp/BESMod.Systems.Hydraulical.Distribution.Tests.BuildingOnly.mat_resGen[1].m_flow",
        "funnel_comp/BESMod.Systems.Hydraulical.Distribution.Tests.BuildingOnly.mat_resGen[1].m_flow_nominal",
        "funnel_comp/BESMod.Systems.Hydraulical.Distribution.Tests.BuildingOnly.mat_distribution.pump.dpControlled_dp.dp_actual",
        "funnel_comp/BESMod.Systems.Hydraulical.Distribution.Tests.BuildingOnly.mat_distribution.pump.dpControlled_dp.dp_nominal"
      ],
      "success_rate": 1.0,
      "t_err_max": [
        0.0,
        0.0,
        0.0,
        0.0,
        0.0,
        0.0
      ],
      "test_passed": [
        1,
        1,
        1,
        1,
        1,
        1
      ],
      "var_groups": [
        0,
        0,
        0,
        0,
        1,
        1
      ],
      "variables": [
        "resTra[1].m_flow",
        "resTra[1].m_flow_nominal",
        "resGen[1].m_flow",
        "resGen[1].m_flow_nominal",
        "distribution.pump.dpControlled_dp.dp_actual",
        "distribution.pump.dpControlled_dp.dp_nominal"
      ],
      "warnings": [
        null,
        null,
        null,
        null,
        null,
        null
      ]
    },
    "model": "BESMod.Systems.Hydraulical.Distribution.Tests.BuildingOnly",
    "simulation": {
      "elapsed_time": 0.00491285,
      "final_time": 3600,
      "jacobians": 12,
      "start_time": 0,
      "state_events": 5,
      "success": true
    }
  },
  {
    "comparison": {
      "file_name": "BESMod.Systems.Hydraulical.Generation.Tests.HeatPumpAndGasBoilerSeries.mat",
      "funnel_dirs": [
        "funnel_comp/BESMod.Systems.Hydraulical.Generation.Tests.HeatPumpAndGasBoilerSeries.mat_genControlBus.TGenOutMea",
        "funnel_comp/BESMod.Systems.Hydraulical.Generation.Tests.HeatPumpAndGasBoilerSeries.mat_generation.TSup_nominal[1]",
        "funnel_comp/BESMod.Systems.Hydraulical.Generation.Tests.HeatPumpAndGasBoilerSeries.mat_fixedTemperature[1].port.Q_flow",
        "funnel_comp/BESMod.Systems.Hydraulical.Generation.Tests.HeatPumpAndGasBoilerSeries.mat_generation.Q_flow_design[1]",
        "funnel_comp/BESMod.Systems.Hydraulical.Generation.Tests.HeatPumpAndGasBoilerSeries.mat_pumDis[1].port_a.m_flow",
        "funnel_comp/BESMod.Systems.Hydraulical.Generation.Tests.HeatPumpAndGasBoilerSeries.mat_generation.m_flow_design[1]",
        "funnel_comp/BESMod.Systems.Hydraulical.Generation.Tests.HeatPumpAndGasBoilerSeries.mat_pumDis[1].dpControlled_dp.dp_actual",
        "funnel_comp/BESMod.Systems.Hydraulical.Generation.Tests.HeatPumpAndGasBoilerSeries.mat_generation.dp_design[1]"
      ],
      "success_rate": 0.75,
      "t_err_max": [
        0.0,
        0.0,
        0.0,
        0.0,
        0.0,
        0.0,
        0.0,
        0.0
      ],
      "test_passed": [
        1,
        1,
        1,
        1,
        1,
        1,
        0,
        0
      ],
      "var_groups": [
        0,
        0,
        1,
        1,
        2,
        2,
        3,
        3
      ],
      "variables": [
        "genControlBus.TGenOutMea",
        "generation.TSup_nominal[1]",
        "fixedTemperature[1].port.Q_flow",
        "generation.Q_flow_design[1]",
        "pumDis[1].port_a.m_flow",
        "generation.m_flow_design[1]",
        "pumDis[1].dpControlled_dp.dp_actual",
        "generation.dp_design[1]"
      ],
      "warnings": [
        null,
        null,
        null,
        null,
        null,
        null,
        "Absolute error = 4.651e+02 for pumDis[1].dpControlled_dp.dp_actual",
        "Absolute error = 4.651e+02 for generation.dp_design[1]"
      ]
    },
    "model": "BESMod.Systems.Hydraulical.Generation.Tests.HeatPumpAndGasBoilerSeries",
    "simulation": {
      "elapsed_time": 0.0102818,
      "final_time": 3600,
      "jacobians": 18,
      "start_time": 0,
      "state_events": 7,
      "success": true
    }
  },
  {
    "comparison": {
      "file_name": "BESMod.Systems.Hydraulical.Distribution.Tests.CombiStorage.mat",
      "funnel_dirs": [
        "funnel_comp/BESMod.Systems.Hydraulical.Distribution.Tests.CombiStorage.mat_resTra[1].m_flow",
        "funnel_comp/BESMod.Systems.Hydraulical.Distribution.Tests.CombiStorage.mat_resTra[1].m_flow_nominal",
        "funnel_comp/BESMod.Systems.Hydraulical.Distribution.Tests.CombiStorage.mat_resGen[1].m_flow",
        "funnel_comp/BESMod.Systems.Hydraulical.Distribution.Tests.CombiStorage.mat_resGen[1].m_flow_nominal",
        "funnel_comp/BESMod.Systems.Hydraulical.Distribution.Tests.CombiStorage.mat_resGen[2].m_flow",
        "funnel_comp/BESMod.Systems.Hydraulical.Distribution.Tests.CombiStorage.mat_resGen[2].m_flow_nominal",
        "funnel_comp/BESMod.Systems.Hydraulical.Distribution.Tests.CombiStorage.mat_distribution.pumTra.dpControlled_dp.dp_actual",
        "funnel_comp/BESMod.Systems.Hydraulical.Distribution.Tests.CombiStorage.mat_distribution.pumTra.dpControlled_dp.dp_nominal",
        "funnel_comp/BESMod.Systems.Hydraulical.Distribution.Tests.CombiStorage.mat_distribution.pumGen.dpControlled_dp.dp_actual",
        "funnel_comp/BESMod.Systems.Hydraulical.Distribution.Tests.CombiStorage.mat_distribution.pumGen.dpControlled_dp.dp_nominal",
        "funnel_comp/BESMod.Systems.Hydraulical.Distribution.Tests.CombiStorage.mat_distribution.pumGenSec.dpControlled_dp.dp_actual",
        "funnel_comp/BESMod.Systems.Hydraulical.Distribution.Tests.CombiStorage.mat_distribution.pumGenSec.dpControlled_dp.dp_nominal",
        "funnel_comp/BESMod.Systems.Hydraulical.Distribution.Tests.CombiStorage.mat_fixTSup[1].T",
        "funnel_comp/BESMod.Systems.Hydraulical.Distribution.Tests.CombiStorage.mat_sigBusDistr.TStoBufTopMea"
      ],
      "success_rate": 1.0,
      "t_err_max": [
        0.0,
        0.0,
        0.0,
        0.0,
        0.0,
        0.0,
        0.0,
        0.0,
        0.0,
        0.0,
        0.0,
        0.0,
        0.0,
        0.0
      ],
      "test_passed": [
        1,
        1,
        1,
        1,
        1,
        1,
        1,
        1,
        1,
        1,
        1,
        1,
        1,
        1
      ],
      "var_groups": [
        0,
        0,
        0,
        0,
        0,
        0,
        1,
        1,
        1,
        1,
        1,
        1,
        2,
        2
      ],
      "variables": [
        "resTra[1].m_flow",
        "resTra[1].m_flow_nominal",
        "resGen[1].m_flow",
        "resGen[1].m_flow_nominal",
        "resGen[2].m_flow",
        "resGen[2].m_flow_nominal",
        "distribution.pumTra.dpControlled_dp.dp_actual",
        "distribution.pumTra.dpControlled_dp.dp_nominal",
        "distribution.pumGen.dpControlled_dp.dp_actual",
        "distribution.pumGen.dpControlled_dp.dp_nominal",
        "distribution.pumGenSec.dpControlled_dp.dp_actual",
        "distribution.pumGenSec.dpControlled_dp.dp_nominal",
        "fixTSup[1].T",
        "sigBusDistr.TStoBufTopMea"
      ],
      "warnings": [
        null,
        null,
        null,
        null,
        null,
        null,
        null,
        null,
        null,
        null,
        null,
        null,
        null,
        null
      ]
    },
    "model": "BESMod.Systems.Hydraulical.Distribution.Tests.CombiStorage",
    "simulation": {
      "elapsed_time": 0.811039,
      "final_time": 3600,
      "jacobians": 37,
      "start_time": 0,
      "state_events": 5,
      "success": true
    }
  },
  {
    "comparison": {
      "file_name": "BESMod.Systems.Hydraulical.Transfer.Tests.TestPressureBasedSystem.mat",
      "funnel_dirs": [
        "funnel_comp/BESMod.Systems.Hydraulical.Transfer.Tests.TestPressureBasedSystem.mat_Q_flow[1].y",
        "funnel_comp/BESMod.Systems.Hydraulical.Transfer.Tests.TestPressureBasedSystem.mat_transfer.Q_flow_design[1]",
        "funnel_comp/BESMod.Systems.Hydraulical.Transfer.Tests.TestPressureBasedSystem.mat_pumDis[1].port_a.m_flow",
        "funnel_comp/BESMod.Systems.Hydraulical.Transfer.Tests.TestPressureBasedSystem.mat_transfer.mSup_flow_design[1]",
        "funnel_comp/BESMod.Systems.Hydraulical.Transfer.Tests.TestPressureBasedSystem.mat_pumDis[1].dpControlled_dp.dp_actual",
        "funnel_comp/BESMod.Systems.Hydraulical.Transfer.Tests.TestPressureBasedSystem.mat_transfer.dpSup_design[1]"
      ],
      "success_rate": 0.5,
      "t_err_max": [
        720.0,
        0.0,
        0.0,
        0.0,
        480.0,
        0.0
      ],
      "test_passed": [
        0,
        1,
        1,
        1,
        0,
        0
      ],
      "var_groups": [
        0,
        0,
        1,
        1,
        2,
        2
      ],
      "variables": [
        "Q_flow[1].y",
        "transfer.Q_flow_design[1]",
        "pumDis[1].port_a.m_flow",
        "transfer.mSup_flow_design[1]",
        "pumDis[1].dpControlled_dp.dp_actual",
        "transfer.dpSup_design[1]"
      ],
      "warnings": [
        "Absolute error = 4.480e+02 at t = 720.0 for Q_flow[1].y",
        null,
        null,
        null,
        "Absolute error = 1.119e+02 at t = 480.0 for pumDis[1].dpControlled_dp.dp_actual",
        "Absolute error = 1.119e+02 for transfer.dpSup_design[1]"
      ]
    },
    "model": "BESMod.Systems.Hydraulical.Transfer.Tests.TestPressureBasedSystem",
    "simulation": {
      "elapsed_time": 0.00558805,
      "final_time": 12000,
      "jacobians": 5,
      "start_time": 0,
      "state_events": 0,
      "success": true
    }
  },
  {
    "comparison": {
      "file_name": "BESMod.Systems.Hydraulical.Transfer.Tests.TestIdealValveRadiatorSystem.mat",
      "funnel_dirs": [
        "funnel_comp/BESMod.Systems.Hydraulical.Transfer.Tests.TestIdealValveRadiatorSystem.mat_Q_flow[1].y",
        "funnel_comp/BESMod.Systems.Hydraulical.Transfer.Tests.TestIdealValveRadiatorSystem.mat_transfer.Q_flow_design[1]",
        "funnel_comp/BESMod.Systems.Hydraulical.Transfer.Tests.TestIdealValveRadiatorSystem.mat_pumDis[1].port_a.m_flow",
        "funnel_comp/BESMod.Systems.Hydraulical.Transfer.Tests.TestIdealValveRadiatorSystem.mat_transfer.mSup_flow_design[1]",
        "funnel_comp/BESMod.Systems.Hydraulical.Transfer.Tests.TestIdealValveRadiatorSystem.mat_pumDis[1].dpControlled_dp.dp_actual",
        "funnel_comp/BESMod.Systems.Hydraulical.Transfer.Tests.TestIdealValveRadiatorSystem.mat_transfer.dpSup_design[1]"
      ],
      "success_rate": 1.0,
      "t_err_max": [
        0.0,
        0.0,
        0.0,
        0.0,
        0.0,
        0.0
      ],
      "test_passed": [
        1,
        1,
        1,
        1,
        1,
        1
      ],
      "var_groups": [
        0,
        0,
        1,
        1,
        2,
        2
      ],
      "variables": [
        "Q_flow[1].y",
        "transfer.Q_flow_design[1]",
        "pumDis[1].port_a.m_flow",
        "transfer.mSup_flow_design[1]",
        "pumDis[1].dpControlled_dp.dp_actual",
        "transfer.dpSup_design[1]"
      ],
      "warnings": [
        null,
        null,
        null,
        null,
        null,
        null
      ]
    },
    "model": "BESMod.Systems.Hydraulical.Transfer.Tests.TestIdealValveRadiatorSystem",
    "simulation": {
      "elapsed_time": 0.0139101,
      "final_time": 12000,
      "jacobians": 7,
      "start_time": 0,
      "state_events": 0,
      "success": true
    }
  },
  {
    "comparison": {
      "file_name": "BESMod.Systems.Hydraulical.Distribution.Tests.TwoStoragesBoilerWithDHW.mat",
      "funnel_dirs": [
        null,
        null,
        null,
        null,
        null,
        null,
        null,
        null,
        null,
        null,
        null,
        null
      ],
      "success_rate": 0.0,
      "t_err_max": [
        0,
        0,
        0,
        0,
        0,
        0,
        0,
        0,
        0,
        0,
        0,
        0
      ],
      "test_passed": [
        0,
        0,
        0,
        0,
        0,
        0,
        0,
        0,
        0,
        0,
        0,
        0
      ],
      "var_groups": [
        0,
        0,
        0,
        0,
        0,
        0,
        1,
        1,
        1,
        1,
        2,
        2
      ],
      "variables": [
        "resTra[1].m_flow",
        "resTra[1].m_flow_nominal",
        "resGen[1].m_flow",
        "resGen[1].m_flow_nominal",
        "distribution.pumBoi.m_flow",
        "distribution.mBoi_flow_nominal",
        "distribution.pumTra.dpControlled_dp.dp_actual",
        "distribution.pumTra.dpControlled_dp.dp_nominal",
        "distribution.pumGen.dpControlled_dp.dp_actual",
        "distribution.pumGen.dpControlled_dp.dp_nominal",
        "fixTSup[1].T",
        "sigBusDistr.TBuiSupMea"
      ],
      "warnings": [
        "Translation, simulation or extracting simulation results failed. Systems/Hydraulical/Distribution/Tests/TwoStoragesBoilerWithDHW.mos uses distribution.pumBoi.m_flow which does not exist in BESMod.Systems.Hydraulical.Distribution.Tests.TwoStoragesBoilerWithDHW.mat.\n",
        "",
        "",
        "",
        "",
        "",
        "",
        "",
        "",
        "",
        "",
        ""
      ]
    },
    "model": "BESMod.Systems.Hydraulical.Distribution.Tests.TwoStoragesBoilerWithDHW",
    "simulation": {
      "elapsed_time": 0.303037,
      "final_time": 3600,
      "jacobians": 41,
      "start_time": 0,
      "state_events": 5,
      "success": true
    }
  },
  {
    "comparison": {
      "file_name": "BESMod.Systems.Hydraulical.Distribution.Tests.TwoStoDetailedDirectLoading.mat",
      "funnel_dirs": [
        "funnel_comp/BESMod.Systems.Hydraulical.Distribution.Tests.TwoStoDetailedDirectLoading.mat_resTra[1].m_flow",
        "funnel_comp/BESMod.Systems.Hydraulical.Distribution.Tests.TwoStoDetailedDirectLoading.mat_resTra[1].m_flow_nominal",
        "funnel_comp/BESMod.Systems.Hydraulical.Distribution.Tests.TwoStoDetailedDirectLoading.mat_resGen[1].m_flow",
        "funnel_comp/BESMod.Systems.Hydraulical.Distribution.Tests.TwoStoDetailedDirectLoading.mat_resGen[1].m_flow_nominal",
        "funnel_comp/BESMod.Systems.Hydraulical.Distribution.Tests.TwoStoDetailedDirectLoading.mat_distribution.pumTra.dpControlled_dp.dp_actual",
        "funnel_comp/BESMod.Systems.Hydraulical.Distribution.Tests.TwoStoDetailedDirectLoading.mat_distribution.pumTra.dpControlled_dp.dp_nominal",
        "funnel_comp/BESMod.Systems.Hydraulical.Distribution.Tests.TwoStoDetailedDirectLoading.mat_distribution.pumGen.dpControlled_dp.dp_actual",
        "funnel_comp/BESMod.Systems.Hydraulical.Distribution.Tests.TwoStoDetailedDirectLoading.mat_distribution.pumGen.dpControlled_dp.dp_nominal",
        "funnel_comp/BESMod.Systems.Hydraulical.Distribution.Tests.TwoStoDetailedDirectLoading.mat_fixTSup[1].T",
        "funnel_comp/BESMod.Systems.Hydraulical.Distribution.Tests.TwoStoDetailedDirectLoading.mat_distribution.senTBuiSup.T"
      ],
      "success_rate": 0.8,
      "t_err_max": [
        0.0,
        0.0,
        0.0,
        0.0,
        0.0,
        0.0,
        0.0,
        0.0,
        0.0,
        0.0
      ],
      "test_passed": [
        1,
        1,
        1,
        1,
        1,
        1,
        0,
        0,
        1,
        1
      ],
      "var_groups": [
        0,
        0,
        0,
        0,
        1,
        1,
        1,
        1,
        2,
        2
      ],
      "variables": [
        "resTra[1].m_flow",
        "resTra[1].m_flow_nominal",
        "resGen[1].m_flow",
        "resGen[1].m_flow_nominal",
        "distribution.pumTra.dpControlled_dp.dp_actual",
        "distribution.pumTra.dpControlled_dp.dp_nominal",
        "distribution.pumGen.dpControlled_dp.dp_actual",
        "distribution.pumGen.dpControlled_dp.dp_nominal",
        "fixTSup[1].T",
        "distribution.senTBuiSup.T"
      ],
      "warnings": [
        null,
        null,
        null,
        null,
        null,
        null,
        "Absolute error = 1.111e+03 at t = 0.0 for distribution.pumGen.dpControlled_dp.dp_actual",
        "Absolute error = 1.111e+03 for distribution.pumGen.dpControlled_dp.dp_nominal",
        null,
        null
      ]
    },
    "model": "BESMod.Systems.Hydraulical.Distribution.Tests.TwoStoDetailedDirectLoading",
    "simulation": {
      "elapsed_time": 0.0944519,
      "final_time": 3600,
      "jacobians": 21,
      "start_time": 0,
      "state_events": 5,
      "success": true
    }
  },
  {
    "comparison": {
      "file_name": "BESMod.Systems.Hydraulical.Generation.Tests.HeatPumpAndElectricHeater.mat",
      "funnel_dirs": [
        "funnel_comp/BESMod.Systems.Hydraulical.Generation.Tests.HeatPumpAndElectricHeater.mat_genControlBus.TGenOutMea",
        "funnel_comp/BESMod.Systems.Hydraulical.Generation.Tests.HeatPumpAndElectricHeater.mat_generation.TSup_nominal[1]",
        "funnel_comp/BESMod.Systems.Hydraulical.Generation.Tests.HeatPumpAndElectricHeater.mat_fixedTemperature[1].port.Q_flow",
        "funnel_comp/BESMod.Systems.Hydraulical.Generation.Tests.HeatPumpAndElectricHeater.mat_generation.Q_flow_design[1]",
        "funnel_comp/BESMod.Systems.Hydraulical.Generation.Tests.HeatPumpAndElectricHeater.mat_pumDis[1].port_a.m_flow",
        "funnel_comp/BESMod.Systems.Hydraulical.Generation.Tests.HeatPumpAndElectricHeater.mat_generation.m_flow_design[1]",
        "funnel_comp/BESMod.Systems.Hydraulical.Generation.Tests.HeatPumpAndElectricHeater.mat_pumDis[1].dpControlled_dp.dp_actual",
        "funnel_comp/BESMod.Systems.Hydraulical.Generation.Tests.HeatPumpAndElectricHeater.mat_generation.dp_design[1]"
      ],
      "success_rate": 0.75,
      "t_err_max": [
        0.0,
        0.0,
        0.0,
        0.0,
        0.0,
        0.0,
        0.0,
        0.0
      ],
      "test_passed": [
        1,
        1,
        1,
        1,
        1,
        1,
        0,
        0
      ],
      "var_groups": [
        0,
        0,
        1,
        1,
        2,
        2,
        3,
        3
      ],
      "variables": [
        "genControlBus.TGenOutMea",
        "generation.TSup_nominal[1]",
        "fixedTemperature[1].port.Q_flow",
        "generation.Q_flow_design[1]",
        "pumDis[1].port_a.m_flow",
        "generation.m_flow_design[1]",
        "pumDis[1].dpControlled_dp.dp_actual",
        "generation.dp_design[1]"
      ],
      "warnings": [
        null,
        null,
        null,
        null,
        null,
        null,
        "Absolute error = 1.208e+02 for pumDis[1].dpControlled_dp.dp_actual",
        "Absolute error = 1.208e+02 for generation.dp_design[1]"
      ]
    },
    "model": "BESMod.Systems.Hydraulical.Generation.Tests.HeatPumpAndElectricHeater",
    "simulation": {
      "elapsed_time": 0.0723209,
      "final_time": 3600,
      "jacobians": 21,
      "start_time": 0,
      "state_events": 7,
      "success": true
    }
  },
  {
    "comparison": {
      "file_name": "BESMod.Systems.Hydraulical.Generation.Tests.GasBoiler.mat",
      "funnel_dirs": [
        "funnel_comp/BESMod.Systems.Hydraulical.Generation.Tests.GasBoiler.mat_genControlBus.TBoiOut",
        "funnel_comp/BESMod.Systems.Hydraulical.Generation.Tests.GasBoiler.mat_generation.TSup_nominal[1]",
        "funnel_comp/BESMod.Systems.Hydraulical.Generation.Tests.GasBoiler.mat_fixedTemperature[1].port.Q_flow",
        "funnel_comp/BESMod.Systems.Hydraulical.Generation.Tests.GasBoiler.mat_generation.Q_flow_design[1]",
        "funnel_comp/BESMod.Systems.Hydraulical.Generation.Tests.GasBoiler.mat_pumDis[1].port_a.m_flow",
        "funnel_comp/BESMod.Systems.Hydraulical.Generation.Tests.GasBoiler.mat_generation.m_flow_design[1]",
        "funnel_comp/BESMod.Systems.Hydraulical.Generation.Tests.GasBoiler.mat_pumDis[1].dpControlled_dp.dp_actual",
        "funnel_comp/BESMod.Systems.Hydraulical.Generation.Tests.GasBoiler.mat_generation.dp_design[1]"
      ],
      "success_rate": 1.0,
      "t_err_max": [
        0.0,
        0.0,
        0.0,
        0.0,
        0.0,
        0.0,
        0.0,
        0.0
      ],
      "test_passed": [
        1,
        1,
        1,
        1,
        1,
        1,
        1,
        1
      ],
      "var_groups": [
        0,
        0,
        1,
        1,
        2,
        2,
        3,
        3
      ],
      "variables": [
        "genControlBus.TBoiOut",
        "generation.TSup_nominal[1]",
        "fixedTemperature[1].port.Q_flow",
        "generation.Q_flow_design[1]",
        "pumDis[1].port_a.m_flow",
        "generation.m_flow_design[1]",
        "pumDis[1].dpControlled_dp.dp_actual",
        "generation.dp_design[1]"
      ],
      "warnings": [
        null,
        null,
        null,
        null,
        null,
        null,
        null,
        null
      ]
    },
    "model": "BESMod.Systems.Hydraulical.Generation.Tests.GasBoiler",
    "simulation": {
      "elapsed_time": 0.00819707,
      "final_time": 3600,
      "jacobians": 25,
      "start_time": 0,
      "state_events": 5,
      "success": true
    }
  },
  {
    "comparison": {
      "file_name": "BESMod.Systems.Hydraulical.Transfer.Tests.TestPressureBasedSystemWithReliefValve.mat",
      "funnel_dirs": [
        "funnel_comp/BESMod.Systems.Hydraulical.Transfer.Tests.TestPressureBasedSystemWithReliefValve.mat_Q_flow[1].y",
        "funnel_comp/BESMod.Systems.Hydraulical.Transfer.Tests.TestPressureBasedSystemWithReliefValve.mat_transfer.Q_flow_design[1]",
        "funnel_comp/BESMod.Systems.Hydraulical.Transfer.Tests.TestPressureBasedSystemWithReliefValve.mat_pumDis[1].port_a.m_flow",
        "funnel_comp/BESMod.Systems.Hydraulical.Transfer.Tests.TestPressureBasedSystemWithReliefValve.mat_transfer.mSup_flow_design[1]",
        "funnel_comp/BESMod.Systems.Hydraulical.Transfer.Tests.TestPressureBasedSystemWithReliefValve.mat_pumDis[1].dpControlled_dp.dp_actual",
        "funnel_comp/BESMod.Systems.Hydraulical.Transfer.Tests.TestPressureBasedSystemWithReliefValve.mat_transfer.dpSup_design[1]"
      ],
      "success_rate": 0.5,
      "t_err_max": [
        720.0,
        0.0,
        0.0,
        0.0,
        120.0,
        0.0
      ],
      "test_passed": [
        0,
        1,
        1,
        1,
        0,
        0
      ],
      "var_groups": [
        0,
        0,
        1,
        1,
        2,
        2
      ],
      "variables": [
        "Q_flow[1].y",
        "transfer.Q_flow_design[1]",
        "pumDis[1].port_a.m_flow",
        "transfer.mSup_flow_design[1]",
        "pumDis[1].dpControlled_dp.dp_actual",
        "transfer.dpSup_design[1]"
      ],
      "warnings": [
        "Absolute error = 4.058e+02 at t = 720.0 for Q_flow[1].y",
        null,
        null,
        null,
        "Absolute error = 1.273e+02 at t = 120.0 for pumDis[1].dpControlled_dp.dp_actual",
        "Absolute error = 1.119e+02 for transfer.dpSup_design[1]"
      ]
    },
    "model": "BESMod.Systems.Hydraulical.Transfer.Tests.TestPressureBasedSystemWithReliefValve",
    "simulation": {
      "elapsed_time": 0.00900507,
      "final_time": 12000,
      "jacobians": 14,
      "start_time": 0,
      "state_events": 1,
      "success": true
    }
  },
  {
    "comparison": {
      "file_name": "BESMod.Systems.Hydraulical.Generation.Tests.ElectricalHeater.mat",
      "funnel_dirs": [
        "funnel_comp/BESMod.Systems.Hydraulical.Generation.Tests.ElectricalHeater.mat_genControlBus.TGenOutMea",
        "funnel_comp/BESMod.Systems.Hydraulical.Generation.Tests.ElectricalHeater.mat_generation.TSup_nominal[1]",
        "funnel_comp/BESMod.Systems.Hydraulical.Generation.Tests.ElectricalHeater.mat_fixedTemperature[1].port.Q_flow",
        "funnel_comp/BESMod.Systems.Hydraulical.Generation.Tests.ElectricalHeater.mat_generation.Q_flow_design[1]",
        "funnel_comp/BESMod.Systems.Hydraulical.Generation.Tests.ElectricalHeater.mat_pumDis[1].port_a.m_flow",
        "funnel_comp/BESMod.Systems.Hydraulical.Generation.Tests.ElectricalHeater.mat_generation.m_flow_design[1]",
        "funnel_comp/BESMod.Systems.Hydraulical.Generation.Tests.ElectricalHeater.mat_pumDis[1].dpControlled_dp.dp_actual",
        "funnel_comp/BESMod.Systems.Hydraulical.Generation.Tests.ElectricalHeater.mat_generation.dp_design[1]"
      ],
      "success_rate": 1.0,
      "t_err_max": [
        0.0,
        0.0,
        0.0,
        0.0,
        0.0,
        0.0,
        0.0,
        0.0
      ],
      "test_passed": [
        1,
        1,
        1,
        1,
        1,
        1,
        1,
        1
      ],
      "var_groups": [
        0,
        0,
        1,
        1,
        2,
        2,
        3,
        3
      ],
      "variables": [
        "genControlBus.TGenOutMea",
        "generation.TSup_nominal[1]",
        "fixedTemperature[1].port.Q_flow",
        "generation.Q_flow_design[1]",
        "pumDis[1].port_a.m_flow",
        "generation.m_flow_design[1]",
        "pumDis[1].dpControlled_dp.dp_actual",
        "generation.dp_design[1]"
      ],
      "warnings": [
        null,
        null,
        null,
        null,
        null,
        null,
        null,
        null
      ]
    },
    "model": "BESMod.Systems.Hydraulical.Generation.Tests.ElectricalHeater",
    "simulation": {
      "elapsed_time": 0.011358,
      "final_time": 3600,
      "jacobians": 24,
      "start_time": 0,
      "state_events": 5,
      "success": true
    }
  },
  {
    "comparison": {
      "file_name": "BESMod.Systems.Hydraulical.Distribution.Tests.SimpleTwoStorageParallel.mat",
      "funnel_dirs": [
        "funnel_comp/BESMod.Systems.Hydraulical.Distribution.Tests.SimpleTwoStorageParallel.mat_resTra[1].m_flow",
        "funnel_comp/BESMod.Systems.Hydraulical.Distribution.Tests.SimpleTwoStorageParallel.mat_resTra[1].m_flow_nominal",
        "funnel_comp/BESMod.Systems.Hydraulical.Distribution.Tests.SimpleTwoStorageParallel.mat_resGen[1].m_flow",
        "funnel_comp/BESMod.Systems.Hydraulical.Distribution.Tests.SimpleTwoStorageParallel.mat_resGen[1].m_flow_nominal",
        "funnel_comp/BESMod.Systems.Hydraulical.Distribution.Tests.SimpleTwoStorageParallel.mat_distribution.pumTra.dpControlled_dp.dp_actual",
        "funnel_comp/BESMod.Systems.Hydraulical.Distribution.Tests.SimpleTwoStorageParallel.mat_distribution.pumTra.dpControlled_dp.dp_nominal",
        "funnel_comp/BESMod.Systems.Hydraulical.Distribution.Tests.SimpleTwoStorageParallel.mat_distribution.pumGen.dpControlled_dp.dp_actual",
        "funnel_comp/BESMod.Systems.Hydraulical.Distribution.Tests.SimpleTwoStorageParallel.mat_distribution.pumGen.dpControlled_dp.dp_nominal",
        "funnel_comp/BESMod.Systems.Hydraulical.Distribution.Tests.SimpleTwoStorageParallel.mat_fixTSup[1].T",
        "funnel_comp/BESMod.Systems.Hydraulical.Distribution.Tests.SimpleTwoStorageParallel.mat_sigBusDistr.TStoBufTopMea"
      ],
      "success_rate": 1.0,
      "t_err_max": [
        0.0,
        0.0,
        0.0,
        0.0,
        0.0,
        0.0,
        0.0,
        0.0,
        0.0,
        0.0
      ],
      "test_passed": [
        1,
        1,
        1,
        1,
        1,
        1,
        1,
        1,
        1,
        1
      ],
      "var_groups": [
        0,
        0,
        0,
        0,
        1,
        1,
        1,
        1,
        2,
        2
      ],
      "variables": [
        "resTra[1].m_flow",
        "resTra[1].m_flow_nominal",
        "resGen[1].m_flow",
        "resGen[1].m_flow_nominal",
        "distribution.pumTra.dpControlled_dp.dp_actual",
        "distribution.pumTra.dpControlled_dp.dp_nominal",
        "distribution.pumGen.dpControlled_dp.dp_actual",
        "distribution.pumGen.dpControlled_dp.dp_nominal",
        "fixTSup[1].T",
        "sigBusDistr.TStoBufTopMea"
      ],
      "warnings": [
        null,
        null,
        null,
        null,
        null,
        null,
        null,
        null,
        null,
        null
      ]
    },
    "model": "BESMod.Systems.Hydraulical.Distribution.Tests.SimpleTwoStorageParallel",
    "simulation": {
      "elapsed_time": 0.0814059,
      "final_time": 3600,
      "jacobians": 29,
      "start_time": 0,
      "state_events": 15,
      "success": true
    }
  },
  {
    "comparison": {
      "file_name": "BESMod.Systems.Hydraulical.Generation.Tests.SimpleSolarThermalWithHeatPump.mat",
      "funnel_dirs": [
        "funnel_comp/BESMod.Systems.Hydraulical.Generation.Tests.SimpleSolarThermalWithHeatPump.mat_genControlBus.TGenOutMea",
        "funnel_comp/BESMod.Systems.Hydraulical.Generation.Tests.SimpleSolarThermalWithHeatPump.mat_generation.TSup_nominal[1]",
        "funnel_comp/BESMod.Systems.Hydraulical.Generation.Tests.SimpleSolarThermalWithHeatPump.mat_fixedTemperature[1].port.Q_flow",
        "funnel_comp/BESMod.Systems.Hydraulical.Generation.Tests.SimpleSolarThermalWithHeatPump.mat_generation.Q_flow_design[1]",
        "funnel_comp/BESMod.Systems.Hydraulical.Generation.Tests.SimpleSolarThermalWithHeatPump.mat_pumDis[1].port_a.m_flow",
        "funnel_comp/BESMod.Systems.Hydraulical.Generation.Tests.SimpleSolarThermalWithHeatPump.mat_generation.m_flow_design[1]",
        "funnel_comp/BESMod.Systems.Hydraulical.Generation.Tests.SimpleSolarThermalWithHeatPump.mat_pumDis[2].port_a.m_flow",
        "funnel_comp/BESMod.Systems.Hydraulical.Generation.Tests.SimpleSolarThermalWithHeatPump.mat_generation.m_flow_design[2]",
        "funnel_comp/BESMod.Systems.Hydraulical.Generation.Tests.SimpleSolarThermalWithHeatPump.mat_pumDis[1].dpControlled_dp.dp_actual",
        "funnel_comp/BESMod.Systems.Hydraulical.Generation.Tests.SimpleSolarThermalWithHeatPump.mat_generation.dp_design[1]",
        "funnel_comp/BESMod.Systems.Hydraulical.Generation.Tests.SimpleSolarThermalWithHeatPump.mat_pumDis[2].dpControlled_dp.dp_actual",
        "funnel_comp/BESMod.Systems.Hydraulical.Generation.Tests.SimpleSolarThermalWithHeatPump.mat_generation.dp_design[2]"
      ],
      "success_rate": 0.5833333333333334,
      "t_err_max": [
        36.0,
        0.0,
        0.0,
        0.0,
        0.0,
        0.0,
        0.0,
        0.0,
        0.0,
        0.0,
        0.0,
        0.0
      ],
      "test_passed": [
        0,
        1,
        0,
        1,
        0,
        1,
        1,
        1,
        0,
        0,
        1,
        1
      ],
      "var_groups": [
        0,
        0,
        1,
        1,
        2,
        2,
        2,
        2,
        3,
        3,
        3,
        3
      ],
      "variables": [
        "genControlBus.TGenOutMea",
        "generation.TSup_nominal[1]",
        "fixedTemperature[1].port.Q_flow",
        "generation.Q_flow_design[1]",
        "pumDis[1].port_a.m_flow",
        "generation.m_flow_design[1]",
        "pumDis[2].port_a.m_flow",
        "generation.m_flow_design[2]",
        "pumDis[1].dpControlled_dp.dp_actual",
        "generation.dp_design[1]",
        "pumDis[2].dpControlled_dp.dp_actual",
        "generation.dp_design[2]"
      ],
      "warnings": [
        "Absolute error = 3.215e-01 at t = 36.0 for genControlBus.TGenOutMea",
        null,
        "Absolute error = 3.118e+03 at t = 0.0 for fixedTemperature[1].port.Q_flow",
        null,
        "Absolute error = 2.692e-02 for pumDis[1].port_a.m_flow",
        null,
        null,
        null,
        "Absolute error = 6.135e+02 for pumDis[1].dpControlled_dp.dp_actual",
        "Absolute error = 8.708e+02 for generation.dp_design[1]",
        null,
        null
      ]
    },
    "model": "BESMod.Systems.Hydraulical.Generation.Tests.SimpleSolarThermalWithHeatPump",
    "simulation": {
      "elapsed_time": 0.0105119,
      "final_time": 3600,
      "jacobians": 21,
      "start_time": 0,
      "state_events": 7,
      "success": true
    }
  },
  {
    "comparison": {
      "file_name": "BESMod.Systems.Hydraulical.Components.PreconfiguredControlledMovers.PreconfiguredOptions.mat",
      "funnel_dirs": [
        "funnel_comp/BESMod.Systems.Hydraulical.Components.PreconfiguredControlledMovers.PreconfiguredOptions.mat_pumDPConst.m_flow_nominal",
        "funnel_comp/BESMod.Systems.Hydraulical.Components.PreconfiguredControlledMovers.PreconfiguredOptions.mat_pumDPConst.port_a.m_flow",
        "funnel_comp/BESMod.Systems.Hydraulical.Components.PreconfiguredControlledMovers.PreconfiguredOptions.mat_pumDPVar.port_a.m_flow",
        "funnel_comp/BESMod.Systems.Hydraulical.Components.PreconfiguredControlledMovers.PreconfiguredOptions.mat_pumDPTotal.port_a.m_flow",
        "funnel_comp/BESMod.Systems.Hydraulical.Components.PreconfiguredControlledMovers.PreconfiguredOptions.mat_pumDPVarOnOff.port_a.m_flow",
        "funnel_comp/BESMod.Systems.Hydraulical.Components.PreconfiguredControlledMovers.PreconfiguredOptions.mat_pumSpeed.speedControlled_y.m_flow",
        "funnel_comp/BESMod.Systems.Hydraulical.Components.PreconfiguredControlledMovers.PreconfiguredOptions.mat_pumDPConst.P",
        "funnel_comp/BESMod.Systems.Hydraulical.Components.PreconfiguredControlledMovers.PreconfiguredOptions.mat_pumDPVar.P",
        "funnel_comp/BESMod.Systems.Hydraulical.Components.PreconfiguredControlledMovers.PreconfiguredOptions.mat_pumDPTotal.P",
        "funnel_comp/BESMod.Systems.Hydraulical.Components.PreconfiguredControlledMovers.PreconfiguredOptions.mat_pumDPVarOnOff.P",
        "funnel_comp/BESMod.Systems.Hydraulical.Components.PreconfiguredControlledMovers.PreconfiguredOptions.mat_pumSpeed.P"
      ],
      "success_rate": 1.0,
      "t_err_max": [
        0.0,
        0.0,
        0.0,
        0.0,
        0.0,
        0.0,
        0.0,
        0.0,
        0.0,
        0.0,
        0.0
      ],
      "test_passed": [
        1,
        1,
        1,
        1,
        1,
        1,
        1,
        1,
        1,
        1,
        1
      ],
      "var_groups": [
        0,
        0,
        0,
        0,
        0,
        0,
        1,
        1,
        1,
        1,
        1
      ],
      "variables": [
        "pumDPConst.m_flow_nominal",
        "pumDPConst.port_a.m_flow",
        "pumDPVar.port_a.m_flow",
        "pumDPTotal.port_a.m_flow",
        "pumDPVarOnOff.port_a.m_flow",
        "pumSpeed.speedControlled_y.m_flow",
        "pumDPConst.P",
        "pumDPVar.P",
        "pumDPTotal.P",
        "pumDPVarOnOff.P",
        "pumSpeed.P"
      ],
      "warnings": [
        null,
        null,
        null,
        null,
        null,
        null,
        null,
        null,
        null,
        null,
        null
      ]
    },
    "model": "BESMod.Systems.Hydraulical.Components.PreconfiguredControlledMovers.PreconfiguredOptions",
    "simulation": {
      "elapsed_time": 0.0697,
      "final_time": 3600,
      "jacobians": 184,
      "start_time": 0,
      "state_events": 0,
      "success": true
    }
  },
  {
    "comparison": {
      "file_name": "BESMod.Systems.Hydraulical.Transfer.Tests.TestUnderfloorHeating.mat",
      "funnel_dirs": [
        "funnel_comp/BESMod.Systems.Hydraulical.Transfer.Tests.TestUnderfloorHeating.mat_Q_flow[1].y",
        "funnel_comp/BESMod.Systems.Hydraulical.Transfer.Tests.TestUnderfloorHeating.mat_transfer.Q_flow_design[1]",
        "funnel_comp/BESMod.Systems.Hydraulical.Transfer.Tests.TestUnderfloorHeating.mat_pumDis[1].port_a.m_flow",
        "funnel_comp/BESMod.Systems.Hydraulical.Transfer.Tests.TestUnderfloorHeating.mat_transfer.mSup_flow_design[1]",
        "funnel_comp/BESMod.Systems.Hydraulical.Transfer.Tests.TestUnderfloorHeating.mat_pumDis[1].dpControlled_dp.dp_actual",
        "funnel_comp/BESMod.Systems.Hydraulical.Transfer.Tests.TestUnderfloorHeating.mat_transfer.dpSup_design[1]"
      ],
      "success_rate": 1.0,
      "t_err_max": [
        0.0,
        0.0,
        0.0,
        0.0,
        0.0,
        0.0
      ],
      "test_passed": [
        1,
        1,
        1,
        1,
        1,
        1
      ],
      "var_groups": [
        0,
        0,
        1,
        1,
        2,
        2
      ],
      "variables": [
        "Q_flow[1].y",
        "transfer.Q_flow_design[1]",
        "pumDis[1].port_a.m_flow",
        "transfer.mSup_flow_design[1]",
        "pumDis[1].dpControlled_dp.dp_actual",
        "transfer.dpSup_design[1]"
      ],
      "warnings": [
        null,
        null,
        null,
        null,
        null,
        null
      ]
    },
    "model": "BESMod.Systems.Hydraulical.Transfer.Tests.TestUnderfloorHeating",
    "simulation": {
      "elapsed_time": 0.066988,
      "final_time": 36000,
      "jacobians": 6,
      "start_time": 0,
      "state_events": 0,
      "success": true
    }
  },
  {
    "comparison": {
      "file_name": "BESMod.Systems.Hydraulical.Generation.Tests.HeatPumpAndGasBoilerParallel.mat",
      "funnel_dirs": [
        "funnel_comp/BESMod.Systems.Hydraulical.Generation.Tests.HeatPumpAndGasBoilerParallel.mat_genControlBus.TGenOutMea",
        "funnel_comp/BESMod.Systems.Hydraulical.Generation.Tests.HeatPumpAndGasBoilerParallel.mat_generation.TSup_nominal[1]",
        "funnel_comp/BESMod.Systems.Hydraulical.Generation.Tests.HeatPumpAndGasBoilerParallel.mat_generation.boi.vol.heatPort.Q_flow",
        "funnel_comp/BESMod.Systems.Hydraulical.Generation.Tests.HeatPumpAndGasBoilerParallel.mat_generation.heatPump.con.Q_flow",
        "funnel_comp/BESMod.Systems.Hydraulical.Generation.Tests.HeatPumpAndGasBoilerParallel.mat_generation.Q_flow_design[1]",
        "funnel_comp/BESMod.Systems.Hydraulical.Generation.Tests.HeatPumpAndGasBoilerParallel.mat_generation.boi.m_flow",
        "funnel_comp/BESMod.Systems.Hydraulical.Generation.Tests.HeatPumpAndGasBoilerParallel.mat_generation.mBoi_flow_nominal",
        "funnel_comp/BESMod.Systems.Hydraulical.Generation.Tests.HeatPumpAndGasBoilerParallel.mat_generation.heatPump.con.m_flow",
        "funnel_comp/BESMod.Systems.Hydraulical.Generation.Tests.HeatPumpAndGasBoilerParallel.mat_generation.m_flow_design[1]",
        "funnel_comp/BESMod.Systems.Hydraulical.Generation.Tests.HeatPumpAndGasBoilerParallel.mat_pumDis[1].dpControlled_dp.dp_actual",
        "funnel_comp/BESMod.Systems.Hydraulical.Generation.Tests.HeatPumpAndGasBoilerParallel.mat_generation.dp_design[1]"
      ],
      "success_rate": 0.36363636363636365,
      "t_err_max": [
        324.0,
        0.0,
        36.0,
        0.0,
        0.0,
        1512.0,
        0.0,
        0.0,
        0.0,
        0.0,
        0.0
      ],
      "test_passed": [
        0,
        1,
        0,
        0,
        1,
        0,
        1,
        0,
        1,
        0,
        0
      ],
      "var_groups": [
        0,
        0,
        1,
        1,
        1,
        2,
        2,
        2,
        2,
        3,
        3
      ],
      "variables": [
        "genControlBus.TGenOutMea",
        "generation.TSup_nominal[1]",
        "generation.boi.vol.heatPort.Q_flow",
        "generation.heatPump.con.Q_flow",
        "generation.Q_flow_design[1]",
        "generation.boi.m_flow",
        "generation.mBoi_flow_nominal",
        "generation.heatPump.con.m_flow",
        "generation.m_flow_design[1]",
        "pumDis[1].dpControlled_dp.dp_actual",
        "generation.dp_design[1]"
      ],
      "warnings": [
        "Absolute error = 1.278e+01 at t = 324.0 for genControlBus.TGenOutMea",
        null,
        "Absolute error = 5.122e+03 at t = 36.0 for generation.boi.vol.heatPort.Q_flow",
        "Absolute error = 1.230e+04 at t = 0.0 for generation.heatPump.con.Q_flow",
        null,
        "Absolute error = 2.852e-01 at t = 1512.0 for generation.boi.m_flow",
        null,
        "Absolute error = 3.167e-01 at t = 0.0 for generation.heatPump.con.m_flow",
        null,
        "Absolute error = 1.165e+03 at t = 0.0 for pumDis[1].dpControlled_dp.dp_actual",
        "Absolute error = 9.041e+02 for generation.dp_design[1]"
      ]
    },
    "model": "BESMod.Systems.Hydraulical.Generation.Tests.HeatPumpAndGasBoilerParallel",
    "simulation": {
      "elapsed_time": 0.09302,
      "final_time": 3600,
      "jacobians": 51,
      "start_time": 0,
      "state_events": 15,
      "success": true
    }
  },
  {
    "comparison": {
      "file_name": "BESMod.Systems.Hydraulical.Generation.Tests.HeatPump.mat",
      "funnel_dirs": [
        "funnel_comp/BESMod.Systems.Hydraulical.Generation.Tests.HeatPump.mat_genControlBus.TGenOutMea",
        "funnel_comp/BESMod.Systems.Hydraulical.Generation.Tests.HeatPump.mat_generation.TSup_nominal[1]",
        "funnel_comp/BESMod.Systems.Hydraulical.Generation.Tests.HeatPump.mat_fixedTemperature[1].port.Q_flow",
        "funnel_comp/BESMod.Systems.Hydraulical.Generation.Tests.HeatPump.mat_generation.Q_flow_design[1]",
        "funnel_comp/BESMod.Systems.Hydraulical.Generation.Tests.HeatPump.mat_pumDis[1].port_a.m_flow",
        "funnel_comp/BESMod.Systems.Hydraulical.Generation.Tests.HeatPump.mat_generation.m_flow_design[1]",
        "funnel_comp/BESMod.Systems.Hydraulical.Generation.Tests.HeatPump.mat_pumDis[1].dpControlled_dp.dp_actual",
        "funnel_comp/BESMod.Systems.Hydraulical.Generation.Tests.HeatPump.mat_generation.dp_design[1]"
      ],
      "success_rate": 1.0,
      "t_err_max": [
        0.0,
        0.0,
        0.0,
        0.0,
        0.0,
        0.0,
        0.0,
        0.0
      ],
      "test_passed": [
        1,
        1,
        1,
        1,
        1,
        1,
        1,
        1
      ],
      "var_groups": [
        0,
        0,
        1,
        1,
        2,
        2,
        3,
        3
      ],
      "variables": [
        "genControlBus.TGenOutMea",
        "generation.TSup_nominal[1]",
        "fixedTemperature[1].port.Q_flow",
        "generation.Q_flow_design[1]",
        "pumDis[1].port_a.m_flow",
        "generation.m_flow_design[1]",
        "pumDis[1].dpControlled_dp.dp_actual",
        "generation.dp_design[1]"
      ],
      "warnings": [
        null,
        null,
        null,
        null,
        null,
        null,
        null,
        null
      ]
    },
    "model": "BESMod.Systems.Hydraulical.Generation.Tests.HeatPump",
    "simulation": {
      "elapsed_time": 0.013413,
      "final_time": 3600,
      "jacobians": 21,
      "start_time": 0,
      "state_events": 7,
      "success": true
    }
  },
  {
    "comparison": {
      "file_name": "BESMod.Systems.Hydraulical.Distribution.Tests.TwoStoDetailedIndirectLoading.mat",
      "funnel_dirs": [
        "funnel_comp/BESMod.Systems.Hydraulical.Distribution.Tests.TwoStoDetailedIndirectLoading.mat_resTra[1].m_flow",
        "funnel_comp/BESMod.Systems.Hydraulical.Distribution.Tests.TwoStoDetailedIndirectLoading.mat_resTra[1].m_flow_nominal",
        "funnel_comp/BESMod.Systems.Hydraulical.Distribution.Tests.TwoStoDetailedIndirectLoading.mat_resGen[1].m_flow",
        "funnel_comp/BESMod.Systems.Hydraulical.Distribution.Tests.TwoStoDetailedIndirectLoading.mat_resGen[1].m_flow_nominal",
        "funnel_comp/BESMod.Systems.Hydraulical.Distribution.Tests.TwoStoDetailedIndirectLoading.mat_distribution.pumTra.dpControlled_dp.dp_actual",
        "funnel_comp/BESMod.Systems.Hydraulical.Distribution.Tests.TwoStoDetailedIndirectLoading.mat_distribution.pumTra.dpControlled_dp.dp_nominal",
        "funnel_comp/BESMod.Systems.Hydraulical.Distribution.Tests.TwoStoDetailedIndirectLoading.mat_distribution.pumGen.dpControlled_dp.dp_actual",
        "funnel_comp/BESMod.Systems.Hydraulical.Distribution.Tests.TwoStoDetailedIndirectLoading.mat_distribution.pumGen.dpControlled_dp.dp_nominal",
        "funnel_comp/BESMod.Systems.Hydraulical.Distribution.Tests.TwoStoDetailedIndirectLoading.mat_fixTSup[1].T",
        "funnel_comp/BESMod.Systems.Hydraulical.Distribution.Tests.TwoStoDetailedIndirectLoading.mat_distribution.senTBuiSup.T"
      ],
      "success_rate": 1.0,
      "t_err_max": [
        0.0,
        0.0,
        0.0,
        0.0,
        0.0,
        0.0,
        0.0,
        0.0,
        0.0,
        0.0
      ],
      "test_passed": [
        1,
        1,
        1,
        1,
        1,
        1,
        1,
        1,
        1,
        1
      ],
      "var_groups": [
        0,
        0,
        0,
        0,
        1,
        1,
        1,
        1,
        2,
        2
      ],
      "variables": [
        "resTra[1].m_flow",
        "resTra[1].m_flow_nominal",
        "resGen[1].m_flow",
        "resGen[1].m_flow_nominal",
        "distribution.pumTra.dpControlled_dp.dp_actual",
        "distribution.pumTra.dpControlled_dp.dp_nominal",
        "distribution.pumGen.dpControlled_dp.dp_actual",
        "distribution.pumGen.dpControlled_dp.dp_nominal",
        "fixTSup[1].T",
        "distribution.senTBuiSup.T"
      ],
      "warnings": [
        null,
        null,
        null,
        null,
        null,
        null,
        null,
        null,
        null,
        null
      ]
    },
    "model": "BESMod.Systems.Hydraulical.Distribution.Tests.TwoStoDetailedIndirectLoading",
    "simulation": {
      "elapsed_time": 0.197877,
      "final_time": 3600,
      "jacobians": 29,
      "start_time": 0,
      "state_events": 5,
      "success": true
    }
  }
]
