[
  {
    "comparison": {
      "file_name": "BESMod.Examples.Retrofit.Case1PartialRetrofit.mat",
      "funnel_dirs": [
        "funnel_comp/BESMod.Examples.Retrofit.Case1PartialRetrofit.mat_weaDat.weaBus.TDryBul",
        "funnel_comp/BESMod.Examples.Retrofit.Case1PartialRetrofit.mat_hydraulic.generation.sigBusGen.TGenOutMea",
        "funnel_comp/BESMod.Examples.Retrofit.Case1PartialRetrofit.mat_outputs.building.TZone[1]",
        "funnel_comp/BESMod.Examples.Retrofit.Case1PartialRetrofit.mat_electricalGrid.PElecGen",
        "funnel_comp/BESMod.Examples.Retrofit.Case1PartialRetrofit.mat_electricalGrid.PElecLoa"
      ],
      "success_rate": 1.0,
      "t_err_max": [
        0.0,
        0.0,
        0.0,
        0.0,
        0.0
      ],
      "test_passed": [
        1,
        1,
        1,
        1,
        1
      ],
      "var_groups": [
        0,
        1,
        2,
        3,
        3
      ],
      "variables": [
        "weaDat.weaBus.TDryBul",
        "hydraulic.generation.sigBusGen.TGenOutMea",
        "outputs.building.TZone[1]",
        "electricalGrid.PElecGen",
        "electricalGrid.PElecLoa"
      ],
      "warnings": [
        null,
        null,
        null,
        null,
        null
      ]
    },
    "model": "BESMod.Examples.Retrofit.Case1PartialRetrofit",
    "simulation": {
      "elapsed_time": 1.5,
      "final_time": 86400,
      "jacobians": 2192,
      "start_time": 0,
      "state_events": 98,
      "success": true
    }
  },
  {
    "comparison": {
      "file_name": "BESMod.Examples.Retrofit.Case1TotalRetrofit.mat",
      "funnel_dirs": [
        "funnel_comp/BESMod.Examples.Retrofit.Case1TotalRetrofit.mat_weaDat.weaBus.TDryBul",
        "funnel_comp/BESMod.Examples.Retrofit.Case1TotalRetrofit.mat_hydraulic.generation.sigBusGen.TGenOutMea",
        "funnel_comp/BESMod.Examples.Retrofit.Case1TotalRetrofit.mat_outputs.building.TZone[1]",
        "funnel_comp/BESMod.Examples.Retrofit.Case1TotalRetrofit.mat_electricalGrid.PElecGen",
        "funnel_comp/BESMod.Examples.Retrofit.Case1TotalRetrofit.mat_electricalGrid.PElecLoa"
      ],
      "success_rate": 1.0,
      "t_err_max": [
        0.0,
        0.0,
        0.0,
        0.0,
        0.0
      ],
      "test_passed": [
        1,
        1,
        1,
        1,
        1
      ],
      "var_groups": [
        0,
        1,
        2,
        3,
        3
      ],
      "variables": [
        "weaDat.weaBus.TDryBul",
        "hydraulic.generation.sigBusGen.TGenOutMea",
        "outputs.building.TZone[1]",
        "electricalGrid.PElecGen",
        "electricalGrid.PElecLoa"
      ],
      "warnings": [
        null,
        null,
        null,
        null,
        null
      ]
    },
    "model": "BESMod.Examples.Retrofit.Case1TotalRetrofit",
    "simulation": {
      "elapsed_time": 1.47,
      "final_time": 86400,
      "jacobians": 2049,
      "start_time": 0,
      "state_events": 87,
      "success": true
    }
  },
  {
    "comparison": {
      "file_name": "BESMod.Examples.Retrofit.Case1NoRetrofit.mat",
      "funnel_dirs": [
        "funnel_comp/BESMod.Examples.Retrofit.Case1NoRetrofit.mat_weaDat.weaBus.TDryBul",
        "funnel_comp/BESMod.Examples.Retrofit.Case1NoRetrofit.mat_hydraulic.generation.sigBusGen.TGenOutMea",
        "funnel_comp/BESMod.Examples.Retrofit.Case1NoRetrofit.mat_outputs.building.TZone[1]",
        "funnel_comp/BESMod.Examples.Retrofit.Case1NoRetrofit.mat_electricalGrid.PElecGen",
        "funnel_comp/BESMod.Examples.Retrofit.Case1NoRetrofit.mat_electricalGrid.PElecLoa"
      ],
      "success_rate": 1.0,
      "t_err_max": [
        0.0,
        0.0,
        0.0,
        0.0,
        0.0
      ],
      "test_passed": [
        1,
        1,
        1,
        1,
        1
      ],
      "var_groups": [
        0,
        1,
        2,
        3,
        3
      ],
      "variables": [
        "weaDat.weaBus.TDryBul",
        "hydraulic.generation.sigBusGen.TGenOutMea",
        "outputs.building.TZone[1]",
        "electricalGrid.PElecGen",
        "electricalGrid.PElecLoa"
      ],
      "warnings": [
        null,
        null,
        null,
        null,
        null
      ]
    },
    "model": "BESMod.Examples.Retrofit.Case1NoRetrofit",
    "simulation": {
      "elapsed_time": 1.54,
      "final_time": 86400,
      "jacobians": 2189,
      "start_time": 0,
      "state_events": 101,
      "success": true
    }
  }
]
