[
  {
    "comparison": {
      "file_name": "BESMod.Examples.Retrofit.Case1PartialRetrofit.mat",
      "funnel_dirs": [
        "funnel_comp/BESMod.Examples.Retrofit.Case1PartialRetrofit.mat_weaDat.weaBus.TDryBul",
        "funnel_comp/BESMod.Examples.Retrofit.Case1PartialRetrofit.mat_hydraulic.generation.sigBusGen.TGenOutMea",
        "funnel_comp/BESMod.Examples.Retrofit.Case1PartialRetrofit.mat_outputs.building.TZone[1]",
        "funnel_comp/BESMod.Examples.Retrofit.Case1PartialRetrofit.mat_electricalGrid.PElecGen",
        "funnel_comp/BESMod.Examples.Retrofit.Case1PartialRetrofit.mat_electricalGrid.PElecLoa"
      ],
      "success_rate": 0.4,
      "t_err_max": [
        0.0,
        78624.0,
        73440.0,
        0.0,
        78624.0
      ],
      "test_passed": [
        1,
        0,
        0,
        1,
        0
      ],
      "var_groups": [
        0,
        1,
        2,
        3,
        3
      ],
      "variables": [
        "weaDat.weaBus.TDryBul",
        "hydraulic.generation.sigBusGen.TGenOutMea",
        "outputs.building.TZone[1]",
        "electricalGrid.PElecGen",
        "electricalGrid.PElecLoa"
      ],
      "warnings": [
        null,
        "Absolute error = 2.318e+01 at t = 78624.0 for hydraulic.generation.sigBusGen.TGenOutMea",
        "Absolute error = 4.536e-02 at t = 73440.0 for outputs.building.TZone[1]",
        null,
        "Absolute error = 3.404e+03 at t = 78624.0 for electricalGrid.PElecLoa"
      ]
    },
    "model": "BESMod.Examples.Retrofit.Case1PartialRetrofit",
    "simulation": {
      "elapsed_time": 1.31,
      "final_time": 86400,
      "jacobians": 1883,
      "start_time": 0,
      "state_events": 80,
      "success": true
    }
  },
  {
    "comparison": {
      "file_name": "BESMod.Examples.ModelicaConferencePaper.BuildingsLibraryRoom.mat",
      "funnel_dirs": [
        "funnel_comp/BESMod.Examples.ModelicaConferencePaper.BuildingsLibraryRoom.mat_electrical.distribution.batterySimple.PLoad",
        "funnel_comp/BESMod.Examples.ModelicaConferencePaper.BuildingsLibraryRoom.mat_electrical.distribution.batterySimple.PCharge",
        "funnel_comp/BESMod.Examples.ModelicaConferencePaper.BuildingsLibraryRoom.mat_hydraulic.distribution.sigBusDistr.TStoDHWTopMea",
        "funnel_comp/BESMod.Examples.ModelicaConferencePaper.BuildingsLibraryRoom.mat_hydraulic.distribution.sigBusDistr.TStoBufTopMea",
        "funnel_comp/BESMod.Examples.ModelicaConferencePaper.BuildingsLibraryRoom.mat_hydraulic.generation.sigBusGen.TGenOutMea",
        "funnel_comp/BESMod.Examples.ModelicaConferencePaper.BuildingsLibraryRoom.mat_ventilation.generation.TSup.T",
        "funnel_comp/BESMod.Examples.ModelicaConferencePaper.BuildingsLibraryRoom.mat_ventilation.generation.weaBus.TDryBul",
        "funnel_comp/BESMod.Examples.ModelicaConferencePaper.BuildingsLibraryRoom.mat_building.buiMeaBus.TZoneMea[1]"
      ],
      "success_rate": 0.25,
      "t_err_max": [
        570240.0,
        0.0,
        43200.0,
        43200.0,
        138240.0,
        43200.0,
        0.0,
        43200.0
      ],
      "test_passed": [
        0,
        1,
        0,
        0,
        0,
        0,
        1,
        0
      ],
      "var_groups": [
        0,
        0,
        1,
        1,
        1,
        2,
        2,
        2
      ],
      "variables": [
        "electrical.distribution.batterySimple.PLoad",
        "electrical.distribution.batterySimple.PCharge",
        "hydraulic.distribution.sigBusDistr.TStoDHWTopMea",
        "hydraulic.distribution.sigBusDistr.TStoBufTopMea",
        "hydraulic.generation.sigBusGen.TGenOutMea",
        "ventilation.generation.TSup.T",
        "ventilation.generation.weaBus.TDryBul",
        "building.buiMeaBus.TZoneMea[1]"
      ],
      "warnings": [
        "Absolute error = 4.428e+02 at t = 570240.0 for electrical.distribution.batterySimple.PLoad",
        null,
        "Absolute error = 1.278e+01 at t = 43200.0 for hydraulic.distribution.sigBusDistr.TStoDHWTopMea",
        "Absolute error = 4.428e+00 at t = 43200.0 for hydraulic.distribution.sigBusDistr.TStoBufTopMea",
        "Absolute error = 3.259e+01 at t = 138240.0 for hydraulic.generation.sigBusGen.TGenOutMea",
        "Absolute error = 4.887e-01 at t = 43200.0 for ventilation.generation.TSup.T",
        null,
        "Absolute error = 6.849e-01 at t = 43200.0 for building.buiMeaBus.TZoneMea[1]"
      ]
    },
    "model": "BESMod.Examples.ModelicaConferencePaper.BuildingsLibraryRoom",
    "simulation": {
      "elapsed_time": 26,
      "final_time": 864000,
      "jacobians": 21909,
      "start_time": 0,
      "state_events": 1411,
      "success": true
    }
  },
  {
    "comparison": {
      "file_name": "BESMod.Examples.HeatPumpAndBoiler.Parallel.mat",
      "funnel_dirs": [
        "funnel_comp/BESMod.Examples.HeatPumpAndBoiler.Parallel.mat_weaDat.weaBus.TDryBul",
        "funnel_comp/BESMod.Examples.HeatPumpAndBoiler.Parallel.mat_hydraulic.generation.sigBusGen.TGenOutMea",
        "funnel_comp/BESMod.Examples.HeatPumpAndBoiler.Parallel.mat_outputs.building.TZone[1]",
        "funnel_comp/BESMod.Examples.HeatPumpAndBoiler.Parallel.mat_electricalGrid.PElecGen",
        "funnel_comp/BESMod.Examples.HeatPumpAndBoiler.Parallel.mat_electricalGrid.PElecLoa"
      ],
      "success_rate": 0.4,
      "t_err_max": [
        0.0,
        32832.0,
        119232.0,
        0.0,
        32832.0
      ],
      "test_passed": [
        1,
        0,
        0,
        1,
        0
      ],
      "var_groups": [
        0,
        1,
        2,
        3,
        3
      ],
      "variables": [
        "weaDat.weaBus.TDryBul",
        "hydraulic.generation.sigBusGen.TGenOutMea",
        "outputs.building.TZone[1]",
        "electricalGrid.PElecGen",
        "electricalGrid.PElecLoa"
      ],
      "warnings": [
        null,
        "Absolute error = 1.363e+01 at t = 32832.0 for hydraulic.generation.sigBusGen.TGenOutMea",
        "Absolute error = 9.049e-01 at t = 119232.0 for outputs.building.TZone[1]",
        null,
        "Absolute error = 2.474e+03 at t = 32832.0 for electricalGrid.PElecLoa"
      ]
    },
    "model": "BESMod.Examples.HeatPumpAndBoiler.Parallel",
    "simulation": {
      "elapsed_time": 8.18,
      "final_time": 172800,
      "jacobians": 16550,
      "start_time": 0,
      "state_events": 1826,
      "success": true
    }
  },
  {
    "comparison": {
      "file_name": "BESMod.Examples.SolarThermalSystem.SolarThermalAixLib.mat",
      "funnel_dirs": [
        "funnel_comp/BESMod.Examples.SolarThermalSystem.SolarThermalAixLib.mat_weaDat.weaBus.TDryBul",
        "funnel_comp/BESMod.Examples.SolarThermalSystem.SolarThermalAixLib.mat_hydraulic.generation.sigBusGen.TGenOutMea",
        "funnel_comp/BESMod.Examples.SolarThermalSystem.SolarThermalAixLib.mat_outputs.building.TZone[1]",
        "funnel_comp/BESMod.Examples.SolarThermalSystem.SolarThermalAixLib.mat_electricalGrid.PElecGen",
        "funnel_comp/BESMod.Examples.SolarThermalSystem.SolarThermalAixLib.mat_electricalGrid.PElecLoa"
      ],
      "success_rate": 0.4,
      "t_err_max": [
        0.0,
        172800.0,
        172800.0,
        0.0,
        150336.0
      ],
      "test_passed": [
        1,
        0,
        0,
        1,
        0
      ],
      "var_groups": [
        0,
        1,
        2,
        3,
        3
      ],
      "variables": [
        "weaDat.weaBus.TDryBul",
        "hydraulic.generation.sigBusGen.TGenOutMea",
        "outputs.building.TZone[1]",
        "electricalGrid.PElecGen",
        "electricalGrid.PElecLoa"
      ],
      "warnings": [
        null,
        "Absolute error = 1.320e+01 at t = 172800.0 for hydraulic.generation.sigBusGen.TGenOutMea",
        "Absolute error = 3.852e+00 at t = 172800.0 for outputs.building.TZone[1]",
        null,
        "Absolute error = 1.610e+03 at t = 150336.0 for electricalGrid.PElecLoa"
      ]
    },
    "model": "BESMod.Examples.SolarThermalSystem.SolarThermalAixLib",
    "simulation": {
      "elapsed_time": 6.1,
      "final_time": 172800,
      "jacobians": 2051,
      "start_time": 0,
      "state_events": 39,
      "success": true
    }
  },
  {
    "comparison": {
      "file_name": "BESMod.Examples.GasBoilerBuildingOnly.mat",
      "funnel_dirs": [
        "funnel_comp/BESMod.Examples.GasBoilerBuildingOnly.mat_weaDat.weaBus.TDryBul",
        "funnel_comp/BESMod.Examples.GasBoilerBuildingOnly.mat_hydraulic.generation.sigBusGen.TBoiOut",
        "funnel_comp/BESMod.Examples.GasBoilerBuildingOnly.mat_outputs.building.TZone[1]",
        "funnel_comp/BESMod.Examples.GasBoilerBuildingOnly.mat_electricalGrid.PElecGen",
        "funnel_comp/BESMod.Examples.GasBoilerBuildingOnly.mat_electricalGrid.PElecLoa"
      ],
      "success_rate": 1.0,
      "t_err_max": [
        0.0,
        0.0,
        0.0,
        0.0,
        0.0
      ],
      "test_passed": [
        1,
        1,
        1,
        1,
        1
      ],
      "var_groups": [
        0,
        1,
        2,
        3,
        3
      ],
      "variables": [
        "weaDat.weaBus.TDryBul",
        "hydraulic.generation.sigBusGen.TBoiOut",
        "outputs.building.TZone[1]",
        "electricalGrid.PElecGen",
        "electricalGrid.PElecLoa"
      ],
      "warnings": [
        null,
        null,
        null,
        null,
        null
      ]
    },
    "model": "BESMod.Examples.GasBoilerBuildingOnly",
    "simulation": {
      "elapsed_time": 0.627,
      "final_time": 172800,
      "jacobians": 1715,
      "start_time": 0,
      "state_events": 16,
      "success": true
    }
  },
  {
    "comparison": {
      "file_name": "BESMod.Examples.HeatPumpAndBoiler.AfterBufferWithDHW.mat",
      "funnel_dirs": [
        "funnel_comp/BESMod.Examples.HeatPumpAndBoiler.AfterBufferWithDHW.mat_weaDat.weaBus.TDryBul",
        "funnel_comp/BESMod.Examples.HeatPumpAndBoiler.AfterBufferWithDHW.mat_hydraulic.generation.sigBusGen.TGenOutMea",
        "funnel_comp/BESMod.Examples.HeatPumpAndBoiler.AfterBufferWithDHW.mat_outputs.building.TZone[1]",
        "funnel_comp/BESMod.Examples.HeatPumpAndBoiler.AfterBufferWithDHW.mat_electricalGrid.PElecGen",
        "funnel_comp/BESMod.Examples.HeatPumpAndBoiler.AfterBufferWithDHW.mat_electricalGrid.PElecLoa"
      ],
      "success_rate": 0.4,
      "t_err_max": [
        0.0,
        3456.0,
        114048.0,
        0.0,
        8640.0
      ],
      "test_passed": [
        1,
        0,
        0,
        1,
        0
      ],
      "var_groups": [
        0,
        1,
        2,
        3,
        3
      ],
      "variables": [
        "weaDat.weaBus.TDryBul",
        "hydraulic.generation.sigBusGen.TGenOutMea",
        "outputs.building.TZone[1]",
        "electricalGrid.PElecGen",
        "electricalGrid.PElecLoa"
      ],
      "warnings": [
        null,
        "Absolute error = 2.169e+01 at t = 3456.0 for hydraulic.generation.sigBusGen.TGenOutMea",
        "Absolute error = 1.813e+00 at t = 114048.0 for outputs.building.TZone[1]",
        null,
        "Absolute error = 2.209e+03 at t = 8640.0 for electricalGrid.PElecLoa"
      ]
    },
    "model": "BESMod.Examples.HeatPumpAndBoiler.AfterBufferWithDHW",
    "simulation": {
      "elapsed_time": 4.38,
      "final_time": 172800,
      "jacobians": 4578,
      "start_time": 0,
      "state_events": 264,
      "success": true
    }
  },
  {
    "comparison": {
      "file_name": "BESMod.Examples.DesignOptimization.BES.mat",
      "funnel_dirs": [
        "funnel_comp/BESMod.Examples.DesignOptimization.BES.mat_weaDat.weaBus.TDryBul",
        "funnel_comp/BESMod.Examples.DesignOptimization.BES.mat_hydraulic.generation.sigBusGen.TGenOutMea",
        "funnel_comp/BESMod.Examples.DesignOptimization.BES.mat_outputs.building.TZone[1]",
        "funnel_comp/BESMod.Examples.DesignOptimization.BES.mat_electricalGrid.PElecGen",
        "funnel_comp/BESMod.Examples.DesignOptimization.BES.mat_electricalGrid.PElecLoa"
      ],
      "success_rate": 0.4,
      "t_err_max": [
        0.0,
        133056.0,
        162432.0,
        0.0,
        133056.0
      ],
      "test_passed": [
        1,
        0,
        0,
        1,
        0
      ],
      "var_groups": [
        0,
        1,
        2,
        3,
        3
      ],
      "variables": [
        "weaDat.weaBus.TDryBul",
        "hydraulic.generation.sigBusGen.TGenOutMea",
        "outputs.building.TZone[1]",
        "electricalGrid.PElecGen",
        "electricalGrid.PElecLoa"
      ],
      "warnings": [
        null,
        "Absolute error = 2.416e+01 at t = 133056.0 for hydraulic.generation.sigBusGen.TGenOutMea",
        "Absolute error = 3.063e+00 at t = 162432.0 for outputs.building.TZone[1]",
        null,
        "Absolute error = 3.002e+03 at t = 133056.0 for electricalGrid.PElecLoa"
      ]
    },
    "model": "BESMod.Examples.DesignOptimization.BES",
    "simulation": {
      "elapsed_time": 1.41,
      "final_time": 172800,
      "jacobians": 2901,
      "start_time": 0,
      "state_events": 46,
      "success": true
    }
  },
  {
    "comparison": {
      "file_name": "BESMod.Examples.HighOrderModel.BES_HOM.mat",
      "funnel_dirs": [
        "funnel_comp/BESMod.Examples.HighOrderModel.BES_HOM.mat_weaDat.weaBus.TDryBul",
        "funnel_comp/BESMod.Examples.HighOrderModel.BES_HOM.mat_hydraulic.generation.sigBusGen.TGenOutMea",
        "funnel_comp/BESMod.Examples.HighOrderModel.BES_HOM.mat_hydraulic.control.buiMeaBus.TZoneMea[1]",
        "funnel_comp/BESMod.Examples.HighOrderModel.BES_HOM.mat_hydraulic.control.buiMeaBus.TZoneMea[10]",
        "funnel_comp/BESMod.Examples.HighOrderModel.BES_HOM.mat_electricalGrid.PElecGen",
        "funnel_comp/BESMod.Examples.HighOrderModel.BES_HOM.mat_electricalGrid.PElecLoa"
      ],
      "success_rate": 0.3333333333333333,
      "t_err_max": [
        0.0,
        165888.0,
        153792.0,
        157248.0,
        0.0,
        3456.0
      ],
      "test_passed": [
        1,
        0,
        0,
        0,
        1,
        0
      ],
      "var_groups": [
        0,
        1,
        2,
        2,
        3,
        3
      ],
      "variables": [
        "weaDat.weaBus.TDryBul",
        "hydraulic.generation.sigBusGen.TGenOutMea",
        "hydraulic.control.buiMeaBus.TZoneMea[1]",
        "hydraulic.control.buiMeaBus.TZoneMea[10]",
        "electricalGrid.PElecGen",
        "electricalGrid.PElecLoa"
      ],
      "warnings": [
        null,
        "Absolute error = 3.872e+01 at t = 165888.0 for hydraulic.generation.sigBusGen.TGenOutMea",
        "Absolute error = 1.863e+01 at t = 153792.0 for hydraulic.control.buiMeaBus.TZoneMea[1]",
        "Absolute error = 1.506e+01 at t = 157248.0 for hydraulic.control.buiMeaBus.TZoneMea[10]",
        null,
        "Absolute error = 6.294e+03 at t = 3456.0 for electricalGrid.PElecLoa"
      ]
    },
    "model": "BESMod.Examples.HighOrderModel.BES_HOM",
    "simulation": {
      "elapsed_time": 175,
      "final_time": 172800,
      "jacobians": 5705,
      "start_time": 0,
      "state_events": 296,
      "success": true
    }
  },
  {
    "comparison": {
      "file_name": "BESMod.Examples.SolarThermalSystem.SolarThermalBuildings.mat",
      "funnel_dirs": [
        "funnel_comp/BESMod.Examples.SolarThermalSystem.SolarThermalBuildings.mat_weaDat.weaBus.TDryBul",
        "funnel_comp/BESMod.Examples.SolarThermalSystem.SolarThermalBuildings.mat_hydraulic.generation.sigBusGen.TGenOutMea",
        "funnel_comp/BESMod.Examples.SolarThermalSystem.SolarThermalBuildings.mat_outputs.building.TZone[1]",
        "funnel_comp/BESMod.Examples.SolarThermalSystem.SolarThermalBuildings.mat_electricalGrid.PElecGen",
        "funnel_comp/BESMod.Examples.SolarThermalSystem.SolarThermalBuildings.mat_electricalGrid.PElecLoa"
      ],
      "success_rate": 0.4,
      "t_err_max": [
        0.0,
        172800.0,
        172800.0,
        0.0,
        152064.0
      ],
      "test_passed": [
        1,
        0,
        0,
        1,
        0
      ],
      "var_groups": [
        0,
        1,
        2,
        3,
        3
      ],
      "variables": [
        "weaDat.weaBus.TDryBul",
        "hydraulic.generation.sigBusGen.TGenOutMea",
        "outputs.building.TZone[1]",
        "electricalGrid.PElecGen",
        "electricalGrid.PElecLoa"
      ],
      "warnings": [
        null,
        "Absolute error = 1.300e+01 at t = 172800.0 for hydraulic.generation.sigBusGen.TGenOutMea",
        "Absolute error = 3.773e+00 at t = 172800.0 for outputs.building.TZone[1]",
        null,
        "Absolute error = 1.561e+03 at t = 152064.0 for electricalGrid.PElecLoa"
      ]
    },
    "model": "BESMod.Examples.SolarThermalSystem.SolarThermalBuildings",
    "simulation": {
      "elapsed_time": 6.72,
      "final_time": 172800,
      "jacobians": 2311,
      "start_time": 0,
      "state_events": 47,
      "success": true
    }
  },
  {
    "comparison": {
      "file_name": "BESMod.Examples.BAUSimStudy.Case1Standard.mat",
      "funnel_dirs": [
        "funnel_comp/BESMod.Examples.BAUSimStudy.Case1Standard.mat_weaDat.weaBus.TDryBul",
        "funnel_comp/BESMod.Examples.BAUSimStudy.Case1Standard.mat_hydraulic.generation.sigBusGen.TGenOutMea",
        "funnel_comp/BESMod.Examples.BAUSimStudy.Case1Standard.mat_outputs.building.TZone[1]",
        "funnel_comp/BESMod.Examples.BAUSimStudy.Case1Standard.mat_electricalGrid.PElecGen",
        "funnel_comp/BESMod.Examples.BAUSimStudy.Case1Standard.mat_electricalGrid.PElecLoa"
      ],
      "success_rate": 0.4,
      "t_err_max": [
        0.0,
        169344.0,
        101952.0,
        0.0,
        5184.0
      ],
      "test_passed": [
        1,
        0,
        0,
        1,
        0
      ],
      "var_groups": [
        0,
        1,
        2,
        3,
        3
      ],
      "variables": [
        "weaDat.weaBus.TDryBul",
        "hydraulic.generation.sigBusGen.TGenOutMea",
        "outputs.building.TZone[1]",
        "electricalGrid.PElecGen",
        "electricalGrid.PElecLoa"
      ],
      "warnings": [
        null,
        "Absolute error = 2.118e+01 at t = 169344.0 for hydraulic.generation.sigBusGen.TGenOutMea",
        "Absolute error = 1.407e+00 at t = 101952.0 for outputs.building.TZone[1]",
        null,
        "Absolute error = 1.685e+04 at t = 5184.0 for electricalGrid.PElecLoa"
      ]
    },
    "model": "BESMod.Examples.BAUSimStudy.Case1Standard",
    "simulation": {
      "elapsed_time": 3.58,
      "final_time": 172800,
      "jacobians": 5084,
      "start_time": 0,
      "state_events": 273,
      "success": true
    }
  },
  {
    "comparison": {
      "file_name": "BESMod.Examples.DesignOptimization.BESNoDHW.mat",
      "funnel_dirs": [
        "funnel_comp/BESMod.Examples.DesignOptimization.BESNoDHW.mat_weaDat.weaBus.TDryBul",
        "funnel_comp/BESMod.Examples.DesignOptimization.BESNoDHW.mat_hydraulic.generation.sigBusGen.TGenOutMea",
        "funnel_comp/BESMod.Examples.DesignOptimization.BESNoDHW.mat_outputs.building.TZone[1]",
        "funnel_comp/BESMod.Examples.DesignOptimization.BESNoDHW.mat_electricalGrid.PElecGen",
        "funnel_comp/BESMod.Examples.DesignOptimization.BESNoDHW.mat_electricalGrid.PElecLoa"
      ],
      "success_rate": 0.4,
      "t_err_max": [
        0.0,
        155520.0,
        155520.0,
        0.0,
        69120.0
      ],
      "test_passed": [
        1,
        0,
        0,
        1,
        0
      ],
      "var_groups": [
        0,
        1,
        2,
        3,
        3
      ],
      "variables": [
        "weaDat.weaBus.TDryBul",
        "hydraulic.generation.sigBusGen.TGenOutMea",
        "outputs.building.TZone[1]",
        "electricalGrid.PElecGen",
        "electricalGrid.PElecLoa"
      ],
      "warnings": [
        null,
        "Absolute error = 1.166e+01 at t = 155520.0 for hydraulic.generation.sigBusGen.TGenOutMea",
        "Absolute error = 2.153e+00 at t = 155520.0 for outputs.building.TZone[1]",
        null,
        "Absolute error = 1.749e+03 at t = 69120.0 for electricalGrid.PElecLoa"
      ]
    },
    "model": "BESMod.Examples.DesignOptimization.BESNoDHW",
    "simulation": {
      "elapsed_time": 0.776,
      "final_time": 172800,
      "jacobians": 2349,
      "start_time": 0,
      "state_events": 21,
      "success": true
    }
  },
  {
    "comparison": {
      "file_name": "BESMod.Examples.Retrofit.Case1TotalRetrofit.mat",
      "funnel_dirs": [
        "funnel_comp/BESMod.Examples.Retrofit.Case1TotalRetrofit.mat_weaDat.weaBus.TDryBul",
        "funnel_comp/BESMod.Examples.Retrofit.Case1TotalRetrofit.mat_hydraulic.generation.sigBusGen.TGenOutMea",
        "funnel_comp/BESMod.Examples.Retrofit.Case1TotalRetrofit.mat_outputs.building.TZone[1]",
        "funnel_comp/BESMod.Examples.Retrofit.Case1TotalRetrofit.mat_electricalGrid.PElecGen",
        "funnel_comp/BESMod.Examples.Retrofit.Case1TotalRetrofit.mat_electricalGrid.PElecLoa"
      ],
      "success_rate": 0.4,
      "t_err_max": [
        0.0,
        864.0,
        80352.0,
        0.0,
        31968.0
      ],
      "test_passed": [
        1,
        0,
        0,
        1,
        0
      ],
      "var_groups": [
        0,
        1,
        2,
        3,
        3
      ],
      "variables": [
        "weaDat.weaBus.TDryBul",
        "hydraulic.generation.sigBusGen.TGenOutMea",
        "outputs.building.TZone[1]",
        "electricalGrid.PElecGen",
        "electricalGrid.PElecLoa"
      ],
      "warnings": [
        null,
        "Absolute error = 3.659e+01 at t = 864.0 for hydraulic.generation.sigBusGen.TGenOutMea",
        "Absolute error = 6.060e-01 at t = 80352.0 for outputs.building.TZone[1]",
        null,
        "Absolute error = 5.239e+03 at t = 31968.0 for electricalGrid.PElecLoa"
      ]
    },
    "model": "BESMod.Examples.Retrofit.Case1TotalRetrofit",
    "simulation": {
      "elapsed_time": 2.1,
      "final_time": 86400,
      "jacobians": 2775,
      "start_time": 0,
      "state_events": 142,
      "success": true
    }
  },
  {
    "comparison": {
      "file_name": "BESMod.Examples.HeatPumpAndBoiler.Serial.mat",
      "funnel_dirs": [
        "funnel_comp/BESMod.Examples.HeatPumpAndBoiler.Serial.mat_weaDat.weaBus.TDryBul",
        "funnel_comp/BESMod.Examples.HeatPumpAndBoiler.Serial.mat_hydraulic.generation.sigBusGen.TGenOutMea",
        "funnel_comp/BESMod.Examples.HeatPumpAndBoiler.Serial.mat_outputs.building.TZone[1]",
        "funnel_comp/BESMod.Examples.HeatPumpAndBoiler.Serial.mat_electricalGrid.PElecGen",
        "funnel_comp/BESMod.Examples.HeatPumpAndBoiler.Serial.mat_electricalGrid.PElecLoa"
      ],
      "success_rate": 0.4,
      "t_err_max": [
        0.0,
        5184.0,
        119232.0,
        0.0,
        5184.0
      ],
      "test_passed": [
        1,
        0,
        0,
        1,
        0
      ],
      "var_groups": [
        0,
        1,
        2,
        3,
        3
      ],
      "variables": [
        "weaDat.weaBus.TDryBul",
        "hydraulic.generation.sigBusGen.TGenOutMea",
        "outputs.building.TZone[1]",
        "electricalGrid.PElecGen",
        "electricalGrid.PElecLoa"
      ],
      "warnings": [
        null,
        "Absolute error = 1.144e+01 at t = 5184.0 for hydraulic.generation.sigBusGen.TGenOutMea",
        "Absolute error = 8.881e-01 at t = 119232.0 for outputs.building.TZone[1]",
        null,
        "Absolute error = 2.339e+03 at t = 5184.0 for electricalGrid.PElecLoa"
      ]
    },
    "model": "BESMod.Examples.HeatPumpAndBoiler.Serial",
    "simulation": {
      "elapsed_time": 4.4,
      "final_time": 172800,
      "jacobians": 8277,
      "start_time": 0,
      "state_events": 802,
      "success": true
    }
  },
  {
    "comparison": {
      "file_name": "BESMod.Examples.HeatPumpAndBoiler.AfterBufferWithoutDHW.mat",
      "funnel_dirs": [
        "funnel_comp/BESMod.Examples.HeatPumpAndBoiler.AfterBufferWithoutDHW.mat_weaDat.weaBus.TDryBul",
        "funnel_comp/BESMod.Examples.HeatPumpAndBoiler.AfterBufferWithoutDHW.mat_hydraulic.generation.sigBusGen.TGenOutMea",
        "funnel_comp/BESMod.Examples.HeatPumpAndBoiler.AfterBufferWithoutDHW.mat_outputs.building.TZone[1]",
        "funnel_comp/BESMod.Examples.HeatPumpAndBoiler.AfterBufferWithoutDHW.mat_electricalGrid.PElecGen",
        "funnel_comp/BESMod.Examples.HeatPumpAndBoiler.AfterBufferWithoutDHW.mat_electricalGrid.PElecLoa"
      ],
      "success_rate": 0.4,
      "t_err_max": [
        0.0,
        5184.0,
        32832.0,
        0.0,
        5184.0
      ],
      "test_passed": [
        1,
        0,
        0,
        1,
        0
      ],
      "var_groups": [
        0,
        1,
        2,
        3,
        3
      ],
      "variables": [
        "weaDat.weaBus.TDryBul",
        "hydraulic.generation.sigBusGen.TGenOutMea",
        "outputs.building.TZone[1]",
        "electricalGrid.PElecGen",
        "electricalGrid.PElecLoa"
      ],
      "warnings": [
        null,
        "Absolute error = 1.149e+01 at t = 5184.0 for hydraulic.generation.sigBusGen.TGenOutMea",
        "Absolute error = 9.422e-01 at t = 32832.0 for outputs.building.TZone[1]",
        null,
        "Absolute error = 2.313e+03 at t = 5184.0 for electricalGrid.PElecLoa"
      ]
    },
    "model": "BESMod.Examples.HeatPumpAndBoiler.AfterBufferWithoutDHW",
    "simulation": {
      "elapsed_time": 2.86,
      "final_time": 172800,
      "jacobians": 4301,
      "start_time": 0,
      "state_events": 226,
      "success": true
    }
  },
  {
    "comparison": {
      "file_name": "BESMod.Examples.ModelicaConferencePaper.TEASERBuilding.mat",
      "funnel_dirs": [
        "funnel_comp/BESMod.Examples.ModelicaConferencePaper.TEASERBuilding.mat_electrical.distribution.batterySimple.PLoad",
        "funnel_comp/BESMod.Examples.ModelicaConferencePaper.TEASERBuilding.mat_electrical.distribution.batterySimple.PCharge",
        "funnel_comp/BESMod.Examples.ModelicaConferencePaper.TEASERBuilding.mat_hydraulic.distribution.sigBusDistr.TStoDHWTopMea",
        "funnel_comp/BESMod.Examples.ModelicaConferencePaper.TEASERBuilding.mat_hydraulic.distribution.sigBusDistr.TStoBufTopMea",
        "funnel_comp/BESMod.Examples.ModelicaConferencePaper.TEASERBuilding.mat_hydraulic.generation.sigBusGen.TGenOutMea",
        "funnel_comp/BESMod.Examples.ModelicaConferencePaper.TEASERBuilding.mat_ventilation.generation.TSup.T",
        "funnel_comp/BESMod.Examples.ModelicaConferencePaper.TEASERBuilding.mat_ventilation.generation.weaBus.TDryBul",
        "funnel_comp/BESMod.Examples.ModelicaConferencePaper.TEASERBuilding.mat_building.buiMeaBus.TZoneMea[1]"
      ],
      "success_rate": 0.25,
      "t_err_max": [
        648000.0,
        0.0,
        518400.0,
        207360.0,
        475200.0,
        25920.0,
        0.0,
        25920.0
      ],
      "test_passed": [
        0,
        1,
        0,
        0,
        0,
        0,
        1,
        0
      ],
      "var_groups": [
        0,
        0,
        1,
        1,
        1,
        2,
        2,
        2
      ],
      "variables": [
        "electrical.distribution.batterySimple.PLoad",
        "electrical.distribution.batterySimple.PCharge",
        "hydraulic.distribution.sigBusDistr.TStoDHWTopMea",
        "hydraulic.distribution.sigBusDistr.TStoBufTopMea",
        "hydraulic.generation.sigBusGen.TGenOutMea",
        "ventilation.generation.TSup.T",
        "ventilation.generation.weaBus.TDryBul",
        "building.buiMeaBus.TZoneMea[1]"
      ],
      "warnings": [
        "Absolute error = 4.529e+03 at t = 648000.0 for electrical.distribution.batterySimple.PLoad",
        null,
        "Absolute error = 8.841e+00 at t = 518400.0 for hydraulic.distribution.sigBusDistr.TStoDHWTopMea",
        "Absolute error = 3.002e+00 at t = 207360.0 for hydraulic.distribution.sigBusDistr.TStoBufTopMea",
        "Absolute error = 2.306e+01 at t = 475200.0 for hydraulic.generation.sigBusGen.TGenOutMea",
        "Absolute error = 1.124e-01 at t = 25920.0 for ventilation.generation.TSup.T",
        null,
        "Absolute error = 2.082e-01 at t = 25920.0 for building.buiMeaBus.TZoneMea[1]"
      ]
    },
    "model": "BESMod.Examples.ModelicaConferencePaper.TEASERBuilding",
    "simulation": {
      "elapsed_time": 15.3,
      "final_time": 864000,
      "jacobians": 20272,
      "start_time": 0,
      "state_events": 1163,
      "success": true
    }
  },
  {
    "comparison": {
      "file_name": "BESMod.Examples.TEASERHeatLoadCalculation.Example.mat",
      "funnel_dirs": [
        "funnel_comp/BESMod.Examples.TEASERHeatLoadCalculation.Example.mat_weaDat.weaBus.TDryBul",
        "funnel_comp/BESMod.Examples.TEASERHeatLoadCalculation.Example.mat_outputs.building.TZone[1]",
        "funnel_comp/BESMod.Examples.TEASERHeatLoadCalculation.Example.mat_electricalGrid.PElecGen",
        "funnel_comp/BESMod.Examples.TEASERHeatLoadCalculation.Example.mat_electricalGrid.PElecLoa"
      ],
      "success_rate": 1.0,
      "t_err_max": [
        0.0,
        0.0,
        0.0,
        0.0
      ],
      "test_passed": [
        1,
        1,
        1,
        1
      ],
      "var_groups": [
        0,
        1,
        2,
        2
      ],
      "variables": [
        "weaDat.weaBus.TDryBul",
        "outputs.building.TZone[1]",
        "electricalGrid.PElecGen",
        "electricalGrid.PElecLoa"
      ],
      "warnings": [
        null,
        null,
        null,
        null
      ]
    },
    "model": "BESMod.Examples.TEASERHeatLoadCalculation.Example",
    "simulation": {
      "elapsed_time": 0.168,
      "final_time": 172800,
      "jacobians": 908,
      "start_time": 0,
      "state_events": 18,
      "success": true
    }
  },
  {
    "comparison": {
      "file_name": "BESMod.Examples.Retrofit.Case1NoRetrofit.mat",
      "funnel_dirs": [
        "funnel_comp/BESMod.Examples.Retrofit.Case1NoRetrofit.mat_weaDat.weaBus.TDryBul",
        "funnel_comp/BESMod.Examples.Retrofit.Case1NoRetrofit.mat_hydraulic.generation.sigBusGen.TGenOutMea",
        "funnel_comp/BESMod.Examples.Retrofit.Case1NoRetrofit.mat_outputs.building.TZone[1]",
        "funnel_comp/BESMod.Examples.Retrofit.Case1NoRetrofit.mat_electricalGrid.PElecGen",
        "funnel_comp/BESMod.Examples.Retrofit.Case1NoRetrofit.mat_electricalGrid.PElecLoa"
      ],
      "success_rate": 0.4,
      "t_err_max": [
        0.0,
        50112.0,
        76032.0,
        0.0,
        6048.0
      ],
      "test_passed": [
        1,
        0,
        0,
        1,
        0
      ],
      "var_groups": [
        0,
        1,
        2,
        3,
        3
      ],
      "variables": [
        "weaDat.weaBus.TDryBul",
        "hydraulic.generation.sigBusGen.TGenOutMea",
        "outputs.building.TZone[1]",
        "electricalGrid.PElecGen",
        "electricalGrid.PElecLoa"
      ],
      "warnings": [
        null,
        "Absolute error = 1.703e+01 at t = 50112.0 for hydraulic.generation.sigBusGen.TGenOutMea",
        "Absolute error = 6.774e-01 at t = 76032.0 for outputs.building.TZone[1]",
        null,
        "Absolute error = 1.693e+04 at t = 6048.0 for electricalGrid.PElecLoa"
      ]
    },
    "model": "BESMod.Examples.Retrofit.Case1NoRetrofit",
    "simulation": {
      "elapsed_time": 2.45,
      "final_time": 86400,
      "jacobians": 3189,
      "start_time": 0,
      "state_events": 170,
      "success": true
    }
  }
]
